#
# There is insufficient memory for the Java Runtime Environment to continue.
# Native memory allocation (mmap) failed to map 536870912 bytes for G1 virtual space
# Possible reasons:
#   The system is out of physical RAM or swap space
#   The process is running with CompressedOops enabled, and the Java Heap may be blocking the growth of the native heap
# Possible solutions:
#   Reduce memory load on the system
#   Increase physical memory or swap space
#   Check if swap backing store is full
#   Decrease Java heap size (-Xmx/-Xms)
#   Decrease number of Java threads
#   Decrease Java thread stack sizes (-Xss)
#   Set larger code cache with -XX:ReservedCodeCacheSize=
#   JVM is running with Zero Based Compressed Oops mode in which the Java heap is
#     placed in the first 32GB address space. The Java Heap base address is the
#     maximum limit for the native heap growth. Please use -XX:HeapBaseMinAddress
#     to set the Java Heap base and to place the Java Heap above 32GB virtual address.
# This output file may be truncated or incomplete.
#
#  Out of Memory Error (os_windows.cpp:3600), pid=17704, tid=6340
#
# JRE version:  (21.0.1+12) (build )
# Java VM: OpenJDK 64-Bit Server VM (21.0.1+12-LTS, mixed mode, sharing, tiered, compressed oops, compressed class ptrs, g1 gc, windows-amd64)
# No core dump will be written. Minidumps are not enabled by default on client versions of Windows
#

---------------  S U M M A R Y ------------

Command Line: -Dsun.java2d.pmoffscreen=false -Dhttps.protocols=TLSv1,TLSv1.1,TLSv1.2 -Dsun.java2d.xrender=false -Dsun.java2d.d3d=false -Dsun.awt.nopixfmt=true -Dsun.java2d.dpiaware=true -Dsun.java2d.uiScale.enabled=false -Dswing.aatext=true -XX:-UsePerfData -Djdk.map.althashing.threshold=512 -XX:StringTableSize=4072 -XX:+UseStringDeduplication -XX:MaxGCPauseMillis=200 -XX:ParallelGCThreads=4 -XX:+ParallelRefProcEnabled --add-opens=java.desktop/javax.swing.plaf.synth=ALL-UNNAMED --add-opens=java.base/java.nio=ALL-UNNAMED --add-opens=java.desktop/sun.swing=ALL-UNNAMED --add-opens=java.desktop/javax.swing=ALL-UNNAMED --add-opens=java.desktop/javax.swing.tree=ALL-UNNAMED --add-opens=java.desktop/javax.swing.plaf.basic=ALL-UNNAMED --add-opens=java.desktop/javax.swing.plaf.synth=ALL-UNNAMED --add-opens=java.desktop/javax.swing.plaf.basic=ALL-UNNAMED --add-opens=java.desktop/javax.swing=ALL-UNNAMED --add-opens=java.desktop/javax.swing.tree=ALL-UNNAMED --add-opens=java.desktop/java.awt.event=ALL-UNNAMED --add-exports=java.desktop/javax.swing.plaf.synth=ALL-UNNAMED --add-exports=java.base/java.nio=ALL-UNNAMED --add-exports=java.desktop/sun.swing=ALL-UNNAMED --add-exports=java.desktop/javax.swing=ALL-UNNAMED --add-exports=java.desktop/javax.swing.tree=ALL-UNNAMED --add-exports=java.desktop/javax.swing.plaf.basic=ALL-UNNAMED --add-exports=java.desktop/sun.swing=ALL-UNNAMED --add-exports=java.desktop/sun.swing.table=ALL-UNNAMED --add-exports=java.desktop/sun.swing.plaf.synth=ALL-UNNAMED --add-exports=java.desktop/sun.awt.shell=ALL-UNNAMED --add-exports=java.base/sun.security.action=ALL-UNNAMED --add-exports=java.desktop/sun.font=ALL-UNNAMED -XX:NewSize=80m -XX:MaxNewSize=80m -Xms512m -Xmx4072m -Xss10m 

Host: 13th Gen Intel(R) Core(TM) i7-1370P, 20 cores, 15G,  Windows 11 , 64 bit Build 26100 (10.0.26100.3775)
Time: Sat May  3 22:14:46 2025 Eastern Daylight Time elapsed time: 1.118166 seconds (0d 0h 0m 1s)

---------------  T H R E A D  ---------------

Current thread (0x0000016e00962870):  JavaThread "Unknown thread" [_thread_in_vm, id=6340, stack(0x0000002260500000,0x0000002260600000) (1024K)]

Stack: [0x0000002260500000,0x0000002260600000]
Native frames: (J=compiled Java code, j=interpreted, Vv=VM code, C=native code)
V  [jvm.dll+0x6c7789]
V  [jvm.dll+0x8a2011]
V  [jvm.dll+0x8a44ae]
V  [jvm.dll+0x8a4b83]
V  [jvm.dll+0x27f936]
V  [jvm.dll+0x6c3f05]
V  [jvm.dll+0x6b8bfa]
V  [jvm.dll+0x35363a]
V  [jvm.dll+0x35b1e6]
V  [jvm.dll+0x3ac2be]
V  [jvm.dll+0x3ac568]
V  [jvm.dll+0x32787c]
V  [jvm.dll+0x3283db]
V  [jvm.dll+0x86b0f9]
V  [jvm.dll+0x3b9271]
V  [jvm.dll+0x8532c8]
V  [jvm.dll+0x44cffe]
V  [jvm.dll+0x44ea81]
C  [xv_commontasks.dll+0x3dad4a]
C  [xv_commontasks.dll+0x3dbe7a]
C  [xv_commontasks.dll+0x374990]
C  [xv_commontasks.dll+0x3740c5]
C  [xv_commontasks.dll+0x3725ce]
C  [ucrtbase.dll+0x37b0]
C  [KERNEL32.DLL+0x2e8d7]
C  [ntdll.dll+0xb14fc]


---------------  P R O C E S S  ---------------

Threads class SMR info:
_java_thread_list=0x00007ffa76c9e088, length=0, elements={
}

Java Threads: ( => current thread )
Total: 0

Other Threads:
  0x0000016e7a972bd0 WorkerThread "GC Thread#0"                     [id=16516, stack(0x0000002262100000,0x0000002262200000) (1024K)]
  0x0000016e037e5c70 ConcurrentGCThread "G1 Main Marker"            [id=888, stack(0x0000002262200000,0x0000002262300000) (1024K)]
  0x0000016e7a9736b0 WorkerThread "G1 Conc#0"                       [id=3132, stack(0x0000002262300000,0x0000002262400000) (1024K)]

[error occurred during error reporting (printing all threads), id 0xc0000005, EXCEPTION_ACCESS_VIOLATION (0xc0000005) at pc=0x00007ffa763aa1a7]
VM state: not at safepoint (not fully initialized)

VM Mutex/Monitor currently owned by a thread:  ([mutex/lock_event])
[0x00007ffa76d11b28] Heap_lock - owner thread: 0x0000016e00962870

Heap address: 0x0000000701800000, size: 4072 MB, Compressed Oops mode: Zero based, Oop shift amount: 3

CDS archive(s) mapped at: [0x0000000000000000-0x0000000000000000-0x0000000000000000), size 0, SharedBaseAddress: 0x0000000800000000, ArchiveRelocationMode: 1.
Narrow klass base: 0x0000000000000000, Narrow klass shift: 0, Narrow klass range: 0x0

GC Precious Log:
 CardTable entry size: 512
 Card Set container configuration: InlinePtr #cards 4 size 8 Array Of Cards #cards 16 size 48 Howl #buckets 8 coarsen threshold 3686 Howl Bitmap #cards 512 size 80 coarsen threshold 460 Card regions per heap region 1 cards per card region 4096

Heap:
 garbage-first heap   total 0K, used 0K [0x0000000701800000, 0x0000000800000000)
  region size 2048K, 0 young (0K), 0 survivors (0K)

[error occurred during error reporting (printing heap information), id 0xc0000005, EXCEPTION_ACCESS_VIOLATION (0xc0000005) at pc=0x00007ffa767905d9]
GC Heap History (0 events):
No events

Dll operation events (1 events):
Event: 0.012 Loaded shared library C:\Xilinx\Vivado\2024.2\tps\win64\jre21.0.1_12\bin\java.dll

Deoptimization events (0 events):
No events

Classes loaded (0 events):
No events

Classes unloaded (0 events):
No events

Classes redefined (0 events):
No events

Internal exceptions (0 events):
No events

ZGC Phase Switch (0 events):
No events

VM Operations (0 events):
No events

Events (0 events):
No events


Dynamic libraries:
0x00007ff6955b0000 - 0x00007ff6955b8000 	C:\Xilinx\Vivado\2024.2\bin\unwrapped\win64.o\vivado.exe
0x00007ffaea900000 - 0x00007ffaeab60000 	C:\WINDOWS\SYSTEM32\ntdll.dll
0x00007ffae9610000 - 0x00007ffae96d7000 	C:\WINDOWS\System32\KERNEL32.DLL
0x00007ffae8330000 - 0x00007ffae86fa000 	C:\WINDOWS\System32\KERNELBASE.dll
0x00007ffae7e00000 - 0x00007ffae7f4b000 	C:\WINDOWS\System32\ucrtbase.dll
0x00007ffabe7e0000 - 0x00007ffabe86d000 	C:\WINDOWS\SYSTEM32\MSVCP140.dll
0x00007ffabe630000 - 0x00007ffabe64e000 	C:\WINDOWS\SYSTEM32\VCRUNTIME140.dll
0x00007ffabe7d0000 - 0x00007ffabe7dc000 	C:\WINDOWS\SYSTEM32\VCRUNTIME140_1.dll
0x00007ffa7ec50000 - 0x00007ffa802ba000 	C:\Xilinx\Vivado\2024.2\lib\win64.o\xv_common.dll
0x00007ffae9220000 - 0x00007ffae93ec000 	C:\WINDOWS\System32\USER32.dll
0x00007ffae22f0000 - 0x00007ffae2317000 	C:\Xilinx\Vivado\2024.2\lib\win64.o\xv_commonmain.dll
0x00007ffae7ae0000 - 0x00007ffae7b07000 	C:\WINDOWS\System32\win32u.dll
0x00007ffabf8e0000 - 0x00007ffabf8ea000 	C:\WINDOWS\SYSTEM32\WSOCK32.dll
0x00007ffaea5a0000 - 0x00007ffaea649000 	C:\WINDOWS\System32\msvcrt.dll
0x00007ffaea6c0000 - 0x00007ffaea6ea000 	C:\WINDOWS\System32\GDI32.dll
0x00007ffae9590000 - 0x00007ffae9604000 	C:\WINDOWS\System32\WS2_32.dll
0x00007ffae81f0000 - 0x00007ffae8321000 	C:\WINDOWS\System32\gdi32full.dll
0x00007ffaea7a0000 - 0x00007ffaea8b6000 	C:\WINDOWS\System32\RPCRT4.dll
0x00007ffae7ff0000 - 0x00007ffae8093000 	C:\WINDOWS\System32\msvcp_win.dll
0x00007ffae4390000 - 0x00007ffae439c000 	C:\Xilinx\Vivado\2024.2\lib\win64.o\xv_commonversion.dll
0x00007ffadf070000 - 0x00007ffadf2bd000 	C:\Xilinx\Vivado\2024.2\lib\win64.o\xv_commonxillic.dll
0x00007ffae9160000 - 0x00007ffae9212000 	C:\WINDOWS\System32\ADVAPI32.dll
0x00007ffaea400000 - 0x00007ffaea4a6000 	C:\WINDOWS\System32\sechost.dll
0x00007ffae96e0000 - 0x00007ffae9e09000 	C:\WINDOWS\System32\SHELL32.dll
0x00007ffae7b10000 - 0x00007ffae7c78000 	C:\WINDOWS\System32\wintypes.dll
0x00007ffae9ef0000 - 0x00007ffaea272000 	C:\WINDOWS\System32\combase.dll
0x00007ffae8160000 - 0x00007ffae81df000 	C:\WINDOWS\System32\WINTRUST.dll
0x00007ffadeec0000 - 0x00007ffadf061000 	C:\Xilinx\Vivado\2024.2\lib\win64.o\tcl86t.dll
0x00007ffacc6f0000 - 0x00007ffaccb20000 	C:\Xilinx\Vivado\2024.2\lib\win64.o\python38.dll
0x00007ffae22c0000 - 0x00007ffae22ea000 	C:\Xilinx\Vivado\2024.2\lib\win64.o\boost_filesystem.dll
0x00007ffaea650000 - 0x00007ffaea6b4000 	C:\WINDOWS\System32\SHLWAPI.dll
0x00007ffa793f0000 - 0x00007ffa7a5e7000 	C:\Xilinx\Vivado\2024.2\lib\win64.o\xv_isl_iostreams.dll
0x00007ffae79c0000 - 0x00007ffae79e6000 	C:\WINDOWS\SYSTEM32\bcrypt.dll
0x00007ffab5300000 - 0x00007ffab5444000 	C:\Xilinx\Vivado\2024.2\lib\win64.o\boost_regex.dll
0x00007ffad1aa0000 - 0x00007ffad1aba000 	C:\WINDOWS\SYSTEM32\NETAPI32.dll
0x00007ffac8e10000 - 0x00007ffac9093000 	C:\WINDOWS\SYSTEM32\WININET.dll
0x00007ffae07b0000 - 0x00007ffae08cd000 	C:\WINDOWS\SYSTEM32\WINHTTP.dll
0x00007ffaaee30000 - 0x00007ffaaf146000 	C:\Xilinx\Vivado\2024.2\lib\win64.o\libXil_lmgr11.dll
0x00007ffacdb70000 - 0x00007ffacdd4c000 	C:\WINDOWS\SYSTEM32\urlmon.dll
0x00007ffae8db0000 - 0x00007ffae8ea4000 	C:\WINDOWS\System32\COMDLG32.dll
0x00007ffaea4b0000 - 0x00007ffaea59d000 	C:\WINDOWS\System32\shcore.dll
0x00007ffaea2e0000 - 0x00007ffaea3b6000 	C:\WINDOWS\System32\OLEAUT32.dll
0x00007ffae2240000 - 0x00007ffae2267000 	C:\Xilinx\Vivado\2024.2\lib\win64.o\boost_thread.dll
0x00007ffae93f0000 - 0x00007ffae9586000 	C:\WINDOWS\System32\ole32.dll
0x00007ffae21d0000 - 0x00007ffae21e9000 	C:\Xilinx\Vivado\2024.2\lib\win64.o\boost_date_time.dll
0x00007ffadd8e0000 - 0x00007ffadd904000 	C:\Xilinx\Vivado\2024.2\lib\win64.o\xv_isl_sysinfo.dll
0x00007ffae7c80000 - 0x00007ffae7df7000 	C:\WINDOWS\System32\CRYPT32.dll
0x00007ffad7360000 - 0x00007ffad73f4000 	C:\Xilinx\Vivado\2024.2\lib\win64.o\boost_program_options.dll
0x00007ffae6e60000 - 0x00007ffae6e8b000 	C:\WINDOWS\SYSTEM32\USERENV.dll
0x00007ffae4380000 - 0x00007ffae4390000 	C:\Xilinx\Vivado\2024.2\lib\win64.o\xv_boost_xilinx.dll
0x00007ffaae990000 - 0x00007ffaaee30000 	C:\Xilinx\Vivado\2024.2\lib\win64.o\xv_COIN-all.dll
0x00007ffae2290000 - 0x00007ffae22ba000 	C:\Xilinx\Vivado\2024.2\lib\win64.o\zlib1.dll
0x00007ffadfbe0000 - 0x00007ffadfbfc000 	C:\Xilinx\Vivado\2024.2\lib\win64.o\librdiconfig.dll
0x00007ffad3da0000 - 0x00007ffad3e45000 	C:\Xilinx\Vivado\2024.2\lib\win64.o\libhdxml.dll
0x00007ffa774d0000 - 0x00007ffa793e7000 	C:\Xilinx\Vivado\2024.2\lib\win64.o\gurobi90.dll
0x00007ffae90d0000 - 0x00007ffae9144000 	C:\WINDOWS\System32\WLDAP32.dll
0x00007ffaea3c0000 - 0x00007ffaea3c8000 	C:\WINDOWS\System32\Normaliz.dll
0x00007ffadfba0000 - 0x00007ffadfbba000 	C:\Xilinx\Vivado\2024.2\lib\win64.o\pthreadVC2.dll
0x00007ffad72e0000 - 0x00007ffad7357000 	C:\Xilinx\Vivado\2024.2\lib\win64.o\xv_lmx.dll
0x00007ffad3cb0000 - 0x00007ffad3d67000 	C:\Xilinx\Vivado\2024.2\lib\win64.o\libzstd.dll
0x00007ffac5ca0000 - 0x00007ffac5d22000 	C:\Xilinx\Vivado\2024.2\lib\win64.o\libhdlpsolve.dll
0x00007ffad72c0000 - 0x00007ffad72d9000 	C:\Xilinx\Vivado\2024.2\lib\win64.o\librdizlib.dll
0x00007ffad3c80000 - 0x00007ffad3cb0000 	C:\WINDOWS\SYSTEM32\VCOMP140.DLL
0x00007ffaae6c0000 - 0x00007ffaae981000 	C:\Xilinx\Vivado\2024.2\lib\win64.o\xerces-c_3_2.dll
0x00007ffad5c20000 - 0x00007ffad5c2b000 	C:\WINDOWS\SYSTEM32\VERSION.dll
0x00007ffad1d40000 - 0x00007ffad1d5c000 	C:\Xilinx\Vivado\2024.2\lib\win64.o\xv_isl_iosutils.dll
0x00007ffad1d10000 - 0x00007ffad1d31000 	C:\Xilinx\Vivado\2024.2\lib\win64.o\boost_iostreams.dll
0x00007ffacd8a0000 - 0x00007ffacdb6b000 	C:\WINDOWS\SYSTEM32\iertutil.dll
0x00007ffae5740000 - 0x00007ffae5f92000 	C:\WINDOWS\SYSTEM32\windows.storage.dll
0x00007ffab0180000 - 0x00007ffab0234000 	C:\WINDOWS\WinSxS\amd64_microsoft.windows.common-controls_6595b64144ccf1df_5.82.26100.1882_none_87f34cef7a28f535\COMCTL32.dll
0x00007ffae0ca0000 - 0x00007ffae0cc5000 	C:\WINDOWS\SYSTEM32\dhcpcsvc.DLL
0x00007ffad1a70000 - 0x00007ffad1a99000 	C:\WINDOWS\SYSTEM32\srvcli.dll
0x00007ffae6110000 - 0x00007ffae611d000 	C:\WINDOWS\SYSTEM32\netutils.dll
0x00007ffad1b20000 - 0x00007ffad1b66000 	C:\WINDOWS\SYSTEM32\LOGONCLI.DLL
0x00007ffae6dc0000 - 0x00007ffae6e2a000 	C:\WINDOWS\SYSTEM32\MSWSOCK.DLL
0x00007ffae6320000 - 0x00007ffae633b000 	C:\WINDOWS\SYSTEM32\SAMCLI.DLL
0x00007ffae8eb0000 - 0x00007ffae8edf000 	C:\WINDOWS\System32\IMM32.DLL
0x00007ffae7150000 - 0x00007ffae7163000 	C:\WINDOWS\SYSTEM32\MSASN1.dll
0x00007ffae7020000 - 0x00007ffae703c000 	C:\WINDOWS\SYSTEM32\CRYPTSP.dll
0x00007ffae68c0000 - 0x00007ffae68da000 	C:\WINDOWS\SYSTEM32\kernel.appcore.dll
0x00007ffae6820000 - 0x00007ffae685a000 	C:\WINDOWS\system32\rsaenh.dll
0x00007ffae7040000 - 0x00007ffae704c000 	C:\WINDOWS\SYSTEM32\CRYPTBASE.dll
0x00007ffae7f50000 - 0x00007ffae7fe9000 	C:\WINDOWS\System32\bcryptPrimitives.dll
0x00007ffaea3d0000 - 0x00007ffaea3f0000 	C:\WINDOWS\System32\imagehlp.dll
0x00007ffa76e00000 - 0x00007ffa774cc000 	C:\Xilinx\Vivado\2024.2\lib\win64.o\xv_commontasks.dll
0x00007ffa75b60000 - 0x00007ffa76060400 	C:\Xilinx\Vivado\2024.2\lib\win64.o\xv_sio.dll
0x00007ffae6400000 - 0x00007ffae6433000 	C:\WINDOWS\SYSTEM32\IPHLPAPI.DLL
0x00007ffa76070000 - 0x00007ffa76df1000 	C:\Xilinx\Vivado\2024.2\tps\win64\jre21.0.1_12\bin\server\jvm.dll
0x00007ffae50d0000 - 0x00007ffae5106000 	C:\WINDOWS\SYSTEM32\WINMM.dll
0x00007ffae7930000 - 0x00007ffae798e000 	C:\WINDOWS\SYSTEM32\POWRPROF.dll
0x00007ffae7910000 - 0x00007ffae7924000 	C:\WINDOWS\SYSTEM32\UMPDC.dll
0x00007ffae6e30000 - 0x00007ffae6e57000 	C:\WINDOWS\SYSTEM32\gpapi.dll
0x00007ffad1bb0000 - 0x00007ffad1beb000 	C:\Windows\System32\cryptnet.dll
0x00007ffae79f0000 - 0x00007ffae7a1f000 	C:\WINDOWS\SYSTEM32\profapi.dll
0x00007ffae4640000 - 0x00007ffae464f000 	C:\WINDOWS\SYSTEM32\WINNSI.DLL
0x00007ffae9150000 - 0x00007ffae915a000 	C:\WINDOWS\System32\NSI.dll
0x00007ffae6b60000 - 0x00007ffae6ba8000 	C:\WINDOWS\SYSTEM32\SspiCli.dll
0x00007ffab43e0000 - 0x00007ffab43f8000 	C:\WINDOWS\system32\napinsp.dll
0x00007ffae6440000 - 0x00007ffae6565000 	C:\WINDOWS\SYSTEM32\DNSAPI.dll
0x00007ffaaa860000 - 0x00007ffaaa872000 	C:\WINDOWS\System32\winrnr.dll
0x00007ffaaa650000 - 0x00007ffaaa680000 	C:\WINDOWS\system32\nlansp_c.dll
0x00007ffadd5c0000 - 0x00007ffadd5d6000 	C:\WINDOWS\system32\wshbth.dll
0x00007ffae0900000 - 0x00007ffae091b000 	C:\WINDOWS\SYSTEM32\wkscli.dll
0x00007ffad1a40000 - 0x00007ffad1a53000 	C:\WINDOWS\SYSTEM32\cscapi.dll
0x00007ffa71c80000 - 0x00007ffa75b53000 	C:\Xilinx\Vivado\2024.2\lib\win64.o\xv_tcltasks.dll
0x00007ffab5da0000 - 0x00007ffab5e79000 	C:\Xilinx\Vivado\2024.2\lib\win64.o\xv_xhubtasks.dll
0x00007ffa71080000 - 0x00007ffa71c7b000 	C:\Xilinx\Vivado\2024.2\lib\win64.o\xv_project.dll
0x00007ffa6f390000 - 0x00007ffa71078000 	C:\Xilinx\Vivado\2024.2\lib\win64.o\xv_implflow.dll
0x00007ffa6e5b0000 - 0x00007ffa6f38f000 	C:\Xilinx\Vivado\2024.2\lib\win64.o\xv_power.dll
0x00007ffa63230000 - 0x00007ffa68b95000 	C:\Xilinx\Vivado\2024.2\lib\win64.o\xv_place.dll
0x00007ffa625d0000 - 0x00007ffa63224000 	C:\Xilinx\Vivado\2024.2\lib\win64.o\xv_lopt.dll
0x00007ffa61e00000 - 0x00007ffa625c1000 	C:\Xilinx\Vivado\2024.2\lib\win64.o\xv_runs.dll
0x00007ffa68ba0000 - 0x00007ffa6e5af000 	C:\Xilinx\Vivado\2024.2\lib\win64.o\xv_route.dll
0x00007ffab44b0000 - 0x00007ffab4616000 	C:\Xilinx\Vivado\2024.2\lib\win64.o\xv_chipscope.dll
0x00007ffa61200000 - 0x00007ffa61dfe000 	C:\Xilinx\Vivado\2024.2\lib\win64.o\xv_rsb.dll
0x00007ffa60550000 - 0x00007ffa611fd000 	C:\Xilinx\Vivado\2024.2\lib\win64.o\xv_drc.dll
0x00007ffa5d970000 - 0x00007ffa60548000 	C:\Xilinx\Vivado\2024.2\lib\win64.o\xv_mig.dll
0x00007ffa98110000 - 0x00007ffa9821c000 	C:\Xilinx\Vivado\2024.2\lib\win64.o\xv_dsp.dll
0x00007ffa5abd0000 - 0x00007ffa5d963000 	C:\Xilinx\Vivado\2024.2\lib\win64.o\xv_coregen.dll
0x00007ffa592d0000 - 0x00007ffa5abc9000 	C:\Xilinx\Vivado\2024.2\lib\win64.o\xv_timing.dll
0x00007ffa58e30000 - 0x00007ffa592c7000 	C:\Xilinx\Vivado\2024.2\lib\win64.o\xv_dlyest.dll
0x00007ffa83840000 - 0x00007ffa83ac5000 	C:\Xilinx\Vivado\2024.2\lib\win64.o\xv_chipscopeimpl.dll
0x00007ffa58770000 - 0x00007ffa58e2f000 	C:\Xilinx\Vivado\2024.2\lib\win64.o\xv_memdata.dll
0x00007ffac5c20000 - 0x00007ffac5c99000 	C:\Xilinx\Vivado\2024.2\lib\win64.o\xv_pfi.dll
0x00007ffa55620000 - 0x00007ffa55be6000 	C:\Xilinx\Vivado\2024.2\lib\win64.o\xv_bitstream.dll
0x00007ffa51a70000 - 0x00007ffa5561a000 	C:\Xilinx\Vivado\2024.2\lib\win64.o\xv_constraints.dll
0x00007ffa55bf0000 - 0x00007ffa5876c000 	C:\Xilinx\Vivado\2024.2\lib\win64.o\xv_designutils.dll
0x00007ffab6bc0000 - 0x00007ffab6c5f000 	C:\Xilinx\Vivado\2024.2\lib\win64.o\xv_boarddep.dll

dbghelp: loaded successfully - version: 4.0.5 - missing functions: none
symbol engine: initialized successfully - sym options: 0x614 - pdb path: .;C:\Xilinx\Vivado\2024.2\bin\unwrapped\win64.o;C:\WINDOWS\SYSTEM32;C:\Xilinx\Vivado\2024.2\lib\win64.o;C:\WINDOWS\WinSxS\amd64_microsoft.windows.common-controls_6595b64144ccf1df_5.82.26100.1882_none_87f34cef7a28f535;C:\Xilinx\Vivado\2024.2\tps\win64\jre21.0.1_12\bin\server;C:\Xilinx\Vivado\2024.2\tps\win64\jre21.0.1_12\bin

VM Arguments:
jvm_args: -Dsun.java2d.pmoffscreen=false -Dhttps.protocols=TLSv1,TLSv1.1,TLSv1.2 -Dsun.java2d.xrender=false -Dsun.java2d.d3d=false -Dsun.awt.nopixfmt=true -Dsun.java2d.dpiaware=true -Dsun.java2d.uiScale.enabled=false -Dswing.aatext=true -XX:-UsePerfData -Djdk.map.althashing.threshold=512 -XX:StringTableSize=4072 -XX:+UseStringDeduplication -XX:MaxGCPauseMillis=200 -XX:ParallelGCThreads=4 -XX:+ParallelRefProcEnabled --add-opens=java.desktop/javax.swing.plaf.synth=ALL-UNNAMED --add-opens=java.base/java.nio=ALL-UNNAMED --add-opens=java.desktop/sun.swing=ALL-UNNAMED --add-opens=java.desktop/javax.swing=ALL-UNNAMED --add-opens=java.desktop/javax.swing.tree=ALL-UNNAMED --add-opens=java.desktop/javax.swing.plaf.basic=ALL-UNNAMED --add-opens=java.desktop/javax.swing.plaf.synth=ALL-UNNAMED --add-opens=java.desktop/javax.swing.plaf.basic=ALL-UNNAMED --add-opens=java.desktop/javax.swing=ALL-UNNAMED --add-opens=java.desktop/javax.swing.tree=ALL-UNNAMED --add-opens=java.desktop/java.awt.event=ALL-UNNAMED --add-exports=java.desktop/javax.swing.plaf.synth=ALL-UNNAMED --add-exports=java.base/java.nio=ALL-UNNAMED --add-exports=java.desktop/sun.swing=ALL-UNNAMED --add-exports=java.desktop/javax.swing=ALL-UNNAMED --add-exports=java.desktop/javax.swing.tree=ALL-UNNAMED --add-exports=java.desktop/javax.swing.plaf.basic=ALL-UNNAMED --add-exports=java.desktop/sun.swing=ALL-UNNAMED --add-exports=java.desktop/sun.swing.table=ALL-UNNAMED --add-exports=java.desktop/sun.swing.plaf.synth=ALL-UNNAMED --add-exports=java.desktop/sun.awt.shell=ALL-UNNAMED --add-exports=java.base/sun.security.action=ALL-UNNAMED --add-exports=java.desktop/sun.font=ALL-UNNAMED -XX:NewSize=80m -XX:MaxNewSize=80m -Xms512m -Xmx4072m -Xss10m 
java_command: <unknown>
java_class_path (initial): C:/Xilinx/Vivado/2024.2\lib\classes\apiguardian-api-1.1.0.jar;C:/Xilinx/Vivado/2024.2\lib\classes\asm-9.6-11.0.11-90.jar;C:/Xilinx/Vivado/2024.2\lib\classes\asm-analysis-9.6-11.0.11-90.jar;C:/Xilinx/Vivado/2024.2\lib\classes\asm-commons-9.6-11.0.11-90.jar;C:/Xilinx/Vivado/2024.2\lib\classes\asm-tree-9.6-11.0.11-90.jar;C:/Xilinx/Vivado/2024.2\lib\classes\autoesl-models-1.0.0-90.jar;C:/Xilinx/Vivado/2024.2\lib\classes\batik-anim-1.0.0-90.jar;C:/Xilinx/Vivado/2024.2\lib\classes\batik-awt-util-1.0.0-90.jar;C:/Xilinx/Vivado/2024.2\lib\classes\batik-bridge-1.0.0-90.jar;C:/Xilinx/Vivado/2024.2\lib\classes\batik-codec-1.0.0-90.jar;C:/Xilinx/Vivado/2024.2\lib\classes\batik-constants-1.0.0-90.jar;C:/Xilinx/Vivado/2024.2\lib\classes\batik-css-1.0.0-90.jar;C:/Xilinx/Vivado/2024.2\lib\classes\batik-dom-1.0.0-90.jar;C:/Xilinx/Vivado/2024.2\lib\classes\batik-ext-1.0.0-90.jar;C:/Xilinx/Vivado/2024.2\lib\classes\batik-gui-util-1.0.0-90.jar;C:/Xilinx/Vivado/2024.2\lib\classes\batik-gvt-1.0.0-90.jar;C:/Xilinx/Vivado/2024.2\lib\classes\batik-i18n-1.0.0-90.jar;C:/Xilinx/Vivado/2024.2\lib\classes\batik-parser-1.0.0-90.jar;C:/Xilinx/Vivado/2024.2\lib\classes\batik-script-1.0.0-90.jar;C:/Xilinx/Vivado/2024.2\lib\classes\batik-svg-dom-1.0.0-90.jar;C:/Xilinx/Vivado/2024.2\lib\classes\batik-svggen-1.0.0-90.jar;C:/Xilinx/Vivado/2024.2\lib\classes\batik-swing-1.0.0-90.jar;C:/Xilinx/Vivado/2024.2\lib\classes\batik-transcoder-1.0.0-90.jar;C:/Xilinx/Vivado/2024.2\lib\classes\batik-util-1.0.0-90.jar;C:/Xilinx/Vivado/2024.2\lib\classes\batik-xml-1.0.0-90.jar;C:/Xilinx/Vivado/2024.2\lib\classes\checker-qual-3.12.0.jar;C:/Xilinx/Vivado/2024.2\lib\classes\com.fasterxml.jackson.core.jackson-annotations_2.12.1.v20210128-1726-1.0.0-90.jar;C:/Xilinx/Vivado/2024.2\lib\classes\com.fasterxml.jackson.core.jackson-annotations_2.12.1.v20210128-1726-1.5.0-90.jar;C:/Xilinx/Vivado/2024.2\lib\classes\com.fasterxml.jackson.core.jackson-core_2.12.1.v20210128-1726-1.0.0-90.jar;C:/Xilinx/Vivado/2024.2\lib\classes\com.fasterxml.jackson.core.jackson-core_2.12.1.v20210128-1726-1.5.0-90.jar;C:/Xilinx/Vivado/2024.2\lib\classes\com.fasterxml.jackson.core.jackson-databind_2.12.1.v20210128-1726-1.0.0-90.jar;C:/Xilinx/Vivado/2024.2\lib\classes\com.fasterxml.jackson.core.jackson-databind_2.12.1.v20210128-1726-1.5.0-90.jar;C:/Xilinx/Vivado/2024.2\lib\classes\com.google.gson_2.8.9.v20220111-1409-1.5.0-90.jar;C:/Xilinx/Vivado/2024.2\lib\classes\com.google.guava_30.1.0.v20210127-2300-1.5.0-90.jar;C:/Xilinx/Vivado/2024.2\lib\classes\com.sigasi.hdt.connection_4.17.2.202304211001-1.5.0-90.jar;C:/Xilinx/Vivado/2024.2\lib\classes\com.sigasi.hdt.epl_4.17.2.202304211001-1.5.0-90.jar;C:/Xilinx/Vivado/2024.2\lib\classes\com.sigasi.hdt.project_4.17.2.202304211001-1.5.0-90.jar;C:/Xilinx/Vivado/2024.2\lib\classes\com.sigasi.hdt.readonlyfilesystem_4.17.2.202304211001-1.5.0-90.jar;C:/Xilinx/Vivado/2024.2\lib\classes\com.sigasi.hdt.shared_4.17.2.202304211001-1.5.0-90.jar;C:/Xilinx/Vivado/2024.2\lib\classes\com.sigasi.lcm_4.17.2.202304211001-1.5.0-90.jar;C:/Xilinx/Vivado/2024.2\lib\classes\com.sigasi.lsp.server.extensions_4.17.2.202304211001-1.5.0-90.jar;C:/Xilinx/Vivado/2024.2\lib\classes\com.sigasi.sdk.client_1.5.0.202304211001-1.5.0-90.jar;C:/Xilinx/Vivado/2024.2\lib\classes\commons-collections4-4.1-3.7.8-90.jar;C:/Xilinx/Vivado/2024.2\lib\classes\commons-compress-1.21-3.7.8-90.jar;C:/Xilinx/Vivado/2024.2\lib\classes\commons-io-2.15.0-11.0.11-90.jar;C:/Xilinx/Vivado/2024.2\lib\classes\commons-io-2.6.jar;C:/Xilinx/Vivado/2024.2\lib\classes\commons-lang3-3.14.0-11.0.11-90.jar;C:/Xilinx/Vivado/2024.2\lib\classes\commons-math-2.2-3.7.8-90.jar;C:/Xilinx/Vivado/2024.2\lib\classes\DispatchProtocol-1.24.0-595.jar;C:/Xilinx/Vivado/2024.2\lib\classes\dom4j-1.6.1-3.7.8-90.jar;C:/Xilinx/Vivado/2024.2\lib\classes\error_prone_annotations-2.11.0.jar;C:/Xilinx/Vivado/2024.2\lib\classes\failureaccess-1.0.1.jar;C:/Xilinx/Vivado/2024.2\lib\classes\frank_frameworks-1.0.0-595.jar;C:/Xilinx/Vivado/2024.2\lib\classes\gson-2.8.9.jar;C:/Xilinx/Vivado/2024.2\lib\classes\guava-31.1-android.jar;C:/Xilinx/Vivado/2024.2\lib\classes\help-1.24.0-412.jar;C:/Xilinx/Vivado/2024.2\lib\classes\hsqldb-3.7.8-90.jar;C:/Xilinx/Vivado/2024.2\lib\classes\j2objc-annotations-1.3.jar;C:/Xilinx/Vivado/2024.2\lib\classes\jakarta.annotation-api-2.1.0-11.0.11-90.jar;C:/Xilinx/Vivado/2024.2\lib\classes\jakarta.json-2.0.0-RC2-1.5.0-90.jar;C:/Xilinx/Vivado/2024.2\lib\classes\jakarta.json-api-2.0.0-RC2-1.5.0-90.jar;C:/Xilinx/Vivado/2024.2\lib\classes\jakarta.transaction-api-2.0.0-11.0.11-90.jar;C:/Xilinx/Vivado/2024.2\lib\classes\jaxb-api-2.3.0.jar;C:/Xilinx/Vivado/2024.2\lib\classes\jericho-html-3.4-1.0.0-90.jar;C:/Xilinx/Vivado/2024.2\lib\classes\jetty-jakarta-servlet-api-5.0.2-11.0.11-90.jar;C:/Xilinx/Vivado/2024.2\lib\classes\jh-2.0.05-90.jar;C:/Xilinx/Vivado/2024.2\lib\classes\jide-action-3.7.8-90.jar;C:/Xilinx/Vivado/2024.2\lib\classes\jide-charts-3.7.8-90.jar;C:/Xilinx/Vivado/2024.2\lib\classes\jide-common-3.7.8-90.jar;C:/Xilinx/Vivado/2024.2\lib\classes\jide-components-3.7.8-90.jar;C:/Xilinx/Vivado/2024.2\lib\classes\jide-dashboard-3.7.8-90.jar;C:/Xilinx/Vivado/2024.2\lib\classes\jide-data-3.7.8-90.jar;C:/Xilinx/Vivado/2024.2\lib\classes\jide-dialogs-3.7.8-90.jar;C:/Xilinx/Vivado/2024.2\lib\classes\jide-diff-3.7.8-90.jar;C:/Xilinx/Vivado/2024.2\lib\classes\jide-dock-3.7.8-90.jar;C:/Xilinx/Vivado/2024.2\lib\classes\jide-editor-3.7.8-90.jar;C:/Xilinx/Vivado/2024.2\lib\classes\jide-gantt-3.7.8-90.jar;C:/Xilinx/Vivado/2024.2\lib\classes\jide-grids-3.7.8-90.jar;C:/Xilinx/Vivado/2024.2\lib\classes\jide-pivot-3.7.8-90.jar;C:/Xilinx/Vivado/2024.2\lib\classes\jide-plaf-jdk7-3.7.8-90.jar;C:/Xilinx/Vivado/2024.2\lib\classes\jide-properties-3.7.8-90.jar;C:/Xilinx/Vivado/2024.2\lib\classes\jide-shortcut-3.7.8-90.jar;C:/Xilinx/Vivado/2024.2\lib\classes\jide-treemap-3.7.8-90.jar;C:/Xilinx/Vivado/2024.2\lib\classes\JRCClient-1.24.0-595.jar;C:/Xilinx/Vivado/2024.2\lib\classes\jsr305-3.0.2.jar;C:/Xilinx/Vivado/2024.2\lib\classes\junit-jupiter-api-5.6.2.jar;C:/Xilinx/Vivado/2024.2\lib\classes\junit-platform-commons-1.6.2.jar;C:/Xilinx/Vivado/2024.2\lib\classes\justify-3.0.0-RC2-1.5.0-90.jar;C:/Xilinx/Vivado/2024.2\lib\classes\jydocking-3.3.1-90.jar;C:/Xilinx/Vivado/2024.2\lib\classes\jytable-3.3.1-90.jar;C:/Xilinx/Vivado/2024.2\lib\classes\jywidgets-3.3.1-90.jar;C:/Xilinx/Vivado/2024.2\lib\classes\listenablefuture-9999.0-empty-to-avoid-conflict-with-guava.jar;C:/Xilinx/Vivado/2024.2\lib\classes\log4j-1.2-api-2.17.1-1.5.0-90.jar;C:/Xilinx/Vivado/2024.2\lib\classes\log4j-api-2.17.1-1.5.0-90.jar;C:/Xilinx/Vivado/2024.2\lib\classes\log4j-core-2.17.1-1.5.0-90.jar;C:/Xilinx/Vivado/2024.2\lib\classes\lucene-analyzers-common-4.10.2-3.7.8-90.jar;C:/Xilinx/Vivado/2024.2\lib\classes\lucene-core-4.10.2-3.7.8-90.jar;C:/Xilinx/Vivado/2024.2\lib\classes\lucene-queryparser-4.10.2-3.7.8-90.jar;C:/Xilinx/Vivado/2024.2\lib\classes\matlab_jmi-1.0.0-90.jar;C:/Xilinx/Vivado/2024.2\lib\classes\miglayout-3.7.3.1.jar;C:/Xilinx/Vivado/2024.2\lib\classes\nlview_java-1.0.0-90.jar;C:/Xilinx/Vivado/2024.2\lib\classes\opentest4j-1.2.0.jar;C:/Xilinx/Vivado/2024.2\lib\classes\org.apache.commons.lang_2.6.0.v201404270220-1.0.0-90.jar;C:/Xilinx/Vivado/2024.2\lib\classes\org.eclipse.core.commands-3.6.0-1.0.0-90.jar;C:/Xilinx/Vivado/2024.2\lib\classes\org.eclipse.core.filesystem_1.7.400.v20190518-1151-1.0.0-90.jar;C:/Xilinx/Vivado/2024.2\lib\classes\org.eclipse.core.jobs_3.10.400.v20190506-1457-1.0.0-90.jar;C:/Xilinx/Vivado/2024.2\lib\classes\org.eclipse.core.resources_3.13.400.v20190505-1655-1.0.0-90.jar;C:/Xilinx/Vivado/2024.2\lib\classes\org.eclipse.emf.common_2.18.0.v20191225-1014-1.0.0-90.jar;C:/Xilinx/Vivado/2024.2\lib\classes\org.eclipse.emf.common_2.24.0.v20220123-0838-1.5.0-90.jar;C:/Xilinx/Vivado/2024.2\lib\classes\org.eclipse.emf.ecore.xmi_2.16.0.v20190528-0725-1.0.0-90.jar;C:/Xilinx/Vivado/2024.2\lib\classes\org.eclipse.emf.ecore_2.21.0.v20200127-1342-1.0.0-90.jar;C:/Xilinx/Vivado/2024.2\lib\classes\org.eclipse.equinox.common_3.11.0.v20200206-0817-1.0.0-90.jar;C:/Xilinx/Vivado/2024.2\lib\classes\org.eclipse.equinox.registry_3.8.400.v20190516-1504-1.0.0-90.jar;C:/Xilinx/Vivado/2024.2\lib\classes\org.eclipse.jetty.alpn.client_11.0.18-11.0.11-90.jar;C:/Xilinx/Vivado/2024.2\lib\classes\org.eclipse.jetty.annotations_11.0.18-11.0.11-90.jar;C:/Xilinx/Vivado/2024.2\lib\classes\org.eclipse.jetty.client_11.0.18-11.0.11-90.jar;C:/Xilinx/Vivado/2024.2\lib\classes\org.eclipse.jetty.http_11.0.18-11.0.11-90.jar;C:/Xilinx/Vivado/2024.2\lib\classes\org.eclipse.jetty.io_11.0.18-11.0.11-90.jar;C:/Xilinx/Vivado/2024.2\lib\classes\org.eclipse.jetty.jndi_11.0.18-11.0.11-90.jar;C:/Xilinx/Vivado/2024.2\lib\classes\org.eclipse.jetty.plus_11.0.18-11.0.11-90.jar;C:/Xilinx/Vivado/2024.2\lib\classes\org.eclipse.jetty.security_11.0.18-11.0.11-90.jar;C:/Xilinx/Vivado/2024.2\lib\classes\org.eclipse.jetty.server_11.0.18-11.0.11-90.jar;C:/Xilinx/Vivado/2024.2\lib\classes\org.eclipse.jetty.servlet_11.0.18-11.0.11-90.jar;C:/Xilinx/Vivado/2024.2\lib\classes\org.eclipse.jetty.util_11.0.18-11.0.11-90.jar;C:/Xilinx/Vivado/2024.2\lib\classes\org.eclipse.jetty.webapp_11.0.18-11.0.11-90.jar;C:/Xilinx/Vivado/2024.2\lib\classes\org.eclipse.jetty.websocket.api_11.0.18-11.0.11-90.jar;C:/Xilinx/Vivado/2024.2\lib\classes\org.eclipse.jetty.websocket.client_11.0.18-11.0.11-90.jar;C:/Xilinx/Vivado/2024.2\lib\classes\org.eclipse.jetty.websocket.common_11.0.18-11.0.11-90.jar;C:/Xilinx/Vivado/2024.2\lib\classes\org.eclipse.jetty.websocket.core.client_11.0.18-11.0.11-90.jar;C:/Xilinx/Vivado/2024.2\lib\classes\org.eclipse.jetty.websocket.core.common_11.0.18-11.0.11-90.jar;C:/Xilinx/Vivado/2024.2\lib\classes\org.eclipse.jetty.websocket.core.server_11.0.18-11.0.11-90.jar;C:/Xilinx/Vivado/2024.2\lib\classes\org.eclipse.jetty.websocket.server_11.0.18-11.0.11-90.jar;C:/Xilinx/Vivado/2024.2\lib\classes\org.eclipse.jetty.websocket.servlet_11.0.18-11.0.11-90.jar;C:/Xilinx/Vivado/2024.2\lib\classes\org.eclipse.jetty.xml_11.0.18-11.0.11-90.jar;C:/Xilinx/Vivado/2024.2\lib\classes\org.eclipse.lsp4j.jsonrpc_0.12.0.v20210402-1305-1.5.0-90.jar;C:/Xilinx/Vivado/2024.2\lib\classes\org.eclipse.lsp4j_0.12.0.v20210402-1305-1.5.0-90.jar;C:/Xilinx/Vivado/2024.2\lib\classes\org.eclipse.xtext.util_2.18.0.v20190603-1042-1.0.0-90.jar;C:/Xilinx/Vivado/2024.2\lib\classes\org.eclipse.xtext.util_2.26.0.v20220228-0751-1.5.0-90.jar;C:/Xilinx/Vivado/2024.2\lib\classes\org.eclipse.xtext.xbase.lib_2.26.0.v20220228-0748-1.5.0-90.jar;C:/Xilinx/Vivado/2024.2\lib\classes\picocli-4.1.2.jar;C:/Xilinx/Vivado/2024.2\lib\classes\planAhead.jar;C:/Xilinx/Vivado/2024.2\lib\classes\poi-4.1.1-3.7.8-90.jar;C:/Xilinx/Vivado/2024.2\lib\classes\poi-ooxml-4.1.1-3.7.8-90.jar;C:/Xilinx/Vivado/2024.2\lib\classes\poi-ooxml-schemas-4.1.1-3.7.8-90.jar;C:/Xilinx/Vivado/2024.2\lib\classes\protobuf-java-3.21.12.jar;C:/Xilinx/Vivado/2024.2\lib\classes\protobuf-java-util-3.21.12.jar;C:/Xilinx/Vivado/2024.2\lib\classes\RuleService-1.24.0-595.jar;C:/Xilinx/Vivado/2024.2\lib\classes\slf4j-api-2.0.9-11.0.11-90.jar;C:/Xilinx/Vivado/2024.2\lib\classes\swingx-core-1.6.2-90.jar;C:/Xilinx/Vivado/2024.2\lib\classes\synthetica-3.3.1-90.jar;C:/Xilinx/Vivado/2024.2\lib\classes\syntheticaAddons-3.3.1-90.jar;C:/Xilinx/Vivado/2024.2\lib\classes\syntheticaDark-3.3.1-90.jar;C:/Xilinx/Vivado/2024.2\lib\classes\syntheticaPlain-3.3.1-90.jar;C:/Xilinx/Vivado/2024.2\lib\classes\syntheticaPlainAddon-3.3.1-90.jar;C:/Xilinx/Vivado/2024.2\lib\classes\sysgen.jar;C:/Xilinx/Vivado/2024.2\lib\classes\va-shared-1.0.0-595.jar;C:/Xilinx/Vivado/2024.2\lib\classes\VlmGUI.jar;C:/Xilinx/Vivado/2024.2\lib\classes\xml-apis-ext-1.0.0-90.jar;C:/Xilinx/Vivado/2024.2\lib\classes\xmlbeans-3.1.0-3.7.8-90.jar;C:/Xilinx/Vivado/2024.2\lib\classes\xmlgraphics-commons-1.0.0-90.jar;C:/Xilinx/Vivado/2024.2\lib\classes\yfiles-for-java-swing-3.3.0-90.jar;C:/Xilinx/Vivado/2024.2\lib\classes\windows\gluegen-rt-95.0.4638.69-90.jar;C:/Xilinx/Vivado/2024.2\lib\classes\windows\gluegen-rt-natives-windows-amd64-95.0.4638.69-90.jar;C:/Xilinx/Vivado/2024.2\lib\classes\windows\javafx-swt-21.0.1-90.jar;C:/Xilinx/Vivado/2024.2\lib\classes\windows\javafx.base-21.0.1-90.jar;C:/Xilinx/Vivado/2024.2\lib\classes\windows\javafx.controls-21.0.1-90.jar;C:/Xilinx/Vivado/2024.2\lib\classes\windows\javafx.fxml-21.0.1-90.jar;C:/Xilinx/Vivado/2024.2\lib\classes\windows\javafx.graphics-21.0.1-90.jar;C:/Xilinx/Vivado/2024.2\lib\classes\windows\javafx.media-21.0.1-90.jar;C:/Xilinx/Vivado/2024.2\lib\classes\windows\javafx.swing-21.0.1-90.jar;C:/Xilinx/Vivado/2024.2\lib\classes\windows\javafx.web-21.0.1-90.jar;C:/Xilinx/Vivado/2024.2\lib\classes\windows\jcef-95.0.4638.69-90.jar;C:/Xilinx/Vivado/2024.2\lib\classes\windows\jcef-tests-95.0.4638.69-90.jar;C:/Xilinx/Vivado/2024.2\lib\classes\windows\jogl-all-95.0.4638.69-90.jar;C:/Xilinx/Vivado/2024.2\lib\classes\windows\jogl-all-natives-windows-amd64-95.0.4638.69-90.jar
Launcher Type: generic

[Global flags]
     intx CICompilerCount                          = 12                                        {product} {ergonomic}
     uint ConcGCThreads                            = 1                                         {product} {ergonomic}
     uint G1ConcRefinementThreads                  = 4                                         {product} {ergonomic}
   size_t G1HeapRegionSize                         = 2097152                                   {product} {ergonomic}
    uintx GCDrainStackTargetSize                   = 64                                        {product} {ergonomic}
   size_t InitialHeapSize                          = 536870912                                 {product} {command line}
   size_t MarkStackSize                            = 4194304                                   {product} {ergonomic}
    uintx MaxGCPauseMillis                         = 200                                       {product} {command line}
   size_t MaxHeapSize                              = 4269801472                                {product} {command line}
   size_t MaxNewSize                               = 83886080                                  {product} {command line}
   size_t MinHeapDeltaBytes                        = 2097152                                   {product} {ergonomic}
   size_t MinHeapSize                              = 536870912                                 {product} {command line}
   size_t NewSize                                  = 83886080                                  {product} {command line}
    uintx NonNMethodCodeHeapSize                   = 7602480                                {pd product} {ergonomic}
    uintx NonProfiledCodeHeapSize                  = 122027880                              {pd product} {ergonomic}
     uint ParallelGCThreads                        = 4                                         {product} {command line}
     bool ParallelRefProcEnabled                   = true                                      {product} {command line}
    uintx ProfiledCodeHeapSize                     = 122027880                              {pd product} {ergonomic}
    uintx ReservedCodeCacheSize                    = 251658240                              {pd product} {ergonomic}
     bool SegmentedCodeCache                       = true                                      {product} {ergonomic}
   size_t SoftMaxHeapSize                          = 4269801472                             {manageable} {ergonomic}
    uintx StringTableSize                          = 4072                                      {product} {command line}
     intx ThreadStackSize                          = 10240                                  {pd product} {command line}
     bool UseCompressedOops                        = true                           {product lp64_product} {ergonomic}
     bool UseG1GC                                  = true                                      {product} {ergonomic}
     bool UseLargePagesIndividualAllocation        = false                                  {pd product} {ergonomic}
     bool UsePerfData                              = false                                     {product} {command line}
     bool UseStringDeduplication                   = true                                      {product} {command line}

Logging:
Log output configuration:
 #0: stdout all=warning uptime,level,tags foldmultilines=false
 #1: stderr all=off uptime,level,tags foldmultilines=false

Environment Variables:
PATH=C:/Xilinx/Vivado/2024.2\gnuwin\bin;C:/Xilinx/Vivado/2024.2\gnu\microblaze\nt\bin;C:/Xilinx/Vivado/2024.2/bin;C:/Xilinx/Vivado/2024.2/tps/win64/java-cef-95.0.4638.69/bin/lib/win64;C:/Xilinx/Vivado/2024.2/tps/win64/javafx-sdk-21.0.1/lib;C:/Xilinx/Vivado/2024.2/tps/win64/javafx-sdk-21.0.1/bin;C:/Xilinx/Vivado/2024.2/lib/win64.o;C:/Xilinx/Vivado/2024.2/tps/win64/jre21.0.1_12/bin/server;C:/Xilinx/Vivado/2024.2/tps/win64/jre21.0.1_12/bin;C:/Xilinx/Vitis/2024.2/bin;C:/Xilinx/Vivado/2024.2/ids_lite/ISE/bin/nt64;C:/Xilinx/Vivado/2024.2/ids_lite/ISE/lib/nt64;C:/Xilinx/Vitis_HLS/2024.2/bin;C:\WINDOWS\system32;C:\WINDOWS;C:\WINDOWS\System32\Wbem;C:\WINDOWS\System32\WindowsPowerShell\v1.0\;C:\WINDOWS\System32\OpenSSH\;C:\Program Files (x86)\Pulse Secure\VC142.CRT\X64\;C:\Program Files (x86)\Pulse Secure\VC142.CRT\X86\;C:\Program Files (x86)\Common Files\Pulse Secure\TNC Client Plugin\;C:\Program Files\MATLAB\R2024a\bin;C:\Program Files\dotnet\;C:\Users\mikwa\AppData\Local\Microsoft\WindowsApps;C:\Users\mikwa\AppData\Local\Programs\Microsoft VS Code\bin;C:\Users\mikwa\AppData\Local\GitHubDesktop\bin;C:/Xilinx/Vivado/2024.2\tps\mingw\6.2.0\win64.o\nt\bin;C:/Xilinx/Vivado/2024.2\tps\mingw\6.2.0\win64.o\nt\libexec\gcc\x86_64-w64-mingw32\6.2.0;C:/Xilinx/Vivado/2024.2\tps\win64\python-3.8.3;C:/Xilinx/Vivado/2024.2\tps\win64\python-3.8.3\bin;C:/Xilinx/Vivado/2024.2\tps\win64\python-3.8.3\lib;C:/Xilinx/Vivado/2024.2\tps\win64\python-3.8.3\lib\site-packages
USERNAME=mikwa
DISPLAY=127.0.0.1:0.0
OS=Windows_NT
PROCESSOR_IDENTIFIER=Intel64 Family 6 Model 186 Stepping 2, GenuineIntel
TMP=C:\Users\mikwa\AppData\Local\Temp
TEMP=C:\Users\mikwa\AppData\Local\Temp




Periodic native trim disabled

---------------  S Y S T E M  ---------------

OS:
 Windows 11 , 64 bit Build 26100 (10.0.26100.3775)
OS uptime: 0 days 5:59 hours
Hyper-V role detected

CPU: total 20 (initial active 20) (10 cores per cpu, 2 threads per core) family 6 model 186 stepping 2 microcode 0x4111, cx8, cmov, fxsr, ht, mmx, 3dnowpref, sse, sse2, sse3, ssse3, sse4.1, sse4.2, popcnt, lzcnt, tsc, tscinvbit, avx, avx2, aes, erms, clmul, bmi1, bmi2, adx, sha, fma, vzeroupper, clflush, clflushopt, clwb, hv, serialize, rdtscp, rdpid, fsrm, f16c, cet_ibt, cet_ss
Processor Information for processor 0
  Max Mhz: 1900, Current Mhz: 1900, Mhz Limit: 1900
Processor Information for processor 1
  Max Mhz: 1900, Current Mhz: 1900, Mhz Limit: 1900
Processor Information for processor 2
  Max Mhz: 1900, Current Mhz: 1504, Mhz Limit: 1900
Processor Information for processor 3
  Max Mhz: 1900, Current Mhz: 1900, Mhz Limit: 1900
Processor Information for processor 4
  Max Mhz: 1900, Current Mhz: 1900, Mhz Limit: 1900
Processor Information for processor 5
  Max Mhz: 1900, Current Mhz: 1900, Mhz Limit: 1900
Processor Information for processor 6
  Max Mhz: 1900, Current Mhz: 1900, Mhz Limit: 1900
Processor Information for processor 7
  Max Mhz: 1900, Current Mhz: 1900, Mhz Limit: 1900
Processor Information for processor 8
  Max Mhz: 1900, Current Mhz: 1504, Mhz Limit: 1900
Processor Information for processor 9
  Max Mhz: 1900, Current Mhz: 1900, Mhz Limit: 1900
Processor Information for processor 10
  Max Mhz: 1900, Current Mhz: 1900, Mhz Limit: 1900
Processor Information for processor 11
  Max Mhz: 1900, Current Mhz: 1900, Mhz Limit: 1900
Processor Information for processor 12
  Max Mhz: 1900, Current Mhz: 1400, Mhz Limit: 1387
Processor Information for processor 13
  Max Mhz: 1900, Current Mhz: 1400, Mhz Limit: 1387
Processor Information for processor 14
  Max Mhz: 1900, Current Mhz: 1400, Mhz Limit: 1387
Processor Information for processor 15
  Max Mhz: 1900, Current Mhz: 1400, Mhz Limit: 1387
Processor Information for processor 16
  Max Mhz: 1900, Current Mhz: 1400, Mhz Limit: 1387
Processor Information for processor 17
  Max Mhz: 1900, Current Mhz: 1400, Mhz Limit: 1387
Processor Information for processor 18
  Max Mhz: 1900, Current Mhz: 1400, Mhz Limit: 1387
Processor Information for processor 19
  Max Mhz: 1900, Current Mhz: 1400, Mhz Limit: 1387

Memory: 4k page, system-wide physical 16091M (2977M free)
TotalPageFile size 65243M (AvailPageFile size 26M)
current process WorkingSet (physical memory assigned to process): 296M, peak: 296M
current process commit charge ("private bytes"): 276M, peak: 787M

vm_info: OpenJDK 64-Bit Server VM (21.0.1+12-LTS) for windows-amd64 JRE (21.0.1+12-LTS), built on 2023-10-17T00:00:00Z by "admin" with unknown MS VC++:1937

END.
