#-----------------------------------------------------------
# Vivado v2024.2 (64-bit)
# SW Build 5239630 on Fri Nov 08 22:35:27 MST 2024
# IP Build 5239520 on Sun Nov 10 16:12:51 MST 2024
# SharedData Build 5239561 on Fri Nov 08 14:39:27 MST 2024
# Start of session at: Thu May 15 13:31:08 2025
# Process ID         : 5956
# Current directory  : F:/Miki/JHU/research/Accelerator_2025/vit_accel
# Command line       : vivado.exe -gui_launcher_event rodinguilauncherevent29748 F:\Miki\JHU\research\Accelerator_2025\vit_accel\vit_accel.xpr
# Log file           : F:/Miki/JHU/research/Accelerator_2025/vit_accel/vivado.log
# Journal file       : F:/Miki/JHU/research/Accelerator_2025/vit_accel\vivado.jou
# Running On         : laptop
# Platform           : Windows Server 2016 or Windows 10
# Operating System   : 26100
# Processor Detail   : 13th Gen Intel(R) Core(TM) i7-1370P
# CPU Frequency      : 2189 MHz
# CPU Physical cores : 14
# CPU Logical cores  : 20
# Host memory        : 16873 MB
# Swap memory        : 17004 MB
# Total Virtual      : 33878 MB
# Available Virtual  : 10997 MB
#-----------------------------------------------------------
start_gui
open_project F:/Miki/JHU/research/Accelerator_2025/vit_accel/vit_accel.xpr
CRITICAL WARNING: [Project 1-19] Could not find the file 'F:/Miki/JHU/research/Accelerator_2025/vit_accel/pe_wrapper_v2_tb_behav.wcfg'.
Scanning sources...
Finished scanning sources
INFO: [IP_Flow 19-234] Refreshing IP repositories
INFO: [IP_Flow 19-1704] No user IP repositories specified
INFO: [IP_Flow 19-2313] Loaded Vivado IP repository 'C:/Xilinx/Vivado/2024.2/data/ip'.
open_project: Time (s): cpu = 00:00:20 ; elapsed = 00:00:11 . Memory (MB)INFO: [filemgmt 56-326] User Interset_property loop_count 2147483647 [current_fileset]
reset_run synth_1
launch_runs impl_1 -jobs 10
[Thu May 15 13:34:27 2025] Launched synth_1...
Run output will be captured here: F:/Miki/JHU/research/Accelerator_2025/vit_accel/vit_accel.runs/synth_1/runme.log
[Thu May 15 13:34:27 2025] Launched impl_1...
Run output will be captured here: F:/Miki/JHU/research/Accelerator_2025/vit_accel/vit_accel.runs/impl_1/runme.log
reset_run synth_1
launch_runs impl_1 -jobs 10
[Thu May 15 13:36:33 2025] Launched synth_1...
Run output will be captured here: F:/Miki/JHU/research/Accelerator_2025/vit_accel/vit_accel.runs/synth_1/runme.log
[Thu May 15 13:36:34 2025] Launched impl_1...
Run output will be captured here: F:/Miki/JHU/research/Accelerator_2025/vit_accel/vit_accel.runs/impl_1/runme.log
set_property {STEPS.SYNTH_DESIGN.ARGS.MORE OPTIONS} {set_param synth.elaboration.rodinMoreOptions "rt::set_parameter max_loop_limit 100000"} [get_runs synth_1]
reset_run synth_1
launch_runs synth_1 -jobs 10
[Thu May 15 13:40:19 2025] Launched synth_1...
Run output will be captured here: F:/Miki/JHU/research/Accelerator_2025/vit_accel/vit_accel.runs/synth_1/runme.log
reset_run synth_1
launch_runs impl_1 -jobs 10
[Thu May 15 13:41:43 2025] Launched synth_1...
Run output will be captured here: F:/Miki/JHU/research/Accelerator_2025/vit_accel/vit_accel.runs/synth_1/runme.log
[Thu May 15 13:41:43 2025] Launched impl_1...
Run output will be captured here: F:/Miki/JHU/research/Accelerator_2025/vit_accel/vit_accel.runs/impl_1/runme.log
synth_design -help
synth_design

Description: 
Synthesize a design using Vivado Synthesis and open that design

Syntax: 
synth_design  [-name <arg>] [-part <arg>] [-constrset <arg>] [-top <arg>]
              [-include_dirs <args>] [-generic <args>] [-define <args>]
              [-verilog_define <args>] [-vhdl_define <args>]
              [-flatten_hierarchy <arg>] [-gated_clock_conversion <arg>]
              [-directive <arg>] [-rtl] [-lint] [-file <arg>] [-bufg <arg>]
              [-no_lc] [-lut_cascade] [-shreg_min_size <arg>] [-mode <arg>]
              [-fsm_extraction <arg>] [-rtl_skip_mlo] [-rtl_skip_ip]
              [-rtl_skip_constraints] [-srl_style <arg>]
              [-keep_equivalent_registers] [-resource_sharing <arg>]
              [-cascade_dsp <arg>] [-control_set_opt_threshold <arg>]
              [-incremental_mode <arg>] [-max_bram <arg>] [-max_uram <arg>]
              [-max_dsp <arg>] [-max_bram_cascade_height <arg>]
              [-max_uram_cascade_height <arg>] [-global_retiming <arg>]
              [-no_srlextract] [-assert] [-no_timing_driven] [-sfcu]
              [-debug_log] [-quiet] [-verbose]

Returns: 
design object

Usage: 
  Name                          Description
  -----------------------------------------
  [-name]                       Design name
  [-part]                       Target part
  [-constrset]                  Constraint fileset to use
  [-top]                        Specify the top module name
  [-include_dirs]               Specify verilog search directories
  [-generic]                    Specify generic parameters. Syntax: -generic 
                                <name>=<value> -generic <name>=<value> ...
  [-define]                     Specify verilog and vhdl defines. Syntax: 
                                -define <macro_name>[=<macro_text>] -define 
                                <macro_name>[=<macro_text>] ...
  [-verilog_define]             Specify verilog defines. Syntax: 
                                -verilog_define <macro_name>[=<macro_text>] 
                                -verilog_define <macro_name>[=<macro_text>] 
                                ...
  [-vhdl_define]                Specify vhdl defines. Syntax: -vhdl_define 
                                <macro_name>[=<macro_text>] -vhdl_define 
                                <macro_name>[=<macro_text>] ...
  [-flatten_hierarchy]          Flatten hierarchy during LUT mapping. Values:
                                full, none, rebuilt
                                Default: rebuilt
  [-gated_clock_conversion]     Convert clock gating logic to flop enable. 
                                Values: off, on, auto
                                Default: off
  [-directive]                  Synthesis directive. Values: default, 
                                RuntimeOptimized, AreaOptimized_high, 
                                AreaOptimized_medium, AlternateRoutability, 
                                AreaMapLargeShiftRegToBRAM, 
                                AreaMultThresholdDSP, FewerCarryChains, 
                                PerformanceOptimized, LogicCompaction, 
                                PowerOptimized_high, PowerOptimized_medium
                                Default: default
  [-rtl]                        Elaborate and open an rtl design
  [-lint]                       Run RTL Linter on source files. Recommended 
                                to run before RTL simulation and synthesis to
                                identify potential issues at early design 
                                cycle.
  [-file]                       Linter Filename to output results to. (send 
                                output to console if -file is not used)
  [-bufg]                       Max number of global clock buffers used by 
                                synthesis
                                Default: 12
  [-no_lc]                      Disable LUT combining. Do not allow combining
                                LUT pairs into single dual output LUTs.
  [-lut_cascade]                Enable LUT cascading in synthesis. Pack more 
                                logic into same slice by utilizing LUT 
                                cascade connection. This is expected to 
                                improve delay at cost of area.
  [-shreg_min_size]             Minimum length for chain of registers to be 
                                mapped onto SRL
                                Default: 3
  [-mode]                       The design mode. Values: default, 
                                out_of_context
                                Default: default
  [-fsm_extraction]             FSM Extraction Encoding. Values: off, 
                                one_hot, sequential, johnson, gray, 
                                user_encoding, auto
                                Default: auto
  [-rtl_skip_mlo]               Skip mandatory logic optimization for RTL 
                                elaboration of the design; requires -rtl 
                                option.
  [-rtl_skip_ip]                Exclude subdesign checkpoints in the RTL 
                                elaboration of the design; requires -rtl 
                                option.
  [-rtl_skip_constraints]       Do not load and validate constraints against 
                                elaborated design; requires -rtl option.
  [-srl_style]                  Static SRL Implementation Style. Values: 
                                register, srl, srl_reg, reg_srl, reg_srl_reg
  [-keep_equivalent_registers]  Prevents registers sourced by the same logic 
                                from being merged. (Note that the merging can
                                otherwise be prevented using the synthesis 
                                KEEP attribute)
  [-resource_sharing]           Sharing arithmetic operators. Value: auto, 
                                on, off
                                Default: auto
  [-cascade_dsp]                Controls how adders summing DSP block outputs
                                will be implemented. Value: auto, tree, force
                                Default: auto
  [-control_set_opt_threshold]  Threshold for synchronous control set 
                                optimization to lower number of control sets.
                                Valid values are 'auto' and non-negative 
                                integers. The higher the number, the more 
                                control set optimization will be performed 
                                and fewer control sets will result. To 
                                disable control set optimization completely, 
                                set to 0.
                                Default: auto
  [-incremental_mode]           Mode of incremental synthesis 
                                (aggressive/default/off/quick)
                                Default: default
  [-max_bram]                   Maximum number of block RAM allowed in 
                                design. (Note -1 means that the tool will 
                                choose the max number allowed for the part in
                                question)
                                Default: -1
  [-max_uram]                   Maximum number of Ultra RAM blocks allowed in
                                design. (Note -1 means that the tool will 
                                choose the max number allowed for the part in
                                question)
                                Default: -1
  [-max_dsp]                    Maximum number of block DSP allowed in 
                                design. (Note -1 means that the tool will 
                                choose the max number allowed for the part in
                                question)
                                Default: -1
  [-max_bram_cascade_height]    Controls the maximum number of BRAM that can 
                                be cascaded by the tool. (Note -1 means that 
                                the tool will choose the max number allowed 
                                for the part in question)
                                Default: -1
  [-max_uram_cascade_height]    Controls the maximum number of URAM that can 
                                be cascaded by the tool. (Note -1 means that 
                                the tool will choose the max number allowed 
                                for the part in question)
                                Default: -1
  [-global_retiming]            Values: auto, on, off. Improves circuit 
                                performance for intra-clock sequential paths 
                                by automatically movingregisters (register 
                                balancing) across combinatorial gates or 
                                LUTs. It maintains the original behavior and 
                                latency of the circuitand does not require 
                                changes to the RTL sources.
                                Default: auto
  [-no_srlextract]              Prevents the extraction of shift registers so
                                that they get implemented as simple registers
  [-assert]                     Enable VHDL assert statements to be 
                                evaluated. A severity level of failure will 
                                stop the synthesis flow and produce an error.
  [-no_timing_driven]           Do not run in timing driven mode
  [-sfcu]                       Run in single-file compilation unit mode
  [-debug_log]                  Print detailed log files for debugging
  [-quiet]                      Ignore command errors
  [-verbose]                    Suspend message limits during command 
                                execution

Categories: 
Tools
Description:

  Directly launches the Vivado synthesis engine to compile and synthesize a
  design in either Project Mode or Non-Project Mode in the Vivado Design
  Suite. Refer to the Vivado Design Suite User Guide: Design Flows Overview
  (UG892) for a complete description of Project Mode and Non-Project Mode.

  Vivado synthesis can be launched directly with the synth_design command in
  the Non-Project Mode of the Vivado Design Suite.

  Tip: The synth_design can be multi-threaded to speed the process. Refer to
  the set_param command for more information on setting the
  general.maxThreads parameter.

  In Project Mode, synthesis should be launched from an existing synthesis
  run created with the create_run command. The run is launched using the
  launch_runs command, and this in turn calls synth_design for Vivado
  synthesis.

  You can also use the synth_design command to elaborate RTL source files,
  and open an elaborated design:

    synth_design -rtl -name rtl_1

  This command returns a transcript of the synthesis process, or returns an
  error if it fails.

Arguments:

  -name <arg> - (Optional) This is the name assigned to the synthesized
  design when it is opened by the Vivado tool after synthesis has completed.
  This name is for reference purposes, and has nothing to do with the
  top-level of the design or any logic contained within.

  -part <arg> - (Optional) The target AMD device to use for the design. If
  the part is not specified the default part assigned to the project will be
  used.

  -constrset <arg> - (Optional) The name of the XDC constraints to use when
  synthesizing the design. Vivado synthesis requires the use of XDC, and does
  not support UCF. The -constrset argument must refer to a constraint fileset
  that exists. It cannot be used to create a new fileset. Use the
  create_fileset command for that purpose.

  -top <arg> - (Optional) The top module of the design hierarchy.

  Important: If you use the find_top command to define the -top option, be
  sure to specify only one top if find_top returns multiple prospects. See
  the examples below.

  -include_dirs <args> - (Optional) The directories to search for Verilog
  `include files. You can specify multiple directories by creating a list to
  contain them:

    -include_dirs {C:/data/include1 C:/data/include2}

  -generic <name>=<value> - (Optional) The value of a VHDL generic entity, or
  of a Verilog parameter. The -generic option can be used to override the
  assigned values of parameters in the RTL design sources. However it can
  only override parameters at the top level of the design. The parameters of
  lower-level modules can only be overridden at the time of instantiation and
  not by the -generic option. The syntax for the -generic argument is
  <name>=<value>, specifying the name of the generic or parameter, and the
  value to be assigned. Repeat the -generic option multiple times in the
  synth_design command for each generic or parameter value to be defined:

    synth_design -generic width=32 -generic depth=512 ...

  Important: When specifying binary values for boolean or std_logic VHDL
  generic types, you must specify the value using the Verilog bit format,
  rather than standard VHDL format:

    0 = 1`b0
    01010000 = 8`b01010000

  -verilog_define <name>=<text> - (Optional) Set values for Verilog `define,
  and `ifdef, statements. The syntax for the -verilog_define argument is
  <name>=<text>, specifying the name of the define directive, and the value
  to be assigned. The argument can be reused multiple times in a single
  synth_design command.

    synth_design -verilog_define <name>=<value> -verilog_define <name>=<value> ...

  -flatten_hierarchy <arg> - (Optional) Flatten the hierarchy of the design
  during LUT mapping. The valid values are:

   *  rebuilt - This will attempt to rebuild the original hierarchy of the
      RTL design after synthesis has completed. This is the default setting.

   *  full - Flatten the hierarchy of the design.

   *  none - Do not flatten the hierarchy of the design. This will preserve
      the hierarchy of the design, but will also limit the design
      optimization that can be performed by the synthesis tool.

  -gated_clock_conversion <arg> - (Optional) Convert clock gating logic to
  use the flop enable pins when available. This optimization can eliminate
  logic and simplify the netlist. Refer to the GATED_CLOCK property in the
  Vivado Design Suite User Guide: Synthesis (UG901) for more information.
  Valid values for this option are:

   *  off - Disables the conversion of clock gating logic during synthesis,
      regardless of the use of the GATED_CLOCK property in the RTL design.

   *  on - Converts clock gating logic based on the use of the GATED_CLOCK
      property in the RTL design.

   *  auto - lets Vivado synthesis perform gated clock conversion if either
      the GATED_CLOCK property is present in the RTL, or if the Vivado tool
      detects a gate with a valid clock constraint.

  -directive <arg> - (Optional) Direct synthesis to achieve specific design
  objectives. Only one directive can be specified for a single synth_design
  command, and values are case-sensitive. Valid values are:

   *  default - Run the default synthesis process.

   *  runtimeoptimized - Perform fewer timing optimizations and eliminate
      some RTL optimizations to reduce synthesis run time.

   *  AreaOptimized_high - Perform general area optimizations including
      AreaMapLargeShiftRegToBRAM, AreaThresholdUseDSP directives.

   *  AreaOptimized_medium - Perform general area optimizations including
      forcing ternary adder implementation, applying new thresholds for use
      of carry chain in comparators, and implementing area optimized
      multiplexers.

   *  AlternateRoutability - Algorithms to improve routability with reduced
      use of MUXFs and CARRYs.

   *  AreaMapLargeShiftRegToBRAM - Detects large shift registers and
      implements them using dedicated blocks of RAM.

   *  AreaMultThresholdDSP - Lower threshold for dedicated DSP block
      inference for packing multipliers.

   *  FewerCarryChains - Higher operand size threshold to use LUTs instead of
      the carry chain.

   *  PerformanceOptimized - Perform general timing optimizations including
      logic level reduction at the expense of area.

   *  LogicCompaction - Configure LUTs and Carry chains for multipliers in a
      way that makes it easier for the placer to pack these structures into
      small areas.

  -rtl - (Optional) Elaborate the HDL source files and open the RTL design.
  In designs that use out-of-context (OOC) modules, such as IP from the
  Xilinx IP catalog, the Vivado Design Suite will import synthesized design
  checkpoints (DCP) for the OOC modules in the design, and import associated
  constraint files (XDC) into the elaborated design. However, you can disable
  the default behavior using the -rtl_skip_ip and -rtl_skip_constraints
  options.

  -lint - Run RTL Linter on source files against various rules. The following
  are the supported rules.

   *  ASSIGN-1(arithmetic overlfow)

   *  ASSIGN-2(mixed operand signedness)

   *  ASSIGN-3(shift overflow)

   *  ASSIGN-4(unused scalar)

   *  ASSIGN-5(bit in array not set)

   *  ASSIGN-6(bit in array not used)

   *  ASSIGN-7(mult-assign/multi-driver)

   *  QOR-1(arithmetic operator not mergeable)

   *  INFER-1(inferred latch)

   *  INFER-2(incomplete case statement)

   *  INFER-3(case equality)

   *  CLOCK-1(module using both clock edges)

   *  RESET-1(mixed asyncreset)

   *  RESET-2(missing async reset logic)

  Create_waiver -type LINT can be used to waive rules or individual linter
  warnings. For example,

    create_waiver -type LINT -id ASSIGN-3 -description {waive all warnings from ASSIGN-3 check}

  -rtl_skip_ip - (Optional) This option requires the use of the -rtl option.
  When elaborating the RTL design, this option causes the Vivado Design Suite
  to skip loading the DCP files for OOC modules in the design, and instead
  load a stub file to treat the OOC modules as black boxes. This can
  significantly speed elaboration of the design.

  Tip: An OOC synthesis run will be needed in either case to generate the DCP
  file that is loaded during elaboration, or to generate the stub file needed
  for the black box.

  -rtl_skip_constraints - (Optional) This option requires the use of the -rtl
  option. When elaborating the RTL design, this option causes the Vivado
  Design Suite to skip loading any design constraints (XDC) into the
  elaborated design. This can significantly speed elaboration of the design.

  -bufg <arg> - (Optional) Specify the maximum number of global clock buffers
  to be used on clock nets during synthesis. Specified as a value >= 1, which
  should not exceed the BUFG count on the target device. The default value is
  12.

  Tip: Vivado synthesis infers up to the number of BUFGs specified, including
  those instantiated in the RTL source. For example, with the default setting
  of -bufg 12, if there are three BUFGs instantiated in the RTL, the tool
  infers up to nine more for a total of 12.

  -no_lc - (Optional) Disable the default LUT combining feature of Vivado
  synthesis.

  -shreg_min_size <arg> - (Optional) Specified as an integer, this is the
  minimum length for a chain of registers to be mapped onto SRL. The default
  is three.

  -mode [ default | out_of_context ] - (Optional) Out of Context mode
  specifies the synthesis of an IP module, or block module, for use in an
  out-of-context design flow. This mode turns off I/O buffer insertion for
  the module, and marks the module as OOC, to facilitate its use in the tool
  flow. The block can also be implemented for analysis purposes. Refer to the
  Vivado Design Suite User Guide: Designing with IP (UG896) or the Vivado
  Design Suite User Guide: Hierarchical Design (UG905) for more information.

  -fsm_extraction <arg> - (Optional) Finite state machine (FSM) encoding is
  automatic (auto) in Vivado synthesis by default. This option enables state
  machine identification and specifies the type of encoding that should be
  applied. Valid values are: off, one_hot, sequential, johnson, gray, auto.
  Automatic encoding (auto) allows the tool to choose the best encoding for
  each state machine identified. In this case, the tool may use different
  encoding styles for different FSMs in the same design.

  Note: Use -fsm_extraction off to disable finite state machine extraction in
  Vivado synthesis. This will override the FSM_ENCODING property when
  specified.

  -keep_equivalent_registers - (Optional) Works like the KEEP property to
  prevent the merging of registers during optimization.

  -resource_sharing <arg> - (Optional) Share arithmetic operators like adders
  or subtractors between different signals, rather than creating new
  operators. This can result in better area usage when it is turned on. Valid
  values are: auto, on, off. The default is auto.

  -cascade_dsp [ auto | tree | force ] - (Optional) Specifies how to
  implement adders that add DSP block outputs. Valid values include auto,
  tree, force. The default setting is auto.

  -control_set_opt_threshold <arg> - (Optional) Threshold for synchronous
  control set optimization to decrease the number of control sets. Specifies
  how large the fanout of a control set should be before it starts using it
  as a control set. For example, if -control_set_opt_threshold is set to 10,
  a synchronous reset that only fans out to 5 registers would be moved to the
  D input logic, rather than using the reset line of a register. However, if
  -control_set_opt_threshold is set to 4, then the reset line is used. This
  option can be specified as "auto", or as an integer from 0 to 16. The
  default setting is "auto", and the actual threshold used under "auto" can
  vary depending on the selected device architecture.

  -incremental - (Optional) Specify a DCP file for the incremental
  compilation flow. In the incremental synthesis flow, the netlist from the
  incremental DCP is applied to the design objects in the current design to
  reuse existing synthesis results when possible.

  -max_bram <arg> - (Optional) Specify the maximum number of Block RAM to add
  to the design during synthesis. Specify a value >= 1, which should not
  exceed the available Block RAM count on the target device. If a value of -1
  is used, the Vivado synthesis tool will not exceed the available Block RAM
  limit of the device. The default value is -1.

  Note: A value of 0 directs Vivado synthesis to not infer Block RAMs in the
  design, but is not a recommended value.

  -max_uram <arg> - (Optional) Specify the maximum number of Ultra RAM blocks
  (URAM) to add to the design during synthesis. Specify a value >= 1, which
  should not exceed the available URAM count on the target device. If a value
  of -1 is used, the Vivado synthesis tool will not exceed the available URAM
  block limit of the device. The default value is -1.

  Note: A value of 0 directs Vivado synthesis to not infer URAM in the
  design, but is not a recommended value.

  -max_dsp <arg> - (Optional) Specify the maximum number of DSPs to add to
  the design during synthesis. Specify a value >= 1, which should not exceed
  the available DSP count on the target device. If a value of -1 is used, the
  Vivado synthesis tool will not exceed the available limit of the device.
  The default value is -1.

  Note: A value of 0 directs Vivado synthesis to not infer DSPs in the
  design, but is not a recommended value.

  -max_bram_cascade_height <arg> - (Optional) Controls the maximum number of
  Block RAM that can be cascaded by the tool. A value of -1 lets Vivado
  synthesis choose up to the maximum number allowed for the target part. The
  default value is -1.

  -max_uram_cascade_height <arg> - (Optional) Controls the maximum number of
  URAM that can be cascaded by the tool. A value of -1 lets Vivado synthesis
  choose up to the maximum number allowed for the target part. The default
  value is -1.

  -retiming - (Optional) For non-Versal devices who do not have retiming
  turned On by default. Seeks to improve circuit performance for intra-clock
  sequential paths by automatically moving registers (register balancing)
  across combinatorial gates or LUTs. It maintains the original behavior and
  latency of the circuit and does not require changes to the RTL sources.

  Note: If both -retiming and -no_retiming are set, retiming will not occur.

  -no_retiming - (Optional). This is for Versal devices where retiming is On
  by default. Turns off the retiming feature.

  Note: If both -retiming and -no_retiming are set, retiming will not occur.

  -no_srlextract - (Optional) Prevents the extraction of shift registers so
  that they get implemented as simple registers.

  -assert - (Optional) Enable VHDL assert statements to be evaluated. A
  severity level of failure stops the synthesis flow and produce an error.

  -no_timing_driven - (Optional) Disables the default timing driven synthesis
  algorithm. This results in a reduced synthesis runtime, but ignores the
  effect of timing on synthesis.

  -debug_log - (Optional) Prints an extended log file that is useful for
  debugging. Will have extra information about logic that was trimmed along
  with sections on the sizes of the RTL partitions and RTL Components. In
  addition, there will be more INFO/WARNING messages that are often ignored.

  -quiet - (Optional) Execute the command quietly, returning no messages from
  the command. The command also returns TCL_OK regardless of any errors
  encountered during execution.

  Note: Any errors encountered on the command-line, while launching the
  command, will be returned. Only errors occurring inside the command will be
  trapped.

  -verbose - (Optional) Temporarily override any message limits and return
  all messages from this command.

  Note: Message limits can be defined with the set_msg_config command.

Examples:

  The following example uses the set_property command to define the target
  part for the active project, then elaborates the source files and opens an
  RTL design:

    set_property part xc7vx485tffg1158-1 [current_project]
    synth_design -rtl -name rtl_1

  Note: The default source set, constraint set, and part will be used in this
  example.

  The following example uses the find_top command to define the top of the
  current design for synthesis:

    synth_design -top [lindex [find_top] 0]

  Note: Since find_top returns multiple possible candidates, choosing index 0
  chooses the best top candidate for synthesis.

  The following example runs synthesis on the current design, defining the
  top module and the target part, and specifying no flattening of the
  hierarchy. The results of the synthesis run are then opened in a netlist
  design:

    synth_design -top top -part xc7k70tfbg676-2 -flatten_hierarchy none
    open_run synth_1 -name netlist_1

See Also:

   *  create_ip_run
   *  create_run
   *  current_design
   *  current_project
   *  find_top
   *  open_run
   *  opt_design
   *  set_property
set_property -name {STEPS.SYNTH_DESIGN.ARGS.MORE OPTIONS} -value {-max_loop_limit 100000} -objects [get_runs synth_1]
reset_run synth_1
launch_runs impl_1 -jobs 10
[Thu May 15 13:43:15 2025] Launched synth_1...
Run output will be captured here: F:/Miki/JHU/research/Accelerator_2025/vit_accel/vit_accel.runs/synth_1/runme.log
[Thu May 15 13:43:15 2025] Launched impl_1...
Run output will be captured here: F:/Miki/JHU/research/Accelerator_2025/vit_accel/vit_accel.runs/impl_1/runme.log
set_param max_loop_limit
ERROR: [Common 17-163] Missing value for option 'value', please type 'set_param -help' for usage info.
get_param max_loop_limit
ERROR: [Common 17-153] Param 'max_loop_limit' does not exist
set param max_loop_limit 100000
wrong # args: should be "set varName ?newValue?"
set param max_loop_limit ?100000?
wrong # args: should be "set varName ?newValue?"
set param max_loop_limit 100000
wrong # args: should be "set varName ?newValue?"
set_param max_loop_limit 10000
ERROR: [Common 17-153] Param 'max_loop_limit' does not exist
params
invalid command name "params"
get_param
ERROR: [Common 17-163] Missing value for option 'name', please type 'get_param -help' for usage info.
get_param -help
get_param

Description: 
Get a parameter value

Syntax: 
get_param  [-quiet] [-verbose] <name>

Returns: 
parameter value

Usage: 
  Name        Description
  -----------------------
  [-quiet]    Ignore command errors
  [-verbose]  Suspend message limits during command execution
  <name>      Parameter name

Categories: 
PropertyAndParameter

Description:

  This command gets the currently defined value for a specified tool
  parameter. These parameters are user-definable configuration settings that
  control various behaviors within the tool. Refer to report_param for a
  description of what each parameter configures or controls.

Arguments:

  <name> - (Required) The name of the parameter to get the value of. The list
  of user-definable parameters can be obtained with list_param. This command
  requires the full name of the desired parameter. It does not perform any
  pattern matching, and accepts only one parameter at a time.

  -quiet - (Optional) Execute the command quietly, returning no messages from
  the command. The command also returns TCL_OK regardless of any errors
  encountered during execution.

  Note: Any errors encountered on the command-line, while launching the
  command, will be returned. Only errors occurring inside the command will be
  trapped.

  -verbose - (Optional) Temporarily override any message limits and return
  all messages from this command.

  Note: Message limits can be defined with the set_msg_config command.

Examples:

  The following example returns the current value of the MaxThreads parameter
  used for multi-threaded processes:

    get_param general.MaxThreads 
    

See Also:

   *  list_param
   *  report_param
   *  reset_param
   *  set_param
list_param
tcl.collectionResultDisplayLimit tcl.statsThreshold hd.enableIDFDRC gui.enableLinter general.maxThreads clock.checkpointClockTopos hdl.skipStrVlogOptimization cips.enableQspiBaudRate ps.enableP80QspiBaudRate pswiz.EnablePLtoPSInterrupts labtools.enable_cs_server synth.maxThreads hd.enableIDFPR_PRVERIFY synth.useCluster xicom.disable_pdi_program_check synth.maxClusterJobsRunCount runs.enableParallelReportGen
get_param synth.elaboration.rodinMoreOptions
get_param synth.elaboration.rodinMoreOptions.max_loop_limit
ERROR: [Common 17-153] Param 'synth.elaboration.rodinMoreOptions.max_loop_limit' does not exist
set_param synth.elaboration.rodinMoreOptions "rt::set_parameter max_loop_limit 100000"
rt::set_parameter max_loop_limit 100000
set_property {STEPS.SYNTH_DESIGN.ARGS.MORE OPTIONS} {set_parameter max_loop_limit 100000} [get_runs synth_1]
reset_run synth_1
launch_runs impl_1 -jobs 10
[Thu May 15 13:51:43 2025] Launched synth_1...
Run output will be captured here: F:/Miki/JHU/research/Accelerator_2025/vit_accel/vit_accel.runs/synth_1/runme.log
[Thu May 15 13:51:43 2025] Launched impl_1...
Run output will be captured here: F:/Miki/JHU/research/Accelerator_2025/vit_accel/vit_accel.runs/impl_1/runme.log
set_property {STEPS.SYNTH_DESIGN.ARGS.MORE OPTIONS} {} [get_runs synth_1]
reset_run synth_1
launch_runs impl_1 -jobs 10
[Thu May 15 14:36:07 2025] Launched synth_1...
Run output will be captured here: F:/Miki/JHU/research/Accelerator_2025/vit_accel/vit_accel.runs/synth_1/runme.log
[Thu May 15 14:36:07 2025] Launched impl_1...
Run output will be captured here: F:/Miki/JHU/research/Accelerator_2025/vit_accel/vit_accel.runs/impl_1/runme.log
set_property {STEPS.SYNTH_DESIGN.ARGS.MORE OPTIONS} {set_parameter max_loop_limit 100000} [get_runs synth_1]
set_property {STEPS.SYNTH_DESIGN.ARGS.MORE OPTIONS} {rt::set_parameter max_loop_limit 100000} [get_runs synth_1]
reset_run synth_1
launch_runs synth_1 -jobs 10
[Thu May 15 14:39:45 2025] Launched synth_1...
Run output will be captured here: F:/Miki/JHU/research/Accelerator_2025/vit_accel/vit_accel.runs/synth_1/runme.log
set_property {STEPS.SYNTH_DESIGN.ARGS.MORE OPTIONS} {} [get_runs synth_1]
set_param synth.elaboration.rodinMoreOptions "rt::set_parameter max_loop_limit 9999999999999"
rt::set_parameter max_loop_limit 9999999999999
reset_run synth_1
launch_runs synth_1 -jobs 10
[Thu May 15 14:40:38 2025] Launched synth_1...
Run output will be captured here: F:/Miki/JHU/research/Accelerator_2025/vit_accel/vit_accel.runs/synth_1/runme.log
WARNING: [filemgmt 56-199] Attempt to get parsing info during refresh. "On-the-fly" syntax checking information may be incorrect. [F:\Miki\JHU\research\Accelerator_2025\vit_accel\vit_accel.srcs\sources_1\new\top.v:]
WARNING: [filemgmt 56-199] Attempt to get parsing info during refresh. "On-the-fly" syntax checking information may be incorrect. [F:\Miki\JHU\research\Accelerator_2025\vit_accel\vit_accel.srcs\sources_1\new\qkv_block.v:]
WARNING: [filemgmt 56-199] Attempt to get parsing info during refresh. "On-the-fly" syntax checking information may be incorrect. [F:\Miki\JHU\research\Accelerator_2025\vit_accel\vit_accel.srcs\sources_1\new\qkv_block.v:]
WARNING: [filemgmt 56-199] Attempt to get parsing info during refresh. "On-the-fly" syntax checking information may be incorrect. [F:\Miki\JHU\research\Accelerator_2025\vit_accel\vit_accel.srcs\sources_1\new\qkv_block.v:]
ERROR: [Common 17-180] Spawn failed: No error
reset_run synth_1
launch_runs impl_1 -jobs 10
[Thu May 15 14:42:56 2025] Launched synth_1...
Run output will be captured here: F:/Miki/JHU/research/Accelerator_2025/vit_accel/vit_accel.runs/synth_1/runme.log
[Thu May 15 14:42:56 2025] Launched impl_1...
Run output will be captured here: F:/Miki/JHU/research/Accelerator_2025/vit_accel/vit_accel.runs/impl_1/runme.log
launch_runs: Time (s): cpu = 00:00:01 ; elapsed = 00:00:05 . Memory (MB): peak = 4875.422 ; gain = 0.000
WARNING: [filemgmt 56-199] Attempt to get parsing info during refresh. "On-the-fly" syntax checking information may be incorrect. [F:\Miki\JHU\research\Accelerator_2025\vit_accel\vit_accel.srcs\sources_1\new\top.v:]
WARNING: [filemgmt 56-199] Attempt to get parsing info during refresh. "On-the-fly" syntax checking information may be incorrect. [F:\Miki\JHU\research\Accelerator_2025\vit_accel\vit_accel.srcs\sources_1\new\qkv_block.v:]
WARNING: [filemgmt 56-199] Attempt to get parsing info during refresh. "On-the-fly" syntax checking information may be incorrect. [F:\Miki\JHU\research\Accelerator_2025\vit_accel\vit_accel.srcs\sim_2\new\top_tb.v:]
WARNING: [filemgmt 56-199] Attempt to get parsing info during refresh. "On-the-fly" syntax checking information may be incorrect. [F:\Miki\JHU\research\Accelerator_2025\vit_accel\vit_accel.srcs\sources_1\new\qkv_block.v:]
WARNING: [filemgmt 56-199] Attempt to get parsing info during refresh. "On-the-fly" syntax checking information may be incorrect. [F:\Miki\JHU\research\Accelerator_2025\vit_accel\vit_accel.srcs\sources_1\new\qkv_block.v:]
WARNING: [filemgmt 56-199] Attempt to get parsing info during refresh. "On-the-fly" syntax checking information may be incorrect. [F:\Miki\JHU\research\Accelerator_2025\vit_accel\vit_accel.srcs\sources_1\new\top.v:]
WARNING: [filemgmt 56-199] Attempt to get parsing info during refresh. "On-the-fly" syntax checking information may be incorrect. [F:\Miki\JHU\research\Accelerator_2025\vit_accel\vit_accel.srcs\sources_1\new\qkv_block.v:]
WARNING: [filemgmt 56-199] Attempt to get parsing info during refresh. "On-the-fly" syntax checking information may be incorrect. [F:\Miki\JHU\research\Accelerator_2025\vit_accel\vit_accel.srcs\sim_2\new\top_tb.v:]
WARNING: [filemgmt 56-199] Attempt to get parsing info during refresh. "On-the-fly" syntax checking information may be incorrect. [F:\Miki\JHU\research\Accelerator_2025\vit_accel\vit_accel.srcs\sources_1\new\top.v:]
WARNING: [filemgmt 56-199] Attempt to get parsing info during refresh. "On-the-fly" syntax checking information may be incorrect. [F:\Miki\JHU\research\Accelerator_2025\vit_accel\vit_accel.srcs\sources_1\new\top.v:]
reset_run synth_1
WARNING: [Vivado 12-1017] Problems encountered:
1. Failed to delete one or more files in run directory F:/Miki/JHU/research/Accelerator_2025/vit_accel/vit_accel.runs/synth_1

set_property STEPS.SYNTH_DESIGN.ARGS.FLATTEN_HIERARCHY full [get_runs synth_1]
WARNING: [filemgmt 56-199] Attempt to get parsing info during refresh. "On-the-fly" syntax checking information may be incorrect. [F:\Miki\JHU\research\Accelerator_2025\vit_accel\vit_accel.srcs\sources_1\new\top.v:]
WARNING: [filemgmt 56-199] Attempt to get parsing info during refresh. "On-the-fly" syntax checking information may be incorrect. [F:\Miki\JHU\research\Accelerator_2025\vit_accel\vit_accel.srcs\sources_1\new\qkv_block.v:]
WARNING: [filemgmt 56-199] Attempt to get parsing info during refresh. "On-the-fly" syntax checking information may be incorrect. [F:\Miki\JHU\research\Accelerator_2025\vit_accel\vit_accel.srcs\sim_2\new\top_tb.v:]
WARNING: [filemgmt 56-199] Attempt to get parsing info during refresh. "On-the-fly" syntax checking information may be incorrect. [F:\Miki\JHU\research\Accelerator_2025\vit_accel\vit_accel.srcs\sim_2\new\top_tb.v:]
WARNING: [filemgmt 56-199] Attempt to get parsing info during refresh. "On-the-fly" syntax checking information may be incorrect. [F:\Miki\JHU\research\Accelerator_2025\vit_accel\vit_accel.srcs\sim_2\new\top_tb.v:]
launch_runs impl_1 -jobs 10
[Thu May 15 14:56:33 2025] Launched synth_1...
Run output will be captured here: F:/Miki/JHU/research/Accelerator_2025/vit_accel/vit_accel.runs/synth_1/runme.log
[Thu May 15 14:56:33 2025] Launched impl_1...
Run output will be captured here: F:/Miki/JHU/research/Accelerator_2025/vit_accel/vit_accel.runs/impl_1/runme.log
reset_run synth_1
WARNING: [filemgmt 56-199] Attempt to get parsing info during refresh. "On-the-fly" syntax checking information may be incorrect. [F:\Miki\JHU\research\Accelerator_2025\vit_accel\vit_accel.srcs\sources_1\new\top.v:]
WARNING: [filemgmt 56-199] Attempt to get parsing info during refresh. "On-the-fly" syntax checking information may be incorrect. [F:\Miki\JHU\research\Accelerator_2025\vit_accel\vit_accel.srcs\sources_1\new\qkv_block.v:]
WARNING: [filemgmt 56-199] Attempt to get parsing info during refresh. "On-the-fly" syntax checking information may be incorrect. [F:\Miki\JHU\research\Accelerator_2025\vit_accel\vit_accel.srcs\sim_2\new\top_tb.v:]
WARNING: [filemgmt 56-199] Attempt to get parsing info during refresh. "On-the-fly" syntax checking information may be incorrect. [F:\Miki\JHU\research\Accelerator_2025\vit_accel\vit_accel.srcs\sources_1\new\top.v:]
WARNING: [filemgmt 56-199] Attempt to get parsing info during refresh. "On-the-fly" syntax checking information may be incorrect. [F:\Miki\JHU\research\Accelerator_2025\vit_accel\vit_accel.srcs\sources_1\new\top.v:]
WARNING: [filemgmt 56-199] Attempt to get parsing info during refresh. "On-the-fly" syntax checking information may be incorrect. [F:\Miki\JHU\research\Accelerator_2025\vit_accel\vit_accel.srcs\sources_1\new\top.v:]
WARNING: [filemgmt 56-199] Attempt to get parsing info during refresh. "On-the-fly" syntax checking information may be incorrect. [F:\Miki\JHU\research\Accelerator_2025\vit_accel\vit_accel.srcs\sources_1\new\qkv_block.v:]
WARNING: [filemgmt 56-199] Attempt to get parsing info during refresh. "On-the-fly" syntax checking information may be incorrect. [F:\Miki\JHU\research\Accelerator_2025\vit_accel\vit_accel.srcs\sim_2\new\top_tb.v:]
WARNING: [filemgmt 56-199] Attempt to get parsing info during refresh. "On-the-fly" syntax checking information may be incorrect. [F:\Miki\JHU\research\Accelerator_2025\vit_accel\vit_accel.srcs\sim_2\new\top_tb.v:]
WARNING: [filemgmt 56-199] Attempt to get parsing info during refresh. "On-the-fly" syntax checking information may be incorrect. [F:\Miki\JHU\research\Accelerator_2025\vit_accel\vit_accel.srcs\sim_2\new\top_tb.v:]
WARNING: [filemgmt 56-199] Attempt to get parsing info during refresh. "On-the-fly" syntax checking information may be incorrect. [F:\Miki\JHU\research\Accelerator_2025\vit_accel\vit_accel.srcs\sources_1\new\top.v:]
WARNING: [filemgmt 56-199] Attempt to get parsing info during refresh. "On-the-fly" syntax checking information may be incorrect. [F:\Miki\JHU\research\Accelerator_2025\vit_accel\vit_accel.srcs\sources_1\new\qkv_block.v:]
WARNING: [filemgmt 56-199] Attempt to get parsing info during refresh. "On-the-fly" syntax checking information may be incorrect. [F:\Miki\JHU\research\Accelerator_2025\vit_accel\vit_accel.srcs\sim_2\new\top_tb.v:]
WARNING: [filemgmt 56-199] Attempt to get parsing info during refresh. "On-the-fly" syntax checking information may be incorrect. [F:\Miki\JHU\research\Accelerator_2025\vit_accel\vit_accel.srcs\sources_1\new\top.v:]
WARNING: [filemgmt 56-199] Attempt to get parsing info during refresh. "On-the-fly" syntax checking information may be incorrect. [F:\Miki\JHU\research\Accelerator_2025\vit_accel\vit_accel.srcs\sources_1\new\top.v:]
WARNING: [filemgmt 56-199] Attempt to get parsing info during refresh. "On-the-fly" syntax checking information may be incorrect. [F:\Miki\JHU\research\Accelerator_2025\vit_accel\vit_accel.srcs\sources_1\new\top.v:]
WARNING: [filemgmt 56-199] Attempt to get parsing info during refresh. "On-the-fly" syntax checking information may be incorrect. [F:\Miki\JHU\research\Accelerator_2025\vit_accel\vit_accel.srcs\sources_1\new\qkv_block.v:]
WARNING: [filemgmt 56-199] Attempt to get parsing info during refresh. "On-the-fly" syntax checking information may be incorrect. [F:\Miki\JHU\research\Accelerator_2025\vit_accel\vit_accel.srcs\sim_2\new\top_tb.v:]
WARNING: [filemgmt 56-199] Attempt to get parsing info during refresh. "On-the-fly" syntax checking information may be incorrect. [F:\Miki\JHU\research\Accelerator_2025\vit_accel\vit_accel.srcs\sim_2\new\top_tb.v:]
WARNING: [filemgmt 56-199] Attempt to get parsing info during refresh. "On-the-fly" syntax checking information may be incorrect. [F:\Miki\JHU\research\Accelerator_2025\vit_accel\vit_accel.srcs\sim_2\new\top_tb.v:]
ERROR: [Common 17-180] Spawn failed: No error
launch_runs impl_1 -jobs 10
[Thu May 15 14:57:55 2025] Launched synth_1...
Run output will be captured here: F:/Miki/JHU/research/Accelerator_2025/vit_accel/vit_accel.runs/synth_1/runme.log
[Thu May 15 14:57:55 2025] Launched impl_1...
Run output will be captured here: F:/Miki/JHU/research/Accelerator_2025/vit_accel/vit_accel.runs/impl_1/runme.log
launch_runs: Time (s): cpu = 00:00:01 ; elapsed = 00:00:28 . Memory (MB): peak = 4875.422 ; gain = 0.000
WARNING: [filemgmt 56-199] Attempt to get parsing info during refresh. "On-the-fly" syntax checking information may be incorrect. [F:\Miki\JHU\research\Accelerator_2025\vit_accel\vit_accel.srcs\sources_1\new\top.v:]
WARNING: [filemgmt 56-199] Attempt to get parsing info during refresh. "On-the-fly" syntax checking information may be incorrect. [F:\Miki\JHU\research\Accelerator_2025\vit_accel\vit_accel.srcs\sources_1\new\qkv_block.v:]
WARNING: [filemgmt 56-199] Attempt to get parsing info during refresh. "On-the-fly" syntax checking information may be incorrect. [F:\Miki\JHU\research\Accelerator_2025\vit_accel\vit_accel.srcs\sim_2\new\top_tb.v:]
WARNING: [filemgmt 56-199] Attempt to get parsing info during refresh. "On-the-fly" syntax checking information may be incorrect. [F:\Miki\JHU\research\Accelerator_2025\vit_accel\vit_accel.srcs\sources_1\new\qkv_block.v:]
WARNING: [filemgmt 56-199] Attempt to get parsing info during refresh. "On-the-fly" syntax checking information may be incorrect. [F:\Miki\JHU\research\Accelerator_2025\vit_accel\vit_accel.srcs\sources_1\new\qkv_block.v:]
WARNING: [filemgmt 56-199] Attempt to get parsing info during refresh. "On-the-fly" syntax checking information may be incorrect. [F:\Miki\JHU\research\Accelerator_2025\vit_accel\vit_accel.srcs\sources_1\new\top.v:]
WARNING: [filemgmt 56-199] Attempt to get parsing info during refresh. "On-the-fly" syntax checking information may be incorrect. [F:\Miki\JHU\research\Accelerator_2025\vit_accel\vit_accel.srcs\sources_1\new\qkv_block.v:]
WARNING: [filemgmt 56-199] Attempt to get parsing info during refresh. "On-the-fly" syntax checking information may be incorrect. [F:\Miki\JHU\research\Accelerator_2025\vit_accel\vit_accel.srcs\sim_2\new\top_tb.v:]
WARNING: [filemgmt 56-199] Attempt to get parsing info during refresh. "On-the-fly" syntax checking information may be incorrect. [F:\Miki\JHU\research\Accelerator_2025\vit_accel\vit_accel.srcs\sim_2\new\top_tb.v:]
WARNING: [filemgmt 56-199] Attempt to get parsing info during refresh. "On-the-fly" syntax checking information may be incorrect. [F:\Miki\JHU\research\Accelerator_2025\vit_accel\vit_accel.srcs\sim_2\new\top_tb.v:]
WARNING: [filemgmt 56-199] Attempt to get parsing info during refresh. "On-the-fly" syntax checking information may be incorrect. [F:\Miki\JHU\research\Accelerator_2025\vit_accel\vit_accel.srcs\sources_1\new\top.v:]
WARNING: [filemgmt 56-199] Attempt to get parsing info during refresh. "On-the-fly" syntax checking information may be incorrect. [F:\Miki\JHU\research\Accelerator_2025\vit_accel\vit_accel.srcs\sources_1\new\qkv_block.v:]
WARNING: [filemgmt 56-199] Attempt to get parsing info during refresh. "On-the-fly" syntax checking information may be incorrect. [F:\Miki\JHU\research\Accelerator_2025\vit_accel\vit_accel.srcs\sources_1\new\pe_array_v3.v:]
WARNING: [filemgmt 56-199] Attempt to get parsing info during refresh. "On-the-fly" syntax checking information may be incorrect. [F:\Miki\JHU\research\Accelerator_2025\vit_accel\vit_accel.srcs\sim_2\new\top_tb.v:]
WARNING: [filemgmt 56-199] Attempt to get parsing info during refresh. "On-the-fly" syntax checking information may be incorrect. [F:\Miki\JHU\research\Accelerator_2025\vit_accel\vit_accel.srcs\sources_1\new\top.v:]
WARNING: [filemgmt 56-199] Attempt to get parsing info during refresh. "On-the-fly" syntax checking information may be incorrect. [F:\Miki\JHU\research\Accelerator_2025\vit_accel\vit_accel.srcs\sources_1\new\top.v:]
WARNING: [filemgmt 56-199] Attempt to get parsing info during refresh. "On-the-fly" syntax checking information may be incorrect. [F:\Miki\JHU\research\Accelerator_2025\vit_accel\vit_accel.srcs\sources_1\new\top.v:]
WARNING: [filemgmt 56-199] Attempt to get parsing info during refresh. "On-the-fly" syntax checking information may be incorrect. [F:\Miki\JHU\research\Accelerator_2025\vit_accel\vit_accel.srcs\sources_1\new\qkv_block.v:]
WARNING: [filemgmt 56-199] Attempt to get parsing info during refresh. "On-the-fly" syntax checking information may be incorrect. [F:\Miki\JHU\research\Accelerator_2025\vit_accel\vit_accel.srcs\sources_1\new\pe_array_v3.v:]
WARNING: [filemgmt 56-199] Attempt to get parsing info during refresh. "On-the-fly" syntax checking information may be incorrect. [F:\Miki\JHU\research\Accelerator_2025\vit_accel\vit_accel.srcs\sim_2\new\top_tb.v:]
WARNING: [filemgmt 56-199] Attempt to get parsing info during refresh. "On-the-fly" syntax checking information may be incorrect. [F:\Miki\JHU\research\Accelerator_2025\vit_accel\vit_accel.srcs\sources_1\new\pe_array_v3.v:]
WARNING: [filemgmt 56-199] Attempt to get parsing info during refresh. "On-the-fly" syntax checking information may be incorrect. [F:\Miki\JHU\research\Accelerator_2025\vit_accel\vit_accel.srcs\sources_1\new\pe_array_v3.v:]
ERROR: [Common 17-180] Spawn failed: No error
ERROR: [Common 17-180] Spawn failed: No error
WARNING: [filemgmt 56-199] Attempt to get parsing info during refresh. "On-the-fly" syntax checking information may be incorrect. [F:\Miki\JHU\research\Accelerator_2025\vit_accel\vit_accel.srcs\sources_1\new\top.v:]
WARNING: [filemgmt 56-199] Attempt to get parsing info during refresh. "On-the-fly" syntax checking information may be incorrect. [F:\Miki\JHU\research\Accelerator_2025\vit_accel\vit_accel.srcs\sources_1\new\qkv_block.v:]
WARNING: [filemgmt 56-199] Attempt to get parsing info during refresh. "On-the-fly" syntax checking information may be incorrect. [F:\Miki\JHU\research\Accelerator_2025\vit_accel\vit_accel.srcs\sources_1\new\pe_array_v3.v:]
WARNING: [filemgmt 56-199] Attempt to get parsing info during refresh. "On-the-fly" syntax checking information may be incorrect. [F:\Miki\JHU\research\Accelerator_2025\vit_accel\vit_accel.srcs\sim_2\new\top_tb.v:]
WARNING: [filemgmt 56-199] Attempt to get parsing info during refresh. "On-the-fly" syntax checking information may be incorrect. [F:\Miki\JHU\research\Accelerator_2025\vit_accel\vit_accel.srcs\sim_2\new\top_tb.v:]
WARNING: [filemgmt 56-199] Attempt to get parsing info during refresh. "On-the-fly" syntax checking information may be incorrect. [F:\Miki\JHU\research\Accelerator_2025\vit_accel\vit_accel.srcs\sim_2\new\top_tb.v:]
WARNING: [filemgmt 56-199] Attempt to get parsing info during refresh. "On-the-fly" syntax checking information may be incorrect. [F:\Miki\JHU\research\Accelerator_2025\vit_accel\vit_accel.srcs\sources_1\new\top.v:]
WARNING: [filemgmt 56-199] Attempt to get parsing info during refresh. "On-the-fly" syntax checking information may be incorrect. [F:\Miki\JHU\research\Accelerator_2025\vit_accel\vit_accel.srcs\sources_1\new\qkv_block.v:]
WARNING: [filemgmt 56-199] Attempt to get parsing info during refresh. "On-the-fly" syntax checking information may be incorrect. [F:\Miki\JHU\research\Accelerator_2025\vit_accel\vit_accel.srcs\sources_1\new\pe_array_v3.v:]
WARNING: [filemgmt 56-199] Attempt to get parsing info during refresh. "On-the-fly" syntax checking information may be incorrect. [F:\Miki\JHU\research\Accelerator_2025\vit_accel\vit_accel.srcs\sim_2\new\top_tb.v:]
WARNING: [filemgmt 56-199] Attempt to get parsing info during refresh. "On-the-fly" syntax checking information may be incorrect. [F:\Miki\JHU\research\Accelerator_2025\vit_accel\vit_accel.srcs\sources_1\new\qkv_block.v:]
WARNING: [filemgmt 56-199] Attempt to get parsing info during refresh. "On-the-fly" syntax checking information may be incorrect. [F:\Miki\JHU\research\Accelerator_2025\vit_accel\vit_accel.srcs\sources_1\new\qkv_block.v:]
WARNING: [filemgmt 56-199] Attempt to get parsing info during refresh. "On-the-fly" syntax checking information may be incorrect. [F:\Miki\JHU\research\Accelerator_2025\vit_accel\vit_accel.srcs\sources_1\new\top.v:]
WARNING: [filemgmt 56-199] Attempt to get parsing info during refresh. "On-the-fly" syntax checking information may be incorrect. [F:\Miki\JHU\research\Accelerator_2025\vit_accel\vit_accel.srcs\sources_1\new\qkv_block.v:]
WARNING: [filemgmt 56-199] Attempt to get parsing info during refresh. "On-the-fly" syntax checking information may be incorrect. [F:\Miki\JHU\research\Accelerator_2025\vit_accel\vit_accel.srcs\sources_1\new\pe_array_v3.v:]
WARNING: [filemgmt 56-199] Attempt to get parsing info during refresh. "On-the-fly" syntax checking information may be incorrect. [F:\Miki\JHU\research\Accelerator_2025\vit_accel\vit_accel.srcs\sim_2\new\top_tb.v:]
WARNING: [filemgmt 56-199] Attempt to get parsing info during refresh. "On-the-fly" syntax checking information may be incorrect. [F:\Miki\JHU\research\Accelerator_2025\vit_accel\vit_accel.srcs\sim_2\new\top_tb.v:]
WARNING: [filemgmt 56-199] Attempt to get parsing info during refresh. "On-the-fly" syntax checking information may be incorrect. [F:\Miki\JHU\research\Accelerator_2025\vit_accel\vit_accel.srcs\sim_2\new\top_tb.v:]
WARNING: [filemgmt 56-199] Attempt to get parsing info during refresh. "On-the-fly" syntax checking information may be incorrect. [F:\Miki\JHU\research\Accelerator_2025\vit_accel\vit_accel.srcs\sources_1\new\top.v:]
WARNING: [filemgmt 56-199] Attempt to get parsing info during refresh. "On-the-fly" syntax checking information may be incorrect. [F:\Miki\JHU\research\Accelerator_2025\vit_accel\vit_accel.srcs\sources_1\new\qkv_block.v:]
WARNING: [filemgmt 56-199] Attempt to get parsing info during refresh. "On-the-fly" syntax checking information may be incorrect. [F:\Miki\JHU\research\Accelerator_2025\vit_accel\vit_accel.srcs\sources_1\new\pe_array_v3.v:]
WARNING: [filemgmt 56-199] Attempt to get parsing info during refresh. "On-the-fly" syntax checking information may be incorrect. [F:\Miki\JHU\research\Accelerator_2025\vit_accel\vit_accel.srcs\sim_2\new\top_tb.v:]
WARNING: [filemgmt 56-199] Attempt to get parsing info during refresh. "On-the-fly" syntax checking information may be incorrect. [F:\Miki\JHU\research\Accelerator_2025\vit_accel\vit_accel.srcs\sources_1\new\top.v:]
WARNING: [filemgmt 56-199] Attempt to get parsing info during refresh. "On-the-fly" syntax checking information may be incorrect. [F:\Miki\JHU\research\Accelerator_2025\vit_accel\vit_accel.srcs\sources_1\new\top.v:]
ERROR: [Common 17-180] Spawn failed: No error
reset_run synth_1
launch_runs impl_1 -jobs 10
[Thu May 15 15:10:30 2025] Launched synth_1...
Run output will be captured here: F:/Miki/JHU/research/Accelerator_2025/vit_accel/vit_accel.runs/synth_1/runme.log
[Thu May 15 15:10:30 2025] Launched impl_1...
Run output will be captured here: F:/Miki/JHU/research/Accelerator_2025/vit_accel/vit_accel.runs/impl_1/runme.log
WARNING: [filemgmt 56-199] Attempt to get parsing info during refresh. "On-the-fly" syntax checking information may be incorrect. [F:\Miki\JHU\research\Accelerator_2025\vit_accel\vit_accel.srcs\sources_1\new\top.v:]
WARNING: [filemgmt 56-199] Attempt to get parsing info during refresh. "On-the-fly" syntax checking information may be incorrect. [F:\Miki\JHU\research\Accelerator_2025\vit_accel\vit_accel.srcs\sources_1\new\qkv_block.v:]
WARNING: [filemgmt 56-199] Attempt to get parsing info during refresh. "On-the-fly" syntax checking information may be incorrect. [F:\Miki\JHU\research\Accelerator_2025\vit_accel\vit_accel.srcs\sources_1\new\pe_array_v3.v:]
WARNING: [filemgmt 56-199] Attempt to get parsing info during refresh. "On-the-fly" syntax checking information may be incorrect. [F:\Miki\JHU\research\Accelerator_2025\vit_accel\vit_accel.srcs\sim_2\new\top_tb.v:]
WARNING: [filemgmt 56-199] Attempt to get parsing info during refresh. "On-the-fly" syntax checking information may be incorrect. [F:\Miki\JHU\research\Accelerator_2025\vit_accel\vit_accel.srcs\sources_1\new\top.v:]
WARNING: [filemgmt 56-199] Attempt to get parsing info during refresh. "On-the-fly" syntax checking information may be incorrect. [F:\Miki\JHU\research\Accelerator_2025\vit_accel\vit_accel.srcs\sources_1\new\top.v:]
WARNING: [filemgmt 56-199] Attempt to get parsing info during refresh. "On-the-fly" syntax checking information may be incorrect. [F:\Miki\JHU\research\Accelerator_2025\vit_accel\vit_accel.srcs\sources_1\new\top.v:]
WARNING: [filemgmt 56-199] Attempt to get parsing info during refresh. "On-the-fly" syntax checking information may be incorrect. [F:\Miki\JHU\research\Accelerator_2025\vit_accel\vit_accel.srcs\sources_1\new\qkv_block.v:]
WARNING: [filemgmt 56-199] Attempt to get parsing info during refresh. "On-the-fly" syntax checking information may be incorrect. [F:\Miki\JHU\research\Accelerator_2025\vit_accel\vit_accel.srcs\sources_1\new\pe_array_v3.v:]
WARNING: [filemgmt 56-199] Attempt to get parsing info during refresh. "On-the-fly" syntax checking information may be incorrect. [F:\Miki\JHU\research\Accelerator_2025\vit_accel\vit_accel.srcs\sim_2\new\top_tb.v:]
WARNING: [filemgmt 56-199] Attempt to get parsing info during refresh. "On-the-fly" syntax checking information may be incorrect. [F:\Miki\JHU\research\Accelerator_2025\vit_accel\vit_accel.srcs\sources_1\new\qkv_block.v:]
WARNING: [filemgmt 56-199] Attempt to get parsing info during refresh. "On-the-fly" syntax checking information may be incorrect. [F:\Miki\JHU\research\Accelerator_2025\vit_accel\vit_accel.srcs\sources_1\new\qkv_block.v:]
WARNING: [filemgmt 56-199] Attempt to get parsing info during refresh. "On-the-fly" syntax checking information may be incorrect. [F:\Miki\JHU\research\Accelerator_2025\vit_accel\vit_accel.srcs\sources_1\new\top.v:]
WARNING: [filemgmt 56-199] Attempt to get parsing info during refresh. "On-the-fly" syntax checking information may be incorrect. [F:\Miki\JHU\research\Accelerator_2025\vit_accel\vit_accel.srcs\sources_1\new\qkv_block.v:]
WARNING: [filemgmt 56-199] Attempt to get parsing info during refresh. "On-the-fly" syntax checking information may be incorrect. [F:\Miki\JHU\research\Accelerator_2025\vit_accel\vit_accel.srcs\sources_1\new\pe_array_v3.v:]
WARNING: [filemgmt 56-199] Attempt to get parsing info during refresh. "On-the-fly" syntax checking information may be incorrect. [F:\Miki\JHU\research\Accelerator_2025\vit_accel\vit_accel.srcs\sim_2\new\top_tb.v:]
WARNING: [filemgmt 56-199] Attempt to get parsing info during refresh. "On-the-fly" syntax checking information may be incorrect. [F:\Miki\JHU\research\Accelerator_2025\vit_accel\vit_accel.srcs\sim_2\new\top_tb.v:]
WARNING: [filemgmt 56-199] Attempt to get parsing info during refresh. "On-the-fly" syntax checking information may be incorrect. [F:\Miki\JHU\research\Accelerator_2025\vit_accel\vit_accel.srcs\sim_2\new\top_tb.v:]
reset_run synth_1
WARNING: [Vivado 12-1017] Problems encountered:
1. Failed to delete one or more files in run directory F:/Miki/JHU/research/Accelerator_2025/vit_accel/vit_accel.runs/synth_1

launch_runs impl_1 -jobs 10
[Thu May 15 18:47:16 2025] Launched synth_1...
Run output will be captured here: F:/Miki/JHU/research/Accelerator_2025/vit_accel/vit_accel.runs/synth_1/runme.log
[Thu May 15 18:47:16 2025] Launched impl_1...
Run output will be captured here: F:/Miki/JHU/research/Accelerator_2025/vit_accel/vit_accel.runs/impl_1/runme.log
reset_run synth_1
exit
INFO: [Common 17-206] Exiting Vivado at Thu May 15 20:57:04 2025...
