#-----------------------------------------------------------
# Vivado v2021.1 (64-bit)
# SW Build 3247384 on Thu Jun 10 19:36:33 MDT 2021
# IP Build 3246043 on Fri Jun 11 00:30:35 MDT 2021
# Start of session at: Mon Jun 24 10:11:13 2024
# Process ID: 27600
# Current directory: C:/work/research/Accelerator/VIT/vit_accel
# Command line: vivado.exe -gui_launcher_event rodinguilauncherevent40124 C:\work\research\Accelerator\VIT\vit_accel\vit_accel.xpr
# Log file: C:/work/research/Accelerator/VIT/vit_accel/vivado.log
# Journal file: C:/work/research/Accelerator/VIT/vit_accel\vivado.jou
#-----------------------------------------------------------
start_gui
open_project C:/work/research/Accelerator/VIT/vit_accel/vit_accel.xpr
WARNING: [filemgmt 56-3] Default IP Output Path : Could not find the directory 'C:/work/research/Accelerator/VIT/vit_accel/vit_accel.gen/sources_1'.
Scanning sources...
Finished scanning sources
INFO: [IP_Flow 19-234] Refreshing IP repositories
INFO: [IP_Flow 19-1704] No user IP repositories specified
INFO: [IP_Flow 19-2313] Loaded Vivado IP repository 'C:/Xilinx/Vivado/2021.1/data/ip'.
open_project: Time (s): cpu = 00:00:03 ; elapsed = 00:00:06 . Memory (MB): peak = 1124.141 ; gain = 0.000
update_compile_order -fileset sources_1
launch_simulation
Command: launch_simulation 
INFO: [Vivado 12-12493] Simulation top is 'pe_array_v2_tb'
INFO: [Vivado 12-5682] Launching behavioral simulation in 'C:/work/research/Accelerator/VIT/vit_accel/vit_accel.sim/sim_1/behav/xsim'
INFO: [SIM-utils-51] Simulation object is 'sim_1'
INFO: [SIM-utils-72] Using boost library from 'C:/Xilinx/Vivado/2021.1/tps/boost_1_72_0'
INFO: [SIM-utils-54] Inspecting design source files for 'pe_array_v2_tb' in fileset 'sim_1'...
INFO: [USF-XSim-97] Finding global include files...
INFO: [USF-XSim-98] Fetching design files from 'sim_1'...
INFO: [USF-XSim-2] XSim::Compile design
INFO: [USF-XSim-61] Executing 'COMPILE and ANALYZE' step in 'C:/work/research/Accelerator/VIT/vit_accel/vit_accel.sim/sim_1/behav/xsim'
"xvlog --incr --relax -prj pe_array_v2_tb_vlog.prj"
INFO: [VRFC 10-2263] Analyzing Verilog file "C:/work/research/Accelerator/VIT/vit_accel/vit_accel.srcs/sources_1/new/adder.v" into library xil_defaultlib
INFO: [VRFC 10-311] analyzing module adder
INFO: [VRFC 10-2263] Analyzing Verilog file "C:/work/research/Accelerator/VIT/vit_accel/vit_accel.srcs/sources_1/new/adder_col.v" into library xil_defaultlib
INFO: [VRFC 10-311] analyzing module adder_col
INFO: [VRFC 10-2263] Analyzing Verilog file "C:/work/research/Accelerator/VIT/vit_accel/vit_accel.srcs/sources_1/new/mac.v" into library xil_defaultlib
INFO: [VRFC 10-311] analyzing module mac
INFO: [VRFC 10-2263] Analyzing Verilog file "C:/work/research/Accelerator/VIT/vit_accel/vit_accel.srcs/sources_1/new/noc_v2.v" into library xil_defaultlib
INFO: [VRFC 10-311] analyzing module noc_v2
INFO: [VRFC 10-2263] Analyzing Verilog file "C:/work/research/Accelerator/VIT/vit_accel/vit_accel.srcs/sources_1/new/pe_array_v2.v" into library xil_defaultlib
INFO: [VRFC 10-311] analyzing module pe_array_v2
INFO: [VRFC 10-2263] Analyzing Verilog file "C:/work/research/Accelerator/VIT/vit_accel/vit_accel.srcs/sources_1/new/pe_row.v" into library xil_defaultlib
INFO: [VRFC 10-311] analyzing module pe_row
INFO: [VRFC 10-2263] Analyzing Verilog file "C:/work/research/Accelerator/VIT/vit_accel/vit_accel.srcs/sources_1/new/processing_element.v" into library xil_defaultlib
INFO: [VRFC 10-311] analyzing module processing_element
INFO: [VRFC 10-2263] Analyzing Verilog file "C:/work/research/Accelerator/VIT/vit_accel/vit_accel.srcs/sim_1/new/pe_array_v2_tb.v" into library xil_defaultlib
INFO: [VRFC 10-311] analyzing module pe_array_v2_tb
INFO: [USF-XSim-69] 'compile' step finished in '2' seconds
INFO: [USF-XSim-3] XSim::Elaborate design
INFO: [USF-XSim-61] Executing 'ELABORATE' step in 'C:/work/research/Accelerator/VIT/vit_accel/vit_accel.sim/sim_1/behav/xsim'
"xelab -wto 7000d88192f345deb2b16fdfd7d05921 --incr --debug typical --relax --mt 2 -L xil_defaultlib -L unisims_ver -L unimacro_ver -L secureip --snapshot pe_array_v2_tb_behav xil_defaultlib.pe_array_v2_tb xil_defaultlib.glbl -log elaborate.log"
Vivado Simulator v2021.1
Copyright 1986-1999, 2001-2021 Xilinx, Inc. All Rights Reserved.
Running: C:/Xilinx/Vivado/2021.1/bin/unwrapped/win64.o/xelab.exe -wto 7000d88192f345deb2b16fdfd7d05921 --incr --debug typical --relax --mt 2 -L xil_defaultlib -L unisims_ver -L unimacro_ver -L secureip --snapshot pe_array_v2_tb_behav xil_defaultlib.pe_array_v2_tb xil_defaultlib.glbl -log elaborate.log 
Using 2 slave threads.
Starting static elaboration
Pass Through NonSizing Optimizer
Completed static elaboration
Starting simulation data flow analysis
Completed simulation data flow analysis
Time Resolution for simulation is 1ps
Compiling module xil_defaultlib.mac
Compiling module xil_defaultlib.processing_element_default
Compiling module xil_defaultlib.pe_row(NUM_PEs_PER_ROW=5)
Compiling module xil_defaultlib.adder
Compiling module xil_defaultlib.adder_col_default
Compiling module xil_defaultlib.noc_v2(NUM_PEs_PER_ROW=5)
Compiling module xil_defaultlib.pe_array_v2_default
Compiling module xil_defaultlib.pe_array_v2_tb
Compiling module xil_defaultlib.glbl
Built simulation snapshot pe_array_v2_tb_behav

****** Webtalk v2021.1 (64-bit)
  **** SW Build 3247384 on Thu Jun 10 19:36:33 MDT 2021
  **** IP Build 3246043 on Fri Jun 11 00:30:35 MDT 2021
    ** Copyright 1986-2021 Xilinx, Inc. All Rights Reserved.

source C:/work/research/Accelerator/VIT/vit_accel/vit_accel.sim/sim_1/behav/xsim/xsim.dir/pe_array_v2_tb_behav/webtalk/xsim_webtalk.tcl -notrace
INFO: [Common 17-206] Exiting Webtalk at Mon Jun 24 11:58:18 2024...
run_program: Time (s): cpu = 00:00:01 ; elapsed = 00:00:06 . Memory (MB): peak = 1124.141 ; gain = 0.000
INFO: [USF-XSim-69] 'elaborate' step finished in '6' seconds
INFO: [USF-XSim-4] XSim::Simulate design
INFO: [USF-XSim-61] Executing 'SIMULATE' step in 'C:/work/research/Accelerator/VIT/vit_accel/vit_accel.sim/sim_1/behav/xsim'
INFO: [USF-XSim-98] *** Running xsim
   with args "pe_array_v2_tb_behav -key {Behavioral:sim_1:Functional:pe_array_v2_tb} -tclbatch {pe_array_v2_tb.tcl} -log {simulate.log}"
INFO: [USF-XSim-8] Loading simulator feature
Time resolution is 1 ps
source pe_array_v2_tb.tcl
# set curr_wave [current_wave_config]
# if { [string length $curr_wave] == 0 } {
#   if { [llength [get_objects]] > 0} {
#     add_wave /
#     set_property needs_save false [current_wave_config]
#   } else {
#      send_msg_id Add_Wave-1 WARNING "No top level signals found. Simulator will start without a wave window. If you want to open a wave window go to 'File->New Waveform Configuration' or type 'create_wave_config' in the TCL console."
#   }
# }
# run 1000ns
$finish called at time : 310 ns : File "C:/work/research/Accelerator/VIT/vit_accel/vit_accel.srcs/sim_1/new/pe_array_v2_tb.v" Line 170
INFO: [USF-XSim-96] XSim completed. Design snapshot 'pe_array_v2_tb_behav' loaded.
INFO: [USF-XSim-97] XSim simulation ran for 1000ns
launch_simulation: Time (s): cpu = 00:00:02 ; elapsed = 00:00:11 . Memory (MB): peak = 1124.141 ; gain = 0.000
open_wave_config {C:/work/research/Accelerator/VIT/vit_accel/waveform_configs/pe_array_v2_tb_behav.wcfg}
relaunch_sim
Command: launch_simulation -simset sim_1 -mode behavioral
INFO: [Vivado 12-12493] Simulation top is 'pe_array_v2_tb'
INFO: [Vivado 12-5682] Launching behavioral simulation in 'C:/work/research/Accelerator/VIT/vit_accel/vit_accel.sim/sim_1/behav/xsim'
INFO: [SIM-utils-51] Simulation object is 'sim_1'
INFO: [SIM-utils-72] Using boost library from 'C:/Xilinx/Vivado/2021.1/tps/boost_1_72_0'
INFO: [SIM-utils-54] Inspecting design source files for 'pe_array_v2_tb' in fileset 'sim_1'...
INFO: [USF-XSim-97] Finding global include files...
INFO: [USF-XSim-98] Fetching design files from 'sim_1'...
INFO: [USF-XSim-2] XSim::Compile design
INFO: [USF-XSim-61] Executing 'COMPILE and ANALYZE' step in 'C:/work/research/Accelerator/VIT/vit_accel/vit_accel.sim/sim_1/behav/xsim'
"xvlog --incr --relax -prj pe_array_v2_tb_vlog.prj"
INFO: [USF-XSim-69] 'compile' step finished in '1' seconds
Command: launch_simulation -simset sim_1 -mode behavioral
INFO: [Vivado 12-12493] Simulation top is 'pe_array_v2_tb'
INFO: [Vivado 12-5682] Launching behavioral simulation in 'C:/work/research/Accelerator/VIT/vit_accel/vit_accel.sim/sim_1/behav/xsim'
INFO: [USF-XSim-3] XSim::Elaborate design
INFO: [USF-XSim-61] Executing 'ELABORATE' step in 'C:/work/research/Accelerator/VIT/vit_accel/vit_accel.sim/sim_1/behav/xsim'
"xelab -wto 7000d88192f345deb2b16fdfd7d05921 --incr --debug typical --relax --mt 2 -L xil_defaultlib -L unisims_ver -L unimacro_ver -L secureip --snapshot pe_array_v2_tb_behav xil_defaultlib.pe_array_v2_tb xil_defaultlib.glbl -log elaborate.log"
Vivado Simulator v2021.1
Copyright 1986-1999, 2001-2021 Xilinx, Inc. All Rights Reserved.
Running: C:/Xilinx/Vivado/2021.1/bin/unwrapped/win64.o/xelab.exe -wto 7000d88192f345deb2b16fdfd7d05921 --incr --debug typical --relax --mt 2 -L xil_defaultlib -L unisims_ver -L unimacro_ver -L secureip --snapshot pe_array_v2_tb_behav xil_defaultlib.pe_array_v2_tb xil_defaultlib.glbl -log elaborate.log 
Using 2 slave threads.
Starting static elaboration
Pass Through NonSizing Optimizer
Completed static elaboration
INFO: [XSIM 43-4323] No Change in HDL. Linking previously generated obj files to create kernel
INFO: [USF-XSim-69] 'elaborate' step finished in '2' seconds
Time resolution is 1 ps
$finish called at time : 310 ns : File "C:/work/research/Accelerator/VIT/vit_accel/vit_accel.srcs/sim_1/new/pe_array_v2_tb.v" Line 170
relaunch_sim: Time (s): cpu = 00:00:01 ; elapsed = 00:00:08 . Memory (MB): peak = 1124.141 ; gain = 0.000
close_sim
INFO: [Simtcl 6-16] Simulation closed
exit
INFO: [Common 17-206] Exiting Vivado at Mon Jun 24 13:34:27 2024...
