#-----------------------------------------------------------
# Vivado v2021.1 (64-bit)
# SW Build 3247384 on Thu Jun 10 19:36:33 MDT 2021
# IP Build 3246043 on Fri Jun 11 00:30:35 MDT 2021
# Start of session at: Wed Jul 10 12:03:50 2024
# Process ID: 3004
# Current directory: C:/work/research/Accelerator/VIT/vit_accel
# Command line: vivado.exe -gui_launcher_event rodinguilauncherevent23944 C:\work\research\Accelerator\VIT\vit_accel\vit_accel.xpr
# Log file: C:/work/research/Accelerator/VIT/vit_accel/vivado.log
# Journal file: C:/work/research/Accelerator/VIT/vit_accel\vivado.jou
#-----------------------------------------------------------
start_gui
open_project C:/work/research/Accelerator/VIT/vit_accel/vit_accel.xpr
WARNING: [filemgmt 56-3] Default IP Output Path : Could not find the directory 'C:/work/research/Accelerator/VIT/vit_accel/vit_accel.gen/sources_1'.
Scanning sources...
Finished scanning sources
INFO: [IP_Flow 19-234] Refreshing IP repositories
INFO: [IP_Flow 19-1704] No user IP repositories specified
INFO: [IP_Flow 19-2313] Loaded Vivado IP repository 'C:/Xilinx/Vivado/2021.1/data/ip'.
open_project: Time (s): cpu = 00:00:03 ; elapsed = 00:00:08 . Memory (MB): peak = 1121.715 ; gain = 0.000
update_compile_order -fileset sources_1
exit
INFO: [Common 17-206] Exiting Vivado at Wed Jul 10 19:02:22 2024...
