Command: report datapath ./reports/generic/accel.generic.datapath.rpt
Warning: '-sort' is not specified. By default, 'report datapath' orders the components based on instance name
============================================================
  Generated by:           Genus(TM) Synthesis Solution 23.13-s073_1
  Generated on:           Jun 27 2025  04:16:43 pm
  Module:                 accel
  Technology libraries:   gf22nspllogl20edl116f_SSG_0P72V_0P00V_0P00V_0P00V_125C 2022.02.17
                          gf22nspllogl20edf116f_SSG_0P72V_0P00V_0P00V_0P00V_125C 2022.01.28
                          IN22FDX_S1DV_NFVG_W00128B080M04C128_116cpp_SSG_0P720V_0P720V_0P000V_0P000V_125C 
                          IN22FDX_S1DV_NFVG_W01040B032M04C256_116cpp_SSG_0P720V_0P720V_0P000V_0P000V_125C 
                          IN22FDX_S1DV_NFVG_W09216B064M16C256_116cpp_SSG_0P720V_0P720V_0P000V_0P000V_125C 
                          physical_cells 
  Operating conditions:   SSG_0P72V_0P00V_0P00V_0P00V_125C 
  Interconnect mode:      global
  Area mode:              physical library
============================================================


Inferred components

                Operator   Signedness     Architecture       Inputs   Outputs CellArea LogicLevels Line Col   Filename   
=========================================================================================================================
accel/ff
WALLACE_CSA_DUMMY_OP_groupi module:WALLACE_CSA_DUMMY_OP_group_4319
 equation: assign out_0 = (in_0 + (in_1 * in_2));
             csa_and_adder            very_fast            16x16x15   16        689.16          37                       
                 ppgen_0  in_1 * in_2  booth/booth_encoded_port: in_2

  Related RTL operators:
  add_364_43       +       unsigned   very_fast            16x16      16                        11  364  43 ff_block.sv  
  mul_364_52       *       unsigned   very_fast/booth/boot 16x15      16                        21  364  52 ff_block.sv  
                                      h_encoded_port: B                                                                  
=========================================================================================================================
accel/ff
inc_add_490_62 module:increment_unsigned_4298_5157
               increment   unsigned   very_fast            16x1       17         35.46          16  490  62 ff_block.sv  
  add_490_62       +       unsigned   very_fast            16x1       17                         9  490  62 ff_block.sv  
=========================================================================================================================
accel/ff/pe_grid/row_block[0].pe_row_inst/pe_instances[0].pe_inst/temporal_mac_instances[0].mac_inst
csa_tree_ADD_TC_OP_groupi module:csa_tree_ADD_TC_OP_group_2_34622
 equation: assign out_0 = (($signed(in_0) * $signed(in_1)) + $signed(in_2));
             csa_and_adder            very_fast            4x4x8      8         101.07          18                       
                 ppgen_0  in_0 * in_1  nonbooth

  Related RTL operators:
  mul_40_23        *       signed     very_fast/non_booth  4x4        8                         12   40  23 mac_unit.sv  
=========================================================================================================================
accel/ff/pe_grid/row_block[0].pe_row_inst/pe_instances[0].pe_inst/temporal_mac_instances[1].mac_inst
csa_tree_ADD_TC_OP_groupi module:csa_tree_ADD_TC_OP_group_2_34622
 equation: assign out_0 = (($signed(in_0) * $signed(in_1)) + $signed(in_2));
             csa_and_adder            very_fast            4x4x8      8         101.07          18                       
                 ppgen_0  in_0 * in_1  nonbooth

  Related RTL operators:
  mul_40_23        *       signed     very_fast/non_booth  4x4        8                         12   40  23 mac_unit.sv  
=========================================================================================================================
accel/ff/pe_grid/row_block[0].pe_row_inst/pe_instances[0].pe_inst/temporal_mac_instances[2].mac_inst
csa_tree_ADD_TC_OP_groupi module:csa_tree_ADD_TC_OP_group_2_34622
 equation: assign out_0 = (($signed(in_0) * $signed(in_1)) + $signed(in_2));
             csa_and_adder            very_fast            4x4x8      8         101.07          18                       
                 ppgen_0  in_0 * in_1  nonbooth

  Related RTL operators:
  mul_40_23        *       signed     very_fast/non_booth  4x4        8                         12   40  23 mac_unit.sv  
=========================================================================================================================
accel/ff/pe_grid/row_block[0].pe_row_inst/pe_instances[0].pe_inst/temporal_mac_instances[3].mac_inst
csa_tree_ADD_TC_OP_groupi module:csa_tree_ADD_TC_OP_group_2_34622
 equation: assign out_0 = (($signed(in_0) * $signed(in_1)) + $signed(in_2));
             csa_and_adder            very_fast            4x4x8      8         101.07          18                       
                 ppgen_0  in_0 * in_1  nonbooth

  Related RTL operators:
  mul_40_23        *       signed     very_fast/non_booth  4x4        8                         12   40  23 mac_unit.sv  
=========================================================================================================================
accel/ff/pe_grid/row_block[0].pe_row_inst/pe_instances[1].pe_inst/temporal_mac_instances[0].mac_inst
csa_tree_ADD_TC_OP_groupi module:csa_tree_ADD_TC_OP_group_2_34708
 equation: assign out_0 = (($signed(in_0) * $signed(in_1)) + $signed(in_2));
             csa_and_adder            very_fast            4x4x8      8         102.25          21                       
                 ppgen_0  in_0 * in_1  nonbooth

  Related RTL operators:
  mul_40_23        *       signed     very_fast/non_booth  4x4        8                         12   40  23 mac_unit.sv  
=========================================================================================================================
accel/ff/pe_grid/row_block[0].pe_row_inst/pe_instances[1].pe_inst/temporal_mac_instances[1].mac_inst
csa_tree_ADD_TC_OP_groupi module:csa_tree_ADD_TC_OP_group_2_34708
 equation: assign out_0 = (($signed(in_0) * $signed(in_1)) + $signed(in_2));
             csa_and_adder            very_fast            4x4x8      8         102.25          21                       
                 ppgen_0  in_0 * in_1  nonbooth

  Related RTL operators:
  mul_40_23        *       signed     very_fast/non_booth  4x4        8                         12   40  23 mac_unit.sv  
=========================================================================================================================
accel/ff/pe_grid/row_block[0].pe_row_inst/pe_instances[1].pe_inst/temporal_mac_instances[2].mac_inst
csa_tree_ADD_TC_OP_groupi module:csa_tree_ADD_TC_OP_group_2_34708
 equation: assign out_0 = (($signed(in_0) * $signed(in_1)) + $signed(in_2));
             csa_and_adder            very_fast            4x4x8      8         102.25          21                       
                 ppgen_0  in_0 * in_1  nonbooth

  Related RTL operators:
  mul_40_23        *       signed     very_fast/non_booth  4x4        8                         12   40  23 mac_unit.sv  
=========================================================================================================================
accel/ff/pe_grid/row_block[0].pe_row_inst/pe_instances[1].pe_inst/temporal_mac_instances[3].mac_inst
csa_tree_ADD_TC_OP_groupi module:csa_tree_ADD_TC_OP_group_2_34708
 equation: assign out_0 = (($signed(in_0) * $signed(in_1)) + $signed(in_2));
             csa_and_adder            very_fast            4x4x8      8         102.25          21                       
                 ppgen_0  in_0 * in_1  nonbooth

  Related RTL operators:
  mul_40_23        *       signed     very_fast/non_booth  4x4        8                         12   40  23 mac_unit.sv  
=========================================================================================================================
accel/ff/pe_grid/row_block[0].pe_row_inst/pe_instances[2].pe_inst/temporal_mac_instances[0].mac_inst
csa_tree_ADD_TC_OP_groupi module:csa_tree_ADD_TC_OP_group_2_34708
 equation: assign out_0 = (($signed(in_0) * $signed(in_1)) + $signed(in_2));
             csa_and_adder            very_fast            4x4x8      8         102.25          21                       
                 ppgen_0  in_0 * in_1  nonbooth

  Related RTL operators:
  mul_40_23        *       signed     very_fast/non_booth  4x4        8                         12   40  23 mac_unit.sv  
=========================================================================================================================
accel/ff/pe_grid/row_block[0].pe_row_inst/pe_instances[2].pe_inst/temporal_mac_instances[1].mac_inst
csa_tree_ADD_TC_OP_groupi module:csa_tree_ADD_TC_OP_group_2_34708
 equation: assign out_0 = (($signed(in_0) * $signed(in_1)) + $signed(in_2));
             csa_and_adder            very_fast            4x4x8      8         102.25          21                       
                 ppgen_0  in_0 * in_1  nonbooth

  Related RTL operators:
  mul_40_23        *       signed     very_fast/non_booth  4x4        8                         12   40  23 mac_unit.sv  
=========================================================================================================================
accel/ff/pe_grid/row_block[0].pe_row_inst/pe_instances[2].pe_inst/temporal_mac_instances[2].mac_inst
csa_tree_ADD_TC_OP_groupi module:csa_tree_ADD_TC_OP_group_2_34708
 equation: assign out_0 = (($signed(in_0) * $signed(in_1)) + $signed(in_2));
             csa_and_adder            very_fast            4x4x8      8         102.25          21                       
                 ppgen_0  in_0 * in_1  nonbooth

  Related RTL operators:
  mul_40_23        *       signed     very_fast/non_booth  4x4        8                         12   40  23 mac_unit.sv  
=========================================================================================================================
accel/ff/pe_grid/row_block[0].pe_row_inst/pe_instances[2].pe_inst/temporal_mac_instances[3].mac_inst
csa_tree_ADD_TC_OP_groupi module:csa_tree_ADD_TC_OP_group_2_34708
 equation: assign out_0 = (($signed(in_0) * $signed(in_1)) + $signed(in_2));
             csa_and_adder            very_fast            4x4x8      8         102.25          21                       
                 ppgen_0  in_0 * in_1  nonbooth

  Related RTL operators:
  mul_40_23        *       signed     very_fast/non_booth  4x4        8                         12   40  23 mac_unit.sv  
=========================================================================================================================
accel/ff/pe_grid/row_block[0].pe_row_inst/pe_instances[3].pe_inst/temporal_mac_instances[0].mac_inst
csa_tree_ADD_TC_OP_groupi module:csa_tree_ADD_TC_OP_group_2_34708
 equation: assign out_0 = (($signed(in_0) * $signed(in_1)) + $signed(in_2));
             csa_and_adder            very_fast            4x4x8      8         102.25          21                       
                 ppgen_0  in_0 * in_1  nonbooth

  Related RTL operators:
  mul_40_23        *       signed     very_fast/non_booth  4x4        8                         12   40  23 mac_unit.sv  
=========================================================================================================================
accel/ff/pe_grid/row_block[0].pe_row_inst/pe_instances[3].pe_inst/temporal_mac_instances[1].mac_inst
csa_tree_ADD_TC_OP_groupi module:csa_tree_ADD_TC_OP_group_2_34708
 equation: assign out_0 = (($signed(in_0) * $signed(in_1)) + $signed(in_2));
             csa_and_adder            very_fast            4x4x8      8         102.25          21                       
                 ppgen_0  in_0 * in_1  nonbooth

  Related RTL operators:
  mul_40_23        *       signed     very_fast/non_booth  4x4        8                         12   40  23 mac_unit.sv  
=========================================================================================================================
accel/ff/pe_grid/row_block[0].pe_row_inst/pe_instances[3].pe_inst/temporal_mac_instances[2].mac_inst
csa_tree_ADD_TC_OP_groupi module:csa_tree_ADD_TC_OP_group_2_34708
 equation: assign out_0 = (($signed(in_0) * $signed(in_1)) + $signed(in_2));
             csa_and_adder            very_fast            4x4x8      8         102.25          21                       
                 ppgen_0  in_0 * in_1  nonbooth

  Related RTL operators:
  mul_40_23        *       signed     very_fast/non_booth  4x4        8                         12   40  23 mac_unit.sv  
=========================================================================================================================
accel/ff/pe_grid/row_block[0].pe_row_inst/pe_instances[3].pe_inst/temporal_mac_instances[3].mac_inst
csa_tree_ADD_TC_OP_groupi module:csa_tree_ADD_TC_OP_group_2_34708
 equation: assign out_0 = (($signed(in_0) * $signed(in_1)) + $signed(in_2));
             csa_and_adder            very_fast            4x4x8      8         102.25          21                       
                 ppgen_0  in_0 * in_1  nonbooth

  Related RTL operators:
  mul_40_23        *       signed     very_fast/non_booth  4x4        8                         12   40  23 mac_unit.sv  
=========================================================================================================================
accel/ff/pe_grid/row_block[1].pe_row_inst/pe_instances[0].pe_inst/temporal_mac_instances[0].mac_inst
csa_tree_ADD_TC_OP_groupi module:csa_tree_ADD_TC_OP_group_2_34708
 equation: assign out_0 = (($signed(in_0) * $signed(in_1)) + $signed(in_2));
             csa_and_adder            very_fast            4x4x8      8         102.25          21                       
                 ppgen_0  in_0 * in_1  nonbooth

  Related RTL operators:
  mul_40_23        *       signed     very_fast/non_booth  4x4        8                         12   40  23 mac_unit.sv  
=========================================================================================================================
accel/ff/pe_grid/row_block[1].pe_row_inst/pe_instances[0].pe_inst/temporal_mac_instances[1].mac_inst
csa_tree_ADD_TC_OP_groupi module:csa_tree_ADD_TC_OP_group_2_34708
 equation: assign out_0 = (($signed(in_0) * $signed(in_1)) + $signed(in_2));
             csa_and_adder            very_fast            4x4x8      8         102.25          21                       
                 ppgen_0  in_0 * in_1  nonbooth

  Related RTL operators:
  mul_40_23        *       signed     very_fast/non_booth  4x4        8                         12   40  23 mac_unit.sv  
=========================================================================================================================
accel/ff/pe_grid/row_block[1].pe_row_inst/pe_instances[0].pe_inst/temporal_mac_instances[2].mac_inst
csa_tree_ADD_TC_OP_groupi module:csa_tree_ADD_TC_OP_group_2_34708
 equation: assign out_0 = (($signed(in_0) * $signed(in_1)) + $signed(in_2));
             csa_and_adder            very_fast            4x4x8      8         102.25          21                       
                 ppgen_0  in_0 * in_1  nonbooth

  Related RTL operators:
  mul_40_23        *       signed     very_fast/non_booth  4x4        8                         12   40  23 mac_unit.sv  
=========================================================================================================================
accel/ff/pe_grid/row_block[1].pe_row_inst/pe_instances[0].pe_inst/temporal_mac_instances[3].mac_inst
csa_tree_ADD_TC_OP_groupi module:csa_tree_ADD_TC_OP_group_2_34708
 equation: assign out_0 = (($signed(in_0) * $signed(in_1)) + $signed(in_2));
             csa_and_adder            very_fast            4x4x8      8         102.25          21                       
                 ppgen_0  in_0 * in_1  nonbooth

  Related RTL operators:
  mul_40_23        *       signed     very_fast/non_booth  4x4        8                         12   40  23 mac_unit.sv  
=========================================================================================================================
accel/ff/pe_grid/row_block[1].pe_row_inst/pe_instances[1].pe_inst/temporal_mac_instances[0].mac_inst
csa_tree_ADD_TC_OP_groupi module:csa_tree_ADD_TC_OP_group_2_34708
 equation: assign out_0 = (($signed(in_0) * $signed(in_1)) + $signed(in_2));
             csa_and_adder            very_fast            4x4x8      8         102.25          21                       
                 ppgen_0  in_0 * in_1  nonbooth

  Related RTL operators:
  mul_40_23        *       signed     very_fast/non_booth  4x4        8                         12   40  23 mac_unit.sv  
=========================================================================================================================
accel/ff/pe_grid/row_block[1].pe_row_inst/pe_instances[1].pe_inst/temporal_mac_instances[1].mac_inst
csa_tree_ADD_TC_OP_groupi module:csa_tree_ADD_TC_OP_group_2_34708
 equation: assign out_0 = (($signed(in_0) * $signed(in_1)) + $signed(in_2));
             csa_and_adder            very_fast            4x4x8      8         102.25          21                       
                 ppgen_0  in_0 * in_1  nonbooth

  Related RTL operators:
  mul_40_23        *       signed     very_fast/non_booth  4x4        8                         12   40  23 mac_unit.sv  
=========================================================================================================================
accel/ff/pe_grid/row_block[1].pe_row_inst/pe_instances[1].pe_inst/temporal_mac_instances[2].mac_inst
csa_tree_ADD_TC_OP_groupi module:csa_tree_ADD_TC_OP_group_2_34708
 equation: assign out_0 = (($signed(in_0) * $signed(in_1)) + $signed(in_2));
             csa_and_adder            very_fast            4x4x8      8         102.25          21                       
                 ppgen_0  in_0 * in_1  nonbooth

  Related RTL operators:
  mul_40_23        *       signed     very_fast/non_booth  4x4        8                         12   40  23 mac_unit.sv  
=========================================================================================================================
accel/ff/pe_grid/row_block[1].pe_row_inst/pe_instances[1].pe_inst/temporal_mac_instances[3].mac_inst
csa_tree_ADD_TC_OP_groupi module:csa_tree_ADD_TC_OP_group_2_34708
 equation: assign out_0 = (($signed(in_0) * $signed(in_1)) + $signed(in_2));
             csa_and_adder            very_fast            4x4x8      8         102.25          21                       
                 ppgen_0  in_0 * in_1  nonbooth

  Related RTL operators:
  mul_40_23        *       signed     very_fast/non_booth  4x4        8                         12   40  23 mac_unit.sv  
=========================================================================================================================
accel/ff/pe_grid/row_block[1].pe_row_inst/pe_instances[2].pe_inst/temporal_mac_instances[0].mac_inst
csa_tree_ADD_TC_OP_groupi module:csa_tree_ADD_TC_OP_group_2_34708
 equation: assign out_0 = (($signed(in_0) * $signed(in_1)) + $signed(in_2));
             csa_and_adder            very_fast            4x4x8      8         102.25          21                       
                 ppgen_0  in_0 * in_1  nonbooth

  Related RTL operators:
  mul_40_23        *       signed     very_fast/non_booth  4x4        8                         12   40  23 mac_unit.sv  
=========================================================================================================================
accel/ff/pe_grid/row_block[1].pe_row_inst/pe_instances[2].pe_inst/temporal_mac_instances[1].mac_inst
csa_tree_ADD_TC_OP_groupi module:csa_tree_ADD_TC_OP_group_2_34708
 equation: assign out_0 = (($signed(in_0) * $signed(in_1)) + $signed(in_2));
             csa_and_adder            very_fast            4x4x8      8         102.25          21                       
                 ppgen_0  in_0 * in_1  nonbooth

  Related RTL operators:
  mul_40_23        *       signed     very_fast/non_booth  4x4        8                         12   40  23 mac_unit.sv  
=========================================================================================================================
accel/ff/pe_grid/row_block[1].pe_row_inst/pe_instances[2].pe_inst/temporal_mac_instances[2].mac_inst
csa_tree_ADD_TC_OP_groupi module:csa_tree_ADD_TC_OP_group_2_34708
 equation: assign out_0 = (($signed(in_0) * $signed(in_1)) + $signed(in_2));
             csa_and_adder            very_fast            4x4x8      8         102.25          21                       
                 ppgen_0  in_0 * in_1  nonbooth

  Related RTL operators:
  mul_40_23        *       signed     very_fast/non_booth  4x4        8                         12   40  23 mac_unit.sv  
=========================================================================================================================
accel/ff/pe_grid/row_block[1].pe_row_inst/pe_instances[2].pe_inst/temporal_mac_instances[3].mac_inst
csa_tree_ADD_TC_OP_groupi module:csa_tree_ADD_TC_OP_group_2_34708
 equation: assign out_0 = (($signed(in_0) * $signed(in_1)) + $signed(in_2));
             csa_and_adder            very_fast            4x4x8      8         102.25          21                       
                 ppgen_0  in_0 * in_1  nonbooth

  Related RTL operators:
  mul_40_23        *       signed     very_fast/non_booth  4x4        8                         12   40  23 mac_unit.sv  
=========================================================================================================================
accel/ff/pe_grid/row_block[1].pe_row_inst/pe_instances[3].pe_inst/temporal_mac_instances[0].mac_inst
csa_tree_ADD_TC_OP_groupi module:csa_tree_ADD_TC_OP_group_2_34708
 equation: assign out_0 = (($signed(in_0) * $signed(in_1)) + $signed(in_2));
             csa_and_adder            very_fast            4x4x8      8         102.25          21                       
                 ppgen_0  in_0 * in_1  nonbooth

  Related RTL operators:
  mul_40_23        *       signed     very_fast/non_booth  4x4        8                         12   40  23 mac_unit.sv  
=========================================================================================================================
accel/ff/pe_grid/row_block[1].pe_row_inst/pe_instances[3].pe_inst/temporal_mac_instances[1].mac_inst
csa_tree_ADD_TC_OP_groupi module:csa_tree_ADD_TC_OP_group_2_34708
 equation: assign out_0 = (($signed(in_0) * $signed(in_1)) + $signed(in_2));
             csa_and_adder            very_fast            4x4x8      8         102.25          21                       
                 ppgen_0  in_0 * in_1  nonbooth

  Related RTL operators:
  mul_40_23        *       signed     very_fast/non_booth  4x4        8                         12   40  23 mac_unit.sv  
=========================================================================================================================
accel/ff/pe_grid/row_block[1].pe_row_inst/pe_instances[3].pe_inst/temporal_mac_instances[2].mac_inst
csa_tree_ADD_TC_OP_groupi module:csa_tree_ADD_TC_OP_group_2_34708
 equation: assign out_0 = (($signed(in_0) * $signed(in_1)) + $signed(in_2));
             csa_and_adder            very_fast            4x4x8      8         102.25          21                       
                 ppgen_0  in_0 * in_1  nonbooth

  Related RTL operators:
  mul_40_23        *       signed     very_fast/non_booth  4x4        8                         12   40  23 mac_unit.sv  
=========================================================================================================================
accel/ff/pe_grid/row_block[1].pe_row_inst/pe_instances[3].pe_inst/temporal_mac_instances[3].mac_inst
csa_tree_ADD_TC_OP_groupi module:csa_tree_ADD_TC_OP_group_2_34708
 equation: assign out_0 = (($signed(in_0) * $signed(in_1)) + $signed(in_2));
             csa_and_adder            very_fast            4x4x8      8         102.25          21                       
                 ppgen_0  in_0 * in_1  nonbooth

  Related RTL operators:
  mul_40_23        *       signed     very_fast/non_booth  4x4        8                         12   40  23 mac_unit.sv  
=========================================================================================================================
accel/ff/pe_grid/row_block[2].pe_row_inst/pe_instances[0].pe_inst/temporal_mac_instances[0].mac_inst
csa_tree_ADD_TC_OP_groupi module:csa_tree_ADD_TC_OP_group_2_34708
 equation: assign out_0 = (($signed(in_0) * $signed(in_1)) + $signed(in_2));
             csa_and_adder            very_fast            4x4x8      8         102.25          21                       
                 ppgen_0  in_0 * in_1  nonbooth

  Related RTL operators:
  mul_40_23        *       signed     very_fast/non_booth  4x4        8                         12   40  23 mac_unit.sv  
=========================================================================================================================
accel/ff/pe_grid/row_block[2].pe_row_inst/pe_instances[0].pe_inst/temporal_mac_instances[1].mac_inst
csa_tree_ADD_TC_OP_groupi module:csa_tree_ADD_TC_OP_group_2_34708
 equation: assign out_0 = (($signed(in_0) * $signed(in_1)) + $signed(in_2));
             csa_and_adder            very_fast            4x4x8      8         102.25          21                       
                 ppgen_0  in_0 * in_1  nonbooth

  Related RTL operators:
  mul_40_23        *       signed     very_fast/non_booth  4x4        8                         12   40  23 mac_unit.sv  
=========================================================================================================================
accel/ff/pe_grid/row_block[2].pe_row_inst/pe_instances[0].pe_inst/temporal_mac_instances[2].mac_inst
csa_tree_ADD_TC_OP_groupi module:csa_tree_ADD_TC_OP_group_2_34708
 equation: assign out_0 = (($signed(in_0) * $signed(in_1)) + $signed(in_2));
             csa_and_adder            very_fast            4x4x8      8         102.25          21                       
                 ppgen_0  in_0 * in_1  nonbooth

  Related RTL operators:
  mul_40_23        *       signed     very_fast/non_booth  4x4        8                         12   40  23 mac_unit.sv  
=========================================================================================================================
accel/ff/pe_grid/row_block[2].pe_row_inst/pe_instances[0].pe_inst/temporal_mac_instances[3].mac_inst
csa_tree_ADD_TC_OP_groupi module:csa_tree_ADD_TC_OP_group_2_34708
 equation: assign out_0 = (($signed(in_0) * $signed(in_1)) + $signed(in_2));
             csa_and_adder            very_fast            4x4x8      8         102.25          21                       
                 ppgen_0  in_0 * in_1  nonbooth

  Related RTL operators:
  mul_40_23        *       signed     very_fast/non_booth  4x4        8                         12   40  23 mac_unit.sv  
=========================================================================================================================
accel/ff/pe_grid/row_block[2].pe_row_inst/pe_instances[1].pe_inst/temporal_mac_instances[0].mac_inst
csa_tree_ADD_TC_OP_groupi module:csa_tree_ADD_TC_OP_group_2_34708
 equation: assign out_0 = (($signed(in_0) * $signed(in_1)) + $signed(in_2));
             csa_and_adder            very_fast            4x4x8      8         102.25          21                       
                 ppgen_0  in_0 * in_1  nonbooth

  Related RTL operators:
  mul_40_23        *       signed     very_fast/non_booth  4x4        8                         12   40  23 mac_unit.sv  
=========================================================================================================================
accel/ff/pe_grid/row_block[2].pe_row_inst/pe_instances[1].pe_inst/temporal_mac_instances[1].mac_inst
csa_tree_ADD_TC_OP_groupi module:csa_tree_ADD_TC_OP_group_2_34708
 equation: assign out_0 = (($signed(in_0) * $signed(in_1)) + $signed(in_2));
             csa_and_adder            very_fast            4x4x8      8         102.25          21                       
                 ppgen_0  in_0 * in_1  nonbooth

  Related RTL operators:
  mul_40_23        *       signed     very_fast/non_booth  4x4        8                         12   40  23 mac_unit.sv  
=========================================================================================================================
accel/ff/pe_grid/row_block[2].pe_row_inst/pe_instances[1].pe_inst/temporal_mac_instances[2].mac_inst
csa_tree_ADD_TC_OP_groupi module:csa_tree_ADD_TC_OP_group_2_34708
 equation: assign out_0 = (($signed(in_0) * $signed(in_1)) + $signed(in_2));
             csa_and_adder            very_fast            4x4x8      8         102.25          21                       
                 ppgen_0  in_0 * in_1  nonbooth

  Related RTL operators:
  mul_40_23        *       signed     very_fast/non_booth  4x4        8                         12   40  23 mac_unit.sv  
=========================================================================================================================
accel/ff/pe_grid/row_block[2].pe_row_inst/pe_instances[1].pe_inst/temporal_mac_instances[3].mac_inst
csa_tree_ADD_TC_OP_groupi module:csa_tree_ADD_TC_OP_group_2_34708
 equation: assign out_0 = (($signed(in_0) * $signed(in_1)) + $signed(in_2));
             csa_and_adder            very_fast            4x4x8      8         102.25          21                       
                 ppgen_0  in_0 * in_1  nonbooth

  Related RTL operators:
  mul_40_23        *       signed     very_fast/non_booth  4x4        8                         12   40  23 mac_unit.sv  
=========================================================================================================================
accel/ff/pe_grid/row_block[2].pe_row_inst/pe_instances[2].pe_inst/temporal_mac_instances[0].mac_inst
csa_tree_ADD_TC_OP_groupi module:csa_tree_ADD_TC_OP_group_2_34708
 equation: assign out_0 = (($signed(in_0) * $signed(in_1)) + $signed(in_2));
             csa_and_adder            very_fast            4x4x8      8         102.25          21                       
                 ppgen_0  in_0 * in_1  nonbooth

  Related RTL operators:
  mul_40_23        *       signed     very_fast/non_booth  4x4        8                         12   40  23 mac_unit.sv  
=========================================================================================================================
accel/ff/pe_grid/row_block[2].pe_row_inst/pe_instances[2].pe_inst/temporal_mac_instances[1].mac_inst
csa_tree_ADD_TC_OP_groupi module:csa_tree_ADD_TC_OP_group_2_34708
 equation: assign out_0 = (($signed(in_0) * $signed(in_1)) + $signed(in_2));
             csa_and_adder            very_fast            4x4x8      8         102.25          21                       
                 ppgen_0  in_0 * in_1  nonbooth

  Related RTL operators:
  mul_40_23        *       signed     very_fast/non_booth  4x4        8                         12   40  23 mac_unit.sv  
=========================================================================================================================
accel/ff/pe_grid/row_block[2].pe_row_inst/pe_instances[2].pe_inst/temporal_mac_instances[2].mac_inst
csa_tree_ADD_TC_OP_groupi module:csa_tree_ADD_TC_OP_group_2_34708
 equation: assign out_0 = (($signed(in_0) * $signed(in_1)) + $signed(in_2));
             csa_and_adder            very_fast            4x4x8      8         102.25          21                       
                 ppgen_0  in_0 * in_1  nonbooth

  Related RTL operators:
  mul_40_23        *       signed     very_fast/non_booth  4x4        8                         12   40  23 mac_unit.sv  
=========================================================================================================================
accel/ff/pe_grid/row_block[2].pe_row_inst/pe_instances[2].pe_inst/temporal_mac_instances[3].mac_inst
csa_tree_ADD_TC_OP_groupi module:csa_tree_ADD_TC_OP_group_2_34708
 equation: assign out_0 = (($signed(in_0) * $signed(in_1)) + $signed(in_2));
             csa_and_adder            very_fast            4x4x8      8         102.25          21                       
                 ppgen_0  in_0 * in_1  nonbooth

  Related RTL operators:
  mul_40_23        *       signed     very_fast/non_booth  4x4        8                         12   40  23 mac_unit.sv  
=========================================================================================================================
accel/ff/pe_grid/row_block[2].pe_row_inst/pe_instances[3].pe_inst/temporal_mac_instances[0].mac_inst
csa_tree_ADD_TC_OP_groupi module:csa_tree_ADD_TC_OP_group_2_34708
 equation: assign out_0 = (($signed(in_0) * $signed(in_1)) + $signed(in_2));
             csa_and_adder            very_fast            4x4x8      8         102.25          21                       
                 ppgen_0  in_0 * in_1  nonbooth

  Related RTL operators:
  mul_40_23        *       signed     very_fast/non_booth  4x4        8                         12   40  23 mac_unit.sv  
=========================================================================================================================
accel/ff/pe_grid/row_block[2].pe_row_inst/pe_instances[3].pe_inst/temporal_mac_instances[1].mac_inst
csa_tree_ADD_TC_OP_groupi module:csa_tree_ADD_TC_OP_group_2_34708
 equation: assign out_0 = (($signed(in_0) * $signed(in_1)) + $signed(in_2));
             csa_and_adder            very_fast            4x4x8      8         102.25          21                       
                 ppgen_0  in_0 * in_1  nonbooth

  Related RTL operators:
  mul_40_23        *       signed     very_fast/non_booth  4x4        8                         12   40  23 mac_unit.sv  
=========================================================================================================================
accel/ff/pe_grid/row_block[2].pe_row_inst/pe_instances[3].pe_inst/temporal_mac_instances[2].mac_inst
csa_tree_ADD_TC_OP_groupi module:csa_tree_ADD_TC_OP_group_2_34708
 equation: assign out_0 = (($signed(in_0) * $signed(in_1)) + $signed(in_2));
             csa_and_adder            very_fast            4x4x8      8         102.25          21                       
                 ppgen_0  in_0 * in_1  nonbooth

  Related RTL operators:
  mul_40_23        *       signed     very_fast/non_booth  4x4        8                         12   40  23 mac_unit.sv  
=========================================================================================================================
accel/ff/pe_grid/row_block[2].pe_row_inst/pe_instances[3].pe_inst/temporal_mac_instances[3].mac_inst
csa_tree_ADD_TC_OP_groupi module:csa_tree_ADD_TC_OP_group_2_34708
 equation: assign out_0 = (($signed(in_0) * $signed(in_1)) + $signed(in_2));
             csa_and_adder            very_fast            4x4x8      8         102.25          21                       
                 ppgen_0  in_0 * in_1  nonbooth

  Related RTL operators:
  mul_40_23        *       signed     very_fast/non_booth  4x4        8                         12   40  23 mac_unit.sv  
=========================================================================================================================
accel/ff/pe_grid/row_block[3].pe_row_inst/pe_instances[0].pe_inst/temporal_mac_instances[0].mac_inst
csa_tree_ADD_TC_OP_groupi module:csa_tree_ADD_TC_OP_group_2_34695
 equation: assign out_0 = (($signed(in_0) * $signed(in_1)) + $signed(in_2));
             csa_and_adder            very_fast            4x4x8      8          99.89          22                       
                 ppgen_0  in_0 * in_1  nonbooth

  Related RTL operators:
  mul_40_23        *       signed     very_fast/non_booth  4x4        8                         12   40  23 mac_unit.sv  
=========================================================================================================================
accel/ff/pe_grid/row_block[3].pe_row_inst/pe_instances[0].pe_inst/temporal_mac_instances[1].mac_inst
csa_tree_ADD_TC_OP_groupi module:csa_tree_ADD_TC_OP_group_2_34695
 equation: assign out_0 = (($signed(in_0) * $signed(in_1)) + $signed(in_2));
             csa_and_adder            very_fast            4x4x8      8          99.89          22                       
                 ppgen_0  in_0 * in_1  nonbooth

  Related RTL operators:
  mul_40_23        *       signed     very_fast/non_booth  4x4        8                         12   40  23 mac_unit.sv  
=========================================================================================================================
accel/ff/pe_grid/row_block[3].pe_row_inst/pe_instances[0].pe_inst/temporal_mac_instances[2].mac_inst
csa_tree_ADD_TC_OP_groupi module:csa_tree_ADD_TC_OP_group_2_34695
 equation: assign out_0 = (($signed(in_0) * $signed(in_1)) + $signed(in_2));
             csa_and_adder            very_fast            4x4x8      8          99.89          22                       
                 ppgen_0  in_0 * in_1  nonbooth

  Related RTL operators:
  mul_40_23        *       signed     very_fast/non_booth  4x4        8                         12   40  23 mac_unit.sv  
=========================================================================================================================
accel/ff/pe_grid/row_block[3].pe_row_inst/pe_instances[0].pe_inst/temporal_mac_instances[3].mac_inst
csa_tree_ADD_TC_OP_groupi module:csa_tree_ADD_TC_OP_group_2_34695
 equation: assign out_0 = (($signed(in_0) * $signed(in_1)) + $signed(in_2));
             csa_and_adder            very_fast            4x4x8      8          99.89          22                       
                 ppgen_0  in_0 * in_1  nonbooth

  Related RTL operators:
  mul_40_23        *       signed     very_fast/non_booth  4x4        8                         12   40  23 mac_unit.sv  
=========================================================================================================================
accel/ff/pe_grid/row_block[3].pe_row_inst/pe_instances[1].pe_inst/temporal_mac_instances[0].mac_inst
csa_tree_ADD_TC_OP_groupi module:csa_tree_ADD_TC_OP_group_2_34708
 equation: assign out_0 = (($signed(in_0) * $signed(in_1)) + $signed(in_2));
             csa_and_adder            very_fast            4x4x8      8         102.25          21                       
                 ppgen_0  in_0 * in_1  nonbooth

  Related RTL operators:
  mul_40_23        *       signed     very_fast/non_booth  4x4        8                         12   40  23 mac_unit.sv  
=========================================================================================================================
accel/ff/pe_grid/row_block[3].pe_row_inst/pe_instances[1].pe_inst/temporal_mac_instances[1].mac_inst
csa_tree_ADD_TC_OP_groupi module:csa_tree_ADD_TC_OP_group_2_34708
 equation: assign out_0 = (($signed(in_0) * $signed(in_1)) + $signed(in_2));
             csa_and_adder            very_fast            4x4x8      8         102.25          21                       
                 ppgen_0  in_0 * in_1  nonbooth

  Related RTL operators:
  mul_40_23        *       signed     very_fast/non_booth  4x4        8                         12   40  23 mac_unit.sv  
=========================================================================================================================
accel/ff/pe_grid/row_block[3].pe_row_inst/pe_instances[1].pe_inst/temporal_mac_instances[2].mac_inst
csa_tree_ADD_TC_OP_groupi module:csa_tree_ADD_TC_OP_group_2_34708
 equation: assign out_0 = (($signed(in_0) * $signed(in_1)) + $signed(in_2));
             csa_and_adder            very_fast            4x4x8      8         102.25          21                       
                 ppgen_0  in_0 * in_1  nonbooth

  Related RTL operators:
  mul_40_23        *       signed     very_fast/non_booth  4x4        8                         12   40  23 mac_unit.sv  
=========================================================================================================================
accel/ff/pe_grid/row_block[3].pe_row_inst/pe_instances[1].pe_inst/temporal_mac_instances[3].mac_inst
csa_tree_ADD_TC_OP_groupi module:csa_tree_ADD_TC_OP_group_2_34708
 equation: assign out_0 = (($signed(in_0) * $signed(in_1)) + $signed(in_2));
             csa_and_adder            very_fast            4x4x8      8         102.25          21                       
                 ppgen_0  in_0 * in_1  nonbooth

  Related RTL operators:
  mul_40_23        *       signed     very_fast/non_booth  4x4        8                         12   40  23 mac_unit.sv  
=========================================================================================================================
accel/ff/pe_grid/row_block[3].pe_row_inst/pe_instances[2].pe_inst/temporal_mac_instances[0].mac_inst
csa_tree_ADD_TC_OP_groupi module:csa_tree_ADD_TC_OP_group_2_34708
 equation: assign out_0 = (($signed(in_0) * $signed(in_1)) + $signed(in_2));
             csa_and_adder            very_fast            4x4x8      8         102.25          21                       
                 ppgen_0  in_0 * in_1  nonbooth

  Related RTL operators:
  mul_40_23        *       signed     very_fast/non_booth  4x4        8                         12   40  23 mac_unit.sv  
=========================================================================================================================
accel/ff/pe_grid/row_block[3].pe_row_inst/pe_instances[2].pe_inst/temporal_mac_instances[1].mac_inst
csa_tree_ADD_TC_OP_groupi module:csa_tree_ADD_TC_OP_group_2_34708
 equation: assign out_0 = (($signed(in_0) * $signed(in_1)) + $signed(in_2));
             csa_and_adder            very_fast            4x4x8      8         102.25          21                       
                 ppgen_0  in_0 * in_1  nonbooth

  Related RTL operators:
  mul_40_23        *       signed     very_fast/non_booth  4x4        8                         12   40  23 mac_unit.sv  
=========================================================================================================================
accel/ff/pe_grid/row_block[3].pe_row_inst/pe_instances[2].pe_inst/temporal_mac_instances[2].mac_inst
csa_tree_ADD_TC_OP_groupi module:csa_tree_ADD_TC_OP_group_2_34708
 equation: assign out_0 = (($signed(in_0) * $signed(in_1)) + $signed(in_2));
             csa_and_adder            very_fast            4x4x8      8         102.25          21                       
                 ppgen_0  in_0 * in_1  nonbooth

  Related RTL operators:
  mul_40_23        *       signed     very_fast/non_booth  4x4        8                         12   40  23 mac_unit.sv  
=========================================================================================================================
accel/ff/pe_grid/row_block[3].pe_row_inst/pe_instances[2].pe_inst/temporal_mac_instances[3].mac_inst
csa_tree_ADD_TC_OP_groupi module:csa_tree_ADD_TC_OP_group_2_34708
 equation: assign out_0 = (($signed(in_0) * $signed(in_1)) + $signed(in_2));
             csa_and_adder            very_fast            4x4x8      8         102.25          21                       
                 ppgen_0  in_0 * in_1  nonbooth

  Related RTL operators:
  mul_40_23        *       signed     very_fast/non_booth  4x4        8                         12   40  23 mac_unit.sv  
=========================================================================================================================
accel/ff/pe_grid/row_block[3].pe_row_inst/pe_instances[3].pe_inst/temporal_mac_instances[0].mac_inst
csa_tree_ADD_TC_OP_groupi module:csa_tree_ADD_TC_OP_group_2_34708
 equation: assign out_0 = (($signed(in_0) * $signed(in_1)) + $signed(in_2));
             csa_and_adder            very_fast            4x4x8      8         102.25          21                       
                 ppgen_0  in_0 * in_1  nonbooth

  Related RTL operators:
  mul_40_23        *       signed     very_fast/non_booth  4x4        8                         12   40  23 mac_unit.sv  
=========================================================================================================================
accel/ff/pe_grid/row_block[3].pe_row_inst/pe_instances[3].pe_inst/temporal_mac_instances[1].mac_inst
csa_tree_ADD_TC_OP_groupi module:csa_tree_ADD_TC_OP_group_2_34708
 equation: assign out_0 = (($signed(in_0) * $signed(in_1)) + $signed(in_2));
             csa_and_adder            very_fast            4x4x8      8         102.25          21                       
                 ppgen_0  in_0 * in_1  nonbooth

  Related RTL operators:
  mul_40_23        *       signed     very_fast/non_booth  4x4        8                         12   40  23 mac_unit.sv  
=========================================================================================================================
accel/ff/pe_grid/row_block[3].pe_row_inst/pe_instances[3].pe_inst/temporal_mac_instances[2].mac_inst
csa_tree_ADD_TC_OP_groupi module:csa_tree_ADD_TC_OP_group_2_34708
 equation: assign out_0 = (($signed(in_0) * $signed(in_1)) + $signed(in_2));
             csa_and_adder            very_fast            4x4x8      8         102.25          21                       
                 ppgen_0  in_0 * in_1  nonbooth

  Related RTL operators:
  mul_40_23        *       signed     very_fast/non_booth  4x4        8                         12   40  23 mac_unit.sv  
=========================================================================================================================
accel/ff/pe_grid/row_block[3].pe_row_inst/pe_instances[3].pe_inst/temporal_mac_instances[3].mac_inst
csa_tree_ADD_TC_OP_groupi module:csa_tree_ADD_TC_OP_group_2_34708
 equation: assign out_0 = (($signed(in_0) * $signed(in_1)) + $signed(in_2));
             csa_and_adder            very_fast            4x4x8      8         102.25          21                       
                 ppgen_0  in_0 * in_1  nonbooth

  Related RTL operators:
  mul_40_23        *       signed     very_fast/non_booth  4x4        8                         12   40  23 mac_unit.sv  
=========================================================================================================================
accel/qkv
WALLACE_CSA_DUMMY_OP_groupi module:WALLACE_CSA_DUMMY_OP_group_691
 equation: assign out_0 = (($signed({1'b0,in_0}) + ($signed({1'b0,in_1}) * $signed({1'b0,in_2}))) + (($signed(in_3) + $signed(in_5)) * $signed(in_4)));
             csa_and_adder            very_fast            14x14x14x1 14       1158.46          40                       
                                                           6x15x16                                                       
                 ppgen_0  in_1 * in_2  booth/booth_encoded_port: in_2
                 pos_0  (in_3 + in_4) * in_5)

  Related RTL operators:
  add_407_63       +       unsigned   very_fast            14x14      14                        11  407  63 qkv_block.sv 
  add_407_43       +       unsigned   very_fast            14x14      14                        11  407  43 qkv_block.sv 
  mul_407_83       *       unsigned   very_fast/booth/boot 14x13      14                        20  407  83 qkv_block.sv 
                                      h_encoded_port: B                                                                  
  mul_407_52       *       unsigned   very_fast/booth/boot 14x14      14                        20  407  52 qkv_block.sv 
                                      h_encoded_port: B                                                                  
  mul_407_72       *       unsigned   very_fast/booth/boot 14x14      14                        20  407  72 qkv_block.sv 
                                      h_encoded_port: B                                                                  
=========================================================================================================================
accel/qkv
csa_tree_mul_407_72 module:csa_tree
 equation: assign out_0 = (in_0 * in_1); assign out_1 = 31'b0;
                wallace                                    14x14      31x31     526.33          21                       
                 ppgen_0  in_0 * in_1  booth/booth_encoded_port: in_1

  Related RTL operators:
  mul_407_72       *       unsigned   very_fast/booth/boot 14x14      14                        20  407  72 qkv_block.sv 
                                      h_encoded_port: B                                                                  
=========================================================================================================================
accel/qkv
mul_582_72 module:mult_signed_34192
                   *       signed     very_fast/booth/boot 17x15      30       1209.58          59  582  72 qkv_block.sv 
                                      h_encoded_port: B                                                                  
=========================================================================================================================
accel/qkv/pe_grid/row_block[0].pe_row_inst/pe_instances[0].pe_inst/temporal_mac_instances[0].mac_inst
csa_tree_ADD_TC_OP_groupi module:csa_tree_ADD_TC_OP_group_2_34583
 equation: assign out_0 = (($signed(in_0) * $signed(in_1)) + $signed(in_2));
             csa_and_adder            very_fast            4x4x8      8         101.07          18                       
                 ppgen_0  in_0 * in_1  nonbooth

  Related RTL operators:
  mul_40_23        *       signed     very_fast/non_booth  4x4        8                         12   40  23 mac_unit.sv  
=========================================================================================================================
accel/qkv/pe_grid/row_block[0].pe_row_inst/pe_instances[0].pe_inst/temporal_mac_instances[1].mac_inst
csa_tree_ADD_TC_OP_groupi module:csa_tree_ADD_TC_OP_group_2_34582
 equation: assign out_0 = (($signed(in_0) * $signed(in_1)) + $signed(in_2));
             csa_and_adder            very_fast            4x4x8      8         101.07          18                       
                 ppgen_0  in_0 * in_1  nonbooth

  Related RTL operators:
  mul_40_23        *       signed     very_fast/non_booth  4x4        8                         12   40  23 mac_unit.sv  
=========================================================================================================================
accel/qkv/pe_grid/row_block[0].pe_row_inst/pe_instances[0].pe_inst/temporal_mac_instances[2].mac_inst
csa_tree_ADD_TC_OP_groupi module:csa_tree_ADD_TC_OP_group_2_34675
 equation: assign out_0 = (($signed(in_0) * $signed(in_1)) + $signed(in_2));
             csa_and_adder            very_fast            4x4x8      8         101.07          18                       
                 ppgen_0  in_0 * in_1  nonbooth

  Related RTL operators:
  mul_40_23        *       signed     very_fast/non_booth  4x4        8                         12   40  23 mac_unit.sv  
=========================================================================================================================
accel/qkv/pe_grid/row_block[0].pe_row_inst/pe_instances[0].pe_inst/temporal_mac_instances[3].mac_inst
csa_tree_ADD_TC_OP_groupi module:csa_tree_ADD_TC_OP_group_2_34669
 equation: assign out_0 = (($signed(in_0) * $signed(in_1)) + $signed(in_2));
             csa_and_adder            very_fast            4x4x8      8          99.89          20                       
                 ppgen_0  in_0 * in_1  nonbooth

  Related RTL operators:
  mul_40_23        *       signed     very_fast/non_booth  4x4        8                         12   40  23 mac_unit.sv  
=========================================================================================================================
accel/qkv/pe_grid/row_block[0].pe_row_inst/pe_instances[1].pe_inst/temporal_mac_instances[0].mac_inst
csa_tree_ADD_TC_OP_groupi module:csa_tree_ADD_TC_OP_group_2_34674
 equation: assign out_0 = (($signed(in_0) * $signed(in_1)) + $signed(in_2));
             csa_and_adder            very_fast            4x4x8      8         101.07          20                       
                 ppgen_0  in_0 * in_1  nonbooth

  Related RTL operators:
  mul_40_23        *       signed     very_fast/non_booth  4x4        8                         12   40  23 mac_unit.sv  
=========================================================================================================================
accel/qkv/pe_grid/row_block[0].pe_row_inst/pe_instances[1].pe_inst/temporal_mac_instances[1].mac_inst
csa_tree_ADD_TC_OP_groupi module:csa_tree_ADD_TC_OP_group_2_34638
 equation: assign out_0 = (($signed(in_0) * $signed(in_1)) + $signed(in_2));
             csa_and_adder            very_fast            4x4x8      8         101.07          21                       
                 ppgen_0  in_0 * in_1  nonbooth

  Related RTL operators:
  mul_40_23        *       signed     very_fast/non_booth  4x4        8                         12   40  23 mac_unit.sv  
=========================================================================================================================
accel/qkv/pe_grid/row_block[0].pe_row_inst/pe_instances[1].pe_inst/temporal_mac_instances[2].mac_inst
csa_tree_ADD_TC_OP_groupi module:csa_tree_ADD_TC_OP_group_2_34627
 equation: assign out_0 = (($signed(in_0) * $signed(in_1)) + $signed(in_2));
             csa_and_adder            very_fast            4x4x8      8         101.07          18                       
                 ppgen_0  in_0 * in_1  nonbooth

  Related RTL operators:
  mul_40_23        *       signed     very_fast/non_booth  4x4        8                         12   40  23 mac_unit.sv  
=========================================================================================================================
accel/qkv/pe_grid/row_block[0].pe_row_inst/pe_instances[1].pe_inst/temporal_mac_instances[3].mac_inst
csa_tree_ADD_TC_OP_groupi module:csa_tree_ADD_TC_OP_group_2_34674
 equation: assign out_0 = (($signed(in_0) * $signed(in_1)) + $signed(in_2));
             csa_and_adder            very_fast            4x4x8      8         101.07          20                       
                 ppgen_0  in_0 * in_1  nonbooth

  Related RTL operators:
  mul_40_23        *       signed     very_fast/non_booth  4x4        8                         12   40  23 mac_unit.sv  
=========================================================================================================================
accel/qkv/pe_grid/row_block[0].pe_row_inst/pe_instances[2].pe_inst/temporal_mac_instances[0].mac_inst
csa_tree_ADD_TC_OP_groupi module:csa_tree_ADD_TC_OP_group_2_34666
 equation: assign out_0 = (($signed(in_0) * $signed(in_1)) + $signed(in_2));
             csa_and_adder            very_fast            4x4x8      8          99.89          22                       
                 ppgen_0  in_0 * in_1  nonbooth

  Related RTL operators:
  mul_40_23        *       signed     very_fast/non_booth  4x4        8                         12   40  23 mac_unit.sv  
=========================================================================================================================
accel/qkv/pe_grid/row_block[0].pe_row_inst/pe_instances[2].pe_inst/temporal_mac_instances[1].mac_inst
csa_tree_ADD_TC_OP_groupi module:csa_tree_ADD_TC_OP_group_2_34708
 equation: assign out_0 = (($signed(in_0) * $signed(in_1)) + $signed(in_2));
             csa_and_adder            very_fast            4x4x8      8         102.25          21                       
                 ppgen_0  in_0 * in_1  nonbooth

  Related RTL operators:
  mul_40_23        *       signed     very_fast/non_booth  4x4        8                         12   40  23 mac_unit.sv  
=========================================================================================================================
accel/qkv/pe_grid/row_block[0].pe_row_inst/pe_instances[2].pe_inst/temporal_mac_instances[2].mac_inst
csa_tree_ADD_TC_OP_groupi module:csa_tree_ADD_TC_OP_group_2
 equation: assign out_0 = (($signed(in_0) * $signed(in_1)) + $signed(in_2));
             csa_and_adder            very_fast            4x4x8      8         101.07          22                       
                 ppgen_0  in_0 * in_1  nonbooth

  Related RTL operators:
  mul_40_23        *       signed     very_fast/non_booth  4x4        8                         12   40  23 mac_unit.sv  
=========================================================================================================================
accel/qkv/pe_grid/row_block[0].pe_row_inst/pe_instances[2].pe_inst/temporal_mac_instances[3].mac_inst
csa_tree_ADD_TC_OP_groupi module:csa_tree_ADD_TC_OP_group_2_34708
 equation: assign out_0 = (($signed(in_0) * $signed(in_1)) + $signed(in_2));
             csa_and_adder            very_fast            4x4x8      8         102.25          21                       
                 ppgen_0  in_0 * in_1  nonbooth

  Related RTL operators:
  mul_40_23        *       signed     very_fast/non_booth  4x4        8                         12   40  23 mac_unit.sv  
=========================================================================================================================
accel/qkv/pe_grid/row_block[0].pe_row_inst/pe_instances[3].pe_inst/temporal_mac_instances[0].mac_inst
csa_tree_ADD_TC_OP_groupi module:csa_tree_ADD_TC_OP_group_2_34708
 equation: assign out_0 = (($signed(in_0) * $signed(in_1)) + $signed(in_2));
             csa_and_adder            very_fast            4x4x8      8         102.25          21                       
                 ppgen_0  in_0 * in_1  nonbooth

  Related RTL operators:
  mul_40_23        *       signed     very_fast/non_booth  4x4        8                         12   40  23 mac_unit.sv  
=========================================================================================================================
accel/qkv/pe_grid/row_block[0].pe_row_inst/pe_instances[3].pe_inst/temporal_mac_instances[1].mac_inst
csa_tree_ADD_TC_OP_groupi module:csa_tree_ADD_TC_OP_group_2_34708
 equation: assign out_0 = (($signed(in_0) * $signed(in_1)) + $signed(in_2));
             csa_and_adder            very_fast            4x4x8      8         102.25          21                       
                 ppgen_0  in_0 * in_1  nonbooth

  Related RTL operators:
  mul_40_23        *       signed     very_fast/non_booth  4x4        8                         12   40  23 mac_unit.sv  
=========================================================================================================================
accel/qkv/pe_grid/row_block[0].pe_row_inst/pe_instances[3].pe_inst/temporal_mac_instances[2].mac_inst
csa_tree_ADD_TC_OP_groupi module:csa_tree_ADD_TC_OP_group_2_34708
 equation: assign out_0 = (($signed(in_0) * $signed(in_1)) + $signed(in_2));
             csa_and_adder            very_fast            4x4x8      8         102.25          21                       
                 ppgen_0  in_0 * in_1  nonbooth

  Related RTL operators:
  mul_40_23        *       signed     very_fast/non_booth  4x4        8                         12   40  23 mac_unit.sv  
=========================================================================================================================
accel/qkv/pe_grid/row_block[0].pe_row_inst/pe_instances[3].pe_inst/temporal_mac_instances[3].mac_inst
csa_tree_ADD_TC_OP_groupi module:csa_tree_ADD_TC_OP_group_2_34676
 equation: assign out_0 = (($signed(in_0) * $signed(in_1)) + $signed(in_2));
             csa_and_adder            very_fast            4x4x8      8          99.89          20                       
                 ppgen_0  in_0 * in_1  nonbooth

  Related RTL operators:
  mul_40_23        *       signed     very_fast/non_booth  4x4        8                         12   40  23 mac_unit.sv  
=========================================================================================================================
accel/qkv/pe_grid/row_block[1].pe_row_inst/pe_instances[0].pe_inst/temporal_mac_instances[0].mac_inst
csa_tree_ADD_TC_OP_groupi module:csa_tree_ADD_TC_OP_group_2_34675
 equation: assign out_0 = (($signed(in_0) * $signed(in_1)) + $signed(in_2));
             csa_and_adder            very_fast            4x4x8      8         101.07          18                       
                 ppgen_0  in_0 * in_1  nonbooth

  Related RTL operators:
  mul_40_23        *       signed     very_fast/non_booth  4x4        8                         12   40  23 mac_unit.sv  
=========================================================================================================================
accel/qkv/pe_grid/row_block[1].pe_row_inst/pe_instances[0].pe_inst/temporal_mac_instances[1].mac_inst
csa_tree_ADD_TC_OP_groupi module:csa_tree_ADD_TC_OP_group_2_34674
 equation: assign out_0 = (($signed(in_0) * $signed(in_1)) + $signed(in_2));
             csa_and_adder            very_fast            4x4x8      8         101.07          20                       
                 ppgen_0  in_0 * in_1  nonbooth

  Related RTL operators:
  mul_40_23        *       signed     very_fast/non_booth  4x4        8                         12   40  23 mac_unit.sv  
=========================================================================================================================
accel/qkv/pe_grid/row_block[1].pe_row_inst/pe_instances[0].pe_inst/temporal_mac_instances[2].mac_inst
csa_tree_ADD_TC_OP_groupi module:csa_tree_ADD_TC_OP_group_2_34674
 equation: assign out_0 = (($signed(in_0) * $signed(in_1)) + $signed(in_2));
             csa_and_adder            very_fast            4x4x8      8         101.07          20                       
                 ppgen_0  in_0 * in_1  nonbooth

  Related RTL operators:
  mul_40_23        *       signed     very_fast/non_booth  4x4        8                         12   40  23 mac_unit.sv  
=========================================================================================================================
accel/qkv/pe_grid/row_block[1].pe_row_inst/pe_instances[0].pe_inst/temporal_mac_instances[3].mac_inst
csa_tree_ADD_TC_OP_groupi module:csa_tree_ADD_TC_OP_group_2_34674
 equation: assign out_0 = (($signed(in_0) * $signed(in_1)) + $signed(in_2));
             csa_and_adder            very_fast            4x4x8      8         101.07          20                       
                 ppgen_0  in_0 * in_1  nonbooth

  Related RTL operators:
  mul_40_23        *       signed     very_fast/non_booth  4x4        8                         12   40  23 mac_unit.sv  
=========================================================================================================================
accel/qkv/pe_grid/row_block[1].pe_row_inst/pe_instances[1].pe_inst/temporal_mac_instances[0].mac_inst
csa_tree_ADD_TC_OP_groupi module:csa_tree_ADD_TC_OP_group_2_34674
 equation: assign out_0 = (($signed(in_0) * $signed(in_1)) + $signed(in_2));
             csa_and_adder            very_fast            4x4x8      8         101.07          20                       
                 ppgen_0  in_0 * in_1  nonbooth

  Related RTL operators:
  mul_40_23        *       signed     very_fast/non_booth  4x4        8                         12   40  23 mac_unit.sv  
=========================================================================================================================
accel/qkv/pe_grid/row_block[1].pe_row_inst/pe_instances[1].pe_inst/temporal_mac_instances[1].mac_inst
csa_tree_ADD_TC_OP_groupi module:csa_tree_ADD_TC_OP_group_2_34669
 equation: assign out_0 = (($signed(in_0) * $signed(in_1)) + $signed(in_2));
             csa_and_adder            very_fast            4x4x8      8          99.89          20                       
                 ppgen_0  in_0 * in_1  nonbooth

  Related RTL operators:
  mul_40_23        *       signed     very_fast/non_booth  4x4        8                         12   40  23 mac_unit.sv  
=========================================================================================================================
accel/qkv/pe_grid/row_block[1].pe_row_inst/pe_instances[1].pe_inst/temporal_mac_instances[2].mac_inst
csa_tree_ADD_TC_OP_groupi module:csa_tree_ADD_TC_OP_group_2_34674
 equation: assign out_0 = (($signed(in_0) * $signed(in_1)) + $signed(in_2));
             csa_and_adder            very_fast            4x4x8      8         101.07          20                       
                 ppgen_0  in_0 * in_1  nonbooth

  Related RTL operators:
  mul_40_23        *       signed     very_fast/non_booth  4x4        8                         12   40  23 mac_unit.sv  
=========================================================================================================================
accel/qkv/pe_grid/row_block[1].pe_row_inst/pe_instances[1].pe_inst/temporal_mac_instances[3].mac_inst
csa_tree_ADD_TC_OP_groupi module:csa_tree_ADD_TC_OP_group_2_34674
 equation: assign out_0 = (($signed(in_0) * $signed(in_1)) + $signed(in_2));
             csa_and_adder            very_fast            4x4x8      8         101.07          20                       
                 ppgen_0  in_0 * in_1  nonbooth

  Related RTL operators:
  mul_40_23        *       signed     very_fast/non_booth  4x4        8                         12   40  23 mac_unit.sv  
=========================================================================================================================
accel/qkv/pe_grid/row_block[1].pe_row_inst/pe_instances[2].pe_inst/temporal_mac_instances[0].mac_inst
csa_tree_ADD_TC_OP_groupi module:csa_tree_ADD_TC_OP_group_2_34666
 equation: assign out_0 = (($signed(in_0) * $signed(in_1)) + $signed(in_2));
             csa_and_adder            very_fast            4x4x8      8          99.89          22                       
                 ppgen_0  in_0 * in_1  nonbooth

  Related RTL operators:
  mul_40_23        *       signed     very_fast/non_booth  4x4        8                         12   40  23 mac_unit.sv  
=========================================================================================================================
accel/qkv/pe_grid/row_block[1].pe_row_inst/pe_instances[2].pe_inst/temporal_mac_instances[1].mac_inst
csa_tree_ADD_TC_OP_groupi module:csa_tree_ADD_TC_OP_group_2_34666
 equation: assign out_0 = (($signed(in_0) * $signed(in_1)) + $signed(in_2));
             csa_and_adder            very_fast            4x4x8      8          99.89          22                       
                 ppgen_0  in_0 * in_1  nonbooth

  Related RTL operators:
  mul_40_23        *       signed     very_fast/non_booth  4x4        8                         12   40  23 mac_unit.sv  
=========================================================================================================================
accel/qkv/pe_grid/row_block[1].pe_row_inst/pe_instances[2].pe_inst/temporal_mac_instances[2].mac_inst
csa_tree_ADD_TC_OP_groupi module:csa_tree_ADD_TC_OP_group_2_34664
 equation: assign out_0 = (($signed(in_0) * $signed(in_1)) + $signed(in_2));
             csa_and_adder            very_fast            4x4x8      8         101.07          20                       
                 ppgen_0  in_0 * in_1  nonbooth

  Related RTL operators:
  mul_40_23        *       signed     very_fast/non_booth  4x4        8                         12   40  23 mac_unit.sv  
=========================================================================================================================
accel/qkv/pe_grid/row_block[1].pe_row_inst/pe_instances[2].pe_inst/temporal_mac_instances[3].mac_inst
csa_tree_ADD_TC_OP_groupi module:csa_tree_ADD_TC_OP_group_2_34708
 equation: assign out_0 = (($signed(in_0) * $signed(in_1)) + $signed(in_2));
             csa_and_adder            very_fast            4x4x8      8         102.25          21                       
                 ppgen_0  in_0 * in_1  nonbooth

  Related RTL operators:
  mul_40_23        *       signed     very_fast/non_booth  4x4        8                         12   40  23 mac_unit.sv  
=========================================================================================================================
accel/qkv/pe_grid/row_block[1].pe_row_inst/pe_instances[3].pe_inst/temporal_mac_instances[0].mac_inst
csa_tree_ADD_TC_OP_groupi module:csa_tree_ADD_TC_OP_group_2_34708
 equation: assign out_0 = (($signed(in_0) * $signed(in_1)) + $signed(in_2));
             csa_and_adder            very_fast            4x4x8      8         102.25          21                       
                 ppgen_0  in_0 * in_1  nonbooth

  Related RTL operators:
  mul_40_23        *       signed     very_fast/non_booth  4x4        8                         12   40  23 mac_unit.sv  
=========================================================================================================================
accel/qkv/pe_grid/row_block[1].pe_row_inst/pe_instances[3].pe_inst/temporal_mac_instances[1].mac_inst
csa_tree_ADD_TC_OP_groupi module:csa_tree_ADD_TC_OP_group_2_34708
 equation: assign out_0 = (($signed(in_0) * $signed(in_1)) + $signed(in_2));
             csa_and_adder            very_fast            4x4x8      8         102.25          21                       
                 ppgen_0  in_0 * in_1  nonbooth

  Related RTL operators:
  mul_40_23        *       signed     very_fast/non_booth  4x4        8                         12   40  23 mac_unit.sv  
=========================================================================================================================
accel/qkv/pe_grid/row_block[1].pe_row_inst/pe_instances[3].pe_inst/temporal_mac_instances[2].mac_inst
csa_tree_ADD_TC_OP_groupi module:csa_tree_ADD_TC_OP_group_2_34708
 equation: assign out_0 = (($signed(in_0) * $signed(in_1)) + $signed(in_2));
             csa_and_adder            very_fast            4x4x8      8         102.25          21                       
                 ppgen_0  in_0 * in_1  nonbooth

  Related RTL operators:
  mul_40_23        *       signed     very_fast/non_booth  4x4        8                         12   40  23 mac_unit.sv  
=========================================================================================================================
accel/qkv/pe_grid/row_block[1].pe_row_inst/pe_instances[3].pe_inst/temporal_mac_instances[3].mac_inst
csa_tree_ADD_TC_OP_groupi module:csa_tree_ADD_TC_OP_group_2_34666
 equation: assign out_0 = (($signed(in_0) * $signed(in_1)) + $signed(in_2));
             csa_and_adder            very_fast            4x4x8      8          99.89          22                       
                 ppgen_0  in_0 * in_1  nonbooth

  Related RTL operators:
  mul_40_23        *       signed     very_fast/non_booth  4x4        8                         12   40  23 mac_unit.sv  
=========================================================================================================================
accel/qkv/pe_grid/row_block[2].pe_row_inst/pe_instances[0].pe_inst/temporal_mac_instances[0].mac_inst
csa_tree_ADD_TC_OP_groupi module:csa_tree_ADD_TC_OP_group_2_34675
 equation: assign out_0 = (($signed(in_0) * $signed(in_1)) + $signed(in_2));
             csa_and_adder            very_fast            4x4x8      8         101.07          18                       
                 ppgen_0  in_0 * in_1  nonbooth

  Related RTL operators:
  mul_40_23        *       signed     very_fast/non_booth  4x4        8                         12   40  23 mac_unit.sv  
=========================================================================================================================
accel/qkv/pe_grid/row_block[2].pe_row_inst/pe_instances[0].pe_inst/temporal_mac_instances[1].mac_inst
csa_tree_ADD_TC_OP_groupi module:csa_tree_ADD_TC_OP_group_2_34675
 equation: assign out_0 = (($signed(in_0) * $signed(in_1)) + $signed(in_2));
             csa_and_adder            very_fast            4x4x8      8         101.07          18                       
                 ppgen_0  in_0 * in_1  nonbooth

  Related RTL operators:
  mul_40_23        *       signed     very_fast/non_booth  4x4        8                         12   40  23 mac_unit.sv  
=========================================================================================================================
accel/qkv/pe_grid/row_block[2].pe_row_inst/pe_instances[0].pe_inst/temporal_mac_instances[2].mac_inst
csa_tree_ADD_TC_OP_groupi module:csa_tree_ADD_TC_OP_group_2_34674
 equation: assign out_0 = (($signed(in_0) * $signed(in_1)) + $signed(in_2));
             csa_and_adder            very_fast            4x4x8      8         101.07          20                       
                 ppgen_0  in_0 * in_1  nonbooth

  Related RTL operators:
  mul_40_23        *       signed     very_fast/non_booth  4x4        8                         12   40  23 mac_unit.sv  
=========================================================================================================================
accel/qkv/pe_grid/row_block[2].pe_row_inst/pe_instances[0].pe_inst/temporal_mac_instances[3].mac_inst
csa_tree_ADD_TC_OP_groupi module:csa_tree_ADD_TC_OP_group_2_34674
 equation: assign out_0 = (($signed(in_0) * $signed(in_1)) + $signed(in_2));
             csa_and_adder            very_fast            4x4x8      8         101.07          20                       
                 ppgen_0  in_0 * in_1  nonbooth

  Related RTL operators:
  mul_40_23        *       signed     very_fast/non_booth  4x4        8                         12   40  23 mac_unit.sv  
=========================================================================================================================
accel/qkv/pe_grid/row_block[2].pe_row_inst/pe_instances[1].pe_inst/temporal_mac_instances[0].mac_inst
csa_tree_ADD_TC_OP_groupi module:csa_tree_ADD_TC_OP_group_2_34666
 equation: assign out_0 = (($signed(in_0) * $signed(in_1)) + $signed(in_2));
             csa_and_adder            very_fast            4x4x8      8          99.89          22                       
                 ppgen_0  in_0 * in_1  nonbooth

  Related RTL operators:
  mul_40_23        *       signed     very_fast/non_booth  4x4        8                         12   40  23 mac_unit.sv  
=========================================================================================================================
accel/qkv/pe_grid/row_block[2].pe_row_inst/pe_instances[1].pe_inst/temporal_mac_instances[1].mac_inst
csa_tree_ADD_TC_OP_groupi module:csa_tree_ADD_TC_OP_group_2_34674
 equation: assign out_0 = (($signed(in_0) * $signed(in_1)) + $signed(in_2));
             csa_and_adder            very_fast            4x4x8      8         101.07          20                       
                 ppgen_0  in_0 * in_1  nonbooth

  Related RTL operators:
  mul_40_23        *       signed     very_fast/non_booth  4x4        8                         12   40  23 mac_unit.sv  
=========================================================================================================================
accel/qkv/pe_grid/row_block[2].pe_row_inst/pe_instances[1].pe_inst/temporal_mac_instances[2].mac_inst
csa_tree_ADD_TC_OP_groupi module:csa_tree_ADD_TC_OP_group_2_34674
 equation: assign out_0 = (($signed(in_0) * $signed(in_1)) + $signed(in_2));
             csa_and_adder            very_fast            4x4x8      8         101.07          20                       
                 ppgen_0  in_0 * in_1  nonbooth

  Related RTL operators:
  mul_40_23        *       signed     very_fast/non_booth  4x4        8                         12   40  23 mac_unit.sv  
=========================================================================================================================
accel/qkv/pe_grid/row_block[2].pe_row_inst/pe_instances[1].pe_inst/temporal_mac_instances[3].mac_inst
csa_tree_ADD_TC_OP_groupi module:csa_tree_ADD_TC_OP_group_2_34666
 equation: assign out_0 = (($signed(in_0) * $signed(in_1)) + $signed(in_2));
             csa_and_adder            very_fast            4x4x8      8          99.89          22                       
                 ppgen_0  in_0 * in_1  nonbooth

  Related RTL operators:
  mul_40_23        *       signed     very_fast/non_booth  4x4        8                         12   40  23 mac_unit.sv  
=========================================================================================================================
accel/qkv/pe_grid/row_block[2].pe_row_inst/pe_instances[2].pe_inst/temporal_mac_instances[0].mac_inst
csa_tree_ADD_TC_OP_groupi module:csa_tree_ADD_TC_OP_group_2_34666
 equation: assign out_0 = (($signed(in_0) * $signed(in_1)) + $signed(in_2));
             csa_and_adder            very_fast            4x4x8      8          99.89          22                       
                 ppgen_0  in_0 * in_1  nonbooth

  Related RTL operators:
  mul_40_23        *       signed     very_fast/non_booth  4x4        8                         12   40  23 mac_unit.sv  
=========================================================================================================================
accel/qkv/pe_grid/row_block[2].pe_row_inst/pe_instances[2].pe_inst/temporal_mac_instances[1].mac_inst
csa_tree_ADD_TC_OP_groupi module:csa_tree_ADD_TC_OP_group_2_34708
 equation: assign out_0 = (($signed(in_0) * $signed(in_1)) + $signed(in_2));
             csa_and_adder            very_fast            4x4x8      8         102.25          21                       
                 ppgen_0  in_0 * in_1  nonbooth

  Related RTL operators:
  mul_40_23        *       signed     very_fast/non_booth  4x4        8                         12   40  23 mac_unit.sv  
=========================================================================================================================
accel/qkv/pe_grid/row_block[2].pe_row_inst/pe_instances[2].pe_inst/temporal_mac_instances[2].mac_inst
csa_tree_ADD_TC_OP_groupi module:csa_tree_ADD_TC_OP_group_2_34666
 equation: assign out_0 = (($signed(in_0) * $signed(in_1)) + $signed(in_2));
             csa_and_adder            very_fast            4x4x8      8          99.89          22                       
                 ppgen_0  in_0 * in_1  nonbooth

  Related RTL operators:
  mul_40_23        *       signed     very_fast/non_booth  4x4        8                         12   40  23 mac_unit.sv  
=========================================================================================================================
accel/qkv/pe_grid/row_block[2].pe_row_inst/pe_instances[2].pe_inst/temporal_mac_instances[3].mac_inst
csa_tree_ADD_TC_OP_groupi module:csa_tree_ADD_TC_OP_group_2_34666
 equation: assign out_0 = (($signed(in_0) * $signed(in_1)) + $signed(in_2));
             csa_and_adder            very_fast            4x4x8      8          99.89          22                       
                 ppgen_0  in_0 * in_1  nonbooth

  Related RTL operators:
  mul_40_23        *       signed     very_fast/non_booth  4x4        8                         12   40  23 mac_unit.sv  
=========================================================================================================================
accel/qkv/pe_grid/row_block[2].pe_row_inst/pe_instances[3].pe_inst/temporal_mac_instances[0].mac_inst
csa_tree_ADD_TC_OP_groupi module:csa_tree_ADD_TC_OP_group_2_34708
 equation: assign out_0 = (($signed(in_0) * $signed(in_1)) + $signed(in_2));
             csa_and_adder            very_fast            4x4x8      8         102.25          21                       
                 ppgen_0  in_0 * in_1  nonbooth

  Related RTL operators:
  mul_40_23        *       signed     very_fast/non_booth  4x4        8                         12   40  23 mac_unit.sv  
=========================================================================================================================
accel/qkv/pe_grid/row_block[2].pe_row_inst/pe_instances[3].pe_inst/temporal_mac_instances[1].mac_inst
csa_tree_ADD_TC_OP_groupi module:csa_tree_ADD_TC_OP_group_2_34708
 equation: assign out_0 = (($signed(in_0) * $signed(in_1)) + $signed(in_2));
             csa_and_adder            very_fast            4x4x8      8         102.25          21                       
                 ppgen_0  in_0 * in_1  nonbooth

  Related RTL operators:
  mul_40_23        *       signed     very_fast/non_booth  4x4        8                         12   40  23 mac_unit.sv  
=========================================================================================================================
accel/qkv/pe_grid/row_block[2].pe_row_inst/pe_instances[3].pe_inst/temporal_mac_instances[2].mac_inst
csa_tree_ADD_TC_OP_groupi module:csa_tree_ADD_TC_OP_group_2_34708
 equation: assign out_0 = (($signed(in_0) * $signed(in_1)) + $signed(in_2));
             csa_and_adder            very_fast            4x4x8      8         102.25          21                       
                 ppgen_0  in_0 * in_1  nonbooth

  Related RTL operators:
  mul_40_23        *       signed     very_fast/non_booth  4x4        8                         12   40  23 mac_unit.sv  
=========================================================================================================================
accel/qkv/pe_grid/row_block[2].pe_row_inst/pe_instances[3].pe_inst/temporal_mac_instances[3].mac_inst
csa_tree_ADD_TC_OP_groupi module:csa_tree_ADD_TC_OP_group_2_34664
 equation: assign out_0 = (($signed(in_0) * $signed(in_1)) + $signed(in_2));
             csa_and_adder            very_fast            4x4x8      8         101.07          20                       
                 ppgen_0  in_0 * in_1  nonbooth

  Related RTL operators:
  mul_40_23        *       signed     very_fast/non_booth  4x4        8                         12   40  23 mac_unit.sv  
=========================================================================================================================
accel/qkv/pe_grid/row_block[3].pe_row_inst/pe_instances[0].pe_inst/temporal_mac_instances[0].mac_inst
csa_tree_ADD_TC_OP_groupi module:csa_tree_ADD_TC_OP_group_2_34640
 equation: assign out_0 = (($signed(in_0) * $signed(in_1)) + $signed(in_2));
             csa_and_adder            very_fast            4x4x8      8          99.89          20                       
                 ppgen_0  in_0 * in_1  nonbooth

  Related RTL operators:
  mul_40_23        *       signed     very_fast/non_booth  4x4        8                         12   40  23 mac_unit.sv  
=========================================================================================================================
accel/qkv/pe_grid/row_block[3].pe_row_inst/pe_instances[0].pe_inst/temporal_mac_instances[1].mac_inst
csa_tree_ADD_TC_OP_groupi module:csa_tree_ADD_TC_OP_group_2_34674
 equation: assign out_0 = (($signed(in_0) * $signed(in_1)) + $signed(in_2));
             csa_and_adder            very_fast            4x4x8      8         101.07          20                       
                 ppgen_0  in_0 * in_1  nonbooth

  Related RTL operators:
  mul_40_23        *       signed     very_fast/non_booth  4x4        8                         12   40  23 mac_unit.sv  
=========================================================================================================================
accel/qkv/pe_grid/row_block[3].pe_row_inst/pe_instances[0].pe_inst/temporal_mac_instances[2].mac_inst
csa_tree_ADD_TC_OP_groupi module:csa_tree_ADD_TC_OP_group_2_34674
 equation: assign out_0 = (($signed(in_0) * $signed(in_1)) + $signed(in_2));
             csa_and_adder            very_fast            4x4x8      8         101.07          20                       
                 ppgen_0  in_0 * in_1  nonbooth

  Related RTL operators:
  mul_40_23        *       signed     very_fast/non_booth  4x4        8                         12   40  23 mac_unit.sv  
=========================================================================================================================
accel/qkv/pe_grid/row_block[3].pe_row_inst/pe_instances[0].pe_inst/temporal_mac_instances[3].mac_inst
csa_tree_ADD_TC_OP_groupi module:csa_tree_ADD_TC_OP_group_2_34674
 equation: assign out_0 = (($signed(in_0) * $signed(in_1)) + $signed(in_2));
             csa_and_adder            very_fast            4x4x8      8         101.07          20                       
                 ppgen_0  in_0 * in_1  nonbooth

  Related RTL operators:
  mul_40_23        *       signed     very_fast/non_booth  4x4        8                         12   40  23 mac_unit.sv  
=========================================================================================================================
accel/qkv/pe_grid/row_block[3].pe_row_inst/pe_instances[1].pe_inst/temporal_mac_instances[0].mac_inst
csa_tree_ADD_TC_OP_groupi module:csa_tree_ADD_TC_OP_group_2_34674
 equation: assign out_0 = (($signed(in_0) * $signed(in_1)) + $signed(in_2));
             csa_and_adder            very_fast            4x4x8      8         101.07          20                       
                 ppgen_0  in_0 * in_1  nonbooth

  Related RTL operators:
  mul_40_23        *       signed     very_fast/non_booth  4x4        8                         12   40  23 mac_unit.sv  
=========================================================================================================================
accel/qkv/pe_grid/row_block[3].pe_row_inst/pe_instances[1].pe_inst/temporal_mac_instances[1].mac_inst
csa_tree_ADD_TC_OP_groupi module:csa_tree_ADD_TC_OP_group_2_34674
 equation: assign out_0 = (($signed(in_0) * $signed(in_1)) + $signed(in_2));
             csa_and_adder            very_fast            4x4x8      8         101.07          20                       
                 ppgen_0  in_0 * in_1  nonbooth

  Related RTL operators:
  mul_40_23        *       signed     very_fast/non_booth  4x4        8                         12   40  23 mac_unit.sv  
=========================================================================================================================
accel/qkv/pe_grid/row_block[3].pe_row_inst/pe_instances[1].pe_inst/temporal_mac_instances[2].mac_inst
csa_tree_ADD_TC_OP_groupi module:csa_tree_ADD_TC_OP_group_2_34666
 equation: assign out_0 = (($signed(in_0) * $signed(in_1)) + $signed(in_2));
             csa_and_adder            very_fast            4x4x8      8          99.89          22                       
                 ppgen_0  in_0 * in_1  nonbooth

  Related RTL operators:
  mul_40_23        *       signed     very_fast/non_booth  4x4        8                         12   40  23 mac_unit.sv  
=========================================================================================================================
accel/qkv/pe_grid/row_block[3].pe_row_inst/pe_instances[1].pe_inst/temporal_mac_instances[3].mac_inst
csa_tree_ADD_TC_OP_groupi module:csa_tree_ADD_TC_OP_group_2_34666
 equation: assign out_0 = (($signed(in_0) * $signed(in_1)) + $signed(in_2));
             csa_and_adder            very_fast            4x4x8      8          99.89          22                       
                 ppgen_0  in_0 * in_1  nonbooth

  Related RTL operators:
  mul_40_23        *       signed     very_fast/non_booth  4x4        8                         12   40  23 mac_unit.sv  
=========================================================================================================================
accel/qkv/pe_grid/row_block[3].pe_row_inst/pe_instances[2].pe_inst/temporal_mac_instances[0].mac_inst
csa_tree_ADD_TC_OP_groupi module:csa_tree_ADD_TC_OP_group_2_34708
 equation: assign out_0 = (($signed(in_0) * $signed(in_1)) + $signed(in_2));
             csa_and_adder            very_fast            4x4x8      8         102.25          21                       
                 ppgen_0  in_0 * in_1  nonbooth

  Related RTL operators:
  mul_40_23        *       signed     very_fast/non_booth  4x4        8                         12   40  23 mac_unit.sv  
=========================================================================================================================
accel/qkv/pe_grid/row_block[3].pe_row_inst/pe_instances[2].pe_inst/temporal_mac_instances[1].mac_inst
csa_tree_ADD_TC_OP_groupi module:csa_tree_ADD_TC_OP_group_2_34666
 equation: assign out_0 = (($signed(in_0) * $signed(in_1)) + $signed(in_2));
             csa_and_adder            very_fast            4x4x8      8          99.89          22                       
                 ppgen_0  in_0 * in_1  nonbooth

  Related RTL operators:
  mul_40_23        *       signed     very_fast/non_booth  4x4        8                         12   40  23 mac_unit.sv  
=========================================================================================================================
accel/qkv/pe_grid/row_block[3].pe_row_inst/pe_instances[2].pe_inst/temporal_mac_instances[2].mac_inst
csa_tree_ADD_TC_OP_groupi module:csa_tree_ADD_TC_OP_group_2_34629
 equation: assign out_0 = (($signed(in_0) * $signed(in_1)) + $signed(in_2));
             csa_and_adder            very_fast            4x4x8      8          99.89          20                       
                 ppgen_0  in_0 * in_1  nonbooth

  Related RTL operators:
  mul_40_23        *       signed     very_fast/non_booth  4x4        8                         12   40  23 mac_unit.sv  
=========================================================================================================================
accel/qkv/pe_grid/row_block[3].pe_row_inst/pe_instances[2].pe_inst/temporal_mac_instances[3].mac_inst
csa_tree_ADD_TC_OP_groupi module:csa_tree_ADD_TC_OP_group_2_34666
 equation: assign out_0 = (($signed(in_0) * $signed(in_1)) + $signed(in_2));
             csa_and_adder            very_fast            4x4x8      8          99.89          22                       
                 ppgen_0  in_0 * in_1  nonbooth

  Related RTL operators:
  mul_40_23        *       signed     very_fast/non_booth  4x4        8                         12   40  23 mac_unit.sv  
=========================================================================================================================
accel/qkv/pe_grid/row_block[3].pe_row_inst/pe_instances[3].pe_inst/temporal_mac_instances[0].mac_inst
csa_tree_ADD_TC_OP_groupi module:csa_tree_ADD_TC_OP_group_2_34708
 equation: assign out_0 = (($signed(in_0) * $signed(in_1)) + $signed(in_2));
             csa_and_adder            very_fast            4x4x8      8         102.25          21                       
                 ppgen_0  in_0 * in_1  nonbooth

  Related RTL operators:
  mul_40_23        *       signed     very_fast/non_booth  4x4        8                         12   40  23 mac_unit.sv  
=========================================================================================================================
accel/qkv/pe_grid/row_block[3].pe_row_inst/pe_instances[3].pe_inst/temporal_mac_instances[1].mac_inst
csa_tree_ADD_TC_OP_groupi module:csa_tree_ADD_TC_OP_group_2_34708
 equation: assign out_0 = (($signed(in_0) * $signed(in_1)) + $signed(in_2));
             csa_and_adder            very_fast            4x4x8      8         102.25          21                       
                 ppgen_0  in_0 * in_1  nonbooth

  Related RTL operators:
  mul_40_23        *       signed     very_fast/non_booth  4x4        8                         12   40  23 mac_unit.sv  
=========================================================================================================================
accel/qkv/pe_grid/row_block[3].pe_row_inst/pe_instances[3].pe_inst/temporal_mac_instances[2].mac_inst
csa_tree_ADD_TC_OP_groupi module:csa_tree_ADD_TC_OP_group_2_34708
 equation: assign out_0 = (($signed(in_0) * $signed(in_1)) + $signed(in_2));
             csa_and_adder            very_fast            4x4x8      8         102.25          21                       
                 ppgen_0  in_0 * in_1  nonbooth

  Related RTL operators:
  mul_40_23        *       signed     very_fast/non_booth  4x4        8                         12   40  23 mac_unit.sv  
=========================================================================================================================
accel/qkv/pe_grid/row_block[3].pe_row_inst/pe_instances[3].pe_inst/temporal_mac_instances[3].mac_inst
csa_tree_ADD_TC_OP_groupi module:csa_tree_ADD_TC_OP_group_2_34695
 equation: assign out_0 = (($signed(in_0) * $signed(in_1)) + $signed(in_2));
             csa_and_adder            very_fast            4x4x8      8          99.89          22                       
                 ppgen_0  in_0 * in_1  nonbooth

  Related RTL operators:
  mul_40_23        *       signed     very_fast/non_booth  4x4        8                         12   40  23 mac_unit.sv  
=========================================================================================================================
accel/qkv
sll_582_58 module:shift_left_vlog_unsigned_34081
                   <<      x          very_fast/barrel     3072x12    3072    49536.49          20  582  58 qkv_block.sv 
=========================================================================================================================

      Type        CellArea  Percentage 
---------------------------------------
datapath modules   66151.50       1.31 
external muxes         0.00       0.00 
others           4985677.52      98.69 
---------------------------------------
total            5051829.02     100.00 

