Vivado Simulator v2024.2.0
Copyright 1986-2022 Xilinx, Inc. All Rights Reserved.
Copyright 2022-2024 Advanced Micro Devices, Inc. All Rights Reserved.
Running: C:/Xilinx/Vivado/2024.2/bin/unwrapped/win64.o/xelab.exe --incr --debug typical --relax --mt 2 -L xil_defaultlib -L uvm -L unisims_ver -L unimacro_ver -L secureip --snapshot top_tb_behav xil_defaultlib.top_tb xil_defaultlib.glbl -log elaborate.log 
Using 2 slave threads.
Starting static elaboration
Pass Through NonSizing Optimizer
Completed static elaboration
Starting simulation data flow analysis
Completed simulation data flow analysis
Time Resolution for simulation is 1ps
Compiling module xil_defaultlib.sp_ram(DATA_WIDTH=64,MEM_DEPTH=9...
Compiling module unisims_ver.DSP48E1(ACASCREG=0,ADREG=0,AREG=...
Compiling module unimacro_ver.MACC_MACRO(DEVICE="7SERIES",LATE...
Compiling module xil_defaultlib.mac_unit(DATA_WIDTH=4)
Compiling module xil_defaultlib.processing_element(DATA_WIDTH=4)
Compiling module xil_defaultlib.adder(DATA_WIDTH=8)
Compiling module xil_defaultlib.pe_row(DATA_WIDTH=4)
Compiling module xil_defaultlib.pe_array(DATA_WIDTH=4)
Compiling module xil_defaultlib.pe_output_buffer(X=768,DATA_WIDT...
Compiling module xil_defaultlib.mult(DATA_WIDTH=4)
Compiling module xil_defaultlib.mult_pe(DATA_WIDTH=4)
Compiling module xil_defaultlib.mult_row(DATA_WIDTH=4)
Compiling module xil_defaultlib.mult_array(DATA_WIDTH=4)
Compiling module xil_defaultlib.qkv_block(X=768,NUM_PEs=4,NUM_MA...
Compiling module xil_defaultlib.sp_ram(DATA_WIDTH=64,MEM_DEPTH=3...
Compiling module xil_defaultlib.pe_output_buffer(DATA_WIDTH=4)
Compiling module xil_defaultlib.ff_block(X_IN=768,X_FF=3072,NUM_...
Compiling module xil_defaultlib.top_default
Compiling module xil_defaultlib.top_tb
Compiling module xil_defaultlib.glbl
Built simulation snapshot top_tb_behav
