#
# A fatal error has been detected by the Java Runtime Environment:
#
#  EXCEPTION_ACCESS_VIOLATION (0xc0000005) at pc=0x00007ff92f77374a, pid=48544, tid=41440
#
# JRE version: OpenJDK Runtime Environment (11.0.2+9) (build 11.0.2+9)
# Java VM: OpenJDK 64-Bit Server VM (11.0.2+9, mixed mode, tiered, compressed oops, g1 gc, windows-amd64)
# Problematic frame:
# C  [librdi_common.dll+0x19374a]
#
# No core dump will be written. Minidumps are not enabled by default on client versions of Windows
#
# If you would like to submit a bug report, please visit:
#   http://bugreport.java.com/bugreport/crash.jsp
# The crash happened outside the Java Virtual Machine in native code.
# See problematic frame for where to report the bug.
#

---------------  S U M M A R Y ------------

Command Line: -Dsun.java2d.pmoffscreen=false -Dhttps.protocols=TLSv1,TLSv1.1,TLSv1.2 -Dsun.java2d.xrender=false -Dsun.java2d.d3d=false -Dsun.awt.nopixfmt=true -Dsun.java2d.dpiaware=true -Dsun.java2d.uiScale.enabled=false -Xverify:none -Dswing.aatext=true -XX:-UsePerfData -Djdk.map.althashing.threshold=512 -XX:StringTableSize=4072 --add-opens=java.base/java.nio=ALL-UNNAMED --add-opens=java.desktop/sun.swing=ALL-UNNAMED --add-opens=java.desktop/javax.swing=ALL-UNNAMED --add-opens=java.desktop/javax.swing.tree=ALL-UNNAMED --add-opens=java.desktop/javax.swing.plaf.basic=ALL-UNNAMED --add-opens=java.desktop/javax.swing.plaf.synth=ALL-UNNAMED --add-opens=java.desktop/com.sun.awt=ALL-UNNAMED -XX:NewSize=60m -XX:MaxNewSize=60m -Xms256m -Xmx3072m -Xss5m 

Host: AMD Ryzen 9 5900HS with Radeon Graphics        , 16 cores, 15G,  Windows 10 , 64 bit Build 22621 (10.0.22621.3672)
Time: Sun Jul 14 20:53:44 2024 Eastern Daylight Time elapsed time: 100 seconds (0d 0h 1m 40s)

---------------  T H R E A D  ---------------

Current thread (0x000001f06c736800):  JavaThread "AWT-EventQueue-0" [_thread_in_native, id=41440, stack(0x00000012c8200000,0x00000012c8700000)]

Stack: [0x00000012c8200000,0x00000012c8700000],  sp=0x00000012c86faaf0,  free space=5098k
Native frames: (J=compiled Java code, j=interpreted, Vv=VM code, C=native code)
C  [librdi_common.dll+0x19374a]
C  [librdi_common.dll+0xa1a19]
C  0x00007ff90e2fdc10
C  0x00007ff90e38af9b
C  0x00007ff90e39343b
C  0x00007ff90e35df1a
C  0x00007ff90e3a2678
C  0x000001f008b6fdad

Java frames: (J=compiled Java code, j=interpreted, Vv=VM code)
J 20634  ui.views.waveform.waveformi.WVExecutive_getTooltipTextDelayed(J)Ljava/lang/String; (0 bytes) @ 0x000001f008b6fd11 [0x000001f008b6fcc0+0x0000000000000051]
J 20628 c1 ui.views.waveform.c.a.cb(Ljava/awt/event/MouseEvent;)V (135 bytes) @ 0x000001f00332e77c [0x000001f00332e1c0+0x00000000000005bc]
J 20410 c1 ui.views.waveform.c.a.mouseMoved(Ljava/awt/event/MouseEvent;)V (32 bytes) @ 0x000001f00326eb94 [0x000001f00326e640+0x0000000000000554]
J 20667 c2 java.awt.AWTEventMulticaster.mouseMoved(Ljava/awt/event/MouseEvent;)V java.desktop@11.0.2 (27 bytes) @ 0x000001f008b9dbf4 [0x000001f008b9db40+0x00000000000000b4]
J 20667 c2 java.awt.AWTEventMulticaster.mouseMoved(Ljava/awt/event/MouseEvent;)V java.desktop@11.0.2 (27 bytes) @ 0x000001f008b9dbb4 [0x000001f008b9db40+0x0000000000000074]
J 16211 c1 java.awt.Component.processMouseMotionEvent(Ljava/awt/event/MouseEvent;)V java.desktop@11.0.2 (58 bytes) @ 0x000001f0007a5084 [0x000001f0007a4d60+0x0000000000000324]
J 21395 c1 javax.swing.JComponent.processMouseMotionEvent(Ljava/awt/event/MouseEvent;)V java.desktop@11.0.2 (46 bytes) @ 0x000001f001d5fc04 [0x000001f001d5f640+0x00000000000005c4]
J 20403 c1 ui.frmwork.b.j.processMouseMotionEvent(Ljava/awt/event/MouseEvent;)V (131 bytes) @ 0x000001f00326d84c [0x000001f00326cb80+0x0000000000000ccc]
J 20817 c2 java.awt.Container.processEvent(Ljava/awt/AWTEvent;)V java.desktop@11.0.2 (22 bytes) @ 0x000001f0080390d0 [0x000001f008038fc0+0x0000000000000110]
J 21301 c1 java.awt.Component.dispatchEventImpl(Ljava/awt/AWTEvent;)V java.desktop@11.0.2 (777 bytes) @ 0x000001f001c22a2c [0x000001f001c1e840+0x00000000000041ec]
J 21294 c1 java.awt.Container.dispatchEventImpl(Ljava/awt/AWTEvent;)V java.desktop@11.0.2 (129 bytes) @ 0x000001f001c2ae8c [0x000001f001c2ad60+0x000000000000012c]
J 21463 c2 java.awt.LightweightDispatcher.retargetMouseEvent(Ljava/awt/Component;ILjava/awt/event/MouseEvent;)V java.desktop@11.0.2 (372 bytes) @ 0x000001f008cd737c [0x000001f008cd6e00+0x000000000000057c]
J 20976 c2 java.awt.LightweightDispatcher.processMouseEvent(Ljava/awt/event/MouseEvent;)Z java.desktop@11.0.2 (265 bytes) @ 0x000001f008be27c4 [0x000001f008be21c0+0x0000000000000604]
J 21327 c2 java.awt.Window.dispatchEventImpl(Ljava/awt/AWTEvent;)V java.desktop@11.0.2 (23 bytes) @ 0x000001f008c87dbc [0x000001f008c87ae0+0x00000000000002dc]
J 16708 c2 java.awt.EventQueue$4.run()Ljava/lang/Object; java.desktop@11.0.2 (5 bytes) @ 0x000001f0083f932c [0x000001f0083f91e0+0x000000000000014c]
v  ~StubRoutines::call_stub
J 3975  java.security.AccessController.doPrivileged(Ljava/security/PrivilegedAction;Ljava/security/AccessControlContext;)Ljava/lang/Object; java.base@11.0.2 (0 bytes) @ 0x000001f007e02ab6 [0x000001f007e02a40+0x0000000000000076]
J 19844 c2 java.awt.EventQueue$5.run()Ljava/lang/Object; java.desktop@11.0.2 (5 bytes) @ 0x000001f008abf43c [0x000001f008abf1e0+0x000000000000025c]
v  ~StubRoutines::call_stub
J 3975  java.security.AccessController.doPrivileged(Ljava/security/PrivilegedAction;Ljava/security/AccessControlContext;)Ljava/lang/Object; java.base@11.0.2 (0 bytes) @ 0x000001f007e02ab6 [0x000001f007e02a40+0x0000000000000076]
J 16213 c2 java.awt.EventQueue.dispatchEvent(Ljava/awt/AWTEvent;)V java.desktop@11.0.2 (80 bytes) @ 0x000001f007d01164 [0x000001f007d00bc0+0x00000000000005a4]
J 21283 c1 ui.frmwork.a.d.dispatchEvent(Ljava/awt/AWTEvent;)V (42 bytes) @ 0x000001f001c30ffc [0x000001f001c2ffe0+0x000000000000101c]
J 21286 c1 java.awt.EventDispatchThread.pumpOneEventForFilters(I)V java.desktop@11.0.2 (113 bytes) @ 0x000001f001c2dfbc [0x000001f001c2d720+0x000000000000089c]
j  java.awt.EventDispatchThread.pumpEventsForFilter(ILjava/awt/Conditional;Ljava/awt/EventFilter;)V+35 java.desktop@11.0.2
j  java.awt.EventDispatchThread.pumpEventsForHierarchy(ILjava/awt/Conditional;Ljava/awt/Component;)V+11 java.desktop@11.0.2
j  java.awt.EventDispatchThread.pumpEvents(ILjava/awt/Conditional;)V+4 java.desktop@11.0.2
j  java.awt.EventDispatchThread.pumpEvents(Ljava/awt/Conditional;)V+3 java.desktop@11.0.2
j  java.awt.EventDispatchThread.run()V+9 java.desktop@11.0.2
v  ~StubRoutines::call_stub

siginfo: EXCEPTION_ACCESS_VIOLATION (0xc0000005), reading address 0xffffffffffffffff


Register to memory mapping:

RIP=0x00007ff92f77374a librdi_common.dll
RAX=0x000001f05f769801 points into unknown readable memory: 9e 76 5f f0 01 00 00
RBX=0x00000012c86fabc0 is pointing into the stack for thread: 0x000001f06c736800
RCX=0x000001f05f7698d0 points into unknown readable memory: 30 44 76 5f f0 01 00 00
RDX=0x9006d20078a19a0f is an unknown value
RSP=0x00000012c86faaf0 is pointing into the stack for thread: 0x000001f06c736800
RBP=0x00000012c86fad90 is pointing into the stack for thread: 0x000001f06c736800
RSI=0x000001f0121d0460 points into unknown readable memory: 90 fe 55 0e f9 7f 00 00
RDI=0x9006d20078a19a0f is an unknown value
R8 =0x00007ff90e58c004 points into unknown readable memory: 00 00 00 00
R9 =0x0 is NULL
R10=0x0000000000000001 is an unknown value
R11=0x00000012c86fabd0 is pointing into the stack for thread: 0x000001f06c736800
R12=0x0 is NULL
R13=0x000001f019ce9bb0 points into unknown readable memory: e8 3f 56 0e f9 7f 00 00
R14=0x000001f01fb6fba0 points into unknown readable memory: b8 19 53 0e f9 7f 00 00
R15=0x000000000003992f is an unknown value


Registers:
RAX=0x000001f05f769801, RBX=0x00000012c86fabc0, RCX=0x000001f05f7698d0, RDX=0x9006d20078a19a0f
RSP=0x00000012c86faaf0, RBP=0x00000012c86fad90, RSI=0x000001f0121d0460, RDI=0x9006d20078a19a0f
R8 =0x00007ff90e58c004, R9 =0x0000000000000000, R10=0x0000000000000001, R11=0x00000012c86fabd0
R12=0x0000000000000000, R13=0x000001f019ce9bb0, R14=0x000001f01fb6fba0, R15=0x000000000003992f
RIP=0x00007ff92f77374a, EFLAGS=0x0000000000010202

Top of Stack: (sp=0x00000012c86faaf0)
0x00000012c86faaf0:   000000000000000f 00000065736c6100
0x00000012c86fab00:   00000000e8b9dd06 00000012c86fabc0
0x00000012c86fab10:   fffffffffffffffe 0000000000000000
0x00000012c86fab20:   00007ff90e6cea48 0000000000000000
0x00000012c86fab30:   000000000000000f 00007ff99ce24d00
0x00000012c86fab40:   000001f019ce9bb0 0000000000000000
0x00000012c86fab50:   000000000000000f 00005838f972e367
0x00000012c86fab60:   0000000000000000 0000000000000000
0x00000012c86fab70:   0000000000000000 0000000000000000
0x00000012c86fab80:   00000012c86faef0 00007ff92f681a19
0x00000012c86fab90:   00007ff90e58bfc0 000001f01fb6fba0
0x00000012c86faba0:   000001f01fb6fba0 000001f0121d0460
0x00000012c86fabb0:   000001f01fb6fba0 fffffffffffffffe
0x00000012c86fabc0:   0000000000000000 0000000000000000
0x00000012c86fabd0:   000000000003992f 000001f01fb6fba0
0x00000012c86fabe0:   00005838f972e207 0000000000000000 

Instructions: (pc=0x00007ff92f77374a)
0x00007ff92f77372a:   00 4c 8d 9c 24 90 00 00 00 49 8b 5b 20 49 8b 73
0x00007ff92f77373a:   28 41 0f 28 73 f0 0f 28 7c 24 70 49 8b e3 5f c3
0x00007ff92f77374a:   48 8b 4f 50 48 85 c9 0f 84 88 00 00 00 48 8d 54
0x00007ff92f77375a:   24 48 e8 df 04 05 00 48 8b f0 48 8d 44 24 28 33 


Stack slot to memory mapping:
stack at sp + 0 slots: 0x000000000000000f is an unknown value
stack at sp + 1 slots: 0x00000065736c6100 is an unknown value
stack at sp + 2 slots: 3904494854 is a compressed pointer to object: ui.views.aH 
{0x0000000745cee830} - klass: 'ui/views/aH'
stack at sp + 3 slots: 0x00000012c86fabc0 is pointing into the stack for thread: 0x000001f06c736800
stack at sp + 4 slots: 0xfffffffffffffffe is an unknown value
stack at sp + 5 slots: 0x0 is NULL
stack at sp + 6 slots: 0x00007ff90e6cea48 points into unknown readable memory: a0 a7 58 0e f9 7f 00 00
stack at sp + 7 slots: 0x0 is NULL


---------------  P R O C E S S  ---------------

Threads class SMR info:
_java_thread_list=0x000001f011ccd3a0, length=50, elements={
0x000001f069c8b800, 0x000001f069833800, 0x000001f069b15800, 0x000001f065120800,
0x000001f065121800, 0x000001f0639df800, 0x000001f0684fe800, 0x000001f0684ff800,
0x000001f06a7b5800, 0x000001f06a7ba000, 0x000001f06acee800, 0x000001f06d339800,
0x000001f06d486000, 0x000001f06c023000, 0x000001f06c736800, 0x000001f06c438000,
0x000001f06cb10800, 0x000001f06dcef800, 0x000001f06a589000, 0x000001f06a58f000,
0x000001f013d76000, 0x000001f013d79800, 0x000001f013d77800, 0x000001f013d7a000,
0x000001f013d7b000, 0x000001f013d75800, 0x000001f013d81800, 0x000001f013d7e800,
0x000001f013d83000, 0x000001f013d80800, 0x000001f013d84000, 0x000001f06a58d000,
0x000001f013d7c000, 0x000001f013d7f000, 0x000001f020045000, 0x000001f020049000,
0x000001f020043800, 0x000001f02004a000, 0x000001f020046800, 0x000001f02004d000,
0x000001f020048000, 0x000001f02004b800, 0x000001f020045800, 0x000001f013d77000,
0x000001f013d7d800, 0x000001f02004c800, 0x000001f020044000, 0x000001f020050800,
0x000001f02004f800, 0x000001f020051000
}

Java Threads: ( => current thread )
  0x000001f069c8b800 JavaThread "main" [_thread_blocked, id=47880, stack(0x00000012c2a00000,0x00000012c2b00000)]
  0x000001f069833800 JavaThread "Reference Handler" daemon [_thread_blocked, id=32564, stack(0x00000012c3100000,0x00000012c3600000)]
  0x000001f069b15800 JavaThread "Finalizer" daemon [_thread_blocked, id=47808, stack(0x00000012c3600000,0x00000012c3b00000)]
  0x000001f065120800 JavaThread "Signal Dispatcher" daemon [_thread_blocked, id=44812, stack(0x00000012c3b00000,0x00000012c4000000)]
  0x000001f065121800 JavaThread "Attach Listener" daemon [_thread_blocked, id=49396, stack(0x00000012c4000000,0x00000012c4500000)]
  0x000001f0639df800 JavaThread "C2 CompilerThread0" daemon [_thread_blocked, id=46684, stack(0x00000012c4500000,0x00000012c4600000)]
  0x000001f0684fe800 JavaThread "C1 CompilerThread0" daemon [_thread_blocked, id=35128, stack(0x00000012c4600000,0x00000012c4700000)]
  0x000001f0684ff800 JavaThread "Sweeper thread" daemon [_thread_blocked, id=49068, stack(0x00000012c4700000,0x00000012c4c00000)]
  0x000001f06a7b5800 JavaThread "Common-Cleaner" daemon [_thread_blocked, id=49668, stack(0x00000012c5000000,0x00000012c5500000)]
  0x000001f06a7ba000 JavaThread "Service Thread" daemon [_thread_blocked, id=46004, stack(0x00000012c5500000,0x00000012c5a00000)]
  0x000001f06acee800 JavaThread "Java2D Disposer" daemon [_thread_blocked, id=30156, stack(0x00000012c5b00000,0x00000012c6000000)]
  0x000001f06d339800 JavaThread "AWT-Shutdown" [_thread_blocked, id=46956, stack(0x00000012c6000000,0x00000012c6500000)]
  0x000001f06d486000 JavaThread "AWT-Windows" daemon [_thread_in_native, id=46508, stack(0x00000012c6500000,0x00000012c6a00000)]
  0x000001f06c023000 JavaThread "TimerQueue" daemon [_thread_blocked, id=49620, stack(0x00000012c7200000,0x00000012c7700000)]
=>0x000001f06c736800 JavaThread "AWT-EventQueue-0" [_thread_in_native, id=41440, stack(0x00000012c8200000,0x00000012c8700000)]
  0x000001f06c438000 JavaThread "Thread-1" [_thread_in_native, id=20608, stack(0x00000012c1300000,0x00000012c2700000)]
  0x000001f06cb10800 JavaThread "Process Messages Thread" [_thread_blocked, id=47400, stack(0x00000012c8c00000,0x00000012c9100000)]
  0x000001f06dcef800 JavaThread "Batik CleanerThread" daemon [_thread_blocked, id=42808, stack(0x00000012c8700000,0x00000012c8c00000)]
  0x000001f06a589000 JavaThread "SyntheticaCleanerThread" daemon [_thread_blocked, id=31364, stack(0x00000012c9900000,0x00000012c9e00000)]
  0x000001f06a58f000 JavaThread "Monitor HEventQueue Thread" [_thread_blocked, id=28660, stack(0x00000012c9f00000,0x00000012ca400000)]
  0x000001f013d76000 JavaThread "SyntheticaAnimation 50" daemon [_thread_blocked, id=46368, stack(0x00000012ca400000,0x00000012ca900000)]
  0x000001f013d79800 JavaThread "SyntheticaAnimation 25" daemon [_thread_blocked, id=49508, stack(0x00000012cab00000,0x00000012cb000000)]
  0x000001f013d77800 JavaThread "SyntheticaAnimation 70" daemon [_thread_blocked, id=43652, stack(0x00000012cb500000,0x00000012cba00000)]
  0x000001f013d7a000 JavaThread "Refresh Filesets Swing Worker Thread" [_thread_blocked, id=49060, stack(0x00000012cba00000,0x00000012cbf00000)]
  0x000001f013d7b000 JavaThread "Thread-15" [_thread_blocked, id=48272, stack(0x00000012cbf00000,0x00000012cc400000)]
  0x000001f013d75800 JavaThread "OutputGobbler" daemon [_thread_in_native, id=41376, stack(0x00000012cc400000,0x00000012cc900000)]
  0x000001f013d81800 JavaThread "ErrorGobbler" daemon [_thread_in_native, id=34416, stack(0x00000012cc900000,0x00000012cce00000)]
  0x000001f013d7e800 JavaThread "hw_ila_monitor" [_thread_blocked, id=50124, stack(0x00000012cd800000,0x00000012cdd00000)]
  0x000001f013d83000 JavaThread "pool-1-thread-1" [_thread_blocked, id=41892, stack(0x00000012ce200000,0x00000012ce700000)]
  0x000001f013d80800 JavaThread "pool-2-thread-1" [_thread_blocked, id=49096, stack(0x00000012ce700000,0x00000012cec00000)]
  0x000001f013d84000 JavaThread "pool-3-thread-1" [_thread_blocked, id=47648, stack(0x00000012cec00000,0x00000012cf100000)]
  0x000001f06a58d000 JavaThread "Update Runs Swing Worker Thread" [_thread_blocked, id=47852, stack(0x00000012cf600000,0x00000012cfb00000)]
  0x000001f013d7c000 JavaThread "Watchdog Thread for com.sigasi.lsp.server.BootstrappedLspServer" daemon [_thread_blocked, id=38996, stack(0x00000012cfb00000,0x00000012d0000000)]
  0x000001f013d7f000 JavaThread "Life support thread" daemon [_thread_blocked, id=48292, stack(0x00000012cd300000,0x00000012cd800000)]
  0x000001f020045000 JavaThread "ForkJoinPool.commonPool-worker-19" daemon [_thread_blocked, id=43560, stack(0x00000012cce00000,0x00000012cd300000)]
  0x000001f020049000 JavaThread "Protocol translation thread 0" [_thread_in_native, id=34108, stack(0x00000012d0000000,0x00000012d0500000)]
  0x000001f020043800 JavaThread "pool-5-thread-1" [_thread_blocked, id=43068, stack(0x00000012d0500000,0x00000012d0a00000)]
  0x000001f02004a000 JavaThread "EMF Reference Cleaner" daemon [_thread_blocked, id=49328, stack(0x00000012cb000000,0x00000012cb500000)]
  0x000001f020046800 JavaThread "Swing-Shell" daemon [_thread_blocked, id=49412, stack(0x00000012cf100000,0x00000012cf600000)]
  0x000001f02004d000 JavaThread "SyntheticaAnimation 50" daemon [_thread_blocked, id=48608, stack(0x00000012d1400000,0x00000012d1900000)]
  0x000001f020048000 JavaThread "pool-6-thread-1" [_thread_blocked, id=44336, stack(0x00000012c7700000,0x00000012c7c00000)]
  0x000001f02004b800 JavaThread "Timer-0" [_thread_blocked, id=46108, stack(0x00000012d0f00000,0x00000012d1400000)]
  0x000001f020045800 JavaThread "Monitor File Timestamp Swing Worker Thread" [_thread_blocked, id=48248, stack(0x00000012d2000000,0x00000012d2500000)]
  0x000001f013d77000 JavaThread "Timer-1" [_thread_blocked, id=49452, stack(0x00000012d2500000,0x00000012d2a00000)]
  0x000001f013d7d800 JavaThread "Monitor File Timestamp Swing Worker Thread" [_thread_blocked, id=49676, stack(0x00000012d2a00000,0x00000012d2f00000)]
  0x000001f02004c800 JavaThread "Image Fetcher 0" daemon [_thread_blocked, id=50164, stack(0x00000012d1900000,0x00000012d1e00000)]
  0x000001f020044000 JavaThread "Relaunch Simulation Thread" [_thread_blocked, id=46852, stack(0x00000012c9100000,0x00000012c9600000)]
  0x000001f020050800 JavaThread "C1 CompilerThread1" daemon [_thread_blocked, id=32944, stack(0x00000012c0f00000,0x00000012c1000000)]
  0x000001f02004f800 JavaThread "C1 CompilerThread2" daemon [_thread_blocked, id=36300, stack(0x00000012c1100000,0x00000012c1200000)]
  0x000001f020051000 JavaThread "C1 CompilerThread3" daemon [_thread_blocked, id=9084, stack(0x00000012c2900000,0x00000012c2a00000)]

Other Threads:
  0x000001f064ed1800 VMThread "VM Thread" [stack: 0x00000012c3000000,0x00000012c3100000] [id=49824]
  0x000001f06a7bb800 WatcherThread [stack: 0x00000012c5a00000,0x00000012c5b00000] [id=40828]
  0x000001f068a3e000 GCTaskThread "GC Thread#0" [stack: 0x00000012c2b00000,0x00000012c2c00000] [id=11308]
  0x000001f06d44c000 GCTaskThread "GC Thread#1" [stack: 0x00000012c6b00000,0x00000012c6c00000] [id=43148]
  0x000001f06dd7a000 GCTaskThread "GC Thread#2" [stack: 0x00000012c6c00000,0x00000012c6d00000] [id=48684]
  0x000001f06dba2800 GCTaskThread "GC Thread#3" [stack: 0x00000012c6d00000,0x00000012c6e00000] [id=44876]
  0x000001f06de44000 GCTaskThread "GC Thread#4" [stack: 0x00000012c6e00000,0x00000012c6f00000] [id=45032]
  0x000001f06de45000 GCTaskThread "GC Thread#5" [stack: 0x00000012c6f00000,0x00000012c7000000] [id=40696]
  0x000001f06c8c2000 GCTaskThread "GC Thread#6" [stack: 0x00000012c7f00000,0x00000012c8000000] [id=19040]
  0x000001f06c8c1000 GCTaskThread "GC Thread#7" [stack: 0x00000012c9600000,0x00000012c9700000] [id=49524]
  0x000001f06c8bf800 GCTaskThread "GC Thread#8" [stack: 0x00000012c9700000,0x00000012c9800000] [id=46152]
  0x000001f012407800 GCTaskThread "GC Thread#9" [stack: 0x00000012c9800000,0x00000012c9900000] [id=50096]
  0x000001f012407000 GCTaskThread "GC Thread#10" [stack: 0x00000012ca900000,0x00000012caa00000] [id=46688]
  0x000001f012405000 GCTaskThread "GC Thread#11" [stack: 0x00000012caa00000,0x00000012cab00000] [id=33048]
  0x000001f012408800 GCTaskThread "GC Thread#12" [stack: 0x00000012c4f00000,0x00000012c5000000] [id=40484]
  0x000001f066624000 ConcurrentGCThread "G1 Main Marker" [stack: 0x00000012c2c00000,0x00000012c2d00000] [id=38476]
  0x000001f064f27000 ConcurrentGCThread "G1 Conc#0" [stack: 0x00000012c2d00000,0x00000012c2e00000] [id=47196]
  0x000001f06c8bf000 ConcurrentGCThread "G1 Conc#1" [stack: 0x00000012c8000000,0x00000012c8100000] [id=25212]
  0x000001f06c8c0800 ConcurrentGCThread "G1 Conc#2" [stack: 0x00000012c8100000,0x00000012c8200000] [id=44520]
  0x000001f069662800 ConcurrentGCThread "G1 Refine#0" [stack: 0x00000012c2e00000,0x00000012c2f00000] [id=33964]
  0x000001f06dd9d800 ConcurrentGCThread "G1 Refine#1" [stack: 0x00000012c7000000,0x00000012c7100000] [id=36124]
  0x000001f06dd9f000 ConcurrentGCThread "G1 Refine#2" [stack: 0x00000012c7100000,0x00000012c7200000] [id=10844]
  0x000001f066779800 ConcurrentGCThread "G1 Young RemSet Sampling" [stack: 0x00000012c2f00000,0x00000012c3000000] [id=42676]

Threads with active compile tasks:

VM state:not at safepoint (normal execution)

VM Mutex/Monitor currently owned by a thread: None

Heap address: 0x0000000740000000, size: 3072 MB, Compressed Oops mode: Zero based, Oop shift amount: 3
Narrow klass base: 0x0000000800000000, Narrow klass shift: 0
Compressed class space size: 1073741824 Address: 0x0000000800000000

Heap:
 garbage-first heap   total 273408K, used 160415K [0x0000000740000000, 0x0000000800000000)
  region size 1024K, 42 young (43008K), 2 survivors (2048K)
 Metaspace       used 107382K, capacity 110142K, committed 110340K, reserved 1144832K
  class space    used 14652K, capacity 15889K, committed 16000K, reserved 1048576K
Heap Regions: E=young(eden), S=young(survivor), O=old, HS=humongous(starts), HC=humongous(continues), CS=collection set, F=free, A=archive, TAMS=top-at-mark-start (previous, next)
|   0|0x0000000740000000, 0x0000000740100000, 0x0000000740100000|100%|HS|  |TAMS 0x0000000740100000, 0x0000000740000000| Complete 
|   1|0x0000000740100000, 0x0000000740200000, 0x0000000740200000|100%|HC|  |TAMS 0x0000000740200000, 0x0000000740100000| Complete 
|   2|0x0000000740200000, 0x0000000740300000, 0x0000000740300000|100%|HS|  |TAMS 0x0000000740300000, 0x0000000740200000| Complete 
|   3|0x0000000740300000, 0x00000007403fffe0, 0x0000000740400000| 99%| O|  |TAMS 0x00000007403fffe0, 0x0000000740300000| Untracked 
|   4|0x0000000740400000, 0x00000007404ffff0, 0x0000000740500000| 99%| O|  |TAMS 0x00000007404ffff0, 0x0000000740400000| Untracked 
|   5|0x0000000740500000, 0x00000007405ffff0, 0x0000000740600000| 99%| O|  |TAMS 0x00000007405ffff0, 0x0000000740500000| Untracked 
|   6|0x0000000740600000, 0x0000000740700000, 0x0000000740700000|100%| O|  |TAMS 0x0000000740700000, 0x0000000740600000| Untracked 
|   7|0x0000000740700000, 0x0000000740800000, 0x0000000740800000|100%| O|  |TAMS 0x0000000740800000, 0x0000000740700000| Untracked 
|   8|0x0000000740800000, 0x0000000740900000, 0x0000000740900000|100%| O|  |TAMS 0x0000000740900000, 0x0000000740800000| Untracked 
|   9|0x0000000740900000, 0x00000007409ffff8, 0x0000000740a00000| 99%| O|  |TAMS 0x00000007409ffff8, 0x0000000740900000| Untracked 
|  10|0x0000000740a00000, 0x0000000740afffe8, 0x0000000740b00000| 99%| O|  |TAMS 0x0000000740afffe8, 0x0000000740a00000| Untracked 
|  11|0x0000000740b00000, 0x0000000740bffff8, 0x0000000740c00000| 99%| O|  |TAMS 0x0000000740bffff8, 0x0000000740b00000| Untracked 
|  12|0x0000000740c00000, 0x0000000740cffff8, 0x0000000740d00000| 99%| O|  |TAMS 0x0000000740cffff8, 0x0000000740c00000| Untracked 
|  13|0x0000000740d00000, 0x0000000740e00000, 0x0000000740e00000|100%| O|  |TAMS 0x0000000740e00000, 0x0000000740d00000| Untracked 
|  14|0x0000000740e00000, 0x0000000740f00000, 0x0000000740f00000|100%| O|  |TAMS 0x0000000740f00000, 0x0000000740e00000| Untracked 
|  15|0x0000000740f00000, 0x0000000741000000, 0x0000000741000000|100%| O|  |TAMS 0x0000000741000000, 0x0000000740f00000| Untracked 
|  16|0x0000000741000000, 0x00000007410fff20, 0x0000000741100000| 99%| O|  |TAMS 0x00000007410fff20, 0x0000000741000000| Untracked 
|  17|0x0000000741100000, 0x00000007411fffd8, 0x0000000741200000| 99%| O|  |TAMS 0x00000007411fffd8, 0x0000000741100000| Untracked 
|  18|0x0000000741200000, 0x00000007412fffe8, 0x0000000741300000| 99%| O|  |TAMS 0x00000007412fffe8, 0x0000000741200000| Untracked 
|  19|0x0000000741300000, 0x0000000741400000, 0x0000000741400000|100%| O|  |TAMS 0x0000000741400000, 0x0000000741300000| Untracked 
|  20|0x0000000741400000, 0x00000007414ffff0, 0x0000000741500000| 99%| O|  |TAMS 0x00000007414ffff0, 0x0000000741400000| Untracked 
|  21|0x0000000741500000, 0x00000007415ffff0, 0x0000000741600000| 99%| O|  |TAMS 0x00000007415ffff0, 0x0000000741500000| Untracked 
|  22|0x0000000741600000, 0x00000007416ffff8, 0x0000000741700000| 99%| O|  |TAMS 0x00000007416ffff8, 0x0000000741600000| Untracked 
|  23|0x0000000741700000, 0x00000007417ffff8, 0x0000000741800000| 99%| O|  |TAMS 0x00000007417ffff8, 0x0000000741700000| Untracked 
|  24|0x0000000741800000, 0x0000000741900000, 0x0000000741900000|100%|HS|  |TAMS 0x0000000741900000, 0x0000000741800000| Complete 
|  25|0x0000000741900000, 0x0000000741a00000, 0x0000000741a00000|100%|HC|  |TAMS 0x0000000741a00000, 0x0000000741900000| Complete 
|  26|0x0000000741a00000, 0x0000000741affff8, 0x0000000741b00000| 99%| O|  |TAMS 0x0000000741affff8, 0x0000000741a00000| Untracked 
|  27|0x0000000741b00000, 0x0000000741bffff0, 0x0000000741c00000| 99%| O|  |TAMS 0x0000000741bffff0, 0x0000000741b00000| Untracked 
|  28|0x0000000741c00000, 0x0000000741cffff0, 0x0000000741d00000| 99%| O|  |TAMS 0x0000000741cffff0, 0x0000000741c00000| Untracked 
|  29|0x0000000741d00000, 0x0000000741dffff8, 0x0000000741e00000| 99%| O|  |TAMS 0x0000000741dffff8, 0x0000000741d00000| Untracked 
|  30|0x0000000741e00000, 0x0000000741effff0, 0x0000000741f00000| 99%| O|  |TAMS 0x0000000741effff0, 0x0000000741e00000| Untracked 
|  31|0x0000000741f00000, 0x0000000741fffff8, 0x0000000742000000| 99%| O|  |TAMS 0x0000000741fffff8, 0x0000000741f00000| Untracked 
|  32|0x0000000742000000, 0x00000007420ffff0, 0x0000000742100000| 99%| O|  |TAMS 0x00000007420ffff0, 0x0000000742000000| Untracked 
|  33|0x0000000742100000, 0x0000000742200000, 0x0000000742200000|100%| O|  |TAMS 0x0000000742200000, 0x0000000742100000| Untracked 
|  34|0x0000000742200000, 0x00000007422ffff0, 0x0000000742300000| 99%| O|  |TAMS 0x00000007422ffff0, 0x0000000742200000| Untracked 
|  35|0x0000000742300000, 0x00000007423fffe0, 0x0000000742400000| 99%| O|  |TAMS 0x00000007423fffe0, 0x0000000742300000| Untracked 
|  36|0x0000000742400000, 0x00000007424ffff0, 0x0000000742500000| 99%| O|  |TAMS 0x00000007424ffff0, 0x0000000742400000| Untracked 
|  37|0x0000000742500000, 0x00000007425ffff8, 0x0000000742600000| 99%| O|  |TAMS 0x00000007425ffff8, 0x0000000742500000| Untracked 
|  38|0x0000000742600000, 0x0000000742700000, 0x0000000742700000|100%| O|  |TAMS 0x0000000742700000, 0x0000000742600000| Untracked 
|  39|0x0000000742700000, 0x00000007427ffff0, 0x0000000742800000| 99%| O|  |TAMS 0x00000007427ffff0, 0x0000000742700000| Untracked 
|  40|0x0000000742800000, 0x00000007428fffe8, 0x0000000742900000| 99%| O|  |TAMS 0x00000007428fffe8, 0x0000000742800000| Untracked 
|  41|0x0000000742900000, 0x0000000742a00000, 0x0000000742a00000|100%| O|  |TAMS 0x0000000742a00000, 0x0000000742900000| Untracked 
|  42|0x0000000742a00000, 0x0000000742b00000, 0x0000000742b00000|100%| O|  |TAMS 0x0000000742b00000, 0x0000000742a00000| Untracked 
|  43|0x0000000742b00000, 0x0000000742c00000, 0x0000000742c00000|100%| O|  |TAMS 0x0000000742c00000, 0x0000000742b00000| Untracked 
|  44|0x0000000742c00000, 0x0000000742d00000, 0x0000000742d00000|100%| O|  |TAMS 0x0000000742d00000, 0x0000000742c00000| Untracked 
|  45|0x0000000742d00000, 0x0000000742dffff0, 0x0000000742e00000| 99%| O|  |TAMS 0x0000000742dffff0, 0x0000000742d00000| Untracked 
|  46|0x0000000742e00000, 0x0000000742effff8, 0x0000000742f00000| 99%| O|  |TAMS 0x0000000742effff8, 0x0000000742e00000| Untracked 
|  47|0x0000000742f00000, 0x0000000743000000, 0x0000000743000000|100%|HS|  |TAMS 0x0000000743000000, 0x0000000742f00000| Complete 
|  48|0x0000000743000000, 0x0000000743100000, 0x0000000743100000|100%|HC|  |TAMS 0x0000000743100000, 0x0000000743000000| Complete 
|  49|0x0000000743100000, 0x0000000743200000, 0x0000000743200000|100%|HC|  |TAMS 0x0000000743200000, 0x0000000743100000| Complete 
|  50|0x0000000743200000, 0x0000000743300000, 0x0000000743300000|100%|HC|  |TAMS 0x0000000743300000, 0x0000000743200000| Complete 
|  51|0x0000000743300000, 0x0000000743400000, 0x0000000743400000|100%|HC|  |TAMS 0x0000000743400000, 0x0000000743300000| Complete 
|  52|0x0000000743400000, 0x0000000743500000, 0x0000000743500000|100%|HC|  |TAMS 0x0000000743500000, 0x0000000743400000| Complete 
|  53|0x0000000743500000, 0x0000000743600000, 0x0000000743600000|100%|HC|  |TAMS 0x0000000743600000, 0x0000000743500000| Complete 
|  54|0x0000000743600000, 0x0000000743700000, 0x0000000743700000|100%|HC|  |TAMS 0x0000000743700000, 0x0000000743600000| Complete 
|  55|0x0000000743700000, 0x00000007437fffa0, 0x0000000743800000| 99%| O|  |TAMS 0x00000007437fffa0, 0x0000000743700000| Untracked 
|  56|0x0000000743800000, 0x00000007438ffff8, 0x0000000743900000| 99%| O|  |TAMS 0x00000007438ffff8, 0x0000000743800000| Untracked 
|  57|0x0000000743900000, 0x00000007439fffd8, 0x0000000743a00000| 99%| O|  |TAMS 0x00000007439fffd8, 0x0000000743900000| Untracked 
|  58|0x0000000743a00000, 0x0000000743affff8, 0x0000000743b00000| 99%| O|  |TAMS 0x0000000743affff8, 0x0000000743a00000| Untracked 
|  59|0x0000000743b00000, 0x0000000743c00000, 0x0000000743c00000|100%| O|  |TAMS 0x0000000743c00000, 0x0000000743b00000| Untracked 
|  60|0x0000000743c00000, 0x0000000743cfffe0, 0x0000000743d00000| 99%| O|  |TAMS 0x0000000743cfffe0, 0x0000000743c00000| Untracked 
|  61|0x0000000743d00000, 0x0000000743e00000, 0x0000000743e00000|100%|HS|  |TAMS 0x0000000743e00000, 0x0000000743d00000| Complete 
|  62|0x0000000743e00000, 0x0000000743efffc8, 0x0000000743f00000| 99%| O|  |TAMS 0x0000000743efffc8, 0x0000000743e00000| Untracked 
|  63|0x0000000743f00000, 0x0000000743fffff0, 0x0000000744000000| 99%| O|  |TAMS 0x0000000743fffff0, 0x0000000743f00000| Untracked 
|  64|0x0000000744000000, 0x0000000744100000, 0x0000000744100000|100%|HS|  |TAMS 0x0000000744100000, 0x0000000744000000| Complete 
|  65|0x0000000744100000, 0x00000007441ffff0, 0x0000000744200000| 99%| O|  |TAMS 0x00000007441ffff0, 0x0000000744100000| Untracked 
|  66|0x0000000744200000, 0x00000007442fffd8, 0x0000000744300000| 99%| O|  |TAMS 0x00000007442fffd8, 0x0000000744200000| Untracked 
|  67|0x0000000744300000, 0x0000000744400000, 0x0000000744400000|100%|HS|  |TAMS 0x0000000744400000, 0x0000000744300000| Complete 
|  68|0x0000000744400000, 0x00000007444fffa0, 0x0000000744500000| 99%| O|  |TAMS 0x00000007444fffa0, 0x0000000744400000| Untracked 
|  69|0x0000000744500000, 0x00000007445ffff8, 0x0000000744600000| 99%| O|  |TAMS 0x00000007445ffff8, 0x0000000744500000| Untracked 
|  70|0x0000000744600000, 0x00000007446ffff8, 0x0000000744700000| 99%| O|  |TAMS 0x00000007446ffff8, 0x0000000744600000| Untracked 
|  71|0x0000000744700000, 0x00000007447fffe8, 0x0000000744800000| 99%| O|  |TAMS 0x00000007447fffe8, 0x0000000744700000| Untracked 
|  72|0x0000000744800000, 0x00000007448ffff8, 0x0000000744900000| 99%| O|  |TAMS 0x00000007448ffff8, 0x0000000744800000| Untracked 
|  73|0x0000000744900000, 0x00000007449ffff8, 0x0000000744a00000| 99%| O|  |TAMS 0x00000007449ffff8, 0x0000000744900000| Untracked 
|  74|0x0000000744a00000, 0x0000000744b00000, 0x0000000744b00000|100%| O|  |TAMS 0x0000000744b00000, 0x0000000744a00000| Untracked 
|  75|0x0000000744b00000, 0x0000000744bfffe0, 0x0000000744c00000| 99%| O|  |TAMS 0x0000000744bfffe0, 0x0000000744b00000| Untracked 
|  76|0x0000000744c00000, 0x0000000744cffff8, 0x0000000744d00000| 99%| O|  |TAMS 0x0000000744cffff8, 0x0000000744c00000| Untracked 
|  77|0x0000000744d00000, 0x0000000744dffff0, 0x0000000744e00000| 99%| O|  |TAMS 0x0000000744dffff0, 0x0000000744d00000| Untracked 
|  78|0x0000000744e00000, 0x0000000744effff8, 0x0000000744f00000| 99%| O|  |TAMS 0x0000000744effff8, 0x0000000744e00000| Untracked 
|  79|0x0000000744f00000, 0x0000000744fffff8, 0x0000000745000000| 99%| O|  |TAMS 0x0000000744fffff8, 0x0000000744f00000| Untracked 
|  80|0x0000000745000000, 0x00000007450ff2f8, 0x0000000745100000| 99%| O|  |TAMS 0x00000007450ff2f8, 0x0000000745000000| Untracked 
|  81|0x0000000745100000, 0x00000007451fffe8, 0x0000000745200000| 99%| O|  |TAMS 0x00000007451fffe8, 0x0000000745100000| Untracked 
|  82|0x0000000745200000, 0x00000007452ffff0, 0x0000000745300000| 99%| O|  |TAMS 0x00000007452ffff0, 0x0000000745200000| Untracked 
|  83|0x0000000745300000, 0x00000007453ffff0, 0x0000000745400000| 99%| O|  |TAMS 0x00000007453ffff0, 0x0000000745300000| Untracked 
|  84|0x0000000745400000, 0x00000007454fffb0, 0x0000000745500000| 99%| O|  |TAMS 0x00000007454fffb0, 0x0000000745400000| Untracked 
|  85|0x0000000745500000, 0x00000007455ffff8, 0x0000000745600000| 99%| O|  |TAMS 0x00000007455ffff8, 0x0000000745500000| Untracked 
|  86|0x0000000745600000, 0x0000000745700000, 0x0000000745700000|100%| O|  |TAMS 0x0000000745700000, 0x0000000745600000| Untracked 
|  87|0x0000000745700000, 0x00000007457fffd8, 0x0000000745800000| 99%| O|  |TAMS 0x00000007457fffd8, 0x0000000745700000| Untracked 
|  88|0x0000000745800000, 0x00000007458fff90, 0x0000000745900000| 99%| O|  |TAMS 0x00000007458fff90, 0x0000000745800000| Untracked 
|  89|0x0000000745900000, 0x00000007459fffe8, 0x0000000745a00000| 99%| O|  |TAMS 0x00000007459fffe8, 0x0000000745900000| Untracked 
|  90|0x0000000745a00000, 0x0000000745affff8, 0x0000000745b00000| 99%| O|  |TAMS 0x0000000745affff8, 0x0000000745a00000| Untracked 
|  91|0x0000000745b00000, 0x0000000745bffff0, 0x0000000745c00000| 99%| O|  |TAMS 0x0000000745bffff0, 0x0000000745b00000| Untracked 
|  92|0x0000000745c00000, 0x0000000745cffb70, 0x0000000745d00000| 99%| O|  |TAMS 0x0000000745cffb70, 0x0000000745c00000| Untracked 
|  93|0x0000000745d00000, 0x0000000745dffff0, 0x0000000745e00000| 99%| O|  |TAMS 0x0000000745dffff0, 0x0000000745d00000| Untracked 
|  94|0x0000000745e00000, 0x0000000745effb28, 0x0000000745f00000| 99%| O|  |TAMS 0x0000000745effb28, 0x0000000745e00000| Untracked 
|  95|0x0000000745f00000, 0x0000000745fffaf8, 0x0000000746000000| 99%| O|  |TAMS 0x0000000745fffaf8, 0x0000000745f00000| Untracked 
|  96|0x0000000746000000, 0x00000007460ffff0, 0x0000000746100000| 99%| O|  |TAMS 0x00000007460ffff0, 0x0000000746000000| Untracked 
|  97|0x0000000746100000, 0x00000007461ffb80, 0x0000000746200000| 99%| O|  |TAMS 0x00000007461ffb80, 0x0000000746100000| Untracked 
|  98|0x0000000746200000, 0x00000007462fffe8, 0x0000000746300000| 99%| O|  |TAMS 0x00000007462fffe8, 0x0000000746200000| Untracked 
|  99|0x0000000746300000, 0x00000007463ffff8, 0x0000000746400000| 99%| O|  |TAMS 0x00000007463ffff8, 0x0000000746300000| Untracked 
| 100|0x0000000746400000, 0x00000007464fffe8, 0x0000000746500000| 99%| O|  |TAMS 0x00000007464fffe8, 0x0000000746400000| Untracked 
| 101|0x0000000746500000, 0x00000007465c8b08, 0x0000000746600000| 78%| O|  |TAMS 0x00000007465c8b08, 0x0000000746500000| Untracked 
| 102|0x0000000746600000, 0x00000007466fffe8, 0x0000000746700000| 99%| O|  |TAMS 0x00000007466fffe8, 0x0000000746600000| Untracked 
| 103|0x0000000746700000, 0x0000000746752098, 0x0000000746800000| 32%| O|  |TAMS 0x0000000746752098, 0x0000000746700000| Untracked 
| 104|0x0000000746800000, 0x0000000746900000, 0x0000000746900000|100%|HS|  |TAMS 0x0000000746800000, 0x0000000746800000| Complete 
| 105|0x0000000746900000, 0x0000000746a00000, 0x0000000746a00000|100%|HC|  |TAMS 0x0000000746900000, 0x0000000746900000| Complete 
| 106|0x0000000746a00000, 0x0000000746b00000, 0x0000000746b00000|100%|HC|  |TAMS 0x0000000746a00000, 0x0000000746a00000| Complete 
| 107|0x0000000746b00000, 0x0000000746c00000, 0x0000000746c00000|100%|HC|  |TAMS 0x0000000746b00000, 0x0000000746b00000| Complete 
| 108|0x0000000746c00000, 0x0000000746d00000, 0x0000000746d00000|100%|HC|  |TAMS 0x0000000746c00000, 0x0000000746c00000| Complete 
| 109|0x0000000746d00000, 0x0000000746d0c538, 0x0000000746e00000|  4%| O|  |TAMS 0x0000000746d0c538, 0x0000000746d00000| Untracked 
| 110|0x0000000746e00000, 0x0000000746f00000, 0x0000000746f00000|100%|HS|  |TAMS 0x0000000746e00000, 0x0000000746e00000| Complete 
| 111|0x0000000746f00000, 0x0000000747000000, 0x0000000747000000|100%|HC|  |TAMS 0x0000000746f00000, 0x0000000746f00000| Complete 
| 112|0x0000000747000000, 0x0000000747100000, 0x0000000747100000|100%|HC|  |TAMS 0x0000000747000000, 0x0000000747000000| Complete 
| 113|0x0000000747100000, 0x0000000747200000, 0x0000000747200000|100%|HC|  |TAMS 0x0000000747100000, 0x0000000747100000| Complete 
| 114|0x0000000747200000, 0x0000000747300000, 0x0000000747300000|100%|HC|  |TAMS 0x0000000747200000, 0x0000000747200000| Complete 
| 115|0x0000000747300000, 0x0000000747300000, 0x0000000747400000|  0%| F|  |TAMS 0x0000000747300000, 0x0000000747300000| Untracked 
| 116|0x0000000747400000, 0x0000000747500000, 0x0000000747500000|100%|HS|  |TAMS 0x0000000747500000, 0x0000000747400000| Complete 
| 117|0x0000000747500000, 0x0000000747600000, 0x0000000747600000|100%|HC|  |TAMS 0x0000000747600000, 0x0000000747500000| Complete 
| 118|0x0000000747600000, 0x0000000747700000, 0x0000000747700000|100%|HC|  |TAMS 0x0000000747700000, 0x0000000747600000| Complete 
| 119|0x0000000747700000, 0x0000000747700000, 0x0000000747800000|  0%| F|  |TAMS 0x0000000747700000, 0x0000000747700000| Untracked 
| 120|0x0000000747800000, 0x0000000747800000, 0x0000000747900000|  0%| F|  |TAMS 0x0000000747800000, 0x0000000747800000| Untracked 
| 121|0x0000000747900000, 0x0000000747900000, 0x0000000747a00000|  0%| F|  |TAMS 0x0000000747900000, 0x0000000747900000| Untracked 
| 122|0x0000000747a00000, 0x0000000747a00000, 0x0000000747b00000|  0%| F|  |TAMS 0x0000000747a00000, 0x0000000747a00000| Untracked 
| 123|0x0000000747b00000, 0x0000000747b00000, 0x0000000747c00000|  0%| F|  |TAMS 0x0000000747b00000, 0x0000000747b00000| Untracked 
| 124|0x0000000747c00000, 0x0000000747c00000, 0x0000000747d00000|  0%| F|  |TAMS 0x0000000747c00000, 0x0000000747c00000| Untracked 
| 125|0x0000000747d00000, 0x0000000747d00000, 0x0000000747e00000|  0%| F|  |TAMS 0x0000000747d00000, 0x0000000747d00000| Untracked 
| 126|0x0000000747e00000, 0x0000000747e00000, 0x0000000747f00000|  0%| F|  |TAMS 0x0000000747e00000, 0x0000000747e00000| Untracked 
| 127|0x0000000747f00000, 0x0000000747f00000, 0x0000000748000000|  0%| F|  |TAMS 0x0000000747f00000, 0x0000000747f00000| Untracked 
| 128|0x0000000748000000, 0x0000000748000000, 0x0000000748100000|  0%| F|  |TAMS 0x0000000748000000, 0x0000000748000000| Untracked 
| 129|0x0000000748100000, 0x0000000748100000, 0x0000000748200000|  0%| F|  |TAMS 0x0000000748100000, 0x0000000748100000| Untracked 
| 130|0x0000000748200000, 0x0000000748200000, 0x0000000748300000|  0%| F|  |TAMS 0x0000000748200000, 0x0000000748200000| Untracked 
| 131|0x0000000748300000, 0x0000000748300000, 0x0000000748400000|  0%| F|  |TAMS 0x0000000748300000, 0x0000000748300000| Untracked 
| 132|0x0000000748400000, 0x0000000748415f58, 0x0000000748500000|  8%| O|  |TAMS 0x0000000748415f58, 0x0000000748400000| Untracked 
| 133|0x0000000748500000, 0x0000000748500000, 0x0000000748600000|  0%| F|  |TAMS 0x0000000748500000, 0x0000000748500000| Untracked 
| 134|0x0000000748600000, 0x0000000748600000, 0x0000000748700000|  0%| F|  |TAMS 0x0000000748600000, 0x0000000748600000| Untracked 
| 135|0x0000000748700000, 0x0000000748700000, 0x0000000748800000|  0%| F|  |TAMS 0x0000000748700000, 0x0000000748700000| Untracked 
| 136|0x0000000748800000, 0x0000000748800000, 0x0000000748900000|  0%| F|  |TAMS 0x0000000748800000, 0x0000000748800000| Untracked 
| 137|0x0000000748900000, 0x0000000748900000, 0x0000000748a00000|  0%| F|  |TAMS 0x0000000748900000, 0x0000000748900000| Untracked 
| 138|0x0000000748a00000, 0x0000000748a00000, 0x0000000748b00000|  0%| F|  |TAMS 0x0000000748a00000, 0x0000000748a00000| Untracked 
| 139|0x0000000748b00000, 0x0000000748b00000, 0x0000000748c00000|  0%| F|  |TAMS 0x0000000748b00000, 0x0000000748b00000| Untracked 
| 140|0x0000000748c00000, 0x0000000748c00000, 0x0000000748d00000|  0%| F|  |TAMS 0x0000000748c00000, 0x0000000748c00000| Untracked 
| 141|0x0000000748d00000, 0x0000000748d00000, 0x0000000748e00000|  0%| F|  |TAMS 0x0000000748d00000, 0x0000000748d00000| Untracked 
| 142|0x0000000748e00000, 0x0000000748e00000, 0x0000000748f00000|  0%| F|  |TAMS 0x0000000748e00000, 0x0000000748e00000| Untracked 
| 143|0x0000000748f00000, 0x0000000748f00000, 0x0000000749000000|  0%| F|  |TAMS 0x0000000748f00000, 0x0000000748f00000| Untracked 
| 144|0x0000000749000000, 0x0000000749000000, 0x0000000749100000|  0%| F|  |TAMS 0x0000000749000000, 0x0000000749000000| Untracked 
| 145|0x0000000749100000, 0x0000000749100000, 0x0000000749200000|  0%| F|  |TAMS 0x0000000749100000, 0x0000000749100000| Untracked 
| 146|0x0000000749200000, 0x0000000749200000, 0x0000000749300000|  0%| F|  |TAMS 0x0000000749200000, 0x0000000749200000| Untracked 
| 147|0x0000000749300000, 0x0000000749300000, 0x0000000749400000|  0%| F|  |TAMS 0x0000000749300000, 0x0000000749300000| Untracked 
| 148|0x0000000749400000, 0x0000000749400000, 0x0000000749500000|  0%| F|  |TAMS 0x0000000749400000, 0x0000000749400000| Untracked 
| 149|0x0000000749500000, 0x0000000749500000, 0x0000000749600000|  0%| F|  |TAMS 0x0000000749500000, 0x0000000749500000| Untracked 
| 150|0x0000000749600000, 0x0000000749600000, 0x0000000749700000|  0%| F|  |TAMS 0x0000000749600000, 0x0000000749600000| Untracked 
| 151|0x0000000749700000, 0x0000000749700000, 0x0000000749800000|  0%| F|  |TAMS 0x0000000749700000, 0x0000000749700000| Untracked 
| 152|0x0000000749800000, 0x0000000749800000, 0x0000000749900000|  0%| F|  |TAMS 0x0000000749800000, 0x0000000749800000| Untracked 
| 153|0x0000000749900000, 0x0000000749900000, 0x0000000749a00000|  0%| F|  |TAMS 0x0000000749900000, 0x0000000749900000| Untracked 
| 154|0x0000000749a00000, 0x0000000749a00000, 0x0000000749b00000|  0%| F|  |TAMS 0x0000000749a00000, 0x0000000749a00000| Untracked 
| 155|0x0000000749b00000, 0x0000000749b00000, 0x0000000749c00000|  0%| F|  |TAMS 0x0000000749b00000, 0x0000000749b00000| Untracked 
| 156|0x0000000749c00000, 0x0000000749c00000, 0x0000000749d00000|  0%| F|  |TAMS 0x0000000749c00000, 0x0000000749c00000| Untracked 
| 157|0x0000000749d00000, 0x0000000749d00000, 0x0000000749e00000|  0%| F|  |TAMS 0x0000000749d00000, 0x0000000749d00000| Untracked 
| 158|0x0000000749e00000, 0x0000000749e00000, 0x0000000749f00000|  0%| F|  |TAMS 0x0000000749e00000, 0x0000000749e00000| Untracked 
| 159|0x0000000749f00000, 0x0000000749f00000, 0x000000074a000000|  0%| F|  |TAMS 0x0000000749f00000, 0x0000000749f00000| Untracked 
| 160|0x000000074a000000, 0x000000074a000000, 0x000000074a100000|  0%| F|  |TAMS 0x000000074a000000, 0x000000074a000000| Untracked 
| 161|0x000000074a100000, 0x000000074a100000, 0x000000074a200000|  0%| F|  |TAMS 0x000000074a100000, 0x000000074a100000| Untracked 
| 162|0x000000074a200000, 0x000000074a200000, 0x000000074a300000|  0%| F|  |TAMS 0x000000074a200000, 0x000000074a200000| Untracked 
| 163|0x000000074a300000, 0x000000074a300000, 0x000000074a400000|  0%| F|  |TAMS 0x000000074a300000, 0x000000074a300000| Untracked 
| 164|0x000000074a400000, 0x000000074a400000, 0x000000074a500000|  0%| F|  |TAMS 0x000000074a400000, 0x000000074a400000| Untracked 
| 165|0x000000074a500000, 0x000000074a500000, 0x000000074a600000|  0%| F|  |TAMS 0x000000074a500000, 0x000000074a500000| Untracked 
| 166|0x000000074a600000, 0x000000074a600000, 0x000000074a700000|  0%| F|  |TAMS 0x000000074a600000, 0x000000074a600000| Untracked 
| 167|0x000000074a700000, 0x000000074a700000, 0x000000074a800000|  0%| F|  |TAMS 0x000000074a700000, 0x000000074a700000| Untracked 
| 168|0x000000074a800000, 0x000000074a800000, 0x000000074a900000|  0%| F|  |TAMS 0x000000074a800000, 0x000000074a800000| Untracked 
| 169|0x000000074a900000, 0x000000074a900000, 0x000000074aa00000|  0%| F|  |TAMS 0x000000074a900000, 0x000000074a900000| Untracked 
| 170|0x000000074aa00000, 0x000000074aa00000, 0x000000074ab00000|  0%| F|  |TAMS 0x000000074aa00000, 0x000000074aa00000| Untracked 
| 171|0x000000074ab00000, 0x000000074ab00000, 0x000000074ac00000|  0%| F|  |TAMS 0x000000074ab00000, 0x000000074ab00000| Untracked 
| 172|0x000000074ac00000, 0x000000074ac00000, 0x000000074ad00000|  0%| F|  |TAMS 0x000000074ac00000, 0x000000074ac00000| Untracked 
| 173|0x000000074ad00000, 0x000000074ad00000, 0x000000074ae00000|  0%| F|  |TAMS 0x000000074ad00000, 0x000000074ad00000| Untracked 
| 174|0x000000074ae00000, 0x000000074ae00000, 0x000000074af00000|  0%| F|  |TAMS 0x000000074ae00000, 0x000000074ae00000| Untracked 
| 175|0x000000074af00000, 0x000000074af00000, 0x000000074b000000|  0%| F|  |TAMS 0x000000074af00000, 0x000000074af00000| Untracked 
| 176|0x000000074b000000, 0x000000074b000000, 0x000000074b100000|  0%| F|  |TAMS 0x000000074b000000, 0x000000074b000000| Untracked 
| 177|0x000000074b100000, 0x000000074b100000, 0x000000074b200000|  0%| F|  |TAMS 0x000000074b100000, 0x000000074b100000| Untracked 
| 178|0x000000074b200000, 0x000000074b200000, 0x000000074b300000|  0%| F|  |TAMS 0x000000074b200000, 0x000000074b200000| Untracked 
| 179|0x000000074b300000, 0x000000074b300000, 0x000000074b400000|  0%| F|  |TAMS 0x000000074b300000, 0x000000074b300000| Untracked 
| 180|0x000000074b400000, 0x000000074b400000, 0x000000074b500000|  0%| F|  |TAMS 0x000000074b400000, 0x000000074b400000| Untracked 
| 181|0x000000074b500000, 0x000000074b500000, 0x000000074b600000|  0%| F|  |TAMS 0x000000074b500000, 0x000000074b500000| Untracked 
| 182|0x000000074b600000, 0x000000074b600000, 0x000000074b700000|  0%| F|  |TAMS 0x000000074b600000, 0x000000074b600000| Untracked 
| 183|0x000000074b700000, 0x000000074b700000, 0x000000074b800000|  0%| F|  |TAMS 0x000000074b700000, 0x000000074b700000| Untracked 
| 184|0x000000074b800000, 0x000000074b800000, 0x000000074b900000|  0%| F|  |TAMS 0x000000074b800000, 0x000000074b800000| Untracked 
| 185|0x000000074b900000, 0x000000074b900000, 0x000000074ba00000|  0%| F|  |TAMS 0x000000074b900000, 0x000000074b900000| Untracked 
| 186|0x000000074ba00000, 0x000000074ba00000, 0x000000074bb00000|  0%| F|  |TAMS 0x000000074ba00000, 0x000000074ba00000| Untracked 
| 187|0x000000074bb00000, 0x000000074bb00000, 0x000000074bc00000|  0%| F|  |TAMS 0x000000074bb00000, 0x000000074bb00000| Untracked 
| 188|0x000000074bc00000, 0x000000074bc00000, 0x000000074bd00000|  0%| F|  |TAMS 0x000000074bc00000, 0x000000074bc00000| Untracked 
| 189|0x000000074bd00000, 0x000000074bd00000, 0x000000074be00000|  0%| F|  |TAMS 0x000000074bd00000, 0x000000074bd00000| Untracked 
| 190|0x000000074be00000, 0x000000074be00000, 0x000000074bf00000|  0%| F|  |TAMS 0x000000074be00000, 0x000000074be00000| Untracked 
| 191|0x000000074bf00000, 0x000000074bf00000, 0x000000074c000000|  0%| F|  |TAMS 0x000000074bf00000, 0x000000074bf00000| Untracked 
| 192|0x000000074c000000, 0x000000074c000000, 0x000000074c100000|  0%| F|  |TAMS 0x000000074c000000, 0x000000074c000000| Untracked 
| 193|0x000000074c100000, 0x000000074c100000, 0x000000074c200000|  0%| F|  |TAMS 0x000000074c100000, 0x000000074c100000| Untracked 
| 194|0x000000074c200000, 0x000000074c200000, 0x000000074c300000|  0%| F|  |TAMS 0x000000074c200000, 0x000000074c200000| Untracked 
| 195|0x000000074c300000, 0x000000074c300000, 0x000000074c400000|  0%| F|  |TAMS 0x000000074c300000, 0x000000074c300000| Untracked 
| 196|0x000000074c400000, 0x000000074c400000, 0x000000074c500000|  0%| F|  |TAMS 0x000000074c400000, 0x000000074c400000| Untracked 
| 197|0x000000074c500000, 0x000000074c500000, 0x000000074c600000|  0%| F|  |TAMS 0x000000074c500000, 0x000000074c500000| Untracked 
| 198|0x000000074c600000, 0x000000074c600000, 0x000000074c700000|  0%| F|  |TAMS 0x000000074c600000, 0x000000074c600000| Untracked 
| 199|0x000000074c700000, 0x000000074c700000, 0x000000074c800000|  0%| F|  |TAMS 0x000000074c700000, 0x000000074c700000| Untracked 
| 200|0x000000074c800000, 0x000000074c800000, 0x000000074c900000|  0%| F|  |TAMS 0x000000074c800000, 0x000000074c800000| Untracked 
| 201|0x000000074c900000, 0x000000074c900000, 0x000000074ca00000|  0%| F|  |TAMS 0x000000074c900000, 0x000000074c900000| Untracked 
| 202|0x000000074ca00000, 0x000000074ca00000, 0x000000074cb00000|  0%| F|  |TAMS 0x000000074ca00000, 0x000000074ca00000| Untracked 
| 203|0x000000074cb00000, 0x000000074cb00000, 0x000000074cc00000|  0%| F|  |TAMS 0x000000074cb00000, 0x000000074cb00000| Untracked 
| 204|0x000000074cc00000, 0x000000074cc00000, 0x000000074cd00000|  0%| F|  |TAMS 0x000000074cc00000, 0x000000074cc00000| Untracked 
| 205|0x000000074cd00000, 0x000000074cd00000, 0x000000074ce00000|  0%| F|  |TAMS 0x000000074cd00000, 0x000000074cd00000| Untracked 
| 206|0x000000074ce00000, 0x000000074ce00000, 0x000000074cf00000|  0%| F|  |TAMS 0x000000074ce00000, 0x000000074ce00000| Untracked 
| 207|0x000000074cf00000, 0x000000074cf00000, 0x000000074d000000|  0%| F|  |TAMS 0x000000074cf00000, 0x000000074cf00000| Untracked 
| 208|0x000000074d000000, 0x000000074d000000, 0x000000074d100000|  0%| F|  |TAMS 0x000000074d000000, 0x000000074d000000| Untracked 
| 209|0x000000074d100000, 0x000000074d100000, 0x000000074d200000|  0%| F|  |TAMS 0x000000074d100000, 0x000000074d100000| Untracked 
| 210|0x000000074d200000, 0x000000074d200000, 0x000000074d300000|  0%| F|  |TAMS 0x000000074d200000, 0x000000074d200000| Untracked 
| 211|0x000000074d300000, 0x000000074d300000, 0x000000074d400000|  0%| F|  |TAMS 0x000000074d300000, 0x000000074d300000| Untracked 
| 212|0x000000074d400000, 0x000000074d400000, 0x000000074d500000|  0%| F|  |TAMS 0x000000074d400000, 0x000000074d400000| Untracked 
| 213|0x000000074d500000, 0x000000074d500000, 0x000000074d600000|  0%| F|  |TAMS 0x000000074d500000, 0x000000074d500000| Untracked 
| 214|0x000000074d600000, 0x000000074d600000, 0x000000074d700000|  0%| F|  |TAMS 0x000000074d600000, 0x000000074d600000| Untracked 
| 215|0x000000074d700000, 0x000000074d700000, 0x000000074d800000|  0%| F|  |TAMS 0x000000074d700000, 0x000000074d700000| Untracked 
| 216|0x000000074d800000, 0x000000074d800000, 0x000000074d900000|  0%| F|  |TAMS 0x000000074d800000, 0x000000074d800000| Untracked 
| 217|0x000000074d900000, 0x000000074d900000, 0x000000074da00000|  0%| F|  |TAMS 0x000000074d900000, 0x000000074d900000| Untracked 
| 218|0x000000074da00000, 0x000000074da00000, 0x000000074db00000|  0%| F|  |TAMS 0x000000074da00000, 0x000000074da00000| Untracked 
| 219|0x000000074db00000, 0x000000074db00000, 0x000000074dc00000|  0%| F|  |TAMS 0x000000074db00000, 0x000000074db00000| Untracked 
| 220|0x000000074dc00000, 0x000000074dc00000, 0x000000074dd00000|  0%| F|  |TAMS 0x000000074dc00000, 0x000000074dc00000| Untracked 
| 221|0x000000074dd00000, 0x000000074dd00000, 0x000000074de00000|  0%| F|  |TAMS 0x000000074dd00000, 0x000000074dd00000| Untracked 
| 222|0x000000074de00000, 0x000000074de00000, 0x000000074df00000|  0%| F|  |TAMS 0x000000074de00000, 0x000000074de00000| Untracked 
| 223|0x000000074df00000, 0x000000074df00000, 0x000000074e000000|  0%| F|  |TAMS 0x000000074df00000, 0x000000074df00000| Untracked 
| 224|0x000000074e000000, 0x000000074e013208, 0x000000074e100000|  7%| E|  |TAMS 0x000000074e000000, 0x000000074e000000| Complete 
| 225|0x000000074e100000, 0x000000074e200000, 0x000000074e200000|100%| E|CS|TAMS 0x000000074e100000, 0x000000074e100000| Complete 
| 226|0x000000074e200000, 0x000000074e300000, 0x000000074e300000|100%| E|CS|TAMS 0x000000074e200000, 0x000000074e200000| Complete 
| 227|0x000000074e300000, 0x000000074e400000, 0x000000074e400000|100%| E|CS|TAMS 0x000000074e300000, 0x000000074e300000| Complete 
| 228|0x000000074e400000, 0x000000074e500000, 0x000000074e500000|100%| E|CS|TAMS 0x000000074e400000, 0x000000074e400000| Complete 
| 229|0x000000074e500000, 0x000000074e600000, 0x000000074e600000|100%| E|CS|TAMS 0x000000074e500000, 0x000000074e500000| Complete 
| 230|0x000000074e600000, 0x000000074e700000, 0x000000074e700000|100%| E|CS|TAMS 0x000000074e600000, 0x000000074e600000| Complete 
| 231|0x000000074e700000, 0x000000074e800000, 0x000000074e800000|100%| E|CS|TAMS 0x000000074e700000, 0x000000074e700000| Complete 
| 232|0x000000074e800000, 0x000000074e900000, 0x000000074e900000|100%| E|CS|TAMS 0x000000074e800000, 0x000000074e800000| Complete 
| 233|0x000000074e900000, 0x000000074ea00000, 0x000000074ea00000|100%| E|CS|TAMS 0x000000074e900000, 0x000000074e900000| Complete 
| 234|0x000000074ea00000, 0x000000074eb00000, 0x000000074eb00000|100%| E|CS|TAMS 0x000000074ea00000, 0x000000074ea00000| Complete 
| 235|0x000000074eb00000, 0x000000074ec00000, 0x000000074ec00000|100%| E|CS|TAMS 0x000000074eb00000, 0x000000074eb00000| Complete 
| 236|0x000000074ec00000, 0x000000074ed00000, 0x000000074ed00000|100%| E|CS|TAMS 0x000000074ec00000, 0x000000074ec00000| Complete 
| 237|0x000000074ed00000, 0x000000074ee00000, 0x000000074ee00000|100%| E|CS|TAMS 0x000000074ed00000, 0x000000074ed00000| Complete 
| 238|0x000000074ee00000, 0x000000074ef00000, 0x000000074ef00000|100%| E|CS|TAMS 0x000000074ee00000, 0x000000074ee00000| Complete 
| 239|0x000000074ef00000, 0x000000074ef56d88, 0x000000074f000000| 33%| S|CS|TAMS 0x000000074ef00000, 0x000000074ef00000| Complete 
| 240|0x000000074f000000, 0x000000074f100000, 0x000000074f100000|100%| S|CS|TAMS 0x000000074f000000, 0x000000074f000000| Complete 
| 241|0x000000074f100000, 0x000000074f200000, 0x000000074f200000|100%| E|CS|TAMS 0x000000074f100000, 0x000000074f100000| Complete 
| 242|0x000000074f200000, 0x000000074f300000, 0x000000074f300000|100%| E|CS|TAMS 0x000000074f200000, 0x000000074f200000| Complete 
| 243|0x000000074f300000, 0x000000074f400000, 0x000000074f400000|100%| E|CS|TAMS 0x000000074f300000, 0x000000074f300000| Complete 
| 244|0x000000074f400000, 0x000000074f500000, 0x000000074f500000|100%| E|CS|TAMS 0x000000074f400000, 0x000000074f400000| Complete 
| 245|0x000000074f500000, 0x000000074f600000, 0x000000074f600000|100%| E|CS|TAMS 0x000000074f500000, 0x000000074f500000| Complete 
| 246|0x000000074f600000, 0x000000074f700000, 0x000000074f700000|100%| E|CS|TAMS 0x000000074f600000, 0x000000074f600000| Complete 
| 247|0x000000074f700000, 0x000000074f800000, 0x000000074f800000|100%| E|CS|TAMS 0x000000074f700000, 0x000000074f700000| Complete 
| 248|0x000000074f800000, 0x000000074f900000, 0x000000074f900000|100%| E|CS|TAMS 0x000000074f800000, 0x000000074f800000| Complete 
| 249|0x000000074f900000, 0x000000074fa00000, 0x000000074fa00000|100%| E|CS|TAMS 0x000000074f900000, 0x000000074f900000| Complete 
| 250|0x000000074fa00000, 0x000000074fb00000, 0x000000074fb00000|100%| E|CS|TAMS 0x000000074fa00000, 0x000000074fa00000| Complete 
| 251|0x000000074fb00000, 0x000000074fb164d0, 0x000000074fc00000|  8%| O|  |TAMS 0x000000074fb164d0, 0x000000074fb00000| Untracked 
| 252|0x000000074fc00000, 0x000000074fd00000, 0x000000074fd00000|100%| E|CS|TAMS 0x000000074fc00000, 0x000000074fc00000| Complete 
| 253|0x000000074fd00000, 0x000000074fe00000, 0x000000074fe00000|100%| E|CS|TAMS 0x000000074fd00000, 0x000000074fd00000| Complete 
| 254|0x000000074fe00000, 0x000000074ff00000, 0x000000074ff00000|100%| E|CS|TAMS 0x000000074fe00000, 0x000000074fe00000| Complete 
| 255|0x000000074ff00000, 0x0000000750000000, 0x0000000750000000|100%| E|CS|TAMS 0x000000074ff00000, 0x000000074ff00000| Complete 
| 256|0x0000000750000000, 0x0000000750100000, 0x0000000750100000|100%| E|CS|TAMS 0x0000000750000000, 0x0000000750000000| Complete 
| 257|0x0000000750100000, 0x0000000750200000, 0x0000000750200000|100%| E|CS|TAMS 0x0000000750100000, 0x0000000750100000| Complete 
| 258|0x0000000750200000, 0x0000000750300000, 0x0000000750300000|100%| E|CS|TAMS 0x0000000750200000, 0x0000000750200000| Complete 
| 259|0x0000000750300000, 0x0000000750400000, 0x0000000750400000|100%| E|CS|TAMS 0x0000000750300000, 0x0000000750300000| Complete 
| 260|0x0000000750400000, 0x0000000750500000, 0x0000000750500000|100%| E|CS|TAMS 0x0000000750400000, 0x0000000750400000| Complete 
| 261|0x0000000750500000, 0x0000000750600000, 0x0000000750600000|100%| E|CS|TAMS 0x0000000750500000, 0x0000000750500000| Complete 
| 262|0x0000000750600000, 0x0000000750700000, 0x0000000750700000|100%| E|CS|TAMS 0x0000000750600000, 0x0000000750600000| Complete 
| 263|0x0000000750700000, 0x0000000750800000, 0x0000000750800000|100%| E|CS|TAMS 0x0000000750700000, 0x0000000750700000| Complete 
| 264|0x0000000750800000, 0x0000000750900000, 0x0000000750900000|100%| E|CS|TAMS 0x0000000750800000, 0x0000000750800000| Complete 
| 265|0x0000000750900000, 0x0000000750a00000, 0x0000000750a00000|100%| E|CS|TAMS 0x0000000750900000, 0x0000000750900000| Complete 
| 285|0x0000000751d00000, 0x0000000751e00000, 0x0000000751e00000|100%| E|CS|TAMS 0x0000000751d00000, 0x0000000751d00000| Complete 

Card table byte_map: [0x000001f077210000,0x000001f077810000] _byte_map_base: 0x000001f073810000

Marking Bits (Prev, Next): (CMBitMap*) 0x000001f068a3e768, (CMBitMap*) 0x000001f068a3e7a0
 Prev Bits: [0x000001f077e10000, 0x000001f07ae10000)
 Next Bits: [0x000001f07ae10000, 0x000001f07de10000)

Polling page: 0x000001f05dea0000

Metaspace:

Usage:
  Non-class:     92.04 MB capacity,    90.56 MB ( 98%) used,     1.12 MB (  1%) free+waste,   371.00 KB ( <1%) overhead. 
      Class:     15.52 MB capacity,    14.31 MB ( 92%) used,     1.03 MB (  7%) free+waste,   179.75 KB (  1%) overhead. 
       Both:    107.56 MB capacity,   104.87 MB ( 97%) used,     2.16 MB (  2%) free+waste,   550.75 KB ( <1%) overhead. 

Virtual space:
  Non-class space:       94.00 MB reserved,      92.13 MB ( 98%) committed 
      Class space:        1.00 GB reserved,      15.63 MB (  2%) committed 
             Both:        1.09 GB reserved,     107.75 MB ( 10%) committed 

Chunk freelists:
   Non-Class:  2.88 KB
       Class:  1.88 KB
        Both:  4.75 KB

CodeHeap 'non-profiled nmethods': size=119168Kb used=17763Kb max_used=17763Kb free=101404Kb
 bounds [0x000001f007ba0000, 0x000001f008d00000, 0x000001f00f000000]
CodeHeap 'profiled nmethods': size=119168Kb used=44655Kb max_used=45062Kb free=74512Kb
 bounds [0x000001f000740000, 0x000001f003380000, 0x000001f007ba0000]
CodeHeap 'non-nmethods': size=7424Kb used=3369Kb max_used=3402Kb free=4054Kb
 bounds [0x000001f000000000, 0x000001f0003f0000, 0x000001f000740000]
 total_blobs=30479 nmethods=17894 adapters=1154
 compilation: enabled
              stopped_count=0, restarted_count=0
 full_count=0

Compilation events (10 events):
Event: 100.022 Thread 0x000001f020051000 nmethod 21548 0x000001f0022be310 code [0x000001f0022be560, 0x000001f0022bf000]
Event: 100.026 Thread 0x000001f0639df800 nmethod 21547 0x000001f008cf7a10 code [0x000001f008cf7c20, 0x000001f008cf8558]
Event: 100.035 Thread 0x000001f020050800 21549       3       de.javasoft.plaf.synthetica.painter.ScrollPanePainter::fillBackground (511 bytes)
Event: 100.036 Thread 0x000001f0639df800 21550       4       java.awt.geom.RoundRectIterator::currentSegment (142 bytes)
Event: 100.037 Thread 0x000001f020050800 nmethod 21549 0x000001f0025f3a90 code [0x000001f0025f3f40, 0x000001f0025f6fc0]
Event: 100.037 Thread 0x000001f02004f800 21551       3       de.javasoft.plaf.synthetica.styles.RootPaneStyle::getStyle (33 bytes)
Event: 100.037 Thread 0x000001f02004f800 nmethod 21551 0x000001f002125290 code [0x000001f002125480, 0x000001f002125a30]
Event: 100.040 Thread 0x000001f0639df800 nmethod 21550 0x000001f008cf8890 code [0x000001f008cf8a40, 0x000001f008cf8d48]
Event: 100.043 Thread 0x000001f0684fe800 21552       3       com.jidesoft.plaf.vsnet.VsnetMenuItemUI::isDownArrowVisible (53 bytes)
Event: 100.043 Thread 0x000001f0684fe800 nmethod 21552 0x000001f00223ba90 code [0x000001f00223bca0, 0x000001f00223c680]

GC Heap History (10 events):
Event: 86.920 GC heap before
{Heap before GC invocations=60 (full 11):
 garbage-first heap   total 273408K, used 177010K [0x0000000740000000, 0x0000000800000000)
  region size 1024K, 60 young (61440K), 1 survivors (1024K)
 Metaspace       used 106421K, capacity 109227K, committed 109444K, reserved 1142784K
  class space    used 14572K, capacity 15820K, committed 15872K, reserved 1048576K
}
Event: 86.922 GC heap after
{Heap after GC invocations=61 (full 11):
 garbage-first heap   total 273408K, used 111909K [0x0000000740000000, 0x0000000800000000)
  region size 1024K, 1 young (1024K), 1 survivors (1024K)
 Metaspace       used 106421K, capacity 109227K, committed 109444K, reserved 1142784K
  class space    used 14572K, capacity 15820K, committed 15872K, reserved 1048576K
}
Event: 90.226 GC heap before
{Heap before GC invocations=61 (full 11):
 garbage-first heap   total 273408K, used 172325K [0x0000000740000000, 0x0000000800000000)
  region size 1024K, 60 young (61440K), 1 survivors (1024K)
 Metaspace       used 106486K, capacity 109291K, committed 109444K, reserved 1142784K
  class space    used 14577K, capacity 15820K, committed 15872K, reserved 1048576K
}
Event: 90.227 GC heap after
{Heap after GC invocations=62 (full 11):
 garbage-first heap   total 273408K, used 111818K [0x0000000740000000, 0x0000000800000000)
  region size 1024K, 1 young (1024K), 1 survivors (1024K)
 Metaspace       used 106486K, capacity 109291K, committed 109444K, reserved 1142784K
  class space    used 14577K, capacity 15820K, committed 15872K, reserved 1048576K
}
Event: 94.105 GC heap before
{Heap before GC invocations=62 (full 11):
 garbage-first heap   total 273408K, used 172234K [0x0000000740000000, 0x0000000800000000)
  region size 1024K, 60 young (61440K), 1 survivors (1024K)
 Metaspace       used 107270K, capacity 110011K, committed 110340K, reserved 1144832K
  class space    used 14639K, capacity 15888K, committed 16000K, reserved 1048576K
}
Event: 94.107 GC heap after
{Heap after GC invocations=63 (full 11):
 garbage-first heap   total 273408K, used 112297K [0x0000000740000000, 0x0000000800000000)
  region size 1024K, 2 young (2048K), 2 survivors (2048K)
 Metaspace       used 107270K, capacity 110011K, committed 110340K, reserved 1144832K
  class space    used 14639K, capacity 15888K, committed 16000K, reserved 1048576K
}
Event: 97.097 GC heap before
{Heap before GC invocations=63 (full 11):
 garbage-first heap   total 273408K, used 162473K [0x0000000740000000, 0x0000000800000000)
  region size 1024K, 46 young (47104K), 2 survivors (2048K)
 Metaspace       used 107301K, capacity 110075K, committed 110340K, reserved 1144832K
  class space    used 14643K, capacity 15888K, committed 16000K, reserved 1048576K
}
Event: 97.099 GC heap after
{Heap after GC invocations=64 (full 11):
 garbage-first heap   total 273408K, used 118562K [0x0000000740000000, 0x0000000800000000)
  region size 1024K, 2 young (2048K), 2 survivors (2048K)
 Metaspace       used 107301K, capacity 110075K, committed 110340K, reserved 1144832K
  class space    used 14643K, capacity 15888K, committed 16000K, reserved 1048576K
}
Event: 97.748 GC heap before
{Heap before GC invocations=64 (full 11):
 garbage-first heap   total 273408K, used 142114K [0x0000000740000000, 0x0000000800000000)
  region size 1024K, 26 young (26624K), 2 survivors (2048K)
 Metaspace       used 107324K, capacity 110075K, committed 110340K, reserved 1144832K
  class space    used 14643K, capacity 15888K, committed 16000K, reserved 1048576K
}
Event: 97.750 GC heap after
{Heap after GC invocations=65 (full 11):
 garbage-first heap   total 273408K, used 113349K [0x0000000740000000, 0x0000000800000000)
  region size 1024K, 2 young (2048K), 2 survivors (2048K)
 Metaspace       used 107324K, capacity 110075K, committed 110340K, reserved 1144832K
  class space    used 14643K, capacity 15888K, committed 16000K, reserved 1048576K
}

Deoptimization events (10 events):
Event: 99.016 Thread 0x000001f06c736800 Uncommon trap: reason=bimorphic_or_optimized_type_check action=maybe_recompile pc=0x000001f008afccd4 method=java.awt.Container.findComponentAt(IIZ)Ljava/awt/Component; @ 9 c2
Event: 99.016 Thread 0x000001f06c736800 Uncommon trap: reason=class_check action=maybe_recompile pc=0x000001f008c92c64 method=java.awt.EventQueue.coalesceMouseEvent(Ljava/awt/event/MouseEvent;)Z @ 4 c2
Event: 99.016 Thread 0x000001f06c736800 Uncommon trap: reason=bimorphic_or_optimized_type_check action=maybe_recompile pc=0x000001f008af8ba8 method=java.awt.Container.findComponentAt(IIZ)Ljava/awt/Component; @ 9 c2
Event: 99.018 Thread 0x000001f06c736800 Uncommon trap: reason=class_check action=maybe_recompile pc=0x000001f008c92c64 method=java.awt.EventQueue.coalesceMouseEvent(Ljava/awt/event/MouseEvent;)Z @ 4 c2
Event: 99.891 Thread 0x000001f06c736800 Uncommon trap: reason=unstable_if action=reinterpret pc=0x000001f0086d6b78 method=javax.swing.AbstractButton.setEnabled(Z)V @ 13 c2
Event: 99.937 Thread 0x000001f06c736800 Uncommon trap: reason=profile_predicate action=maybe_recompile pc=0x000001f008ce2240 method=sun.java2d.pipe.AAShapePipe.renderTiles(Lsun/java2d/SunGraphics2D;Ljava/awt/Shape;Lsun/java2d/pipe/AATileGenerator;[ILsun/java2d/pipe/AAShapePipe$TileState;)V @ 10
Event: 99.940 Thread 0x000001f06c736800 Uncommon trap: reason=profile_predicate action=maybe_recompile pc=0x000001f008ce2240 method=sun.java2d.pipe.AAShapePipe.renderTiles(Lsun/java2d/SunGraphics2D;Ljava/awt/Shape;Lsun/java2d/pipe/AATileGenerator;[ILsun/java2d/pipe/AAShapePipe$TileState;)V @ 10
Event: 99.944 Thread 0x000001f06c736800 Uncommon trap: reason=class_check action=maybe_recompile pc=0x000001f008904810 method=javax.swing.plaf.synth.ParsedSynthStyle$DelegatingPainter.paintPanelBackground(Ljavax/swing/plaf/synth/SynthContext;Ljava/awt/Graphics;IIII)V @ 16 c2
Event: 99.974 Thread 0x000001f06c736800 Uncommon trap: reason=class_check action=maybe_recompile pc=0x000001f008904810 method=javax.swing.plaf.synth.ParsedSynthStyle$DelegatingPainter.paintPanelBackground(Ljavax/swing/plaf/synth/SynthContext;Ljava/awt/Graphics;IIII)V @ 16 c2
Event: 100.042 Thread 0x000001f06c736800 Uncommon trap: reason=class_check action=maybe_recompile pc=0x000001f008904810 method=javax.swing.plaf.synth.ParsedSynthStyle$DelegatingPainter.paintPanelBackground(Ljavax/swing/plaf/synth/SynthContext;Ljava/awt/Graphics;IIII)V @ 16 c2

Classes redefined (0 events):
No events

Internal exceptions (10 events):
Event: 48.486 Thread 0x000001f06c736800 Exception <a 'java/lang/NoSuchMethodError'{0x000000074eeeae70}: java.lang.invoke.Invokers$Holder.linkToTargetMethod(Ljava/lang/Object;Ljava/lang/Object;Ljava/lang/Object;Ljava/lang/Object;Ljava/lang/Object;Ljava/lang/Object;Ljava/lang/Object;Ljava/lang/Ob
Event: 48.488 Thread 0x000001f06c736800 Exception <a 'java/lang/NoSuchMethodError'{0x000000074ed59990}: java.lang.invoke.DirectMethodHandle$Holder.invokeSpecial(Ljava/lang/Object;Ljava/lang/Object;IILjava/lang/Object;IILjava/lang/Object;Ljava/lang/Object;)Ljava/lang/Object;> (0x000000074ed59990
Event: 48.488 Thread 0x000001f06c736800 Exception <a 'java/lang/NoSuchMethodError'{0x000000074ed5d2e8}: java.lang.invoke.DelegatingMethodHandle$Holder.reinvoke_L(Ljava/lang/Object;IILjava/lang/Object;IILjava/lang/Object;Ljava/lang/Object;)Ljava/lang/Object;> (0x000000074ed5d2e8) thrown at [t:/w
Event: 48.488 Thread 0x000001f06c736800 Exception <a 'java/lang/NoSuchMethodError'{0x000000074eda8998}: java.lang.invoke.DirectMethodHandle$Holder.invokeSpecial(Ljava/lang/Object;Ljava/lang/Object;Ljava/lang/Object;IILjava/lang/Object;Ljava/lang/Object;)Ljava/lang/Object;> (0x000000074eda8998) 
Event: 48.488 Thread 0x000001f06c736800 Exception <a 'java/lang/NoSuchMethodError'{0x000000074edaf950}: java.lang.invoke.Invokers$Holder.linkToTargetMethod(Ljava/lang/Object;IILjava/lang/Object;Ljava/lang/Object;Ljava/lang/Object;)Ljava/lang/Object;> (0x000000074edaf950) thrown at [t:/workspace
Event: 85.649 Thread 0x000001f06c736800 Exception <a 'java/lang/NoSuchMethodError'{0x000000074eaf7ba0}: java.lang.invoke.DelegatingMethodHandle$Holder.reinvoke_L(Ljava/lang/Object;Ljava/lang/Object;IILjava/lang/Object;Ljava/lang/Object;ILjava/lang/Object;II)Ljava/lang/Object;> (0x000000074eaf7b
Event: 85.650 Thread 0x000001f06c736800 Exception <a 'java/lang/NoSuchMethodError'{0x000000074e955af8}: java.lang.invoke.DirectMethodHandle$Holder.invokeSpecial(Ljava/lang/Object;Ljava/lang/Object;IIILjava/lang/Object;Ljava/lang/Object;ILjava/lang/Object;II)Ljava/lang/Object;> (0x000000074e955a
Event: 85.650 Thread 0x000001f06c736800 Exception <a 'java/lang/NoSuchMethodError'{0x000000074e959628}: java.lang.invoke.DelegatingMethodHandle$Holder.reinvoke_L(Ljava/lang/Object;IIILjava/lang/Object;Ljava/lang/Object;ILjava/lang/Object;II)Ljava/lang/Object;> (0x000000074e959628) thrown at [t:
Event: 85.699 Thread 0x000001f06c736800 Exception <a 'java/lang/NoSuchMethodError'{0x000000074e5dd170}: java.lang.invoke.DirectMethodHandle$Holder.invokeSpecial(Ljava/lang/Object;Ljava/lang/Object;ILjava/lang/Object;)V> (0x000000074e5dd170) thrown at [t:/workspace/open/src/hotspot/share/interpr
Event: 85.700 Thread 0x000001f06c736800 Exception <a 'java/lang/NoSuchMethodError'{0x000000074e5e2968}: java.lang.invoke.DirectMethodHandle$Holder.invokeStatic(Ljava/lang/Object;Ljava/lang/Object;ILjava/lang/Object;)Ljava/lang/Object;> (0x000000074e5e2968) thrown at [t:/workspace/open/src/hotsp

Events (10 events):
Event: 99.944 Thread 0x000001f06c736800 DEOPT PACKING pc=0x000001f008904810 sp=0x00000012c86fa530
Event: 99.944 Thread 0x000001f06c736800 DEOPT UNPACKING pc=0x000001f0000291af sp=0x00000012c86fa460 mode 2
Event: 99.946 Executing VM operation: BulkRevokeBias
Event: 99.951 Executing VM operation: BulkRevokeBias done
Event: 99.974 Thread 0x000001f06c736800 Uncommon trap: trap_request=0xffffffde fr.pc=0x000001f008904810 relative=0x0000000000001030
Event: 99.974 Thread 0x000001f06c736800 DEOPT PACKING pc=0x000001f008904810 sp=0x00000012c86fa530
Event: 99.974 Thread 0x000001f06c736800 DEOPT UNPACKING pc=0x000001f0000291af sp=0x00000012c86fa460 mode 2
Event: 100.042 Thread 0x000001f06c736800 Uncommon trap: trap_request=0xffffffde fr.pc=0x000001f008904810 relative=0x0000000000001030
Event: 100.042 Thread 0x000001f06c736800 DEOPT PACKING pc=0x000001f008904810 sp=0x00000012c86fa530
Event: 100.042 Thread 0x000001f06c736800 DEOPT UNPACKING pc=0x000001f0000291af sp=0x00000012c86fa460 mode 2


Dynamic libraries:
0x00007ff6ce500000 - 0x00007ff6ce531000 	C:\Xilinx\Vivado\2021.1\bin\unwrapped\win64.o\vivado.exe
0x00007ff9b7b70000 - 0x00007ff9b7d87000 	C:\WINDOWS\SYSTEM32\ntdll.dll
0x00007ff9b64a0000 - 0x00007ff9b6564000 	C:\WINDOWS\System32\KERNEL32.DLL
0x00007ff9b4f60000 - 0x00007ff9b530d000 	C:\WINDOWS\System32\KERNELBASE.dll
0x00007ff9b5640000 - 0x00007ff9b5751000 	C:\WINDOWS\System32\ucrtbase.dll
0x00007ff99cd90000 - 0x00007ff99ce1d000 	C:\WINDOWS\SYSTEM32\MSVCP140.dll
0x00007ff99ce20000 - 0x00007ff99ce3e000 	C:\WINDOWS\SYSTEM32\VCRUNTIME140.dll
0x00007ff92f5e0000 - 0x00007ff93088a000 	C:\Xilinx\Vivado\2021.1\lib\win64.o\librdi_common.dll
0x00007ff9b2b20000 - 0x00007ff9b2b38000 	C:\Xilinx\Vivado\2021.1\lib\win64.o\librdi_commonmain.dll
0x00007ff99cd70000 - 0x00007ff99cd7c000 	C:\WINDOWS\SYSTEM32\VCRUNTIME140_1.dll
0x00007ff9b5f50000 - 0x00007ff9b60fe000 	C:\WINDOWS\System32\USER32.dll
0x00007ff9b5760000 - 0x00007ff9b5786000 	C:\WINDOWS\System32\win32u.dll
0x00007ff9a8af0000 - 0x00007ff9a8b11000 	C:\Xilinx\Vivado\2021.1\lib\win64.o\libboost_filesystem.dll
0x00007ff9b5a40000 - 0x00007ff9b5a69000 	C:\WINDOWS\System32\GDI32.dll
0x00007ff9b2be0000 - 0x00007ff9b2be9000 	C:\Xilinx\Vivado\2021.1\lib\win64.o\librdi_commonversion.dll
0x00007ff9b70a0000 - 0x00007ff9b7152000 	C:\WINDOWS\System32\ADVAPI32.dll
0x00007ff9b5790000 - 0x00007ff9b58a9000 	C:\WINDOWS\System32\gdi32full.dll
0x00007ff9b6ff0000 - 0x00007ff9b7097000 	C:\WINDOWS\System32\msvcrt.dll
0x00007ff9b5430000 - 0x00007ff9b54ca000 	C:\WINDOWS\System32\msvcp_win.dll
0x00007ff9b5d20000 - 0x00007ff9b5dc9000 	C:\WINDOWS\System32\sechost.dll
0x00007ff9b5400000 - 0x00007ff9b5428000 	C:\WINDOWS\System32\bcrypt.dll
0x00007ff996a60000 - 0x00007ff996bfc000 	C:\Xilinx\Vivado\2021.1\lib\win64.o\librdi_commonxillic.dll
0x00007ff9b65e0000 - 0x00007ff9b6e3f000 	C:\WINDOWS\System32\SHELL32.dll
0x00000000702c0000 - 0x00000000703eb000 	C:\Xilinx\Vivado\2021.1\lib\win64.o\tcl85t.dll
0x00007ff9b5e30000 - 0x00007ff9b5f44000 	C:\WINDOWS\System32\RPCRT4.dll
0x00007ff9b7ab0000 - 0x00007ff9b7b21000 	C:\WINDOWS\System32\WS2_32.dll
0x00007ff972b20000 - 0x00007ff972e8e000 	C:\Xilinx\Vivado\2021.1\lib\win64.o\libCOIN-all.dll
0x00007ff9b2a00000 - 0x00007ff9b2a11000 	C:\Xilinx\Vivado\2021.1\lib\win64.o\libboost_date_time.dll
0x00007ff9984b0000 - 0x00007ff998529000 	C:\Xilinx\Vivado\2021.1\lib\win64.o\libboost_program_options.dll
0x00007ff997900000 - 0x00007ff997a14000 	C:\Xilinx\Vivado\2021.1\lib\win64.o\libboost_regex.dll
0x00007ff9a8880000 - 0x00007ff9a889c000 	C:\Xilinx\Vivado\2021.1\lib\win64.o\libboost_thread.dll
0x00007ff9b2bb0000 - 0x00007ff9b2bbc000 	C:\Xilinx\Vivado\2021.1\lib\win64.o\libboost_xilinx.dll
0x00007ff997700000 - 0x00007ff997782000 	C:\Xilinx\Vivado\2021.1\lib\win64.o\libhdlpsolve.dll
0x00007ff997590000 - 0x00007ff997635000 	C:\Xilinx\Vivado\2021.1\lib\win64.o\libhdxml.dll
0x00007ff92d3f0000 - 0x00007ff92e391200 	C:\Xilinx\Vivado\2021.1\lib\win64.o\libisl_iostreams.dll
0x00007ff998650000 - 0x00007ff99867a000 	C:\Xilinx\Vivado\2021.1\lib\win64.o\libisl_sysinfo.dll
0x00007ff997690000 - 0x00007ff9976f5000 	C:\Xilinx\Vivado\2021.1\lib\win64.o\liblmx6.0.dll
0x00007ff9a4070000 - 0x00007ff9a408a000 	C:\Xilinx\Vivado\2021.1\lib\win64.o\pthreadVC2.dll
0x00007ff9a3ef0000 - 0x00007ff9a3f0c000 	C:\Xilinx\Vivado\2021.1\lib\win64.o\librdiconfig.dll
0x00007ff998560000 - 0x00007ff998581000 	C:\Xilinx\Vivado\2021.1\lib\win64.o\librdizlib.dll
0x00007ff9b7170000 - 0x00007ff9b71ce000 	C:\WINDOWS\System32\SHLWAPI.dll
0x0000000012000000 - 0x0000000012270000 	C:\Xilinx\Vivado\2021.1\lib\win64.o\xerces-c_3_1.dll
0x00007ff99e1d0000 - 0x00007ff99e1e9000 	C:\WINDOWS\SYSTEM32\NETAPI32.dll
0x00007ff99c6d0000 - 0x00007ff99cbc4000 	C:\WINDOWS\SYSTEM32\WININET.dll
0x00007ff9b05e0000 - 0x00007ff9b0716000 	C:\WINDOWS\SYSTEM32\WINHTTP.dll
0x00007ff9a1510000 - 0x00007ff9a1700000 	C:\WINDOWS\SYSTEM32\urlmon.dll
0x00007ff970b70000 - 0x00007ff970e86000 	C:\Xilinx\Vivado\2021.1\lib\win64.o\libXil_lmgr11.dll
0x00007ff9b79b0000 - 0x00007ff9b7aa8000 	C:\WINDOWS\System32\COMDLG32.dll
0x00007ff9b6100000 - 0x00007ff9b6488000 	C:\WINDOWS\System32\combase.dll
0x00007ff914de0000 - 0x00007ff914de9000 	C:\WINDOWS\SYSTEM32\WSOCK32.dll
0x00007ff9b58b0000 - 0x00007ff9b59a4000 	C:\WINDOWS\System32\shcore.dll
0x00007ff92b4d0000 - 0x00007ff92d3e7000 	C:\Xilinx\Vivado\2021.1\lib\win64.o\gurobi90.dll
0x00007ff998480000 - 0x00007ff9984b0000 	C:\WINDOWS\SYSTEM32\VCOMP140.DLL
0x00007ff9b54d0000 - 0x00007ff9b5637000 	C:\WINDOWS\System32\CRYPT32.dll
0x00007ff9b5c30000 - 0x00007ff9b5d07000 	C:\WINDOWS\System32\OLEAUT32.dll
0x00007ff9b6570000 - 0x00007ff9b65d0000 	C:\WINDOWS\System32\WLDAP32.dll
0x00007ff9b72b0000 - 0x00007ff9b7455000 	C:\WINDOWS\System32\ole32.dll
0x00007ff9b7160000 - 0x00007ff9b7168000 	C:\WINDOWS\System32\Normaliz.dll
0x00007ff9b5310000 - 0x00007ff9b537b000 	C:\WINDOWS\System32\WINTRUST.dll
0x00007ff99d720000 - 0x00007ff99d738000 	C:\Xilinx\Vivado\2021.1\lib\win64.o\libboost_iostreams.dll
0x00007ff998450000 - 0x00007ff998474000 	C:\Xilinx\Vivado\2021.1\lib\win64.o\libisl_iosutils.dll
0x00007ff9a3210000 - 0x00007ff9a3238000 	C:\WINDOWS\SYSTEM32\srvcli.dll
0x00007ff9a1250000 - 0x00007ff9a150e000 	C:\WINDOWS\SYSTEM32\iertutil.dll
0x00007ff9b38f0000 - 0x00007ff9b38fc000 	C:\WINDOWS\SYSTEM32\netutils.dll
0x00007ff9936e0000 - 0x00007ff993793000 	C:\WINDOWS\WinSxS\amd64_microsoft.windows.common-controls_6595b64144ccf1df_5.82.22621.3527_none_b43b7f4b638cc64f\COMCTL32.dll
0x00007ff9b04d0000 - 0x00007ff9b04ef000 	C:\WINDOWS\SYSTEM32\dhcpcsvc.DLL
0x00007ff9b43e0000 - 0x00007ff9b4408000 	C:\WINDOWS\SYSTEM32\USERENV.dll
0x00007ff9b4300000 - 0x00007ff9b4369000 	C:\WINDOWS\SYSTEM32\MSWSOCK.DLL
0x00007ff9b71f0000 - 0x00007ff9b7221000 	C:\WINDOWS\System32\IMM32.DLL
0x00007ff9b4b30000 - 0x00007ff9b4b42000 	C:\WINDOWS\SYSTEM32\MSASN1.dll
0x00007ff9b3ea0000 - 0x00007ff9b3eb8000 	C:\WINDOWS\SYSTEM32\kernel.appcore.dll
0x00007ff942ad0000 - 0x00007ff943003000 	C:\Xilinx\Vivado\2021.1\lib\win64.o\librdi_commontasks.dll
0x00007ff9acfc0000 - 0x00007ff9acfca000 	C:\WINDOWS\SYSTEM32\VERSION.dll
0x00007ff947c30000 - 0x00007ff947f50000 	C:\Xilinx\Vivado\2021.1\lib\win64.o\librdi_sio.dll
0x00007ff92a9a0000 - 0x00007ff92b4c3000 	C:\Xilinx\Vivado\2021.1\tps\win64\jre11.0.2\bin\server\jvm.dll
0x00007ff9b3900000 - 0x00007ff9b392d000 	C:\WINDOWS\SYSTEM32\IPHLPAPI.DLL
0x00007ff9b6490000 - 0x00007ff9b6498000 	C:\WINDOWS\System32\PSAPI.DLL
0x00007ff9b29c0000 - 0x00007ff9b29f4000 	C:\WINDOWS\SYSTEM32\WINMM.dll
0x00007ff9b2da0000 - 0x00007ff9b369c000 	C:\WINDOWS\SYSTEM32\windows.storage.dll
0x00007ff9b2c60000 - 0x00007ff9b2d9f000 	C:\WINDOWS\SYSTEM32\wintypes.dll
0x00007ff927e10000 - 0x00007ff92a9a0000 	C:\Xilinx\Vivado\2021.1\lib\win64.o\librdi_tcltasks.dll
0x00007ff972310000 - 0x00007ff9724c8000 	C:\Xilinx\Vivado\2021.1\lib\win64.o\librdi_board.dll
0x00007ff941570000 - 0x00007ff941a40000 	C:\Xilinx\Vivado\2021.1\lib\win64.o\librdi_bitstream.dll
0x00007ff9964b0000 - 0x00007ff9965a7000 	C:\Xilinx\Vivado\2021.1\lib\win64.o\librdi_chipscope.dll
0x00007ff997360000 - 0x00007ff9973de000 	C:\Xilinx\Vivado\2021.1\lib\win64.o\librdi_boarddep.dll
0x00007ff970970000 - 0x00007ff970b66000 	C:\Xilinx\Vivado\2021.1\lib\win64.o\librdi_chipscopeimpl.dll
0x00007ff923670000 - 0x00007ff925514000 	C:\Xilinx\Vivado\2021.1\lib\win64.o\librdi_constraints.dll
0x00007ff972fb0000 - 0x00007ff97310f000 	C:\Xilinx\Vivado\2021.1\lib\win64.o\librdi_containers.dll
0x00007ff907fd0000 - 0x00007ff90a4d9000 	C:\Xilinx\Vivado\2021.1\lib\win64.o\librdi_coregen.dll
0x00007ff93f730000 - 0x00007ff93fe50000 	C:\Xilinx\Vivado\2021.1\lib\win64.o\librdi_coregenipxact.dll
0x00007ff920f10000 - 0x00007ff922d2c000 	C:\Xilinx\Vivado\2021.1\lib\win64.o\librdi_designutils.dll
0x00007ff8c2190000 - 0x00007ff8ddf50000 	C:\Xilinx\Vivado\2021.1\lib\win64.o\librdi_device.dll
0x00007ff931030000 - 0x00007ff931391000 	C:\Xilinx\Vivado\2021.1\lib\win64.o\librdi_dlyest.dll
0x00007ff92eda0000 - 0x00007ff92f425000 	C:\Xilinx\Vivado\2021.1\lib\win64.o\librdi_drc.dll
0x00007ff98a2d0000 - 0x00007ff98a385000 	C:\Xilinx\Vivado\2021.1\lib\win64.o\librdi_dsp.dll
0x00007ff926c60000 - 0x00007ff9272db000 	C:\Xilinx\Vivado\2021.1\lib\win64.o\librdi_filemgmt.dll
0x00007ff946cc0000 - 0x00007ff946fe7000 	C:\Xilinx\Vivado\2021.1\lib\win64.o\librdi_guitools.dll
0x00007ff9969f0000 - 0x00007ff996a59000 	C:\Xilinx\Vivado\2021.1\lib\win64.o\librdi_hdf.dll
0x00007ff942000000 - 0x00007ff942287000 	C:\Xilinx\Vivado\2021.1\lib\win64.o\librdi_hip_devdesign.dll
0x00007ff985540000 - 0x00007ff985687000 	C:\Xilinx\Vivado\2021.1\lib\win64.o\librdi_hip_perf_analysis.dll
0x00007ff906940000 - 0x00007ff907fca000 	C:\Xilinx\Vivado\2021.1\lib\win64.o\librdi_implflow.dll
0x00007ff9728b0000 - 0x00007ff9729bb000 	C:\Xilinx\Vivado\2021.1\lib\win64.o\librdi_ipconfig_readwrite.dll
0x00007ff91e520000 - 0x00007ff91eb6e000 	C:\Xilinx\Vivado\2021.1\lib\win64.o\librdi_memdata.dll
0x00007ff995f50000 - 0x00007ff995fc3000 	C:\Xilinx\Vivado\2021.1\lib\win64.o\librdi_memoryarray.dll
0x00007ff91f860000 - 0x00007ff91ff98000 	C:\Xilinx\Vivado\2021.1\lib\win64.o\librdi_netlist.dll
0x00007ff904440000 - 0x00007ff90693b000 	C:\Xilinx\Vivado\2021.1\lib\win64.o\librdi_mig.dll
0x00007ff98a260000 - 0x00007ff98a2d0000 	C:\Xilinx\Vivado\2021.1\lib\win64.o\librdi_noc_frameworks.dll
0x00007ff9978a0000 - 0x00007ff9978f6000 	C:\Xilinx\Vivado\2021.1\lib\win64.o\librdi_pfi.dll
0x00007ff9011d0000 - 0x00007ff904435000 	C:\Xilinx\Vivado\2021.1\lib\win64.o\librdi_place.dll
0x00007ff92e9e0000 - 0x00007ff92ed91000 	C:\Xilinx\Vivado\2021.1\lib\win64.o\librdi_platform.dll
0x00007ff90ee70000 - 0x00007ff90f70c000 	C:\Xilinx\Vivado\2021.1\lib\win64.o\librdi_power.dll
0x00007ff913e70000 - 0x00007ff914540000 	C:\Xilinx\Vivado\2021.1\lib\win64.o\librdi_project.dll
0x00007ff90e740000 - 0x00007ff90ee69000 	C:\Xilinx\Vivado\2021.1\lib\win64.o\librdi_psta.dll
0x00007ff8fefe0000 - 0x00007ff8ff875000 	C:\Xilinx\Vivado\2021.1\lib\win64.o\librdi_rsb.dll
0x00007ff914880000 - 0x00007ff914db1000 	C:\Xilinx\Vivado\2021.1\lib\win64.o\librdi_runs.dll
0x00007ff9721f0000 - 0x00007ff972305000 	C:\Xilinx\Vivado\2021.1\lib\win64.o\librdi_runsbase.dll
0x00007ff941ad0000 - 0x00007ff941d48000 	C:\Xilinx\Vivado\2021.1\lib\win64.o\librdi_simdata.dll
0x00007ff900120000 - 0x00007ff9011cc000 	C:\Xilinx\Vivado\2021.1\lib\win64.o\librdi_timing.dll
0x00007ff9876d0000 - 0x00007ff987777000 	C:\Xilinx\Vivado\2021.1\lib\win64.o\librdi_xhubtasks.dll
0x00007ff970320000 - 0x00007ff970434000 	C:\Xilinx\Vivado\2021.1\lib\win64.o\librdi_xhub.dll
0x00007ff948900000 - 0x00007ff948ae5000 	C:\Xilinx\Vivado\2021.1\lib\win64.o\librdi_advchipscopeimpl.dll
0x00007ff9272e0000 - 0x00007ff927e06000 	C:\Xilinx\Vivado\2021.1\lib\win64.o\librdi_cdoutil.dll
0x00007ff9973f0000 - 0x00007ff997434000 	C:\Xilinx\Vivado\2021.1\lib\win64.o\libboost_serialization.dll
0x00007ff98a110000 - 0x00007ff98a15a000 	C:\Xilinx\Vivado\2021.1\lib\win64.o\libboost_graph.dll
0x00007ff96bc30000 - 0x00007ff96bd6f000 	C:\Xilinx\Vivado\2021.1\lib\win64.o\librdi_bda.dll
0x00007ff8f93f0000 - 0x00007ff8f9c0a000 	C:\Xilinx\Vivado\2021.1\lib\win64.o\librdi_ippcw.dll
0x00007ff8f9c10000 - 0x00007ff8fa766000 	C:\Xilinx\Vivado\2021.1\lib\win64.o\libverific.dll
0x00007ff926920000 - 0x00007ff926c53000 	C:\Xilinx\Vivado\2021.1\lib\win64.o\librdi_hip_config.dll

dbghelp: loaded successfully - version: 4.0.5 - missing functions: none
symbol engine: initialized successfully - sym options: 0x614 - pdb path: .;C:\Xilinx\Vivado\2021.1\bin\unwrapped\win64.o;C:\WINDOWS\SYSTEM32;C:\Xilinx\Vivado\2021.1\lib\win64.o;C:\WINDOWS\WinSxS\amd64_microsoft.windows.common-controls_6595b64144ccf1df_5.82.22621.3527_none_b43b7f4b638cc64f;C:\Xilinx\Vivado\2021.1\tps\win64\jre11.0.2\bin\server;C:\Xilinx\Vivado\2021.1\tps\win64\python-3.8.3;C:\Xilinx\Vivado\2021.1\tps\win64\jre11.0.2\bin;C:\WINDOWS\WinSxS\amd64_microsoft.windows.common-controls_6595b64144ccf1df_6.0.22621.3672_none_2713b9d173822955;C:\Program Files\National Instruments\Shared\mDNS Responder;C:\WINDOWS\WinSxS\amd64_microsoft.windows.gdiplus_6595b64144ccf1df_1.1.22621.3810_none_57f8d842ce19d879

VM Arguments:
jvm_args: -Dsun.java2d.pmoffscreen=false -Dhttps.protocols=TLSv1,TLSv1.1,TLSv1.2 -Dsun.java2d.xrender=false -Dsun.java2d.d3d=false -Dsun.awt.nopixfmt=true -Dsun.java2d.dpiaware=true -Dsun.java2d.uiScale.enabled=false -Xverify:none -Dswing.aatext=true -XX:-UsePerfData -Djdk.map.althashing.threshold=512 -XX:StringTableSize=4072 --add-opens=java.base/java.nio=ALL-UNNAMED --add-opens=java.desktop/sun.swing=ALL-UNNAMED --add-opens=java.desktop/javax.swing=ALL-UNNAMED --add-opens=java.desktop/javax.swing.tree=ALL-UNNAMED --add-opens=java.desktop/javax.swing.plaf.basic=ALL-UNNAMED --add-opens=java.desktop/javax.swing.plaf.synth=ALL-UNNAMED --add-opens=java.desktop/com.sun.awt=ALL-UNNAMED -XX:NewSize=60m -XX:MaxNewSize=60m -Xms256m -Xmx3072m -Xss5m 
java_command: <unknown>
java_class_path (initial): C:/Xilinx/Vivado/2021.1\lib\classes\alloy.jar;C:/Xilinx/Vivado/2021.1\lib\classes\autoesl-models.jar;C:/Xilinx/Vivado/2021.1\lib\classes\autopilot.scelaborator.jar;C:/Xilinx/Vivado/2021.1\lib\classes\autopilot.sourceprocessor.jar;C:/Xilinx/Vivado/2021.1\lib\classes\autopilot.tbprocessor.jar;C:/Xilinx/Vivado/2021.1\lib\classes\batik-anim.jar;C:/Xilinx/Vivado/2021.1\lib\classes\batik-awt-util.jar;C:/Xilinx/Vivado/2021.1\lib\classes\batik-bridge.jar;C:/Xilinx/Vivado/2021.1\lib\classes\batik-codec.jar;C:/Xilinx/Vivado/2021.1\lib\classes\batik-css.jar;C:/Xilinx/Vivado/2021.1\lib\classes\batik-dom.jar;C:/Xilinx/Vivado/2021.1\lib\classes\batik-ext.jar;C:/Xilinx/Vivado/2021.1\lib\classes\batik-gui-util.jar;C:/Xilinx/Vivado/2021.1\lib\classes\batik-gvt.jar;C:/Xilinx/Vivado/2021.1\lib\classes\batik-parser.jar;C:/Xilinx/Vivado/2021.1\lib\classes\batik-script.jar;C:/Xilinx/Vivado/2021.1\lib\classes\batik-svg-dom.jar;C:/Xilinx/Vivado/2021.1\lib\classes\batik-svggen.jar;C:/Xilinx/Vivado/2021.1\lib\classes\batik-swing.jar;C:/Xilinx/Vivado/2021.1\lib\classes\batik-transcoder.jar;C:/Xilinx/Vivado/2021.1\lib\classes\batik-util.jar;C:/Xilinx/Vivado/2021.1\lib\classes\batik-xml.jar;C:/Xilinx/Vivado/2021.1\lib\classes\com.google.gson_2.8.2.v20180104-1110.jar;C:/Xilinx/Vivado/2021.1\lib\classes\com.google.guava_27.1.0.v20190517-1946.jar;C:/Xilinx/Vivado/2021.1\lib\classes\com.ibm.icu_4.4.2.v20110208.jar;C:/Xilinx/Vivado/2021.1\lib\classes\com.sigasi.hdt.connection_4.11.0.202105170810.jar;C:/Xilinx/Vivado/2021.1\lib\classes\com.sigasi.hdt.epl_4.11.0.202105170810.jar;C:/Xilinx/Vivado/2021.1\lib\classes\com.sigasi.hdt.project_4.11.0.202105170810.jar;C:/Xilinx/Vivado/2021.1\lib\classes\com.sigasi.hdt.readonlyfilesystem_4.11.0.202105170810.jar;C:/Xilinx/Vivado/2021.1\lib\classes\com.sigasi.hdt.shared_4.11.0.202105170810.jar;C:/Xilinx/Vivado/2021.1\lib\classes\com.sigasi.lcm_4.11.0.202105170810.jar;C:/Xilinx/Vivado/2021.1\lib\classes\com.sigasi.sdk.client_4.11.0.20
Launcher Type: generic

[Global flags]
     bool BytecodeVerificationLocal                = false                                     {product} {command line}
     bool BytecodeVerificationRemote               = false                                     {product} {command line}
     intx CICompilerCount                          = 12                                        {product} {ergonomic}
     uint ConcGCThreads                            = 3                                         {product} {ergonomic}
     uint G1ConcRefinementThreads                  = 13                                        {product} {ergonomic}
   size_t G1HeapRegionSize                         = 1048576                                   {product} {ergonomic}
    uintx GCDrainStackTargetSize                   = 64                                        {product} {ergonomic}
   size_t InitialHeapSize                          = 268435456                                 {product} {command line}
   size_t MarkStackSize                            = 4194304                                   {product} {ergonomic}
   size_t MaxHeapSize                              = 3221225472                                {product} {command line}
   size_t MaxNewSize                               = 62914560                                  {product} {command line}
   size_t MinHeapDeltaBytes                        = 1048576                                   {product} {ergonomic}
   size_t NewSize                                  = 62914560                                  {product} {command line}
    uintx NonNMethodCodeHeapSize                   = 7591728                                {pd product} {ergonomic}
    uintx NonProfiledCodeHeapSize                  = 122033256                              {pd product} {ergonomic}
    uintx ProfiledCodeHeapSize                     = 122033256                              {pd product} {ergonomic}
    uintx ReservedCodeCacheSize                    = 251658240                              {pd product} {ergonomic}
     bool SegmentedCodeCache                       = true                                      {product} {ergonomic}
    uintx StringTableSize                          = 4072                                      {product} {command line}
     intx ThreadStackSize                          = 5120                                   {pd product} {command line}
     bool UseCompressedClassPointers               = true                                 {lp64_product} {ergonomic}
     bool UseCompressedOops                        = true                                 {lp64_product} {ergonomic}
     bool UseG1GC                                  = true                                      {product} {ergonomic}
     bool UseLargePagesIndividualAllocation        = false                                  {pd product} {ergonomic}
     bool UsePerfData                              = false                                     {product} {command line}

Logging:
Log output configuration:
 #0: stdout all=warning uptime,level,tags
 #1: stderr all=off uptime,level,tags

Environment Variables:
PATH=C:/Xilinx/Vivado/2021.1/bin;C:/Xilinx/Vivado/2021.1/tps/win64/javafx-sdk-11.0.2/lib;C:/Xilinx/Vivado/2021.1/tps/win64/javafx-sdk-11.0.2/bin;C:/Xilinx/Vivado/2021.1/lib/win64.o;C:/Xilinx/Vivado/2021.1/tps/win64/jre11.0.2/bin/server;C:/Xilinx/Vivado/2021.1/tps/win64/jre11.0.2/bin;C:/Xilinx/Vivado/2021.1/ids_lite/ISE/bin/nt64;C:/Xilinx/Vivado/2021.1/ids_lite/ISE/lib/nt64;C:/Xilinx/Vitis_HLS/2021.1/bin;C:\Program Files\NVIDIA GPU Computing Toolkit\CUDA\v12.1\bin;C:\Program Files\NVIDIA GPU Computing Toolkit\CUDA\v12.1\libnvvp;C:\Windows\system32;C:\Windows;C:\Windows\System32\Wbem;C:\Windows\System32\WindowsPowerShell\v1.0\;C:\Windows\System32\OpenSSH\;C:\Program Files (x86)\NVIDIA Corporation\PhysX\Common;C:\Program Files\NVIDIA Corporation\NVIDIA NvDLISR;C:\Program Files\dotnet\;C:\Program Files\Git\cmd;C:\Program Files\NVIDIA Corporation\Nsight Compute 2023.1.1\;C:\Program Files (x86)\IVI Foundation\VISA\WinNT\Bin\;C:\Program Files\IVI Foundation\VISA\Win64\Bin\;C:\Program Files (x86)\Pulse Secure\VC142.CRT\X64\;C:\Program Files (x86)\Pulse Secure\VC142.CRT\X86\;C:\Program Files (x86)\Common Files\Pulse Secure\TNC Client Plugin\;C:\Program Files (x86)\Common Files\Pulse Secure\VC142.CRT\X64\;C:\Program Files (x86)\Common Files\Pulse Secure\VC142.CRT\X86\;C:\Users\uttej\.pyenv\pyenv-win\bin;C:\Users\uttej\.pyenv\pyenv-win\shims;C:\Users\uttej\AppData\Local\Programs\Python\Python311\Scripts\;C:\Users\uttej\AppData\Local\Programs\Python\Python311\;C:\Users\uttej\AppData\Local\Microsoft\WindowsApps;C:\Users\uttej\AppData\Local\Programs\Microsoft VS Code\bin;C:\work\research\YOLO-V5\TensorRT-8.6.1.6.Windows10.x86_64.cuda-12.0\TensorRT-8.6.1.6\lib;C:\work\research\YOLO-V5\TensorRT-8.6.1.6.Windows10.x86_64.cuda-12.0\TensorRT-8.6.1.6\bin;;C:/Xilinx/Vivado/2021.1\tps\mingw\6.2.0\win64.o\nt\bin;C:/Xilinx/Vivado/2021.1\tps\mingw\6.2.0\win64.o\nt\libexec\gcc\x86_64-w64-mingw32\6.2.0;C:/Xilinx/Vivado/2021.1\tps\win64\python-3.8.3;C:/Xilinx/Vivado/2021.1\tps\win64\python-3.8.3\b
USERNAME=uttej
OS=Windows_NT
PROCESSOR_IDENTIFIER=AMD64 Family 25 Model 80 Stepping 0, AuthenticAMD



---------------  S Y S T E M  ---------------

OS: Windows 10 , 64 bit Build 22621 (10.0.22621.3672)

CPU:total 16 (initial active 16) (16 cores per cpu, 2 threads per core) family 25 model 80 stepping 0, cmov, cx8, fxsr, mmx, sse, sse2, sse3, ssse3, sse4.1, sse4.2, popcnt, avx, avx2, aes, clmul, erms, mmxext, 3dnowpref, lzcnt, sse4a, ht, tsc, tscinvbit, tscinv, bmi1, bmi2, adx, sha, fma

Memory: 4k page, system-wide physical 15775M (6309M free)
TotalPageFile size 23683M (AvailPageFile size 3761M)
current process WorkingSet (physical memory assigned to process): 918M, peak: 1153M
current process commit charge ("private bytes"): 982M, peak: 1134M

vm_info: OpenJDK 64-Bit Server VM (11.0.2+9) for windows-amd64 JRE (11.0.2+9), built on Jan 18 2019 05:23:22 by "mach5one" with MS VC++ 15.5 (VS2017)

END.
