#
# A fatal error has been detected by the Java Runtime Environment:
#
#  EXCEPTION_ACCESS_VIOLATION (0xc0000005) at pc=0x00007ff92f77374a, pid=47572, tid=47304
#
# JRE version: OpenJDK Runtime Environment (11.0.2+9) (build 11.0.2+9)
# Java VM: OpenJDK 64-Bit Server VM (11.0.2+9, mixed mode, tiered, compressed oops, g1 gc, windows-amd64)
# Problematic frame:
# C  [librdi_common.dll+0x19374a]
#
# No core dump will be written. Minidumps are not enabled by default on client versions of Windows
#
# If you would like to submit a bug report, please visit:
#   http://bugreport.java.com/bugreport/crash.jsp
# The crash happened outside the Java Virtual Machine in native code.
# See problematic frame for where to report the bug.
#

---------------  S U M M A R Y ------------

Command Line: -Dsun.java2d.pmoffscreen=false -Dhttps.protocols=TLSv1,TLSv1.1,TLSv1.2 -Dsun.java2d.xrender=false -Dsun.java2d.d3d=false -Dsun.awt.nopixfmt=true -Dsun.java2d.dpiaware=true -Dsun.java2d.uiScale.enabled=false -Xverify:none -Dswing.aatext=true -XX:-UsePerfData -Djdk.map.althashing.threshold=512 -XX:StringTableSize=4072 --add-opens=java.base/java.nio=ALL-UNNAMED --add-opens=java.desktop/sun.swing=ALL-UNNAMED --add-opens=java.desktop/javax.swing=ALL-UNNAMED --add-opens=java.desktop/javax.swing.tree=ALL-UNNAMED --add-opens=java.desktop/javax.swing.plaf.basic=ALL-UNNAMED --add-opens=java.desktop/javax.swing.plaf.synth=ALL-UNNAMED --add-opens=java.desktop/com.sun.awt=ALL-UNNAMED -XX:NewSize=60m -XX:MaxNewSize=60m -Xms256m -Xmx3072m -Xss5m 

Host: AMD Ryzen 9 5900HS with Radeon Graphics        , 16 cores, 15G,  Windows 10 , 64 bit Build 22621 (10.0.22621.3672)
Time: Sun Jul 14 20:51:53 2024 Eastern Daylight Time elapsed time: 12576 seconds (0d 3h 29m 36s)

---------------  T H R E A D  ---------------

Current thread (0x00000255f30ac800):  JavaThread "AWT-EventQueue-0" [_thread_in_native, id=47304, stack(0x0000009268c00000,0x0000009269100000)]

Stack: [0x0000009268c00000,0x0000009269100000],  sp=0x00000092690fafb0,  free space=5099k
Native frames: (J=compiled Java code, j=interpreted, Vv=VM code, C=native code)
C  [librdi_common.dll+0x19374a]
C  [librdi_common.dll+0xa1a19]
C  0x00007ff90e2fdc10
C  0x00007ff90e38af9b
C  0x00007ff90e39343b
C  0x00007ff90e35df1a
C  0x00007ff90e3a2678
C  0x00000255e32d062d

Java frames: (J=compiled Java code, j=interpreted, Vv=VM code)
J 22540  ui.views.waveform.waveformi.WVExecutive_getTooltipTextDelayed(J)Ljava/lang/String; (0 bytes) @ 0x00000255e32d0591 [0x00000255e32d0540+0x0000000000000051]
J 26708 c2 ui.views.waveform.c.a.mouseMoved(Ljava/awt/event/MouseEvent;)V (32 bytes) @ 0x00000255e3a65640 [0x00000255e3a65480+0x00000000000001c0]
J 19261 c2 java.awt.AWTEventMulticaster.mouseMoved(Ljava/awt/event/MouseEvent;)V java.desktop@11.0.2 (27 bytes) @ 0x00000255e32af474 [0x00000255e32af3c0+0x00000000000000b4]
J 19261 c2 java.awt.AWTEventMulticaster.mouseMoved(Ljava/awt/event/MouseEvent;)V java.desktop@11.0.2 (27 bytes) @ 0x00000255e32af434 [0x00000255e32af3c0+0x0000000000000074]
J 26707 c2 ui.frmwork.b.j.processMouseMotionEvent(Ljava/awt/event/MouseEvent;)V (131 bytes) @ 0x00000255e3a643a4 [0x00000255e3a64060+0x0000000000000344]
J 22349 c2 java.awt.Container.processEvent(Ljava/awt/AWTEvent;)V java.desktop@11.0.2 (22 bytes) @ 0x00000255e3014cd0 [0x00000255e3014bc0+0x0000000000000110]
J 31681 c2 java.awt.Component.dispatchEventImpl(Ljava/awt/AWTEvent;)V java.desktop@11.0.2 (777 bytes) @ 0x00000255e4276684 [0x00000255e4275dc0+0x00000000000008c4]
J 28498 c2 java.awt.Container.dispatchEventImpl(Ljava/awt/AWTEvent;)V java.desktop@11.0.2 (129 bytes) @ 0x00000255e3d40904 [0x00000255e3d407e0+0x0000000000000124]
J 23324 c2 java.awt.LightweightDispatcher.retargetMouseEvent(Ljava/awt/Component;ILjava/awt/event/MouseEvent;)V java.desktop@11.0.2 (372 bytes) @ 0x00000255e3811658 [0x00000255e38110c0+0x0000000000000598]
J 28456 c2 java.awt.LightweightDispatcher.dispatchEvent(Ljava/awt/AWTEvent;)Z java.desktop@11.0.2 (73 bytes) @ 0x00000255e3d112e4 [0x00000255e3d10bc0+0x0000000000000724]
J 28498 c2 java.awt.Container.dispatchEventImpl(Ljava/awt/AWTEvent;)V java.desktop@11.0.2 (129 bytes) @ 0x00000255e3d40830 [0x00000255e3d407e0+0x0000000000000050]
J 22106 c2 java.awt.Window.dispatchEventImpl(Ljava/awt/AWTEvent;)V java.desktop@11.0.2 (23 bytes) @ 0x00000255e368c58c [0x00000255e368c540+0x000000000000004c]
J 21250 c2 java.awt.EventQueue$4.run()Ljava/lang/Void; java.desktop@11.0.2 (60 bytes) @ 0x00000255e357c530 [0x00000255e357c3e0+0x0000000000000150]
J 21061 c2 java.awt.EventQueue$4.run()Ljava/lang/Object; java.desktop@11.0.2 (5 bytes) @ 0x00000255e3511e54 [0x00000255e3511e20+0x0000000000000034]
v  ~StubRoutines::call_stub
J 3968  java.security.AccessController.doPrivileged(Ljava/security/PrivilegedAction;Ljava/security/AccessControlContext;)Ljava/lang/Object; java.base@11.0.2 (0 bytes) @ 0x00000255e26285b6 [0x00000255e2628540+0x0000000000000076]
J 17424 c2 java.awt.EventQueue$5.run()Ljava/lang/Object; java.desktop@11.0.2 (5 bytes) @ 0x00000255e30416f4 [0x00000255e3041480+0x0000000000000274]
v  ~StubRoutines::call_stub
J 3968  java.security.AccessController.doPrivileged(Ljava/security/PrivilegedAction;Ljava/security/AccessControlContext;)Ljava/lang/Object; java.base@11.0.2 (0 bytes) @ 0x00000255e26285b6 [0x00000255e2628540+0x0000000000000076]
J 16050 c2 java.awt.EventQueue.dispatchEvent(Ljava/awt/AWTEvent;)V java.desktop@11.0.2 (80 bytes) @ 0x00000255e2e751cc [0x00000255e2e74c40+0x000000000000058c]
J 23422 c2 ui.frmwork.a.d.dispatchEvent(Ljava/awt/AWTEvent;)V (42 bytes) @ 0x00000255e32c87b0 [0x00000255e32c86a0+0x0000000000000110]
J 24173% c2 java.awt.EventDispatchThread.pumpEventsForFilter(ILjava/awt/Conditional;Ljava/awt/EventFilter;)V java.desktop@11.0.2 (47 bytes) @ 0x00000255e2b6c300 [0x00000255e2b6c140+0x00000000000001c0]
j  java.awt.EventDispatchThread.pumpEventsForHierarchy(ILjava/awt/Conditional;Ljava/awt/Component;)V+11 java.desktop@11.0.2
j  java.awt.EventDispatchThread.pumpEvents(ILjava/awt/Conditional;)V+4 java.desktop@11.0.2
j  java.awt.EventDispatchThread.pumpEvents(Ljava/awt/Conditional;)V+3 java.desktop@11.0.2
j  java.awt.EventDispatchThread.run()V+9 java.desktop@11.0.2
v  ~StubRoutines::call_stub

siginfo: EXCEPTION_ACCESS_VIOLATION (0xc0000005), reading address 0xffffffffffffffff


Register to memory mapping:

RIP=0x00007ff92f77374a librdi_common.dll
RAX=0x00000255cca9ae01 points into unknown readable memory: 00 00 00 00 00 00 00
RBX=0x00000092690fb080 is pointing into the stack for thread: 0x00000255f30ac800
RCX=0x00000255cca9aef0 points into unknown readable memory: 50 76 b3 cc 55 02 00 00
RDX=0x900248005a460777 is an unknown value
RSP=0x00000092690fafb0 is pointing into the stack for thread: 0x00000255f30ac800
RBP=0x00000092690fb250 is pointing into the stack for thread: 0x00000255f30ac800
RSI=0x000002558e75d4d0 points into unknown readable memory: 90 fe 55 0e f9 7f 00 00
RDI=0x900248005a460777 is an unknown value
R8 =0x00007ff90e58c004 points into unknown readable memory: 00 00 00 00
R9 =0x0 is NULL
R10=0x0000000000000001 is an unknown value
R11=0x00000092690fb090 is pointing into the stack for thread: 0x00000255f30ac800
R12=0x0 is NULL
R13=0x000002558e5286a0 points into unknown readable memory: e8 3f 56 0e f9 7f 00 00
R14=0x0000025580e73280 points into unknown readable memory: b8 19 53 0e f9 7f 00 00
R15=0x0000000004ede6e0 is an unknown value


Registers:
RAX=0x00000255cca9ae01, RBX=0x00000092690fb080, RCX=0x00000255cca9aef0, RDX=0x900248005a460777
RSP=0x00000092690fafb0, RBP=0x00000092690fb250, RSI=0x000002558e75d4d0, RDI=0x900248005a460777
R8 =0x00007ff90e58c004, R9 =0x0000000000000000, R10=0x0000000000000001, R11=0x00000092690fb090
R12=0x0000000000000000, R13=0x000002558e5286a0, R14=0x0000025580e73280, R15=0x0000000004ede6e0
RIP=0x00007ff92f77374a, EFLAGS=0x0000000000010202

Top of Stack: (sp=0x00000092690fafb0)
0x00000092690fafb0:   000000000000000f 00000065736c6100
0x00000092690fafc0:   0000000900000000 00000092690fb080
0x00000092690fafd0:   fffffffffffffffe 0000000000000000
0x00000092690fafe0:   00007ff90e6cea48 0000000000000000
0x00000092690faff0:   000000000000000f 00007ff99ce24d00
0x00000092690fb000:   000002558e5286a0 0000000000000000
0x00000092690fb010:   000000000000000f 000035f33a331c44
0x00000092690fb020:   0000000000000000 0000000000000000
0x00000092690fb030:   0000000000000000 0000000000000000
0x00000092690fb040:   00000092690fb3b0 00007ff92f681a19
0x00000092690fb050:   00007ff90e58bfc0 0000025580e73280
0x00000092690fb060:   0000025580e73280 000002558e75d4d0
0x00000092690fb070:   0000025580e73280 fffffffffffffffe
0x00000092690fb080:   0000000000000000 0000000000000000
0x00000092690fb090:   0000000004ede6e0 0000025580e73280
0x00000092690fb0a0:   000035f33a3303a4 0000000000000000 

Instructions: (pc=0x00007ff92f77374a)
0x00007ff92f77372a:   00 4c 8d 9c 24 90 00 00 00 49 8b 5b 20 49 8b 73
0x00007ff92f77373a:   28 41 0f 28 73 f0 0f 28 7c 24 70 49 8b e3 5f c3
0x00007ff92f77374a:   48 8b 4f 50 48 85 c9 0f 84 88 00 00 00 48 8d 54
0x00007ff92f77375a:   24 48 e8 df 04 05 00 48 8b f0 48 8d 44 24 28 33 


Stack slot to memory mapping:
stack at sp + 0 slots: 0x000000000000000f is an unknown value
stack at sp + 1 slots: 0x00000065736c6100 is an unknown value
stack at sp + 2 slots: 0x0000000900000000 is an unknown value
stack at sp + 3 slots: 0x00000092690fb080 is pointing into the stack for thread: 0x00000255f30ac800
stack at sp + 4 slots: 0xfffffffffffffffe is an unknown value
stack at sp + 5 slots: 0x0 is NULL
stack at sp + 6 slots: 0x00007ff90e6cea48 points into unknown readable memory: a0 a7 58 0e f9 7f 00 00
stack at sp + 7 slots: 0x0 is NULL


---------------  P R O C E S S  ---------------

Threads class SMR info:
_java_thread_list=0x000002558aaff4e0, length=68, elements={
0x00000255f1dd0800, 0x00000255d1aac800, 0x00000255d1bf9800, 0x00000255f1f92800,
0x00000255f1f93000, 0x00000255f0ac3800, 0x00000255f11ac800, 0x00000255f11ad000,
0x00000255f30b0000, 0x00000255f30aa800, 0x00000255f30b1000, 0x00000255f30ab000,
0x00000255f30ad800, 0x00000255f30af000, 0x00000255f30ac800, 0x00000255fdbf5800,
0x00000255fdbf9800, 0x00000255fdbfa800, 0x00000255fdbf5000, 0x00000255fdbfb800,
0x00000255fdbfe800, 0x00000255fdbf9000, 0x00000255fdc00800, 0x00000255fdbfc000,
0x00000255fdbf6800, 0x00000255fdc01000, 0x00000255fdbfd000, 0x00000255fdbfe000,
0x00000255fce9b800, 0x00000255fce9d000, 0x00000255fce99000, 0x00000255fce9c000,
0x00000255fce9a800, 0x00000255fcea3800, 0x00000255fcea2000, 0x00000255fcea4800,
0x00000255fcea2800, 0x00000255fcea5000, 0x00000255fdbff800, 0x00000255fce9d800,
0x00000255fce98000, 0x00000255fcea0000, 0x00000255fcea1000, 0x00000255f30ac000,
0x00000255fdc03800, 0x00000255f30ae800, 0x000002558c465000, 0x000002558c461800,
0x000002558c45f000, 0x000002558c462800, 0x000002558c465800, 0x000002558c460000,
0x000002558c466800, 0x000002558c461000, 0x000002558c464000, 0x000002558c469000,
0x000002558c468000, 0x000002558c463000, 0x000002558c469800, 0x000002558c46a800,
0x000002558c46b800, 0x000002558c46d000, 0x000002558c46c000, 0x000002558c46e000,
0x0000025586fb2000, 0x0000025586fae000, 0x0000025586fb7000, 0x0000025586fac800
}

Java Threads: ( => current thread )
  0x00000255f1dd0800 JavaThread "main" [_thread_blocked, id=40492, stack(0x0000009263500000,0x0000009263600000)]
  0x00000255d1aac800 JavaThread "Reference Handler" daemon [_thread_blocked, id=38220, stack(0x0000009263c00000,0x0000009264100000)]
  0x00000255d1bf9800 JavaThread "Finalizer" daemon [_thread_blocked, id=34176, stack(0x0000009264100000,0x0000009264600000)]
  0x00000255f1f92800 JavaThread "Signal Dispatcher" daemon [_thread_blocked, id=45408, stack(0x0000009264600000,0x0000009264b00000)]
  0x00000255f1f93000 JavaThread "Attach Listener" daemon [_thread_blocked, id=46272, stack(0x0000009264b00000,0x0000009265000000)]
  0x00000255f0ac3800 JavaThread "C2 CompilerThread0" daemon [_thread_blocked, id=47144, stack(0x0000009265000000,0x0000009265100000)]
  0x00000255f11ac800 JavaThread "C1 CompilerThread0" daemon [_thread_blocked, id=37924, stack(0x0000009265100000,0x0000009265200000)]
  0x00000255f11ad000 JavaThread "Sweeper thread" daemon [_thread_blocked, id=46304, stack(0x0000009265200000,0x0000009265700000)]
  0x00000255f30b0000 JavaThread "Common-Cleaner" daemon [_thread_blocked, id=46120, stack(0x0000009265b00000,0x0000009266000000)]
  0x00000255f30aa800 JavaThread "Service Thread" daemon [_thread_blocked, id=45452, stack(0x0000009266000000,0x0000009266500000)]
  0x00000255f30b1000 JavaThread "Java2D Disposer" daemon [_thread_blocked, id=46856, stack(0x0000009266600000,0x0000009266b00000)]
  0x00000255f30ab000 JavaThread "AWT-Shutdown" [_thread_blocked, id=46040, stack(0x0000009266b00000,0x0000009267000000)]
  0x00000255f30ad800 JavaThread "AWT-Windows" daemon [_thread_in_native, id=33748, stack(0x0000009267000000,0x0000009267500000)]
  0x00000255f30af000 JavaThread "TimerQueue" daemon [_thread_blocked, id=47192, stack(0x0000009267f00000,0x0000009268400000)]
=>0x00000255f30ac800 JavaThread "AWT-EventQueue-0" [_thread_in_native, id=47304, stack(0x0000009268c00000,0x0000009269100000)]
  0x00000255fdbf5800 JavaThread "Thread-1" [_thread_in_native, id=41884, stack(0x0000009261f00000,0x0000009263300000)]
  0x00000255fdbf9800 JavaThread "Process Messages Thread" [_thread_blocked, id=45252, stack(0x0000009269600000,0x0000009269b00000)]
  0x00000255fdbfa800 JavaThread "Batik CleanerThread" daemon [_thread_blocked, id=40716, stack(0x0000009269100000,0x0000009269600000)]
  0x00000255fdbf5000 JavaThread "SyntheticaCleanerThread" daemon [_thread_blocked, id=41188, stack(0x000000926a700000,0x000000926ac00000)]
  0x00000255fdbfb800 JavaThread "Monitor HEventQueue Thread" [_thread_blocked, id=44400, stack(0x000000926ad00000,0x000000926b200000)]
  0x00000255fdbfe800 JavaThread "SyntheticaAnimation 50" daemon [_thread_blocked, id=28912, stack(0x000000926b200000,0x000000926b700000)]
  0x00000255fdbf9000 JavaThread "SyntheticaAnimation 25" daemon [_thread_blocked, id=40404, stack(0x000000926b900000,0x000000926be00000)]
  0x00000255fdc00800 JavaThread "SyntheticaAnimation 70" daemon [_thread_blocked, id=31656, stack(0x000000926c300000,0x000000926c800000)]
  0x00000255fdbfc000 JavaThread "Refresh Filesets Swing Worker Thread" [_thread_blocked, id=16540, stack(0x0000009269b00000,0x000000926a000000)]
  0x00000255fdbf6800 JavaThread "Thread-15" [_thread_blocked, id=45100, stack(0x000000926a000000,0x000000926a500000)]
  0x00000255fdc01000 JavaThread "OutputGobbler" daemon [_thread_in_native, id=22696, stack(0x000000926c800000,0x000000926cd00000)]
  0x00000255fdbfd000 JavaThread "ErrorGobbler" daemon [_thread_in_native, id=33660, stack(0x000000926cd00000,0x000000926d200000)]
  0x00000255fdbfe000 JavaThread "hw_ila_monitor" [_thread_blocked, id=23440, stack(0x000000926dc00000,0x000000926e100000)]
  0x00000255fce9b800 JavaThread "pool-1-thread-1" [_thread_blocked, id=28324, stack(0x000000926ed00000,0x000000926f200000)]
  0x00000255fce9d000 JavaThread "pool-2-thread-1" [_thread_blocked, id=18852, stack(0x000000926f200000,0x000000926f700000)]
  0x00000255fce99000 JavaThread "pool-3-thread-1" [_thread_blocked, id=45412, stack(0x000000926f700000,0x000000926fc00000)]
  0x00000255fce9c000 JavaThread "Update Runs Swing Worker Thread" [_thread_blocked, id=46996, stack(0x0000009270100000,0x0000009270600000)]
  0x00000255fce9a800 JavaThread "SyntheticaAnimation 50" daemon [_thread_blocked, id=43632, stack(0x000000926be00000,0x000000926c300000)]
  0x00000255fcea3800 JavaThread "Watchdog Thread for com.sigasi.lsp.server.BootstrappedLspServer" daemon [_thread_blocked, id=22988, stack(0x0000009268400000,0x0000009268900000)]
  0x00000255fcea2000 JavaThread "Life support thread" daemon [_thread_blocked, id=46124, stack(0x000000926d700000,0x000000926dc00000)]
  0x00000255fcea4800 JavaThread "Swing-Shell" daemon [_thread_blocked, id=46788, stack(0x0000009270600000,0x0000009270b00000)]
  0x00000255fcea2800 JavaThread "Protocol translation thread 0" [_thread_in_native, id=44140, stack(0x0000009271000000,0x0000009271500000)]
  0x00000255fcea5000 JavaThread "pool-6-thread-1" [_thread_blocked, id=30568, stack(0x0000009271500000,0x0000009271a00000)]
  0x00000255fdbff800 JavaThread "EMF Reference Cleaner" daemon [_thread_blocked, id=21908, stack(0x0000009271a00000,0x0000009271f00000)]
  0x00000255fce9d800 JavaThread "Timer-0" [_thread_blocked, id=43664, stack(0x000000926e600000,0x000000926eb00000)]
  0x00000255fce98000 JavaThread "Monitor File Timestamp Swing Worker Thread" [_thread_blocked, id=46164, stack(0x000000926fc00000,0x0000009270100000)]
  0x00000255fcea0000 JavaThread "pool-7-thread-1" [_thread_blocked, id=18176, stack(0x000000926e100000,0x000000926e600000)]
  0x00000255fcea1000 JavaThread "Timer-1" [_thread_blocked, id=44668, stack(0x0000009272600000,0x0000009272b00000)]
  0x00000255f30ac000 JavaThread "Monitor File Timestamp Swing Worker Thread" [_thread_blocked, id=46132, stack(0x0000009272b00000,0x0000009273000000)]
  0x00000255fdc03800 JavaThread "Timer-2" [_thread_blocked, id=40168, stack(0x0000009273000000,0x0000009273500000)]
  0x00000255f30ae800 JavaThread "Monitor File Timestamp Swing Worker Thread" [_thread_blocked, id=40468, stack(0x0000009273500000,0x0000009273a00000)]
  0x000002558c465000 JavaThread "Timer-3" [_thread_blocked, id=39128, stack(0x0000009273a00000,0x0000009273f00000)]
  0x000002558c461800 JavaThread "Monitor File Timestamp Swing Worker Thread" [_thread_blocked, id=43220, stack(0x0000009273f00000,0x0000009274400000)]
  0x000002558c45f000 JavaThread "Timer-4" [_thread_blocked, id=43276, stack(0x0000009274400000,0x0000009274900000)]
  0x000002558c462800 JavaThread "Monitor File Timestamp Swing Worker Thread" [_thread_blocked, id=32512, stack(0x0000009274900000,0x0000009274e00000)]
  0x000002558c465800 JavaThread "Timer-5" [_thread_blocked, id=47080, stack(0x0000009274e00000,0x0000009275300000)]
  0x000002558c460000 JavaThread "Monitor File Timestamp Swing Worker Thread" [_thread_blocked, id=33632, stack(0x0000009275300000,0x0000009275800000)]
  0x000002558c466800 JavaThread "Timer-6" [_thread_blocked, id=10188, stack(0x0000009275800000,0x0000009275d00000)]
  0x000002558c461000 JavaThread "Monitor File Timestamp Swing Worker Thread" [_thread_blocked, id=47112, stack(0x0000009275d00000,0x0000009276200000)]
  0x000002558c464000 JavaThread "Timer-7" [_thread_blocked, id=37048, stack(0x0000009276200000,0x0000009276700000)]
  0x000002558c469000 JavaThread "Monitor File Timestamp Swing Worker Thread" [_thread_blocked, id=44132, stack(0x0000009276700000,0x0000009276c00000)]
  0x000002558c468000 JavaThread "Timer-8" [_thread_blocked, id=46660, stack(0x0000009276c00000,0x0000009277100000)]
  0x000002558c463000 JavaThread "Monitor File Timestamp Swing Worker Thread" [_thread_blocked, id=19824, stack(0x0000009277100000,0x0000009277600000)]
  0x000002558c469800 JavaThread "Timer-9" [_thread_blocked, id=35164, stack(0x0000009270b00000,0x0000009271000000)]
  0x000002558c46a800 JavaThread "Monitor File Timestamp Swing Worker Thread" [_thread_blocked, id=47620, stack(0x0000009277b00000,0x0000009278000000)]
  0x000002558c46b800 JavaThread "Timer-10" [_thread_blocked, id=41844, stack(0x0000009278000000,0x0000009278500000)]
  0x000002558c46d000 JavaThread "Monitor File Timestamp Swing Worker Thread" [_thread_blocked, id=24016, stack(0x0000009278500000,0x0000009278a00000)]
  0x000002558c46c000 JavaThread "Timer-11" [_thread_blocked, id=29460, stack(0x0000009278a00000,0x0000009278f00000)]
  0x000002558c46e000 JavaThread "Monitor File Timestamp Swing Worker Thread" [_thread_blocked, id=43716, stack(0x0000009278f00000,0x0000009279400000)]
  0x0000025586fb2000 JavaThread "ForkJoinPool.commonPool-worker-3" daemon [_thread_blocked, id=47472, stack(0x000000926d200000,0x000000926d700000)]
  0x0000025586fae000 JavaThread "Timer-15" [_thread_blocked, id=47596, stack(0x0000009279900000,0x0000009279e00000)]
  0x0000025586fb7000 JavaThread "Monitor File Timestamp Swing Worker Thread" [_thread_blocked, id=16196, stack(0x0000009279e00000,0x000000927a300000)]
  0x0000025586fac800 JavaThread "Relaunch Simulation Thread" [_thread_blocked, id=45428, stack(0x0000009277600000,0x0000009277b00000)]

Other Threads:
  0x00000255f259f800 VMThread "VM Thread" [stack: 0x0000009263b00000,0x0000009263c00000] [id=23208]
  0x00000255ee477000 WatcherThread [stack: 0x0000009266500000,0x0000009266600000] [id=41080]
  0x00000255f12a3800 GCTaskThread "GC Thread#0" [stack: 0x0000009263600000,0x0000009263700000] [id=46964]
  0x00000255fc480000 GCTaskThread "GC Thread#1" [stack: 0x0000009267800000,0x0000009267900000] [id=46808]
  0x00000255fc534000 GCTaskThread "GC Thread#2" [stack: 0x0000009267900000,0x0000009267a00000] [id=48008]
  0x00000255fa8c1000 GCTaskThread "GC Thread#3" [stack: 0x0000009267a00000,0x0000009267b00000] [id=47972]
  0x00000255fac21800 GCTaskThread "GC Thread#4" [stack: 0x0000009267b00000,0x0000009267c00000] [id=39356]
  0x00000255fc812000 GCTaskThread "GC Thread#5" [stack: 0x0000009267c00000,0x0000009267d00000] [id=40220]
  0x00000255fc411800 GCTaskThread "GC Thread#6" [stack: 0x0000009265a00000,0x0000009265b00000] [id=30624]
  0x00000255fede5000 GCTaskThread "GC Thread#7" [stack: 0x0000009267500000,0x0000009267600000] [id=37736]
  0x00000255fa9bd800 GCTaskThread "GC Thread#8" [stack: 0x0000009267600000,0x0000009267700000] [id=46628]
  0x00000255f9f59000 GCTaskThread "GC Thread#9" [stack: 0x0000009267700000,0x0000009267800000] [id=45692]
  0x00000255ff87d800 GCTaskThread "GC Thread#10" [stack: 0x000000926b700000,0x000000926b800000] [id=32288]
  0x0000025580b05800 GCTaskThread "GC Thread#11" [stack: 0x000000926b800000,0x000000926b900000] [id=47840]
  0x0000025589548800 GCTaskThread "GC Thread#12" [stack: 0x0000009268900000,0x0000009268a00000] [id=44740]
  0x00000255f0bc1800 ConcurrentGCThread "G1 Main Marker" [stack: 0x0000009263700000,0x0000009263800000] [id=44432]
  0x00000255f1ce3000 ConcurrentGCThread "G1 Conc#0" [stack: 0x0000009263800000,0x0000009263900000] [id=17840]
  0x00000255fd27d000 ConcurrentGCThread "G1 Conc#1" [stack: 0x0000009268a00000,0x0000009268b00000] [id=45260]
  0x00000255fdaa0000 ConcurrentGCThread "G1 Conc#2" [stack: 0x0000009268b00000,0x0000009268c00000] [id=34756]
  0x00000255f227e800 ConcurrentGCThread "G1 Refine#0" [stack: 0x0000009263900000,0x0000009263a00000] [id=47732]
  0x00000255fab26800 ConcurrentGCThread "G1 Refine#1" [stack: 0x0000009267d00000,0x0000009267e00000] [id=41556]
  0x00000255fa99c000 ConcurrentGCThread "G1 Refine#2" [stack: 0x0000009267e00000,0x0000009267f00000] [id=37928]
  0x00000255cd8a3800 ConcurrentGCThread "G1 Young RemSet Sampling" [stack: 0x0000009263a00000,0x0000009263b00000] [id=43204]

Threads with active compile tasks:

VM state:not at safepoint (normal execution)

VM Mutex/Monitor currently owned by a thread: None

Heap address: 0x0000000740000000, size: 3072 MB, Compressed Oops mode: Zero based, Oop shift amount: 3
Narrow klass base: 0x0000000800000000, Narrow klass shift: 0
Compressed class space size: 1073741824 Address: 0x0000000800000000

Heap:
 garbage-first heap   total 315392K, used 141572K [0x0000000740000000, 0x0000000800000000)
  region size 1024K, 29 young (29696K), 0 survivors (0K)
 Metaspace       used 111264K, capacity 112767K, committed 117040K, reserved 1150976K
  class space    used 14114K, capacity 14703K, committed 16256K, reserved 1048576K
Heap Regions: E=young(eden), S=young(survivor), O=old, HS=humongous(starts), HC=humongous(continues), CS=collection set, F=free, A=archive, TAMS=top-at-mark-start (previous, next)
|   0|0x0000000740000000, 0x0000000740100000, 0x0000000740100000|100%|HS|  |TAMS 0x0000000740000000, 0x0000000740000000| Untracked 
|   1|0x0000000740100000, 0x0000000740200000, 0x0000000740200000|100%|HC|  |TAMS 0x0000000740100000, 0x0000000740100000| Untracked 
|   2|0x0000000740200000, 0x0000000740300000, 0x0000000740300000|100%|HS|  |TAMS 0x0000000740200000, 0x0000000740200000| Untracked 
|   3|0x0000000740300000, 0x0000000740400000, 0x0000000740400000|100%| O|  |TAMS 0x0000000740300000, 0x0000000740300000| Untracked 
|   4|0x0000000740400000, 0x00000007404ffff8, 0x0000000740500000| 99%| O|  |TAMS 0x0000000740400000, 0x0000000740400000| Untracked 
|   5|0x0000000740500000, 0x0000000740600000, 0x0000000740600000|100%| O|  |TAMS 0x0000000740500000, 0x0000000740500000| Untracked 
|   6|0x0000000740600000, 0x00000007406ffff0, 0x0000000740700000| 99%| O|  |TAMS 0x0000000740600000, 0x0000000740600000| Untracked 
|   7|0x0000000740700000, 0x00000007407ffff0, 0x0000000740800000| 99%| O|  |TAMS 0x0000000740700000, 0x0000000740700000| Untracked 
|   8|0x0000000740800000, 0x0000000740900000, 0x0000000740900000|100%| O|  |TAMS 0x0000000740800000, 0x0000000740800000| Untracked 
|   9|0x0000000740900000, 0x00000007409ffff8, 0x0000000740a00000| 99%| O|  |TAMS 0x0000000740900000, 0x0000000740900000| Untracked 
|  10|0x0000000740a00000, 0x0000000740affff8, 0x0000000740b00000| 99%| O|  |TAMS 0x0000000740a00000, 0x0000000740a00000| Untracked 
|  11|0x0000000740b00000, 0x0000000740bffff8, 0x0000000740c00000| 99%| O|  |TAMS 0x0000000740b00000, 0x0000000740b00000| Untracked 
|  12|0x0000000740c00000, 0x0000000740d00000, 0x0000000740d00000|100%| O|  |TAMS 0x0000000740c00000, 0x0000000740c00000| Untracked 
|  13|0x0000000740d00000, 0x0000000740e00000, 0x0000000740e00000|100%| O|  |TAMS 0x0000000740d00000, 0x0000000740d00000| Untracked 
|  14|0x0000000740e00000, 0x0000000740effff0, 0x0000000740f00000| 99%| O|  |TAMS 0x0000000740e00000, 0x0000000740e00000| Untracked 
|  15|0x0000000740f00000, 0x0000000740fffff0, 0x0000000741000000| 99%| O|  |TAMS 0x0000000740f00000, 0x0000000740f00000| Untracked 
|  16|0x0000000741000000, 0x00000007410ffff8, 0x0000000741100000| 99%| O|  |TAMS 0x0000000741000000, 0x0000000741000000| Untracked 
|  17|0x0000000741100000, 0x0000000741200000, 0x0000000741200000|100%| O|  |TAMS 0x0000000741100000, 0x0000000741100000| Untracked 
|  18|0x0000000741200000, 0x00000007412ffff8, 0x0000000741300000| 99%| O|  |TAMS 0x0000000741200000, 0x0000000741200000| Untracked 
|  19|0x0000000741300000, 0x0000000741400000, 0x0000000741400000|100%| O|  |TAMS 0x0000000741300000, 0x0000000741300000| Untracked 
|  20|0x0000000741400000, 0x00000007414ffff0, 0x0000000741500000| 99%| O|  |TAMS 0x0000000741400000, 0x0000000741400000| Untracked 
|  21|0x0000000741500000, 0x00000007415ffff0, 0x0000000741600000| 99%| O|  |TAMS 0x0000000741500000, 0x0000000741500000| Untracked 
|  22|0x0000000741600000, 0x00000007416ffff8, 0x0000000741700000| 99%| O|  |TAMS 0x0000000741600000, 0x0000000741600000| Untracked 
|  23|0x0000000741700000, 0x00000007417ffff0, 0x0000000741800000| 99%| O|  |TAMS 0x0000000741700000, 0x0000000741700000| Untracked 
|  24|0x0000000741800000, 0x0000000741900000, 0x0000000741900000|100%|HS|  |TAMS 0x0000000741800000, 0x0000000741800000| Untracked 
|  25|0x0000000741900000, 0x0000000741a00000, 0x0000000741a00000|100%|HC|  |TAMS 0x0000000741900000, 0x0000000741900000| Untracked 
|  26|0x0000000741a00000, 0x0000000741b00000, 0x0000000741b00000|100%|HS|  |TAMS 0x0000000741a00000, 0x0000000741a00000| Untracked 
|  27|0x0000000741b00000, 0x0000000741c00000, 0x0000000741c00000|100%|HS|  |TAMS 0x0000000741b00000, 0x0000000741b00000| Untracked 
|  28|0x0000000741c00000, 0x0000000741cffff0, 0x0000000741d00000| 99%| O|  |TAMS 0x0000000741c00000, 0x0000000741c00000| Untracked 
|  29|0x0000000741d00000, 0x0000000741dffff0, 0x0000000741e00000| 99%| O|  |TAMS 0x0000000741d00000, 0x0000000741d00000| Untracked 
|  30|0x0000000741e00000, 0x0000000741efffd8, 0x0000000741f00000| 99%| O|  |TAMS 0x0000000741e00000, 0x0000000741e00000| Untracked 
|  31|0x0000000741f00000, 0x0000000741fffff8, 0x0000000742000000| 99%| O|  |TAMS 0x0000000741f00000, 0x0000000741f00000| Untracked 
|  32|0x0000000742000000, 0x00000007420ffff0, 0x0000000742100000| 99%| O|  |TAMS 0x0000000742000000, 0x0000000742000000| Untracked 
|  33|0x0000000742100000, 0x00000007421fffe0, 0x0000000742200000| 99%| O|  |TAMS 0x0000000742100000, 0x0000000742100000| Untracked 
|  34|0x0000000742200000, 0x00000007422ffff8, 0x0000000742300000| 99%| O|  |TAMS 0x0000000742200000, 0x0000000742200000| Untracked 
|  35|0x0000000742300000, 0x0000000742400000, 0x0000000742400000|100%| O|  |TAMS 0x0000000742300000, 0x0000000742300000| Untracked 
|  36|0x0000000742400000, 0x00000007424ffff0, 0x0000000742500000| 99%| O|  |TAMS 0x0000000742400000, 0x0000000742400000| Untracked 
|  37|0x0000000742500000, 0x0000000742600000, 0x0000000742600000|100%| O|  |TAMS 0x0000000742500000, 0x0000000742500000| Untracked 
|  38|0x0000000742600000, 0x0000000742700000, 0x0000000742700000|100%| O|  |TAMS 0x0000000742600000, 0x0000000742600000| Untracked 
|  39|0x0000000742700000, 0x00000007427ffff8, 0x0000000742800000| 99%| O|  |TAMS 0x0000000742700000, 0x0000000742700000| Untracked 
|  40|0x0000000742800000, 0x0000000742900000, 0x0000000742900000|100%| O|  |TAMS 0x0000000742800000, 0x0000000742800000| Untracked 
|  41|0x0000000742900000, 0x00000007429ffff8, 0x0000000742a00000| 99%| O|  |TAMS 0x0000000742900000, 0x0000000742900000| Untracked 
|  42|0x0000000742a00000, 0x0000000742affff8, 0x0000000742b00000| 99%| O|  |TAMS 0x0000000742a00000, 0x0000000742a00000| Untracked 
|  43|0x0000000742b00000, 0x0000000742c00000, 0x0000000742c00000|100%| O|  |TAMS 0x0000000742b00000, 0x0000000742b00000| Untracked 
|  44|0x0000000742c00000, 0x0000000742cffff8, 0x0000000742d00000| 99%| O|  |TAMS 0x0000000742c00000, 0x0000000742c00000| Untracked 
|  45|0x0000000742d00000, 0x0000000742e00000, 0x0000000742e00000|100%| O|  |TAMS 0x0000000742d00000, 0x0000000742d00000| Untracked 
|  46|0x0000000742e00000, 0x0000000742f00000, 0x0000000742f00000|100%| O|  |TAMS 0x0000000742e00000, 0x0000000742e00000| Untracked 
|  47|0x0000000742f00000, 0x0000000742fffff8, 0x0000000743000000| 99%| O|  |TAMS 0x0000000742f00000, 0x0000000742f00000| Untracked 
|  48|0x0000000743000000, 0x00000007430ffff8, 0x0000000743100000| 99%| O|  |TAMS 0x0000000743000000, 0x0000000743000000| Untracked 
|  49|0x0000000743100000, 0x0000000743200000, 0x0000000743200000|100%| O|  |TAMS 0x0000000743100000, 0x0000000743100000| Untracked 
|  50|0x0000000743200000, 0x0000000743300000, 0x0000000743300000|100%| O|  |TAMS 0x0000000743200000, 0x0000000743200000| Untracked 
|  51|0x0000000743300000, 0x0000000743400000, 0x0000000743400000|100%| O|  |TAMS 0x0000000743300000, 0x0000000743300000| Untracked 
|  52|0x0000000743400000, 0x00000007434ffff0, 0x0000000743500000| 99%| O|  |TAMS 0x0000000743400000, 0x0000000743400000| Untracked 
|  53|0x0000000743500000, 0x00000007435ffff8, 0x0000000743600000| 99%| O|  |TAMS 0x0000000743500000, 0x0000000743500000| Untracked 
|  54|0x0000000743600000, 0x00000007436ffff0, 0x0000000743700000| 99%| O|  |TAMS 0x0000000743600000, 0x0000000743600000| Untracked 
|  55|0x0000000743700000, 0x00000007437fffe8, 0x0000000743800000| 99%| O|  |TAMS 0x0000000743700000, 0x0000000743700000| Untracked 
|  56|0x0000000743800000, 0x00000007438ffff8, 0x0000000743900000| 99%| O|  |TAMS 0x0000000743800000, 0x0000000743800000| Untracked 
|  57|0x0000000743900000, 0x0000000743a00000, 0x0000000743a00000|100%| O|  |TAMS 0x0000000743900000, 0x0000000743900000| Untracked 
|  58|0x0000000743a00000, 0x0000000743affff8, 0x0000000743b00000| 99%| O|  |TAMS 0x0000000743a00000, 0x0000000743a00000| Untracked 
|  59|0x0000000743b00000, 0x0000000743bffff8, 0x0000000743c00000| 99%| O|  |TAMS 0x0000000743b00000, 0x0000000743b00000| Untracked 
|  60|0x0000000743c00000, 0x0000000743d00000, 0x0000000743d00000|100%| O|  |TAMS 0x0000000743c00000, 0x0000000743c00000| Untracked 
|  61|0x0000000743d00000, 0x0000000743dffff8, 0x0000000743e00000| 99%| O|  |TAMS 0x0000000743d00000, 0x0000000743d00000| Untracked 
|  62|0x0000000743e00000, 0x0000000743f00000, 0x0000000743f00000|100%| O|  |TAMS 0x0000000743e00000, 0x0000000743e00000| Untracked 
|  63|0x0000000743f00000, 0x0000000743fffff8, 0x0000000744000000| 99%| O|  |TAMS 0x0000000743f00000, 0x0000000743f00000| Untracked 
|  64|0x0000000744000000, 0x00000007440ffff8, 0x0000000744100000| 99%| O|  |TAMS 0x0000000744000000, 0x0000000744000000| Untracked 
|  65|0x0000000744100000, 0x00000007441ffff8, 0x0000000744200000| 99%| O|  |TAMS 0x0000000744100000, 0x0000000744100000| Untracked 
|  66|0x0000000744200000, 0x00000007442ffff0, 0x0000000744300000| 99%| O|  |TAMS 0x0000000744200000, 0x0000000744200000| Untracked 
|  67|0x0000000744300000, 0x0000000744400000, 0x0000000744400000|100%| O|  |TAMS 0x0000000744300000, 0x0000000744300000| Untracked 
|  68|0x0000000744400000, 0x00000007444ffff8, 0x0000000744500000| 99%| O|  |TAMS 0x0000000744400000, 0x0000000744400000| Untracked 
|  69|0x0000000744500000, 0x0000000744600000, 0x0000000744600000|100%| O|  |TAMS 0x0000000744500000, 0x0000000744500000| Untracked 
|  70|0x0000000744600000, 0x00000007446ffff0, 0x0000000744700000| 99%| O|  |TAMS 0x0000000744600000, 0x0000000744600000| Untracked 
|  71|0x0000000744700000, 0x00000007447ffff8, 0x0000000744800000| 99%| O|  |TAMS 0x0000000744700000, 0x0000000744700000| Untracked 
|  72|0x0000000744800000, 0x00000007448fffe8, 0x0000000744900000| 99%| O|  |TAMS 0x0000000744800000, 0x0000000744800000| Untracked 
|  73|0x0000000744900000, 0x0000000744a00000, 0x0000000744a00000|100%|HS|  |TAMS 0x0000000744900000, 0x0000000744900000| Untracked 
|  74|0x0000000744a00000, 0x0000000744affff0, 0x0000000744b00000| 99%| O|  |TAMS 0x0000000744a00000, 0x0000000744a00000| Untracked 
|  75|0x0000000744b00000, 0x0000000744bffff8, 0x0000000744c00000| 99%| O|  |TAMS 0x0000000744b00000, 0x0000000744b00000| Untracked 
|  76|0x0000000744c00000, 0x0000000744d00000, 0x0000000744d00000|100%| O|  |TAMS 0x0000000744c00000, 0x0000000744c00000| Untracked 
|  77|0x0000000744d00000, 0x0000000744dffff8, 0x0000000744e00000| 99%| O|  |TAMS 0x0000000744d00000, 0x0000000744d00000| Untracked 
|  78|0x0000000744e00000, 0x0000000744f00000, 0x0000000744f00000|100%| O|  |TAMS 0x0000000744e00000, 0x0000000744e00000| Untracked 
|  79|0x0000000744f00000, 0x0000000744fffff8, 0x0000000745000000| 99%| O|  |TAMS 0x0000000744f00000, 0x0000000744f00000| Untracked 
|  80|0x0000000745000000, 0x0000000745100000, 0x0000000745100000|100%| O|  |TAMS 0x0000000745000000, 0x0000000745000000| Untracked 
|  81|0x0000000745100000, 0x0000000745200000, 0x0000000745200000|100%| O|  |TAMS 0x0000000745100000, 0x0000000745100000| Untracked 
|  82|0x0000000745200000, 0x0000000745300000, 0x0000000745300000|100%| O|  |TAMS 0x0000000745200000, 0x0000000745200000| Untracked 
|  83|0x0000000745300000, 0x0000000745400000, 0x0000000745400000|100%| O|  |TAMS 0x0000000745300000, 0x0000000745300000| Untracked 
|  84|0x0000000745400000, 0x0000000745500000, 0x0000000745500000|100%| O|  |TAMS 0x0000000745400000, 0x0000000745400000| Untracked 
|  85|0x0000000745500000, 0x00000007455ffff0, 0x0000000745600000| 99%| O|  |TAMS 0x0000000745500000, 0x0000000745500000| Untracked 
|  86|0x0000000745600000, 0x0000000745700000, 0x0000000745700000|100%| O|  |TAMS 0x0000000745600000, 0x0000000745600000| Untracked 
|  87|0x0000000745700000, 0x00000007457ffff8, 0x0000000745800000| 99%| O|  |TAMS 0x0000000745700000, 0x0000000745700000| Untracked 
|  88|0x0000000745800000, 0x00000007458ffff8, 0x0000000745900000| 99%| O|  |TAMS 0x0000000745800000, 0x0000000745800000| Untracked 
|  89|0x0000000745900000, 0x00000007459ffff8, 0x0000000745a00000| 99%| O|  |TAMS 0x0000000745900000, 0x0000000745900000| Untracked 
|  90|0x0000000745a00000, 0x0000000745afd9d8, 0x0000000745b00000| 99%| O|  |TAMS 0x0000000745a00000, 0x0000000745a00000| Untracked 
|  91|0x0000000745b00000, 0x0000000745bfff98, 0x0000000745c00000| 99%| O|  |TAMS 0x0000000745b00000, 0x0000000745b00000| Untracked 
|  92|0x0000000745c00000, 0x0000000745cf1318, 0x0000000745d00000| 94%| O|  |TAMS 0x0000000745c00000, 0x0000000745c00000| Untracked 
|  93|0x0000000745d00000, 0x0000000745dfff30, 0x0000000745e00000| 99%| O|  |TAMS 0x0000000745d00000, 0x0000000745d00000| Untracked 
|  94|0x0000000745e00000, 0x0000000745ee9438, 0x0000000745f00000| 91%| O|  |TAMS 0x0000000745e00000, 0x0000000745e00000| Untracked 
|  95|0x0000000745f00000, 0x0000000745feaeb8, 0x0000000746000000| 91%| O|  |TAMS 0x0000000745f00000, 0x0000000745f00000| Untracked 
|  96|0x0000000746000000, 0x000000074607e3d8, 0x0000000746100000| 49%| O|  |TAMS 0x0000000746000000, 0x0000000746000000| Untracked 
|  97|0x0000000746100000, 0x0000000746100000, 0x0000000746200000|  0%| F|  |TAMS 0x0000000746100000, 0x0000000746100000| Untracked 
|  98|0x0000000746200000, 0x0000000746200000, 0x0000000746300000|  0%| F|  |TAMS 0x0000000746200000, 0x0000000746200000| Untracked 
|  99|0x0000000746300000, 0x0000000746300000, 0x0000000746400000|  0%| F|  |TAMS 0x0000000746300000, 0x0000000746300000| Untracked 
| 100|0x0000000746400000, 0x0000000746500000, 0x0000000746500000|100%|HS|  |TAMS 0x0000000746400000, 0x0000000746400000| Untracked 
| 101|0x0000000746500000, 0x0000000746600000, 0x0000000746600000|100%|HS|  |TAMS 0x0000000746500000, 0x0000000746500000| Untracked 
| 102|0x0000000746600000, 0x0000000746700000, 0x0000000746700000|100%|HC|  |TAMS 0x0000000746600000, 0x0000000746600000| Untracked 
| 103|0x0000000746700000, 0x0000000746800000, 0x0000000746800000|100%|HC|  |TAMS 0x0000000746700000, 0x0000000746700000| Untracked 
| 104|0x0000000746800000, 0x0000000746900000, 0x0000000746900000|100%|HC|  |TAMS 0x0000000746800000, 0x0000000746800000| Untracked 
| 105|0x0000000746900000, 0x0000000746a00000, 0x0000000746a00000|100%|HC|  |TAMS 0x0000000746900000, 0x0000000746900000| Untracked 
| 106|0x0000000746a00000, 0x0000000746b00000, 0x0000000746b00000|100%|HC|  |TAMS 0x0000000746a00000, 0x0000000746a00000| Untracked 
| 107|0x0000000746b00000, 0x0000000746c00000, 0x0000000746c00000|100%|HC|  |TAMS 0x0000000746b00000, 0x0000000746b00000| Untracked 
| 108|0x0000000746c00000, 0x0000000746d00000, 0x0000000746d00000|100%|HC|  |TAMS 0x0000000746c00000, 0x0000000746c00000| Untracked 
| 109|0x0000000746d00000, 0x0000000746e00000, 0x0000000746e00000|100%|HS|  |TAMS 0x0000000746d00000, 0x0000000746d00000| Untracked 
| 110|0x0000000746e00000, 0x0000000746f00000, 0x0000000746f00000|100%|HC|  |TAMS 0x0000000746e00000, 0x0000000746e00000| Untracked 
| 111|0x0000000746f00000, 0x0000000747000000, 0x0000000747000000|100%|HC|  |TAMS 0x0000000746f00000, 0x0000000746f00000| Untracked 
| 112|0x0000000747000000, 0x0000000747100000, 0x0000000747100000|100%|HC|  |TAMS 0x0000000747000000, 0x0000000747000000| Untracked 
| 113|0x0000000747100000, 0x0000000747200000, 0x0000000747200000|100%|HC|  |TAMS 0x0000000747100000, 0x0000000747100000| Untracked 
| 114|0x0000000747200000, 0x0000000747200000, 0x0000000747300000|  0%| F|  |TAMS 0x0000000747200000, 0x0000000747200000| Untracked 
| 115|0x0000000747300000, 0x0000000747300000, 0x0000000747400000|  0%| F|  |TAMS 0x0000000747300000, 0x0000000747300000| Untracked 
| 116|0x0000000747400000, 0x0000000747400000, 0x0000000747500000|  0%| F|  |TAMS 0x0000000747400000, 0x0000000747400000| Untracked 
| 117|0x0000000747500000, 0x0000000747500000, 0x0000000747600000|  0%| F|  |TAMS 0x0000000747500000, 0x0000000747500000| Untracked 
| 118|0x0000000747600000, 0x0000000747600000, 0x0000000747700000|  0%| F|  |TAMS 0x0000000747600000, 0x0000000747600000| Untracked 
| 119|0x0000000747700000, 0x0000000747700000, 0x0000000747800000|  0%| F|  |TAMS 0x0000000747700000, 0x0000000747700000| Untracked 
| 120|0x0000000747800000, 0x0000000747800000, 0x0000000747900000|  0%| F|  |TAMS 0x0000000747800000, 0x0000000747800000| Untracked 
| 121|0x0000000747900000, 0x0000000747900000, 0x0000000747a00000|  0%| F|  |TAMS 0x0000000747900000, 0x0000000747900000| Untracked 
| 122|0x0000000747a00000, 0x0000000747a00000, 0x0000000747b00000|  0%| F|  |TAMS 0x0000000747a00000, 0x0000000747a00000| Untracked 
| 123|0x0000000747b00000, 0x0000000747b00000, 0x0000000747c00000|  0%| F|  |TAMS 0x0000000747b00000, 0x0000000747b00000| Untracked 
| 124|0x0000000747c00000, 0x0000000747c00000, 0x0000000747d00000|  0%| F|  |TAMS 0x0000000747c00000, 0x0000000747c00000| Untracked 
| 125|0x0000000747d00000, 0x0000000747d00000, 0x0000000747e00000|  0%| F|  |TAMS 0x0000000747d00000, 0x0000000747d00000| Untracked 
| 126|0x0000000747e00000, 0x0000000747e00000, 0x0000000747f00000|  0%| F|  |TAMS 0x0000000747e00000, 0x0000000747e00000| Untracked 
| 127|0x0000000747f00000, 0x0000000747f00000, 0x0000000748000000|  0%| F|  |TAMS 0x0000000747f00000, 0x0000000747f00000| Untracked 
| 128|0x0000000748000000, 0x0000000748000000, 0x0000000748100000|  0%| F|  |TAMS 0x0000000748000000, 0x0000000748000000| Untracked 
| 129|0x0000000748100000, 0x0000000748100000, 0x0000000748200000|  0%| F|  |TAMS 0x0000000748100000, 0x0000000748100000| Untracked 
| 130|0x0000000748200000, 0x0000000748200000, 0x0000000748300000|  0%| F|  |TAMS 0x0000000748200000, 0x0000000748200000| Untracked 
| 131|0x0000000748300000, 0x0000000748300000, 0x0000000748400000|  0%| F|  |TAMS 0x0000000748300000, 0x0000000748300000| Untracked 
| 132|0x0000000748400000, 0x0000000748400000, 0x0000000748500000|  0%| F|  |TAMS 0x0000000748400000, 0x0000000748400000| Untracked 
| 133|0x0000000748500000, 0x0000000748500000, 0x0000000748600000|  0%| F|  |TAMS 0x0000000748500000, 0x0000000748500000| Untracked 
| 134|0x0000000748600000, 0x0000000748600000, 0x0000000748700000|  0%| F|  |TAMS 0x0000000748600000, 0x0000000748600000| Untracked 
| 135|0x0000000748700000, 0x0000000748700000, 0x0000000748800000|  0%| F|  |TAMS 0x0000000748700000, 0x0000000748700000| Untracked 
| 136|0x0000000748800000, 0x0000000748800000, 0x0000000748900000|  0%| F|  |TAMS 0x0000000748800000, 0x0000000748800000| Untracked 
| 137|0x0000000748900000, 0x0000000748900000, 0x0000000748a00000|  0%| F|  |TAMS 0x0000000748900000, 0x0000000748900000| Untracked 
| 138|0x0000000748a00000, 0x0000000748a00000, 0x0000000748b00000|  0%| F|  |TAMS 0x0000000748a00000, 0x0000000748a00000| Untracked 
| 139|0x0000000748b00000, 0x0000000748b00000, 0x0000000748c00000|  0%| F|  |TAMS 0x0000000748b00000, 0x0000000748b00000| Untracked 
| 140|0x0000000748c00000, 0x0000000748c00000, 0x0000000748d00000|  0%| F|  |TAMS 0x0000000748c00000, 0x0000000748c00000| Untracked 
| 141|0x0000000748d00000, 0x0000000748d00000, 0x0000000748e00000|  0%| F|  |TAMS 0x0000000748d00000, 0x0000000748d00000| Untracked 
| 142|0x0000000748e00000, 0x0000000748e00000, 0x0000000748f00000|  0%| F|  |TAMS 0x0000000748e00000, 0x0000000748e00000| Untracked 
| 143|0x0000000748f00000, 0x0000000748f00000, 0x0000000749000000|  0%| F|  |TAMS 0x0000000748f00000, 0x0000000748f00000| Untracked 
| 144|0x0000000749000000, 0x0000000749000000, 0x0000000749100000|  0%| F|  |TAMS 0x0000000749000000, 0x0000000749000000| Untracked 
| 145|0x0000000749100000, 0x0000000749100000, 0x0000000749200000|  0%| F|  |TAMS 0x0000000749100000, 0x0000000749100000| Untracked 
| 146|0x0000000749200000, 0x0000000749200000, 0x0000000749300000|  0%| F|  |TAMS 0x0000000749200000, 0x0000000749200000| Untracked 
| 147|0x0000000749300000, 0x0000000749300000, 0x0000000749400000|  0%| F|  |TAMS 0x0000000749300000, 0x0000000749300000| Untracked 
| 148|0x0000000749400000, 0x0000000749400000, 0x0000000749500000|  0%| F|  |TAMS 0x0000000749400000, 0x0000000749400000| Untracked 
| 149|0x0000000749500000, 0x0000000749500000, 0x0000000749600000|  0%| F|  |TAMS 0x0000000749500000, 0x0000000749500000| Untracked 
| 150|0x0000000749600000, 0x0000000749600000, 0x0000000749700000|  0%| F|  |TAMS 0x0000000749600000, 0x0000000749600000| Untracked 
| 151|0x0000000749700000, 0x0000000749700000, 0x0000000749800000|  0%| F|  |TAMS 0x0000000749700000, 0x0000000749700000| Untracked 
| 152|0x0000000749800000, 0x0000000749800000, 0x0000000749900000|  0%| F|  |TAMS 0x0000000749800000, 0x0000000749800000| Untracked 
| 153|0x0000000749900000, 0x0000000749900000, 0x0000000749a00000|  0%| F|  |TAMS 0x0000000749900000, 0x0000000749900000| Untracked 
| 154|0x0000000749a00000, 0x0000000749a00000, 0x0000000749b00000|  0%| F|  |TAMS 0x0000000749a00000, 0x0000000749a00000| Untracked 
| 155|0x0000000749b00000, 0x0000000749b00000, 0x0000000749c00000|  0%| F|  |TAMS 0x0000000749b00000, 0x0000000749b00000| Untracked 
| 156|0x0000000749c00000, 0x0000000749c00000, 0x0000000749d00000|  0%| F|  |TAMS 0x0000000749c00000, 0x0000000749c00000| Untracked 
| 157|0x0000000749d00000, 0x0000000749d00000, 0x0000000749e00000|  0%| F|  |TAMS 0x0000000749d00000, 0x0000000749d00000| Untracked 
| 158|0x0000000749e00000, 0x0000000749e00000, 0x0000000749f00000|  0%| F|  |TAMS 0x0000000749e00000, 0x0000000749e00000| Untracked 
| 159|0x0000000749f00000, 0x0000000749f00000, 0x000000074a000000|  0%| F|  |TAMS 0x0000000749f00000, 0x0000000749f00000| Untracked 
| 160|0x000000074a000000, 0x000000074a000000, 0x000000074a100000|  0%| F|  |TAMS 0x000000074a000000, 0x000000074a000000| Untracked 
| 161|0x000000074a100000, 0x000000074a100000, 0x000000074a200000|  0%| F|  |TAMS 0x000000074a100000, 0x000000074a100000| Untracked 
| 162|0x000000074a200000, 0x000000074a200000, 0x000000074a300000|  0%| F|  |TAMS 0x000000074a200000, 0x000000074a200000| Untracked 
| 163|0x000000074a300000, 0x000000074a300000, 0x000000074a400000|  0%| F|  |TAMS 0x000000074a300000, 0x000000074a300000| Untracked 
| 164|0x000000074a400000, 0x000000074a400000, 0x000000074a500000|  0%| F|  |TAMS 0x000000074a400000, 0x000000074a400000| Untracked 
| 165|0x000000074a500000, 0x000000074a500000, 0x000000074a600000|  0%| F|  |TAMS 0x000000074a500000, 0x000000074a500000| Untracked 
| 166|0x000000074a600000, 0x000000074a600000, 0x000000074a700000|  0%| F|  |TAMS 0x000000074a600000, 0x000000074a600000| Untracked 
| 167|0x000000074a700000, 0x000000074a700000, 0x000000074a800000|  0%| F|  |TAMS 0x000000074a700000, 0x000000074a700000| Untracked 
| 168|0x000000074a800000, 0x000000074a800000, 0x000000074a900000|  0%| F|  |TAMS 0x000000074a800000, 0x000000074a800000| Untracked 
| 169|0x000000074a900000, 0x000000074a900000, 0x000000074aa00000|  0%| F|  |TAMS 0x000000074a900000, 0x000000074a900000| Untracked 
| 170|0x000000074aa00000, 0x000000074aa00000, 0x000000074ab00000|  0%| F|  |TAMS 0x000000074aa00000, 0x000000074aa00000| Untracked 
| 171|0x000000074ab00000, 0x000000074ab00000, 0x000000074ac00000|  0%| F|  |TAMS 0x000000074ab00000, 0x000000074ab00000| Untracked 
| 172|0x000000074ac00000, 0x000000074ac00000, 0x000000074ad00000|  0%| F|  |TAMS 0x000000074ac00000, 0x000000074ac00000| Untracked 
| 173|0x000000074ad00000, 0x000000074ad00000, 0x000000074ae00000|  0%| F|  |TAMS 0x000000074ad00000, 0x000000074ad00000| Untracked 
| 174|0x000000074ae00000, 0x000000074ae00000, 0x000000074af00000|  0%| F|  |TAMS 0x000000074ae00000, 0x000000074ae00000| Untracked 
| 175|0x000000074af00000, 0x000000074af00000, 0x000000074b000000|  0%| F|  |TAMS 0x000000074af00000, 0x000000074af00000| Untracked 
| 176|0x000000074b000000, 0x000000074b000000, 0x000000074b100000|  0%| F|  |TAMS 0x000000074b000000, 0x000000074b000000| Untracked 
| 177|0x000000074b100000, 0x000000074b100000, 0x000000074b200000|  0%| F|  |TAMS 0x000000074b100000, 0x000000074b100000| Untracked 
| 178|0x000000074b200000, 0x000000074b200000, 0x000000074b300000|  0%| F|  |TAMS 0x000000074b200000, 0x000000074b200000| Untracked 
| 179|0x000000074b300000, 0x000000074b300000, 0x000000074b400000|  0%| F|  |TAMS 0x000000074b300000, 0x000000074b300000| Untracked 
| 180|0x000000074b400000, 0x000000074b400000, 0x000000074b500000|  0%| F|  |TAMS 0x000000074b400000, 0x000000074b400000| Untracked 
| 181|0x000000074b500000, 0x000000074b500000, 0x000000074b600000|  0%| F|  |TAMS 0x000000074b500000, 0x000000074b500000| Untracked 
| 182|0x000000074b600000, 0x000000074b600000, 0x000000074b700000|  0%| F|  |TAMS 0x000000074b600000, 0x000000074b600000| Untracked 
| 183|0x000000074b700000, 0x000000074b700000, 0x000000074b800000|  0%| F|  |TAMS 0x000000074b700000, 0x000000074b700000| Untracked 
| 184|0x000000074b800000, 0x000000074b800000, 0x000000074b900000|  0%| F|  |TAMS 0x000000074b800000, 0x000000074b800000| Untracked 
| 185|0x000000074b900000, 0x000000074b900000, 0x000000074ba00000|  0%| F|  |TAMS 0x000000074b900000, 0x000000074b900000| Untracked 
| 186|0x000000074ba00000, 0x000000074ba00000, 0x000000074bb00000|  0%| F|  |TAMS 0x000000074ba00000, 0x000000074ba00000| Untracked 
| 187|0x000000074bb00000, 0x000000074bb00000, 0x000000074bc00000|  0%| F|  |TAMS 0x000000074bb00000, 0x000000074bb00000| Untracked 
| 188|0x000000074bc00000, 0x000000074bc00000, 0x000000074bd00000|  0%| F|  |TAMS 0x000000074bc00000, 0x000000074bc00000| Untracked 
| 189|0x000000074bd00000, 0x000000074bd00000, 0x000000074be00000|  0%| F|  |TAMS 0x000000074bd00000, 0x000000074bd00000| Untracked 
| 190|0x000000074be00000, 0x000000074be00000, 0x000000074bf00000|  0%| F|  |TAMS 0x000000074be00000, 0x000000074be00000| Untracked 
| 191|0x000000074bf00000, 0x000000074bf00000, 0x000000074c000000|  0%| F|  |TAMS 0x000000074bf00000, 0x000000074bf00000| Untracked 
| 192|0x000000074c000000, 0x000000074c000000, 0x000000074c100000|  0%| F|  |TAMS 0x000000074c000000, 0x000000074c000000| Untracked 
| 193|0x000000074c100000, 0x000000074c100000, 0x000000074c200000|  0%| F|  |TAMS 0x000000074c100000, 0x000000074c100000| Untracked 
| 194|0x000000074c200000, 0x000000074c200000, 0x000000074c300000|  0%| F|  |TAMS 0x000000074c200000, 0x000000074c200000| Untracked 
| 195|0x000000074c300000, 0x000000074c300000, 0x000000074c400000|  0%| F|  |TAMS 0x000000074c300000, 0x000000074c300000| Untracked 
| 196|0x000000074c400000, 0x000000074c400000, 0x000000074c500000|  0%| F|  |TAMS 0x000000074c400000, 0x000000074c400000| Untracked 
| 197|0x000000074c500000, 0x000000074c500000, 0x000000074c600000|  0%| F|  |TAMS 0x000000074c500000, 0x000000074c500000| Untracked 
| 198|0x000000074c600000, 0x000000074c600000, 0x000000074c700000|  0%| F|  |TAMS 0x000000074c600000, 0x000000074c600000| Untracked 
| 199|0x000000074c700000, 0x000000074c700000, 0x000000074c800000|  0%| F|  |TAMS 0x000000074c700000, 0x000000074c700000| Untracked 
| 200|0x000000074c800000, 0x000000074c800000, 0x000000074c900000|  0%| F|  |TAMS 0x000000074c800000, 0x000000074c800000| Untracked 
| 201|0x000000074c900000, 0x000000074c900000, 0x000000074ca00000|  0%| F|  |TAMS 0x000000074c900000, 0x000000074c900000| Untracked 
| 202|0x000000074ca00000, 0x000000074ca00000, 0x000000074cb00000|  0%| F|  |TAMS 0x000000074ca00000, 0x000000074ca00000| Untracked 
| 203|0x000000074cb00000, 0x000000074cb00000, 0x000000074cc00000|  0%| F|  |TAMS 0x000000074cb00000, 0x000000074cb00000| Untracked 
| 204|0x000000074cc00000, 0x000000074cc00000, 0x000000074cd00000|  0%| F|  |TAMS 0x000000074cc00000, 0x000000074cc00000| Untracked 
| 205|0x000000074cd00000, 0x000000074cd00000, 0x000000074ce00000|  0%| F|  |TAMS 0x000000074cd00000, 0x000000074cd00000| Untracked 
| 206|0x000000074ce00000, 0x000000074ce00000, 0x000000074cf00000|  0%| F|  |TAMS 0x000000074ce00000, 0x000000074ce00000| Untracked 
| 207|0x000000074cf00000, 0x000000074cf00000, 0x000000074d000000|  0%| F|  |TAMS 0x000000074cf00000, 0x000000074cf00000| Untracked 
| 208|0x000000074d000000, 0x000000074d000000, 0x000000074d100000|  0%| F|  |TAMS 0x000000074d000000, 0x000000074d000000| Untracked 
| 209|0x000000074d100000, 0x000000074d100000, 0x000000074d200000|  0%| F|  |TAMS 0x000000074d100000, 0x000000074d100000| Untracked 
| 210|0x000000074d200000, 0x000000074d200000, 0x000000074d300000|  0%| F|  |TAMS 0x000000074d200000, 0x000000074d200000| Untracked 
| 211|0x000000074d300000, 0x000000074d300000, 0x000000074d400000|  0%| F|  |TAMS 0x000000074d300000, 0x000000074d300000| Untracked 
| 212|0x000000074d400000, 0x000000074d400000, 0x000000074d500000|  0%| F|  |TAMS 0x000000074d400000, 0x000000074d400000| Untracked 
| 213|0x000000074d500000, 0x000000074d500000, 0x000000074d600000|  0%| F|  |TAMS 0x000000074d500000, 0x000000074d500000| Untracked 
| 214|0x000000074d600000, 0x000000074d600000, 0x000000074d700000|  0%| F|  |TAMS 0x000000074d600000, 0x000000074d600000| Untracked 
| 215|0x000000074d700000, 0x000000074d700000, 0x000000074d800000|  0%| F|  |TAMS 0x000000074d700000, 0x000000074d700000| Untracked 
| 216|0x000000074d800000, 0x000000074d800000, 0x000000074d900000|  0%| F|  |TAMS 0x000000074d800000, 0x000000074d800000| Untracked 
| 217|0x000000074d900000, 0x000000074d900000, 0x000000074da00000|  0%| F|  |TAMS 0x000000074d900000, 0x000000074d900000| Untracked 
| 218|0x000000074da00000, 0x000000074da00000, 0x000000074db00000|  0%| F|  |TAMS 0x000000074da00000, 0x000000074da00000| Untracked 
| 219|0x000000074db00000, 0x000000074db00000, 0x000000074dc00000|  0%| F|  |TAMS 0x000000074db00000, 0x000000074db00000| Untracked 
| 220|0x000000074dc00000, 0x000000074dc00000, 0x000000074dd00000|  0%| F|  |TAMS 0x000000074dc00000, 0x000000074dc00000| Untracked 
| 221|0x000000074dd00000, 0x000000074dd00000, 0x000000074de00000|  0%| F|  |TAMS 0x000000074dd00000, 0x000000074dd00000| Untracked 
| 222|0x000000074de00000, 0x000000074de00000, 0x000000074df00000|  0%| F|  |TAMS 0x000000074de00000, 0x000000074de00000| Untracked 
| 223|0x000000074df00000, 0x000000074df00000, 0x000000074e000000|  0%| F|  |TAMS 0x000000074df00000, 0x000000074df00000| Untracked 
| 224|0x000000074e000000, 0x000000074e000000, 0x000000074e100000|  0%| F|  |TAMS 0x000000074e000000, 0x000000074e000000| Untracked 
| 225|0x000000074e100000, 0x000000074e100000, 0x000000074e200000|  0%| F|  |TAMS 0x000000074e100000, 0x000000074e100000| Untracked 
| 226|0x000000074e200000, 0x000000074e200000, 0x000000074e300000|  0%| F|  |TAMS 0x000000074e200000, 0x000000074e200000| Untracked 
| 227|0x000000074e300000, 0x000000074e300000, 0x000000074e400000|  0%| F|  |TAMS 0x000000074e300000, 0x000000074e300000| Untracked 
| 228|0x000000074e400000, 0x000000074e400000, 0x000000074e500000|  0%| F|  |TAMS 0x000000074e400000, 0x000000074e400000| Untracked 
| 229|0x000000074e500000, 0x000000074e500000, 0x000000074e600000|  0%| F|  |TAMS 0x000000074e500000, 0x000000074e500000| Untracked 
| 230|0x000000074e600000, 0x000000074e600000, 0x000000074e700000|  0%| F|  |TAMS 0x000000074e600000, 0x000000074e600000| Untracked 
| 231|0x000000074e700000, 0x000000074e700000, 0x000000074e800000|  0%| F|  |TAMS 0x000000074e700000, 0x000000074e700000| Untracked 
| 232|0x000000074e800000, 0x000000074e800000, 0x000000074e900000|  0%| F|  |TAMS 0x000000074e800000, 0x000000074e800000| Untracked 
| 233|0x000000074e900000, 0x000000074e900000, 0x000000074ea00000|  0%| F|  |TAMS 0x000000074e900000, 0x000000074e900000| Untracked 
| 234|0x000000074ea00000, 0x000000074ea00000, 0x000000074eb00000|  0%| F|  |TAMS 0x000000074ea00000, 0x000000074ea00000| Untracked 
| 235|0x000000074eb00000, 0x000000074eb00000, 0x000000074ec00000|  0%| F|  |TAMS 0x000000074eb00000, 0x000000074eb00000| Untracked 
| 236|0x000000074ec00000, 0x000000074ec00000, 0x000000074ed00000|  0%| F|  |TAMS 0x000000074ec00000, 0x000000074ec00000| Untracked 
| 237|0x000000074ed00000, 0x000000074ed00000, 0x000000074ee00000|  0%| F|  |TAMS 0x000000074ed00000, 0x000000074ed00000| Untracked 
| 238|0x000000074ee00000, 0x000000074ee00000, 0x000000074ef00000|  0%| F|  |TAMS 0x000000074ee00000, 0x000000074ee00000| Untracked 
| 239|0x000000074ef00000, 0x000000074ef00000, 0x000000074f000000|  0%| F|  |TAMS 0x000000074ef00000, 0x000000074ef00000| Untracked 
| 240|0x000000074f000000, 0x000000074f000000, 0x000000074f100000|  0%| F|  |TAMS 0x000000074f000000, 0x000000074f000000| Untracked 
| 241|0x000000074f100000, 0x000000074f100000, 0x000000074f200000|  0%| F|  |TAMS 0x000000074f100000, 0x000000074f100000| Untracked 
| 242|0x000000074f200000, 0x000000074f200000, 0x000000074f300000|  0%| F|  |TAMS 0x000000074f200000, 0x000000074f200000| Untracked 
| 243|0x000000074f300000, 0x000000074f300000, 0x000000074f400000|  0%| F|  |TAMS 0x000000074f300000, 0x000000074f300000| Untracked 
| 244|0x000000074f400000, 0x000000074f400000, 0x000000074f500000|  0%| F|  |TAMS 0x000000074f400000, 0x000000074f400000| Untracked 
| 245|0x000000074f500000, 0x000000074f500000, 0x000000074f600000|  0%| F|  |TAMS 0x000000074f500000, 0x000000074f500000| Untracked 
| 246|0x000000074f600000, 0x000000074f600000, 0x000000074f700000|  0%| F|  |TAMS 0x000000074f600000, 0x000000074f600000| Untracked 
| 247|0x000000074f700000, 0x000000074f700000, 0x000000074f800000|  0%| F|  |TAMS 0x000000074f700000, 0x000000074f700000| Untracked 
| 248|0x000000074f800000, 0x000000074f800000, 0x000000074f900000|  0%| F|  |TAMS 0x000000074f800000, 0x000000074f800000| Untracked 
| 249|0x000000074f900000, 0x000000074f900000, 0x000000074fa00000|  0%| F|  |TAMS 0x000000074f900000, 0x000000074f900000| Untracked 
| 250|0x000000074fa00000, 0x000000074fa00000, 0x000000074fb00000|  0%| F|  |TAMS 0x000000074fa00000, 0x000000074fa00000| Untracked 
| 251|0x000000074fb00000, 0x000000074fb00000, 0x000000074fc00000|  0%| F|  |TAMS 0x000000074fb00000, 0x000000074fb00000| Untracked 
| 252|0x000000074fc00000, 0x000000074fc00000, 0x000000074fd00000|  0%| F|  |TAMS 0x000000074fc00000, 0x000000074fc00000| Untracked 
| 253|0x000000074fd00000, 0x000000074fd00000, 0x000000074fe00000|  0%| F|  |TAMS 0x000000074fd00000, 0x000000074fd00000| Untracked 
| 254|0x000000074fe00000, 0x000000074fe00000, 0x000000074ff00000|  0%| F|  |TAMS 0x000000074fe00000, 0x000000074fe00000| Untracked 
| 255|0x000000074ff00000, 0x000000074ff00000, 0x0000000750000000|  0%| F|  |TAMS 0x000000074ff00000, 0x000000074ff00000| Untracked 
| 256|0x0000000750000000, 0x0000000750000000, 0x0000000750100000|  0%| F|  |TAMS 0x0000000750000000, 0x0000000750000000| Untracked 
| 257|0x0000000750100000, 0x0000000750100000, 0x0000000750200000|  0%| F|  |TAMS 0x0000000750100000, 0x0000000750100000| Untracked 
| 258|0x0000000750200000, 0x0000000750200000, 0x0000000750300000|  0%| F|  |TAMS 0x0000000750200000, 0x0000000750200000| Untracked 
| 259|0x0000000750300000, 0x0000000750300000, 0x0000000750400000|  0%| F|  |TAMS 0x0000000750300000, 0x0000000750300000| Untracked 
| 260|0x0000000750400000, 0x0000000750400000, 0x0000000750500000|  0%| F|  |TAMS 0x0000000750400000, 0x0000000750400000| Untracked 
| 261|0x0000000750500000, 0x0000000750500000, 0x0000000750600000|  0%| F|  |TAMS 0x0000000750500000, 0x0000000750500000| Untracked 
| 262|0x0000000750600000, 0x0000000750600000, 0x0000000750700000|  0%| F|  |TAMS 0x0000000750600000, 0x0000000750600000| Untracked 
| 263|0x0000000750700000, 0x0000000750700000, 0x0000000750800000|  0%| F|  |TAMS 0x0000000750700000, 0x0000000750700000| Untracked 
| 264|0x0000000750800000, 0x0000000750800000, 0x0000000750900000|  0%| F|  |TAMS 0x0000000750800000, 0x0000000750800000| Untracked 
| 265|0x0000000750900000, 0x0000000750900000, 0x0000000750a00000|  0%| F|  |TAMS 0x0000000750900000, 0x0000000750900000| Untracked 
| 266|0x0000000750a00000, 0x0000000750a00000, 0x0000000750b00000|  0%| F|  |TAMS 0x0000000750a00000, 0x0000000750a00000| Untracked 
| 267|0x0000000750b00000, 0x0000000750b00000, 0x0000000750c00000|  0%| F|  |TAMS 0x0000000750b00000, 0x0000000750b00000| Untracked 
| 268|0x0000000750c00000, 0x0000000750c00000, 0x0000000750d00000|  0%| F|  |TAMS 0x0000000750c00000, 0x0000000750c00000| Untracked 
| 269|0x0000000750d00000, 0x0000000750d00000, 0x0000000750e00000|  0%| F|  |TAMS 0x0000000750d00000, 0x0000000750d00000| Untracked 
| 270|0x0000000750e00000, 0x0000000750e00000, 0x0000000750f00000|  0%| F|  |TAMS 0x0000000750e00000, 0x0000000750e00000| Untracked 
| 271|0x0000000750f00000, 0x0000000750f00000, 0x0000000751000000|  0%| F|  |TAMS 0x0000000750f00000, 0x0000000750f00000| Untracked 
| 272|0x0000000751000000, 0x0000000751000000, 0x0000000751100000|  0%| F|  |TAMS 0x0000000751000000, 0x0000000751000000| Untracked 
| 273|0x0000000751100000, 0x0000000751100000, 0x0000000751200000|  0%| F|  |TAMS 0x0000000751100000, 0x0000000751100000| Untracked 
| 274|0x0000000751200000, 0x0000000751200000, 0x0000000751300000|  0%| F|  |TAMS 0x0000000751200000, 0x0000000751200000| Untracked 
| 275|0x0000000751300000, 0x0000000751300000, 0x0000000751400000|  0%| F|  |TAMS 0x0000000751300000, 0x0000000751300000| Untracked 
| 276|0x0000000751400000, 0x0000000751400000, 0x0000000751500000|  0%| F|  |TAMS 0x0000000751400000, 0x0000000751400000| Untracked 
| 277|0x0000000751500000, 0x0000000751500000, 0x0000000751600000|  0%| F|  |TAMS 0x0000000751500000, 0x0000000751500000| Untracked 
| 278|0x0000000751600000, 0x0000000751600000, 0x0000000751700000|  0%| F|  |TAMS 0x0000000751600000, 0x0000000751600000| Untracked 
| 279|0x0000000751700000, 0x0000000751716530, 0x0000000751800000|  8%| E|  |TAMS 0x0000000751700000, 0x0000000751700000| Complete 
| 280|0x0000000751800000, 0x0000000751900000, 0x0000000751900000|100%| E|CS|TAMS 0x0000000751800000, 0x0000000751800000| Complete 
| 281|0x0000000751900000, 0x0000000751a00000, 0x0000000751a00000|100%| E|CS|TAMS 0x0000000751900000, 0x0000000751900000| Complete 
| 282|0x0000000751a00000, 0x0000000751b00000, 0x0000000751b00000|100%| E|CS|TAMS 0x0000000751a00000, 0x0000000751a00000| Complete 
| 283|0x0000000751b00000, 0x0000000751c00000, 0x0000000751c00000|100%| E|CS|TAMS 0x0000000751b00000, 0x0000000751b00000| Complete 
| 284|0x0000000751c00000, 0x0000000751d00000, 0x0000000751d00000|100%| E|CS|TAMS 0x0000000751c00000, 0x0000000751c00000| Complete 
| 285|0x0000000751d00000, 0x0000000751e00000, 0x0000000751e00000|100%| E|CS|TAMS 0x0000000751d00000, 0x0000000751d00000| Complete 
| 286|0x0000000751e00000, 0x0000000751f00000, 0x0000000751f00000|100%| E|CS|TAMS 0x0000000751e00000, 0x0000000751e00000| Complete 
| 287|0x0000000751f00000, 0x0000000752000000, 0x0000000752000000|100%| E|CS|TAMS 0x0000000751f00000, 0x0000000751f00000| Complete 
| 288|0x0000000752000000, 0x0000000752100000, 0x0000000752100000|100%| E|CS|TAMS 0x0000000752000000, 0x0000000752000000| Complete 
| 289|0x0000000752100000, 0x0000000752200000, 0x0000000752200000|100%| E|CS|TAMS 0x0000000752100000, 0x0000000752100000| Complete 
| 290|0x0000000752200000, 0x0000000752300000, 0x0000000752300000|100%| E|CS|TAMS 0x0000000752200000, 0x0000000752200000| Complete 
| 291|0x0000000752300000, 0x0000000752400000, 0x0000000752400000|100%| E|CS|TAMS 0x0000000752300000, 0x0000000752300000| Complete 
| 292|0x0000000752400000, 0x0000000752500000, 0x0000000752500000|100%| E|CS|TAMS 0x0000000752400000, 0x0000000752400000| Complete 
| 293|0x0000000752500000, 0x0000000752600000, 0x0000000752600000|100%| E|CS|TAMS 0x0000000752500000, 0x0000000752500000| Complete 
| 294|0x0000000752600000, 0x0000000752700000, 0x0000000752700000|100%| E|CS|TAMS 0x0000000752600000, 0x0000000752600000| Complete 
| 295|0x0000000752700000, 0x0000000752800000, 0x0000000752800000|100%| E|CS|TAMS 0x0000000752700000, 0x0000000752700000| Complete 
| 296|0x0000000752800000, 0x0000000752900000, 0x0000000752900000|100%| E|CS|TAMS 0x0000000752800000, 0x0000000752800000| Complete 
| 297|0x0000000752900000, 0x0000000752a00000, 0x0000000752a00000|100%| E|CS|TAMS 0x0000000752900000, 0x0000000752900000| Complete 
| 298|0x0000000752a00000, 0x0000000752b00000, 0x0000000752b00000|100%| E|CS|TAMS 0x0000000752a00000, 0x0000000752a00000| Complete 
| 299|0x0000000752b00000, 0x0000000752c00000, 0x0000000752c00000|100%| E|CS|TAMS 0x0000000752b00000, 0x0000000752b00000| Complete 
| 300|0x0000000752c00000, 0x0000000752d00000, 0x0000000752d00000|100%| E|CS|TAMS 0x0000000752c00000, 0x0000000752c00000| Complete 
| 301|0x0000000752d00000, 0x0000000752e00000, 0x0000000752e00000|100%| E|CS|TAMS 0x0000000752d00000, 0x0000000752d00000| Complete 
| 302|0x0000000752e00000, 0x0000000752f00000, 0x0000000752f00000|100%| E|CS|TAMS 0x0000000752e00000, 0x0000000752e00000| Complete 
| 303|0x0000000752f00000, 0x0000000753000000, 0x0000000753000000|100%| E|CS|TAMS 0x0000000752f00000, 0x0000000752f00000| Complete 
| 304|0x0000000753000000, 0x0000000753100000, 0x0000000753100000|100%| E|CS|TAMS 0x0000000753000000, 0x0000000753000000| Complete 
| 305|0x0000000753100000, 0x0000000753200000, 0x0000000753200000|100%| E|CS|TAMS 0x0000000753100000, 0x0000000753100000| Complete 
| 306|0x0000000753200000, 0x0000000753300000, 0x0000000753300000|100%| E|CS|TAMS 0x0000000753200000, 0x0000000753200000| Complete 
| 307|0x0000000753300000, 0x0000000753400000, 0x0000000753400000|100%| E|CS|TAMS 0x0000000753300000, 0x0000000753300000| Complete 

Card table byte_map: [0x00000255ea480000,0x00000255eaa80000] _byte_map_base: 0x00000255e6a80000

Marking Bits (Prev, Next): (CMBitMap*) 0x00000255f0bc1060, (CMBitMap*) 0x00000255f0bc1028
 Prev Bits: [0x00000255f6640000, 0x00000255f9640000)
 Next Bits: [0x00000255f3640000, 0x00000255f6640000)

Polling page: 0x00000255cb240000

Metaspace:

Usage:
  Non-class:     95.77 MB capacity,    94.87 MB (>99%) used,   686.58 KB ( <1%) free+waste,   226.88 KB ( <1%) overhead. 
      Class:     14.36 MB capacity,    13.78 MB ( 96%) used,   492.87 KB (  3%) free+waste,    95.94 KB ( <1%) overhead. 
       Both:    110.12 MB capacity,   108.66 MB ( 99%) used,     1.15 MB (  1%) free+waste,   322.81 KB ( <1%) overhead. 

Virtual space:
  Non-class space:      100.00 MB reserved,      98.42 MB ( 98%) committed 
      Class space:        1.00 GB reserved,      15.88 MB (  2%) committed 
             Both:        1.10 GB reserved,     114.30 MB ( 10%) committed 

Chunk freelists:
   Non-Class:  340.00 KB
       Class:  186.13 KB
        Both:  526.13 KB

CodeHeap 'non-profiled nmethods': size=119168Kb used=31446Kb max_used=31892Kb free=87722Kb
 bounds [0x00000255e23c0000, 0x00000255e4300000, 0x00000255e9820000]
CodeHeap 'profiled nmethods': size=119168Kb used=50163Kb max_used=51091Kb free=69004Kb
 bounds [0x00000255daf60000, 0x00000255de270000, 0x00000255e23c0000]
CodeHeap 'non-nmethods': size=7424Kb used=1694Kb max_used=3432Kb free=5729Kb
 bounds [0x00000255da820000, 0x00000255daca0000, 0x00000255daf60000]
 total_blobs=47733 nmethods=23459 adapters=1172
 compilation: enabled
              stopped_count=0, restarted_count=0
 full_count=0

Compilation events (10 events):
Event: 12574.233 Thread 0x00000255f11ac800 31967       3       ui.data.p.d.bS::NW (42 bytes)
Event: 12574.233 Thread 0x00000255f11ac800 nmethod 31967 0x00000255db185490 code [0x00000255db185640, 0x00000255db185858]
Event: 12574.535 Thread 0x00000255f11ac800 31968       3       java.awt.TexturePaintContext$Int::setRaster (606 bytes)
Event: 12574.536 Thread 0x00000255f11ac800 nmethod 31968 0x00000255db306510 code [0x00000255db306780, 0x00000255db307980]
Event: 12575.634 Thread 0x00000255f11ac800 31969       1       java.awt.Dialog::isUndecorated (5 bytes)
Event: 12575.634 Thread 0x00000255f11ac800 nmethod 31969 0x00000255e32e6090 code [0x00000255e32e6240, 0x00000255e32e6358]
Event: 12575.656 Thread 0x00000255f11ac800 31970       3       com.jidesoft.document.d::b (77 bytes)
Event: 12575.657 Thread 0x00000255f11ac800 nmethod 31970 0x00000255db184790 code [0x00000255db1849e0, 0x00000255db1852d0]
Event: 12576.881 Thread 0x00000255f0ac3800 31971       4       javax.swing.JLabel::getDisabledIcon (59 bytes)
Event: 12576.895 Thread 0x00000255f0ac3800 nmethod 31971 0x00000255e3616a10 code [0x00000255e3616cc0, 0x00000255e3618130]

GC Heap History (10 events):
Event: 12573.230 GC heap before
{Heap before GC invocations=1637 (full 299):
 garbage-first heap   total 315392K, used 118062K [0x0000000740000000, 0x0000000800000000)
  region size 1024K, 6 young (6144K), 0 survivors (0K)
 Metaspace       used 111264K, capacity 112767K, committed 117040K, reserved 1150976K
  class space    used 14114K, capacity 14703K, committed 16256K, reserved 1048576K
}
Event: 12573.300 GC heap after
{Heap after GC invocations=1638 (full 300):
 garbage-first heap   total 315392K, used 112926K [0x0000000740000000, 0x0000000800000000)
  region size 1024K, 0 young (0K), 0 survivors (0K)
 Metaspace       used 111264K, capacity 112767K, committed 117040K, reserved 1150976K
  class space    used 14114K, capacity 14703K, committed 16256K, reserved 1048576K
}
Event: 12573.557 GC heap before
{Heap before GC invocations=1638 (full 300):
 garbage-first heap   total 315392K, used 113950K [0x0000000740000000, 0x0000000800000000)
  region size 1024K, 2 young (2048K), 0 survivors (0K)
 Metaspace       used 111264K, capacity 112767K, committed 117040K, reserved 1150976K
  class space    used 14114K, capacity 14703K, committed 16256K, reserved 1048576K
}
Event: 12573.626 GC heap after
{Heap after GC invocations=1639 (full 301):
 garbage-first heap   total 315392K, used 112896K [0x0000000740000000, 0x0000000800000000)
  region size 1024K, 0 young (0K), 0 survivors (0K)
 Metaspace       used 111264K, capacity 112767K, committed 117040K, reserved 1150976K
  class space    used 14114K, capacity 14703K, committed 16256K, reserved 1048576K
}
Event: 12573.919 GC heap before
{Heap before GC invocations=1639 (full 301):
 garbage-first heap   total 315392K, used 114944K [0x0000000740000000, 0x0000000800000000)
  region size 1024K, 3 young (3072K), 0 survivors (0K)
 Metaspace       used 111264K, capacity 112767K, committed 117040K, reserved 1150976K
  class space    used 14114K, capacity 14703K, committed 16256K, reserved 1048576K
}
Event: 12573.990 GC heap after
{Heap after GC invocations=1640 (full 302):
 garbage-first heap   total 315392K, used 112902K [0x0000000740000000, 0x0000000800000000)
  region size 1024K, 0 young (0K), 0 survivors (0K)
 Metaspace       used 111264K, capacity 112767K, committed 117040K, reserved 1150976K
  class space    used 14114K, capacity 14703K, committed 16256K, reserved 1048576K
}
Event: 12574.243 GC heap before
{Heap before GC invocations=1640 (full 302):
 garbage-first heap   total 315392K, used 114950K [0x0000000740000000, 0x0000000800000000)
  region size 1024K, 3 young (3072K), 0 survivors (0K)
 Metaspace       used 111264K, capacity 112767K, committed 117040K, reserved 1150976K
  class space    used 14114K, capacity 14703K, committed 16256K, reserved 1048576K
}
Event: 12574.312 GC heap after
{Heap after GC invocations=1641 (full 303):
 garbage-first heap   total 315392K, used 112907K [0x0000000740000000, 0x0000000800000000)
  region size 1024K, 0 young (0K), 0 survivors (0K)
 Metaspace       used 111264K, capacity 112767K, committed 117040K, reserved 1150976K
  class space    used 14114K, capacity 14703K, committed 16256K, reserved 1048576K
}
Event: 12574.542 GC heap before
{Heap before GC invocations=1641 (full 303):
 garbage-first heap   total 315392K, used 114955K [0x0000000740000000, 0x0000000800000000)
  region size 1024K, 3 young (3072K), 0 survivors (0K)
 Metaspace       used 111264K, capacity 112767K, committed 117040K, reserved 1150976K
  class space    used 14114K, capacity 14703K, committed 16256K, reserved 1048576K
}
Event: 12574.610 GC heap after
{Heap after GC invocations=1642 (full 304):
 garbage-first heap   total 315392K, used 112900K [0x0000000740000000, 0x0000000800000000)
  region size 1024K, 0 young (0K), 0 survivors (0K)
 Metaspace       used 111264K, capacity 112767K, committed 117040K, reserved 1150976K
  class space    used 14114K, capacity 14703K, committed 16256K, reserved 1048576K
}

Deoptimization events (10 events):
Event: 12504.188 Thread 0x00000255f30ac800 Uncommon trap: reason=speculate_class_check action=maybe_recompile pc=0x00000255e42d1f2c method=javax.swing.text.AbstractDocument.handleInsertString(ILjava/lang/String;Ljavax/swing/text/AttributeSet;)V @ 139 c2
Event: 12512.799 Thread 0x00000255f30ac800 Uncommon trap: reason=unstable_if action=reinterpret pc=0x00000255e3a77bd4 method=ui.data.p.d.be.<init>(Lcom/google/protobuf/CodedInputStream;Lcom/google/protobuf/ExtensionRegistryLite;)V @ 27 c2
Event: 12512.799 Thread 0x00000255f30ac800 Uncommon trap: reason=unstable_if action=reinterpret pc=0x00000255e3ec6fec method=ui.data.p.d.be.fne()Z @ 11 c2
Event: 12512.799 Thread 0x00000255f30ac800 Uncommon trap: reason=bimorphic_or_optimized_type_check action=maybe_recompile pc=0x00000255e37fbcbc method=sun.java2d.pipe.PixelToParallelogramConverter.fill(Lsun/java2d/SunGraphics2D;Ljava/awt/Shape;)V @ 13 c2
Event: 12512.802 Thread 0x00000255f30ac800 Uncommon trap: reason=unstable_if action=reinterpret pc=0x00000255e3133f1c method=ui.data.p.b.b.a.b.j(Lui/data/p/a;)Ljava/awt/Paint; @ 4 c2
Event: 12512.802 Thread 0x00000255f30ac800 Uncommon trap: reason=unstable_if action=reinterpret pc=0x00000255e349d4d0 method=sun.java2d.SunGraphics2D.setPaint(Ljava/awt/Paint;)V @ 131 c2
Event: 12512.802 Thread 0x00000255f30ac800 Uncommon trap: reason=unstable_if action=reinterpret pc=0x00000255e3cbd95c method=sun.java2d.SurfaceData.getPaintSurfaceType(Lsun/java2d/SunGraphics2D;)Lsun/java2d/loops/SurfaceType; @ 4 c2
Event: 12527.449 Thread 0x00000255f30ac800 Uncommon trap: reason=unstable_if action=reinterpret pc=0x00000255e41fe1d4 method=ui.utils.i.j.T.a(Ljavax/swing/JTable;Ljava/awt/event/MouseEvent;Lui/utils/j;)Ljava/lang/String; @ 361 c2
Event: 12568.721 Thread 0x00000255f30ac800 Uncommon trap: reason=class_check action=maybe_recompile pc=0x00000255e3a0de34 method=sun.java2d.SunGraphics2D.drawBytes([BIIII)V @ 141 c2
Event: 12574.534 Thread 0x00000255f30ac800 Uncommon trap: reason=unstable_if action=reinterpret pc=0x00000255e36bd7dc method=java.awt.TexturePaintContext$Int.setRaster(IIIIIIIIIIIIIIII)V @ 459 c2

Classes redefined (0 events):
No events

Internal exceptions (10 events):
Event: 4454.125 Thread 0x00000255f30ac800 Implicit null exception at 0x00000255e364c482 to 0x00000255e364ceb2
Event: 4500.376 Thread 0x0000025586fb5000 Exception <a 'ui/frmwork/cmd/CommandFailedException'{0x000000074dc12cd8}> (0x000000074dc12cd8) thrown at [t:/workspace/open/src/hotspot/share/prims/jni.cpp, line 615]
Event: 4565.136 Thread 0x0000025586fae800 Exception <a 'java/lang/InterruptedException'{0x000000074f9fdef0}: sleep interrupted> (0x000000074f9fdef0) thrown at [t:/workspace/open/src/hotspot/share/prims/jvm.cpp, line 3117]
Event: 4582.780 Thread 0x00000255f30ac800 Exception <a 'java/lang/NoSuchMethodError'{0x000000074e376798}: java.lang.invoke.DirectMethodHandle$Holder.invokeSpecial(Ljava/lang/Object;Ljava/lang/Object;IILjava/lang/Object;ILjava/lang/Object;I)Ljava/lang/Object;> (0x000000074e376798) thrown at [t:/wo
Event: 4582.780 Thread 0x00000255f30ac800 Exception <a 'java/lang/NoSuchMethodError'{0x000000074e379f68}: java.lang.invoke.DelegatingMethodHandle$Holder.reinvoke_L(Ljava/lang/Object;IILjava/lang/Object;ILjava/lang/Object;I)Ljava/lang/Object;> (0x000000074e379f68) thrown at [t:/workspace/open/src/
Event: 5002.563 Thread 0x00000255f30ac800 Implicit null exception at 0x00000255e252c9c4 to 0x00000255e252d252
Event: 7240.022 Thread 0x00000255f30ac800 Exception <a 'java/lang/NoSuchMethodError'{0x000000074fbf56f0}: java.lang.invoke.DelegatingMethodHandle$Holder.reinvoke_L(Ljava/lang/Object;IILjava/lang/Object;Ljava/lang/Object;Ljava/lang/Object;)Ljava/lang/Object;> (0x000000074fbf56f0) thrown at [t:/wor
Event: 10903.384 Thread 0x0000025586fb1000 Exception <a 'java/lang/InterruptedException'{0x000000074f700040}: sleep interrupted> (0x000000074f700040) thrown at [t:/workspace/open/src/hotspot/share/prims/jvm.cpp, line 3117]
Event: 12333.684 Thread 0x00000255f30ac800 Implicit null exception at 0x00000255e4173ca3 to 0x00000255e417727a
Event: 12438.605 Thread 0x00000255f30ac800 Implicit null exception at 0x00000255e41bd612 to 0x00000255e41bdd72

Events (10 events):
Event: 12574.611 Thread 0x0000025586fac800 Thread exited: 0x0000025586fac800
Event: 12574.999 Thread 0x0000025586fad000 Thread added: 0x0000025586fad000
Event: 12575.002 Thread 0x0000025586fad000 Thread exited: 0x0000025586fad000
Event: 12575.621 Executing VM operation: BulkRevokeBias
Event: 12575.622 Executing VM operation: BulkRevokeBias done
Event: 12575.623 Thread 0x0000025586fac800 Thread added: 0x0000025586fac800
Event: 12575.631 Executing VM operation: RevokeBias
Event: 12575.631 Executing VM operation: RevokeBias done
Event: 12576.000 Thread 0x0000025586fb3000 Thread added: 0x0000025586fb3000
Event: 12576.006 Thread 0x0000025586fb3000 Thread exited: 0x0000025586fb3000


Dynamic libraries:
0x00007ff6ce500000 - 0x00007ff6ce531000 	C:\Xilinx\Vivado\2021.1\bin\unwrapped\win64.o\vivado.exe
0x00007ff9b7b70000 - 0x00007ff9b7d87000 	C:\WINDOWS\SYSTEM32\ntdll.dll
0x00007ff9b64a0000 - 0x00007ff9b6564000 	C:\WINDOWS\System32\KERNEL32.DLL
0x00007ff9b4f60000 - 0x00007ff9b530d000 	C:\WINDOWS\System32\KERNELBASE.dll
0x00007ff9b5640000 - 0x00007ff9b5751000 	C:\WINDOWS\System32\ucrtbase.dll
0x00007ff99cd90000 - 0x00007ff99ce1d000 	C:\WINDOWS\SYSTEM32\MSVCP140.dll
0x00007ff99ce20000 - 0x00007ff99ce3e000 	C:\WINDOWS\SYSTEM32\VCRUNTIME140.dll
0x00007ff99cd70000 - 0x00007ff99cd7c000 	C:\WINDOWS\SYSTEM32\VCRUNTIME140_1.dll
0x00007ff9b2b20000 - 0x00007ff9b2b38000 	C:\Xilinx\Vivado\2021.1\lib\win64.o\librdi_commonmain.dll
0x00007ff92f5e0000 - 0x00007ff93088a000 	C:\Xilinx\Vivado\2021.1\lib\win64.o\librdi_common.dll
0x00007ff9a8af0000 - 0x00007ff9a8b11000 	C:\Xilinx\Vivado\2021.1\lib\win64.o\libboost_filesystem.dll
0x00007ff9b5f50000 - 0x00007ff9b60fe000 	C:\WINDOWS\System32\USER32.dll
0x00007ff9b70a0000 - 0x00007ff9b7152000 	C:\WINDOWS\System32\ADVAPI32.dll
0x00007ff9b2be0000 - 0x00007ff9b2be9000 	C:\Xilinx\Vivado\2021.1\lib\win64.o\librdi_commonversion.dll
0x00007ff9b5760000 - 0x00007ff9b5786000 	C:\WINDOWS\System32\win32u.dll
0x00007ff9b6ff0000 - 0x00007ff9b7097000 	C:\WINDOWS\System32\msvcrt.dll
0x00007ff9b5d20000 - 0x00007ff9b5dc9000 	C:\WINDOWS\System32\sechost.dll
0x00007ff9b5a40000 - 0x00007ff9b5a69000 	C:\WINDOWS\System32\GDI32.dll
0x00007ff9b5400000 - 0x00007ff9b5428000 	C:\WINDOWS\System32\bcrypt.dll
0x00007ff9b5790000 - 0x00007ff9b58a9000 	C:\WINDOWS\System32\gdi32full.dll
0x00007ff996a60000 - 0x00007ff996bfc000 	C:\Xilinx\Vivado\2021.1\lib\win64.o\librdi_commonxillic.dll
0x00007ff9b5e30000 - 0x00007ff9b5f44000 	C:\WINDOWS\System32\RPCRT4.dll
0x00000000702c0000 - 0x00000000703eb000 	C:\Xilinx\Vivado\2021.1\lib\win64.o\tcl85t.dll
0x00007ff9b5430000 - 0x00007ff9b54ca000 	C:\WINDOWS\System32\msvcp_win.dll
0x00007ff9b7ab0000 - 0x00007ff9b7b21000 	C:\WINDOWS\System32\WS2_32.dll
0x00007ff9b65e0000 - 0x00007ff9b6e3f000 	C:\WINDOWS\System32\SHELL32.dll
0x00007ff972b20000 - 0x00007ff972e8e000 	C:\Xilinx\Vivado\2021.1\lib\win64.o\libCOIN-all.dll
0x00007ff9b2a00000 - 0x00007ff9b2a11000 	C:\Xilinx\Vivado\2021.1\lib\win64.o\libboost_date_time.dll
0x00007ff9984b0000 - 0x00007ff998529000 	C:\Xilinx\Vivado\2021.1\lib\win64.o\libboost_program_options.dll
0x00007ff997900000 - 0x00007ff997a14000 	C:\Xilinx\Vivado\2021.1\lib\win64.o\libboost_regex.dll
0x00007ff9b2bb0000 - 0x00007ff9b2bbc000 	C:\Xilinx\Vivado\2021.1\lib\win64.o\libboost_xilinx.dll
0x00007ff9a8880000 - 0x00007ff9a889c000 	C:\Xilinx\Vivado\2021.1\lib\win64.o\libboost_thread.dll
0x00007ff997700000 - 0x00007ff997782000 	C:\Xilinx\Vivado\2021.1\lib\win64.o\libhdlpsolve.dll
0x00007ff997590000 - 0x00007ff997635000 	C:\Xilinx\Vivado\2021.1\lib\win64.o\libhdxml.dll
0x00007ff998650000 - 0x00007ff99867a000 	C:\Xilinx\Vivado\2021.1\lib\win64.o\libisl_sysinfo.dll
0x00007ff997690000 - 0x00007ff9976f5000 	C:\Xilinx\Vivado\2021.1\lib\win64.o\liblmx6.0.dll
0x00007ff9a4070000 - 0x00007ff9a408a000 	C:\Xilinx\Vivado\2021.1\lib\win64.o\pthreadVC2.dll
0x00007ff9a3ef0000 - 0x00007ff9a3f0c000 	C:\Xilinx\Vivado\2021.1\lib\win64.o\librdiconfig.dll
0x00007ff998560000 - 0x00007ff998581000 	C:\Xilinx\Vivado\2021.1\lib\win64.o\librdizlib.dll
0x00007ff9b7170000 - 0x00007ff9b71ce000 	C:\WINDOWS\System32\SHLWAPI.dll
0x0000000012000000 - 0x0000000012270000 	C:\Xilinx\Vivado\2021.1\lib\win64.o\xerces-c_3_1.dll
0x00007ff970b70000 - 0x00007ff970e86000 	C:\Xilinx\Vivado\2021.1\lib\win64.o\libXil_lmgr11.dll
0x00007ff9b79b0000 - 0x00007ff9b7aa8000 	C:\WINDOWS\System32\COMDLG32.dll
0x00007ff9b6100000 - 0x00007ff9b6488000 	C:\WINDOWS\System32\combase.dll
0x00007ff9b58b0000 - 0x00007ff9b59a4000 	C:\WINDOWS\System32\shcore.dll
0x00007ff9b5c30000 - 0x00007ff9b5d07000 	C:\WINDOWS\System32\OLEAUT32.dll
0x00007ff9b72b0000 - 0x00007ff9b7455000 	C:\WINDOWS\System32\ole32.dll
0x00007ff9b5310000 - 0x00007ff9b537b000 	C:\WINDOWS\System32\WINTRUST.dll
0x00007ff9b54d0000 - 0x00007ff9b5637000 	C:\WINDOWS\System32\CRYPT32.dll
0x00007ff99e1d0000 - 0x00007ff99e1e9000 	C:\WINDOWS\SYSTEM32\NETAPI32.dll
0x00007ff99c6d0000 - 0x00007ff99cbc4000 	C:\WINDOWS\SYSTEM32\WININET.dll
0x00007ff9b05e0000 - 0x00007ff9b0716000 	C:\WINDOWS\SYSTEM32\WINHTTP.dll
0x00007ff9a1510000 - 0x00007ff9a1700000 	C:\WINDOWS\SYSTEM32\urlmon.dll
0x00007ff92d3f0000 - 0x00007ff92e391200 	C:\Xilinx\Vivado\2021.1\lib\win64.o\libisl_iostreams.dll
0x00007ff914de0000 - 0x00007ff914de9000 	C:\WINDOWS\SYSTEM32\WSOCK32.dll
0x00007ff998480000 - 0x00007ff9984b0000 	C:\WINDOWS\SYSTEM32\VCOMP140.DLL
0x00007ff92b4d0000 - 0x00007ff92d3e7000 	C:\Xilinx\Vivado\2021.1\lib\win64.o\gurobi90.dll
0x00007ff9936e0000 - 0x00007ff993793000 	C:\WINDOWS\WinSxS\amd64_microsoft.windows.common-controls_6595b64144ccf1df_5.82.22621.3527_none_b43b7f4b638cc64f\COMCTL32.dll
0x00007ff9b6570000 - 0x00007ff9b65d0000 	C:\WINDOWS\System32\WLDAP32.dll
0x00007ff9b7160000 - 0x00007ff9b7168000 	C:\WINDOWS\System32\Normaliz.dll
0x00007ff9b04d0000 - 0x00007ff9b04ef000 	C:\WINDOWS\SYSTEM32\dhcpcsvc.DLL
0x00007ff9b43e0000 - 0x00007ff9b4408000 	C:\WINDOWS\SYSTEM32\USERENV.dll
0x00007ff9a1250000 - 0x00007ff9a150e000 	C:\WINDOWS\SYSTEM32\iertutil.dll
0x00007ff9b38f0000 - 0x00007ff9b38fc000 	C:\WINDOWS\SYSTEM32\netutils.dll
0x00007ff9a3210000 - 0x00007ff9a3238000 	C:\WINDOWS\SYSTEM32\srvcli.dll
0x00007ff99d720000 - 0x00007ff99d738000 	C:\Xilinx\Vivado\2021.1\lib\win64.o\libboost_iostreams.dll
0x00007ff998450000 - 0x00007ff998474000 	C:\Xilinx\Vivado\2021.1\lib\win64.o\libisl_iosutils.dll
0x00007ff9b4300000 - 0x00007ff9b4369000 	C:\WINDOWS\SYSTEM32\MSWSOCK.DLL
0x00007ff9b71f0000 - 0x00007ff9b7221000 	C:\WINDOWS\System32\IMM32.DLL
0x00007ff9b4b30000 - 0x00007ff9b4b42000 	C:\WINDOWS\SYSTEM32\MSASN1.dll
0x00007ff9b3ea0000 - 0x00007ff9b3eb8000 	C:\WINDOWS\SYSTEM32\kernel.appcore.dll
0x00007ff942ad0000 - 0x00007ff943003000 	C:\Xilinx\Vivado\2021.1\lib\win64.o\librdi_commontasks.dll
0x00007ff9acfc0000 - 0x00007ff9acfca000 	C:\WINDOWS\SYSTEM32\VERSION.dll
0x00007ff947c30000 - 0x00007ff947f50000 	C:\Xilinx\Vivado\2021.1\lib\win64.o\librdi_sio.dll
0x00007ff9b3900000 - 0x00007ff9b392d000 	C:\WINDOWS\SYSTEM32\IPHLPAPI.DLL
0x00007ff92a9a0000 - 0x00007ff92b4c3000 	C:\Xilinx\Vivado\2021.1\tps\win64\jre11.0.2\bin\server\jvm.dll
0x00007ff9b6490000 - 0x00007ff9b6498000 	C:\WINDOWS\System32\PSAPI.DLL
0x00007ff9b29c0000 - 0x00007ff9b29f4000 	C:\WINDOWS\SYSTEM32\WINMM.dll
0x00007ff9b2da0000 - 0x00007ff9b369c000 	C:\WINDOWS\SYSTEM32\windows.storage.dll
0x00007ff9b2c60000 - 0x00007ff9b2d9f000 	C:\WINDOWS\SYSTEM32\wintypes.dll
0x00007ff927e10000 - 0x00007ff92a9a0000 	C:\Xilinx\Vivado\2021.1\lib\win64.o\librdi_tcltasks.dll
0x00007ff997360000 - 0x00007ff9973de000 	C:\Xilinx\Vivado\2021.1\lib\win64.o\librdi_boarddep.dll
0x00007ff972310000 - 0x00007ff9724c8000 	C:\Xilinx\Vivado\2021.1\lib\win64.o\librdi_board.dll
0x00007ff941570000 - 0x00007ff941a40000 	C:\Xilinx\Vivado\2021.1\lib\win64.o\librdi_bitstream.dll
0x00007ff9964b0000 - 0x00007ff9965a7000 	C:\Xilinx\Vivado\2021.1\lib\win64.o\librdi_chipscope.dll
0x00007ff970970000 - 0x00007ff970b66000 	C:\Xilinx\Vivado\2021.1\lib\win64.o\librdi_chipscopeimpl.dll
0x00007ff923670000 - 0x00007ff925514000 	C:\Xilinx\Vivado\2021.1\lib\win64.o\librdi_constraints.dll
0x00007ff972fb0000 - 0x00007ff97310f000 	C:\Xilinx\Vivado\2021.1\lib\win64.o\librdi_containers.dll
0x00007ff907fd0000 - 0x00007ff90a4d9000 	C:\Xilinx\Vivado\2021.1\lib\win64.o\librdi_coregen.dll
0x00007ff93f730000 - 0x00007ff93fe50000 	C:\Xilinx\Vivado\2021.1\lib\win64.o\librdi_coregenipxact.dll
0x00007ff8c2190000 - 0x00007ff8ddf50000 	C:\Xilinx\Vivado\2021.1\lib\win64.o\librdi_device.dll
0x00007ff920f10000 - 0x00007ff922d2c000 	C:\Xilinx\Vivado\2021.1\lib\win64.o\librdi_designutils.dll
0x00007ff931030000 - 0x00007ff931391000 	C:\Xilinx\Vivado\2021.1\lib\win64.o\librdi_dlyest.dll
0x00007ff92eda0000 - 0x00007ff92f425000 	C:\Xilinx\Vivado\2021.1\lib\win64.o\librdi_drc.dll
0x00007ff98a2d0000 - 0x00007ff98a385000 	C:\Xilinx\Vivado\2021.1\lib\win64.o\librdi_dsp.dll
0x00007ff9272e0000 - 0x00007ff927e06000 	C:\Xilinx\Vivado\2021.1\lib\win64.o\librdi_cdoutil.dll
0x00007ff946cc0000 - 0x00007ff946fe7000 	C:\Xilinx\Vivado\2021.1\lib\win64.o\librdi_guitools.dll
0x00007ff926c60000 - 0x00007ff9272db000 	C:\Xilinx\Vivado\2021.1\lib\win64.o\librdi_filemgmt.dll
0x00007ff9969f0000 - 0x00007ff996a59000 	C:\Xilinx\Vivado\2021.1\lib\win64.o\librdi_hdf.dll
0x00007ff942000000 - 0x00007ff942287000 	C:\Xilinx\Vivado\2021.1\lib\win64.o\librdi_hip_devdesign.dll
0x00007ff985540000 - 0x00007ff985687000 	C:\Xilinx\Vivado\2021.1\lib\win64.o\librdi_hip_perf_analysis.dll
0x00007ff9728b0000 - 0x00007ff9729bb000 	C:\Xilinx\Vivado\2021.1\lib\win64.o\librdi_ipconfig_readwrite.dll
0x00007ff948900000 - 0x00007ff948ae5000 	C:\Xilinx\Vivado\2021.1\lib\win64.o\librdi_advchipscopeimpl.dll
0x00007ff906940000 - 0x00007ff907fca000 	C:\Xilinx\Vivado\2021.1\lib\win64.o\librdi_implflow.dll
0x00007ff995f50000 - 0x00007ff995fc3000 	C:\Xilinx\Vivado\2021.1\lib\win64.o\librdi_memoryarray.dll
0x00007ff91f860000 - 0x00007ff91ff98000 	C:\Xilinx\Vivado\2021.1\lib\win64.o\librdi_netlist.dll
0x00007ff91e520000 - 0x00007ff91eb6e000 	C:\Xilinx\Vivado\2021.1\lib\win64.o\librdi_memdata.dll
0x00007ff9978a0000 - 0x00007ff9978f6000 	C:\Xilinx\Vivado\2021.1\lib\win64.o\librdi_pfi.dll
0x00007ff98a260000 - 0x00007ff98a2d0000 	C:\Xilinx\Vivado\2021.1\lib\win64.o\librdi_noc_frameworks.dll
0x00007ff92e9e0000 - 0x00007ff92ed91000 	C:\Xilinx\Vivado\2021.1\lib\win64.o\librdi_platform.dll
0x00007ff90ee70000 - 0x00007ff90f70c000 	C:\Xilinx\Vivado\2021.1\lib\win64.o\librdi_power.dll
0x00007ff904440000 - 0x00007ff90693b000 	C:\Xilinx\Vivado\2021.1\lib\win64.o\librdi_mig.dll
0x00007ff9011d0000 - 0x00007ff904435000 	C:\Xilinx\Vivado\2021.1\lib\win64.o\librdi_place.dll
0x00007ff900120000 - 0x00007ff9011cc000 	C:\Xilinx\Vivado\2021.1\lib\win64.o\librdi_timing.dll
0x00007ff913e70000 - 0x00007ff914540000 	C:\Xilinx\Vivado\2021.1\lib\win64.o\librdi_project.dll
0x00007ff90e740000 - 0x00007ff90ee69000 	C:\Xilinx\Vivado\2021.1\lib\win64.o\librdi_psta.dll
0x00007ff8fefe0000 - 0x00007ff8ff875000 	C:\Xilinx\Vivado\2021.1\lib\win64.o\librdi_rsb.dll
0x00007ff914880000 - 0x00007ff914db1000 	C:\Xilinx\Vivado\2021.1\lib\win64.o\librdi_runs.dll
0x00007ff9721f0000 - 0x00007ff972305000 	C:\Xilinx\Vivado\2021.1\lib\win64.o\librdi_runsbase.dll
0x00007ff941ad0000 - 0x00007ff941d48000 	C:\Xilinx\Vivado\2021.1\lib\win64.o\librdi_simdata.dll
0x00007ff9876d0000 - 0x00007ff987777000 	C:\Xilinx\Vivado\2021.1\lib\win64.o\librdi_xhubtasks.dll
0x00007ff970320000 - 0x00007ff970434000 	C:\Xilinx\Vivado\2021.1\lib\win64.o\librdi_xhub.dll
0x00007ff9973f0000 - 0x00007ff997434000 	C:\Xilinx\Vivado\2021.1\lib\win64.o\libboost_serialization.dll
0x00007ff98a110000 - 0x00007ff98a15a000 	C:\Xilinx\Vivado\2021.1\lib\win64.o\libboost_graph.dll
0x00007ff96bc30000 - 0x00007ff96bd6f000 	C:\Xilinx\Vivado\2021.1\lib\win64.o\librdi_bda.dll
0x00007ff9897f0000 - 0x00007ff98987d000 	C:\Xilinx\Vivado\2021.1\lib\win64.o\treelite_runtime.dll
0x00007ff8f9c10000 - 0x00007ff8fa766000 	C:\Xilinx\Vivado\2021.1\lib\win64.o\libverific.dll
0x00007ff8f93f0000 - 0x00007ff8f9c0a000 	C:\Xilinx\Vivado\2021.1\lib\win64.o\librdi_ippcw.dll

dbghelp: loaded successfully - version: 4.0.5 - missing functions: none
symbol engine: initialized successfully - sym options: 0x614 - pdb path: .;C:\Xilinx\Vivado\2021.1\bin\unwrapped\win64.o;C:\WINDOWS\SYSTEM32;C:\Xilinx\Vivado\2021.1\lib\win64.o;C:\WINDOWS\WinSxS\amd64_microsoft.windows.common-controls_6595b64144ccf1df_5.82.22621.3527_none_b43b7f4b638cc64f;C:\Xilinx\Vivado\2021.1\tps\win64\jre11.0.2\bin\server;C:\Xilinx\Vivado\2021.1\tps\win64\python-3.8.3;C:\Xilinx\Vivado\2021.1\tps\win64\jre11.0.2\bin;C:\WINDOWS\WinSxS\amd64_microsoft.windows.common-controls_6595b64144ccf1df_6.0.22621.3672_none_2713b9d173822955;C:\Program Files\National Instruments\Shared\mDNS Responder;C:\WINDOWS\WinSxS\amd64_microsoft.windows.gdiplus_6595b64144ccf1df_1.1.22621.3810_none_57f8d842ce19d879

VM Arguments:
jvm_args: -Dsun.java2d.pmoffscreen=false -Dhttps.protocols=TLSv1,TLSv1.1,TLSv1.2 -Dsun.java2d.xrender=false -Dsun.java2d.d3d=false -Dsun.awt.nopixfmt=true -Dsun.java2d.dpiaware=true -Dsun.java2d.uiScale.enabled=false -Xverify:none -Dswing.aatext=true -XX:-UsePerfData -Djdk.map.althashing.threshold=512 -XX:StringTableSize=4072 --add-opens=java.base/java.nio=ALL-UNNAMED --add-opens=java.desktop/sun.swing=ALL-UNNAMED --add-opens=java.desktop/javax.swing=ALL-UNNAMED --add-opens=java.desktop/javax.swing.tree=ALL-UNNAMED --add-opens=java.desktop/javax.swing.plaf.basic=ALL-UNNAMED --add-opens=java.desktop/javax.swing.plaf.synth=ALL-UNNAMED --add-opens=java.desktop/com.sun.awt=ALL-UNNAMED -XX:NewSize=60m -XX:MaxNewSize=60m -Xms256m -Xmx3072m -Xss5m 
java_command: <unknown>
java_class_path (initial): C:/Xilinx/Vivado/2021.1\lib\classes\alloy.jar;C:/Xilinx/Vivado/2021.1\lib\classes\autoesl-models.jar;C:/Xilinx/Vivado/2021.1\lib\classes\autopilot.scelaborator.jar;C:/Xilinx/Vivado/2021.1\lib\classes\autopilot.sourceprocessor.jar;C:/Xilinx/Vivado/2021.1\lib\classes\autopilot.tbprocessor.jar;C:/Xilinx/Vivado/2021.1\lib\classes\batik-anim.jar;C:/Xilinx/Vivado/2021.1\lib\classes\batik-awt-util.jar;C:/Xilinx/Vivado/2021.1\lib\classes\batik-bridge.jar;C:/Xilinx/Vivado/2021.1\lib\classes\batik-codec.jar;C:/Xilinx/Vivado/2021.1\lib\classes\batik-css.jar;C:/Xilinx/Vivado/2021.1\lib\classes\batik-dom.jar;C:/Xilinx/Vivado/2021.1\lib\classes\batik-ext.jar;C:/Xilinx/Vivado/2021.1\lib\classes\batik-gui-util.jar;C:/Xilinx/Vivado/2021.1\lib\classes\batik-gvt.jar;C:/Xilinx/Vivado/2021.1\lib\classes\batik-parser.jar;C:/Xilinx/Vivado/2021.1\lib\classes\batik-script.jar;C:/Xilinx/Vivado/2021.1\lib\classes\batik-svg-dom.jar;C:/Xilinx/Vivado/2021.1\lib\classes\batik-svggen.jar;C:/Xilinx/Vivado/2021.1\lib\classes\batik-swing.jar;C:/Xilinx/Vivado/2021.1\lib\classes\batik-transcoder.jar;C:/Xilinx/Vivado/2021.1\lib\classes\batik-util.jar;C:/Xilinx/Vivado/2021.1\lib\classes\batik-xml.jar;C:/Xilinx/Vivado/2021.1\lib\classes\com.google.gson_2.8.2.v20180104-1110.jar;C:/Xilinx/Vivado/2021.1\lib\classes\com.google.guava_27.1.0.v20190517-1946.jar;C:/Xilinx/Vivado/2021.1\lib\classes\com.ibm.icu_4.4.2.v20110208.jar;C:/Xilinx/Vivado/2021.1\lib\classes\com.sigasi.hdt.connection_4.11.0.202105170810.jar;C:/Xilinx/Vivado/2021.1\lib\classes\com.sigasi.hdt.epl_4.11.0.202105170810.jar;C:/Xilinx/Vivado/2021.1\lib\classes\com.sigasi.hdt.project_4.11.0.202105170810.jar;C:/Xilinx/Vivado/2021.1\lib\classes\com.sigasi.hdt.readonlyfilesystem_4.11.0.202105170810.jar;C:/Xilinx/Vivado/2021.1\lib\classes\com.sigasi.hdt.shared_4.11.0.202105170810.jar;C:/Xilinx/Vivado/2021.1\lib\classes\com.sigasi.lcm_4.11.0.202105170810.jar;C:/Xilinx/Vivado/2021.1\lib\classes\com.sigasi.sdk.client_4.11.0.20
Launcher Type: generic

[Global flags]
     bool BytecodeVerificationLocal                = false                                     {product} {command line}
     bool BytecodeVerificationRemote               = false                                     {product} {command line}
     intx CICompilerCount                          = 12                                        {product} {ergonomic}
     uint ConcGCThreads                            = 3                                         {product} {ergonomic}
     uint G1ConcRefinementThreads                  = 13                                        {product} {ergonomic}
   size_t G1HeapRegionSize                         = 1048576                                   {product} {ergonomic}
    uintx GCDrainStackTargetSize                   = 64                                        {product} {ergonomic}
   size_t InitialHeapSize                          = 268435456                                 {product} {command line}
   size_t MarkStackSize                            = 4194304                                   {product} {ergonomic}
   size_t MaxHeapSize                              = 3221225472                                {product} {command line}
   size_t MaxNewSize                               = 62914560                                  {product} {command line}
   size_t MinHeapDeltaBytes                        = 1048576                                   {product} {ergonomic}
   size_t NewSize                                  = 62914560                                  {product} {command line}
    uintx NonNMethodCodeHeapSize                   = 7591728                                {pd product} {ergonomic}
    uintx NonProfiledCodeHeapSize                  = 122033256                              {pd product} {ergonomic}
    uintx ProfiledCodeHeapSize                     = 122033256                              {pd product} {ergonomic}
    uintx ReservedCodeCacheSize                    = 251658240                              {pd product} {ergonomic}
     bool SegmentedCodeCache                       = true                                      {product} {ergonomic}
    uintx StringTableSize                          = 4072                                      {product} {command line}
     intx ThreadStackSize                          = 5120                                   {pd product} {command line}
     bool UseCompressedClassPointers               = true                                 {lp64_product} {ergonomic}
     bool UseCompressedOops                        = true                                 {lp64_product} {ergonomic}
     bool UseG1GC                                  = true                                      {product} {ergonomic}
     bool UseLargePagesIndividualAllocation        = false                                  {pd product} {ergonomic}
     bool UsePerfData                              = false                                     {product} {command line}

Logging:
Log output configuration:
 #0: stdout all=warning uptime,level,tags
 #1: stderr all=off uptime,level,tags

Environment Variables:
PATH=C:/Xilinx/Vivado/2021.1/bin;C:/Xilinx/Vivado/2021.1/tps/win64/javafx-sdk-11.0.2/lib;C:/Xilinx/Vivado/2021.1/tps/win64/javafx-sdk-11.0.2/bin;C:/Xilinx/Vivado/2021.1/lib/win64.o;C:/Xilinx/Vivado/2021.1/tps/win64/jre11.0.2/bin/server;C:/Xilinx/Vivado/2021.1/tps/win64/jre11.0.2/bin;C:/Xilinx/Vivado/2021.1/ids_lite/ISE/bin/nt64;C:/Xilinx/Vivado/2021.1/ids_lite/ISE/lib/nt64;C:/Xilinx/Vitis_HLS/2021.1/bin;C:\Program Files\NVIDIA GPU Computing Toolkit\CUDA\v12.1\bin;C:\Program Files\NVIDIA GPU Computing Toolkit\CUDA\v12.1\libnvvp;C:\Windows\system32;C:\Windows;C:\Windows\System32\Wbem;C:\Windows\System32\WindowsPowerShell\v1.0\;C:\Windows\System32\OpenSSH\;C:\Program Files (x86)\NVIDIA Corporation\PhysX\Common;C:\Program Files\NVIDIA Corporation\NVIDIA NvDLISR;C:\Program Files\dotnet\;C:\Program Files\Git\cmd;C:\Program Files\NVIDIA Corporation\Nsight Compute 2023.1.1\;C:\Program Files (x86)\IVI Foundation\VISA\WinNT\Bin\;C:\Program Files\IVI Foundation\VISA\Win64\Bin\;C:\Program Files (x86)\Pulse Secure\VC142.CRT\X64\;C:\Program Files (x86)\Pulse Secure\VC142.CRT\X86\;C:\Program Files (x86)\Common Files\Pulse Secure\TNC Client Plugin\;C:\Program Files (x86)\Common Files\Pulse Secure\VC142.CRT\X64\;C:\Program Files (x86)\Common Files\Pulse Secure\VC142.CRT\X86\;C:\Users\uttej\.pyenv\pyenv-win\bin;C:\Users\uttej\.pyenv\pyenv-win\shims;C:\Users\uttej\AppData\Local\Programs\Python\Python311\Scripts\;C:\Users\uttej\AppData\Local\Programs\Python\Python311\;C:\Users\uttej\AppData\Local\Microsoft\WindowsApps;C:\Users\uttej\AppData\Local\Programs\Microsoft VS Code\bin;C:\work\research\YOLO-V5\TensorRT-8.6.1.6.Windows10.x86_64.cuda-12.0\TensorRT-8.6.1.6\lib;C:\work\research\YOLO-V5\TensorRT-8.6.1.6.Windows10.x86_64.cuda-12.0\TensorRT-8.6.1.6\bin;;C:/Xilinx/Vivado/2021.1\tps\mingw\6.2.0\win64.o\nt\bin;C:/Xilinx/Vivado/2021.1\tps\mingw\6.2.0\win64.o\nt\libexec\gcc\x86_64-w64-mingw32\6.2.0;C:/Xilinx/Vivado/2021.1\tps\win64\python-3.8.3;C:/Xilinx/Vivado/2021.1\tps\win64\python-3.8.3\b
USERNAME=uttej
OS=Windows_NT
PROCESSOR_IDENTIFIER=AMD64 Family 25 Model 80 Stepping 0, AuthenticAMD



---------------  S Y S T E M  ---------------

OS: Windows 10 , 64 bit Build 22621 (10.0.22621.3672)

CPU:total 16 (initial active 16) (16 cores per cpu, 2 threads per core) family 25 model 80 stepping 0, cmov, cx8, fxsr, mmx, sse, sse2, sse3, ssse3, sse4.1, sse4.2, popcnt, avx, avx2, aes, clmul, erms, mmxext, 3dnowpref, lzcnt, sse4a, ht, tsc, tscinvbit, tscinv, bmi1, bmi2, adx, sha, fma

Memory: 4k page, system-wide physical 15775M (7223M free)
TotalPageFile size 23683M (AvailPageFile size 4654M)
current process WorkingSet (physical memory assigned to process): 698M, peak: 1132M
current process commit charge ("private bytes"): 1104M, peak: 1180M

vm_info: OpenJDK 64-Bit Server VM (11.0.2+9) for windows-amd64 JRE (11.0.2+9), built on Jan 18 2019 05:23:22 by "mach5one" with MS VC++ 15.5 (VS2017)

END.
