INFO: [VRFC 10-2263] Analyzing Verilog file "C:/work/research/Accelerator/VIT/vit_accel/vit_accel.srcs/sources_1/new/A_buff.v" into library xil_defaultlib
INFO: [VRFC 10-311] analyzing module A_buff
INFO: [VRFC 10-2263] Analyzing Verilog file "C:/work/research/Accelerator/VIT/vit_accel/vit_accel.srcs/sources_1/new/B_buff.v" into library xil_defaultlib
INFO: [VRFC 10-311] analyzing module B_buff
INFO: [VRFC 10-2263] Analyzing Verilog file "C:/work/research/Accelerator/VIT/vit_accel/vit_accel.srcs/sources_1/new/O_buff.v" into library xil_defaultlib
INFO: [VRFC 10-311] analyzing module O_buff
INFO: [VRFC 10-2263] Analyzing Verilog file "C:/work/research/Accelerator/VIT/vit_accel/vit_accel.srcs/sources_1/new/PE_wrapper.v" into library xil_defaultlib
INFO: [VRFC 10-311] analyzing module PE_wrapper
INFO: [VRFC 10-2263] Analyzing Verilog file "C:/work/research/Accelerator/VIT/vit_accel/vit_accel.srcs/sources_1/new/adder.v" into library xil_defaultlib
INFO: [VRFC 10-311] analyzing module adder
INFO: [VRFC 10-2263] Analyzing Verilog file "C:/work/research/Accelerator/VIT/vit_accel/vit_accel.srcs/sources_1/new/adder_col.v" into library xil_defaultlib
INFO: [VRFC 10-311] analyzing module adder_col
INFO: [VRFC 10-2263] Analyzing Verilog file "C:/work/research/Accelerator/VIT/vit_accel/vit_accel.srcs/sources_1/new/config_regs.v" into library xil_defaultlib
INFO: [VRFC 10-311] analyzing module config_regs
INFO: [VRFC 10-2263] Analyzing Verilog file "C:/work/research/Accelerator/VIT/vit_accel/vit_accel.srcs/sources_1/new/mac.v" into library xil_defaultlib
INFO: [VRFC 10-311] analyzing module mac
INFO: [VRFC 10-2263] Analyzing Verilog file "C:/work/research/Accelerator/VIT/vit_accel/vit_accel.srcs/sources_1/new/noc_v2.v" into library xil_defaultlib
INFO: [VRFC 10-311] analyzing module noc_v2
INFO: [VRFC 10-2263] Analyzing Verilog file "C:/work/research/Accelerator/VIT/vit_accel/vit_accel.srcs/sources_1/new/pe_array_v2.v" into library xil_defaultlib
INFO: [VRFC 10-311] analyzing module pe_array_v2
INFO: [VRFC 10-2263] Analyzing Verilog file "C:/work/research/Accelerator/VIT/vit_accel/vit_accel.srcs/sources_1/new/pe_row.v" into library xil_defaultlib
INFO: [VRFC 10-311] analyzing module pe_row
INFO: [VRFC 10-2263] Analyzing Verilog file "C:/work/research/Accelerator/VIT/vit_accel/vit_accel.srcs/sources_1/new/processing_element.v" into library xil_defaultlib
INFO: [VRFC 10-311] analyzing module processing_element
INFO: [VRFC 10-2263] Analyzing Verilog file "C:/work/research/Accelerator/VIT/vit_accel/vit_accel.srcs/sources_1/new/sp_ram.v" into library xil_defaultlib
INFO: [VRFC 10-311] analyzing module sp_ram
INFO: [VRFC 10-2263] Analyzing Verilog file "C:/work/research/Accelerator/VIT/vit_accel/vit_accel.srcs/sim_1/new/PE_wrapper_tb.v" into library xil_defaultlib
INFO: [VRFC 10-311] analyzing module PE_wrapper_tb
