============================================================
  Generated by:           Genus(TM) Synthesis Solution 23.13-s073_1
  Generated on:           Jun 27 2025  05:38:54 pm
  Module:                 accel
  Operating conditions:   SSG_0P72V_0P00V_0P00V_0P00V_125C 
  Interconnect mode:      global
  Area mode:              physical library
============================================================

                                                              Leakage   Internal  
                Gate                 Instances     Area     Power (mW) Power (mW)                                       Library                                      
---------------------------------------------------------------------------------------------------------------------------------------------------------------------
IN22FDX_S1DV_NFVG_W09216B064M16C256         48  4826891.647     17.877      9.717    IN22FDX_S1DV_NFVG_W09216B064M16C256_116cpp_SSG_0P720V_0P720V_0P000V_0P000V_125C 
UDB116LVT20_ADDF_V1_1                     2955     3331.822      0.148      0.206    gf22nspllogl20edl116f_SSG_0P72V_0P00V_0P00V_0P00V_125C                          
UDB116LVT20_ADDH_0P75                      635      397.764      0.027      0.014    gf22nspllogl20edl116f_SSG_0P72V_0P00V_0P00V_0P00V_125C                          
UDB116LVT20_ADDH_1                           3        1.879      0.000      0.000    gf22nspllogl20edl116f_SSG_0P72V_0P00V_0P00V_0P00V_125C                          
UDB116LVT20_AN2_1                            1        0.313      0.000      0.000    gf22nspllogl20edl116f_SSG_0P72V_0P00V_0P00V_0P00V_125C                          
UDB116LVT20_AN2_MM_1                     14368     4500.058      0.249      0.281    gf22nspllogl20edl116f_SSG_0P72V_0P00V_0P00V_0P00V_125C                          
UDB116LVT20_AN3B_0P75                       17        5.324      0.000      0.001    gf22nspllogl20edl116f_SSG_0P72V_0P00V_0P00V_0P00V_125C                          
UDB116LVT20_AN3_MM_1                        64       24.054      0.001      0.000    gf22nspllogl20edl116f_SSG_0P72V_0P00V_0P00V_0P00V_125C                          
UDB116LVT20_AN4B_1                           8        3.508      0.000      0.000    gf22nspllogl20edl116f_SSG_0P72V_0P00V_0P00V_0P00V_125C                          
UDB116LVT20_AN6_2                          106       73.038      0.012      0.000    gf22nspllogl20edl116f_SSG_0P72V_0P00V_0P00V_0P00V_125C                          
UDB116LVT20_AO211_0P75                       9        3.946      0.000      0.000    gf22nspllogl20edl116f_SSG_0P72V_0P00V_0P00V_0P00V_125C                          
UDB116LVT20_AO21B_0P75                    6204     2331.711      0.189      0.076    gf22nspllogl20edl116f_SSG_0P72V_0P00V_0P00V_0P00V_125C                          
UDB116LVT20_AO21B_1                         18        6.765      0.001      0.001    gf22nspllogl20edl116f_SSG_0P72V_0P00V_0P00V_0P00V_125C                          
UDB116LVT20_AO21_0P75                        8        3.007      0.000      0.000    gf22nspllogl20edl116f_SSG_0P72V_0P00V_0P00V_0P00V_125C                          
UDB116LVT20_AO221_0P75                      36       18.040      0.001      0.000    gf22nspllogl20edl116f_SSG_0P72V_0P00V_0P00V_0P00V_125C                          
UDB116LVT20_AO2222_0P75                    832      677.514      0.022      0.081    gf22nspllogl20edl116f_SSG_0P72V_0P00V_0P00V_0P00V_125C                          
UDB116LVT20_AO222_1                        272      170.381      0.007      0.020    gf22nspllogl20edl116f_SSG_0P72V_0P00V_0P00V_0P00V_125C                          
UDB116LVT20_AO22_1                        3089     1354.465      0.051      0.002    gf22nspllogl20edl116f_SSG_0P72V_0P00V_0P00V_0P00V_125C                          
UDB116LVT20_AO2BB2_0P75                     24       10.524      0.001      0.001    gf22nspllogl20edl116f_SSG_0P72V_0P00V_0P00V_0P00V_125C                          
UDB116LVT20_AO31_0P75                        2        0.877      0.000      0.000    gf22nspllogl20edl116f_SSG_0P72V_0P00V_0P00V_0P00V_125C                          
UDB116LVT20_AO32_1                           1        0.501      0.000      0.000    gf22nspllogl20edl116f_SSG_0P72V_0P00V_0P00V_0P00V_125C                          
UDB116LVT20_AOAI211_0P75                    26        9.772      0.000      0.000    gf22nspllogl20edl116f_SSG_0P72V_0P00V_0P00V_0P00V_125C                          
UDB116LVT20_AOAOI2111_0P75                   3        1.315      0.000      0.000    gf22nspllogl20edl116f_SSG_0P72V_0P00V_0P00V_0P00V_125C                          
UDB116LVT20_AOI211_0P75                     20        7.517      0.000      0.000    gf22nspllogl20edl116f_SSG_0P72V_0P00V_0P00V_0P00V_125C                          
UDB116LVT20_AOI21B_0P75                     73       22.864      0.003      0.000    gf22nspllogl20edl116f_SSG_0P72V_0P00V_0P00V_0P00V_125C                          
UDB116LVT20_AOI21_MM_1                     151       37.835      0.003      0.001    gf22nspllogl20edl116f_SSG_0P72V_0P00V_0P00V_0P00V_125C                          
UDB116LVT20_AOI221_1                        29       14.532      0.000      0.000    gf22nspllogl20edl116f_SSG_0P72V_0P00V_0P00V_0P00V_125C                          
UDB116LVT20_AOI2222_V2_0P75               4286     2953.225      0.026      0.007    gf22nspllogl20edl116f_SSG_0P72V_0P00V_0P00V_0P00V_125C                          
UDB116LVT20_AOI222_0P75                     13        7.329      0.000      0.000    gf22nspllogl20edl116f_SSG_0P72V_0P00V_0P00V_0P00V_125C                          
UDB116LVT20_AOI222_1                         3        1.691      0.000      0.000    gf22nspllogl20edl116f_SSG_0P72V_0P00V_0P00V_0P00V_125C                          
UDB116LVT20_AOI22_0P75                   14871     4657.597      0.137      0.563    gf22nspllogl20edl116f_SSG_0P72V_0P00V_0P00V_0P00V_125C                          
UDB116LVT20_AOI31_1                          3        0.940      0.000      0.000    gf22nspllogl20edl116f_SSG_0P72V_0P00V_0P00V_0P00V_125C                          
UDB116LVT20_AOI32_1                          3        1.315      0.000      0.000    gf22nspllogl20edl116f_SSG_0P72V_0P00V_0P00V_0P00V_125C                          
UDB116LVT20_BUF_1                          145       27.248      0.003      0.004    gf22nspllogl20edl116f_SSG_0P72V_0P00V_0P00V_0P00V_125C                          
UDB116LVT20_BUF_3                            8        3.007      0.000      0.001    gf22nspllogl20edl116f_SSG_0P72V_0P00V_0P00V_0P00V_125C                          
UDB116LVT20_BUF_3P75                         1        0.438      0.000      0.000    gf22nspllogl20edl116f_SSG_0P72V_0P00V_0P00V_0P00V_125C                          
UDB116LVT20_BUF_5                            2        1.128      0.000      0.000    gf22nspllogl20edl116f_SSG_0P72V_0P00V_0P00V_0P00V_125C                          
UDB116LVT20_BUF_9                            8        6.515      0.001      0.000    gf22nspllogl20edl116f_SSG_0P72V_0P00V_0P00V_0P00V_125C                          
UDB116LVT20_BUF_D_16                         8       10.524      0.002      0.000    gf22nspllogl20edl116f_SSG_0P72V_0P00V_0P00V_0P00V_125C                          
UDB116LVT20_BUF_L_1                          1        0.251      0.000      0.000    gf22nspllogl20edl116f_SSG_0P72V_0P00V_0P00V_0P00V_125C                          
UDB116LVT20_BUF_M_4                          2        1.002      0.000      0.000    gf22nspllogl20edl116f_SSG_0P72V_0P00V_0P00V_0P00V_125C                          
UDB116LVT20_CKGTPLT_V8_1                  1230     1078.661      0.061      0.222    gf22nspllogl20edl116f_SSG_0P72V_0P00V_0P00V_0P00V_125C                          
UDB116LVT20_EN2_V2_0P75                    784      343.768      0.020      0.027    gf22nspllogl20edl116f_SSG_0P72V_0P00V_0P00V_0P00V_125C                          
UDB116LVT20_EN3_1                            2        2.004      0.000      0.000    gf22nspllogl20edl116f_SSG_0P72V_0P00V_0P00V_0P00V_125C                          
UDB116LVT20_EO2_MM_2                         1        0.626      0.000      0.000    gf22nspllogl20edl116f_SSG_0P72V_0P00V_0P00V_0P00V_125C                          
UDB116LVT20_EO2_V2_1                       247      108.305      0.007      0.005    gf22nspllogl20edl116f_SSG_0P72V_0P00V_0P00V_0P00V_125C                          
UDB116LVT20_EO3_0P75                        45       42.282      0.002      0.006    gf22nspllogl20edl116f_SSG_0P72V_0P00V_0P00V_0P00V_125C                          
UDB116LVT20_FDPRBQ_V2_1                  46601    55462.646      3.273     11.130    gf22nspllogl20edl116f_SSG_0P72V_0P00V_0P00V_0P00V_125C                          
UDB116LVT20_FDPSBQ_1                         6        7.893      0.001      0.002    gf22nspllogl20edl116f_SSG_0P72V_0P00V_0P00V_0P00V_125C                          
UDB116LVT20_INV_0P75                      3462      433.719      0.028      0.045    gf22nspllogl20edl116f_SSG_0P72V_0P00V_0P00V_0P00V_125C                          
UDB116LVT20_INV_1                          486       60.886      0.005      0.002    gf22nspllogl20edl116f_SSG_0P72V_0P00V_0P00V_0P00V_125C                          
UDB116LVT20_INV_10                           4        2.756      0.000      0.001    gf22nspllogl20edl116f_SSG_0P72V_0P00V_0P00V_0P00V_125C                          
UDB116LVT20_INV_1P5                         51        9.584      0.001      0.001    gf22nspllogl20edl116f_SSG_0P72V_0P00V_0P00V_0P00V_125C                          
UDB116LVT20_INV_2                          527       99.034      0.009      0.014    gf22nspllogl20edl116f_SSG_0P72V_0P00V_0P00V_0P00V_125C                          
UDB116LVT20_INV_3                          101       25.307      0.003      0.004    gf22nspllogl20edl116f_SSG_0P72V_0P00V_0P00V_0P00V_125C                          
UDB116LVT20_INV_4                            4        1.253      0.000      0.000    gf22nspllogl20edl116f_SSG_0P72V_0P00V_0P00V_0P00V_125C                          
UDB116LVT20_INV_5                           96       36.081      0.005      0.007    gf22nspllogl20edl116f_SSG_0P72V_0P00V_0P00V_0P00V_125C                          
UDB116LVT20_INV_6                           29       12.716      0.002      0.003    gf22nspllogl20edl116f_SSG_0P72V_0P00V_0P00V_0P00V_125C                          
UDB116LVT20_INV_8                            8        4.510      0.001      0.001    gf22nspllogl20edl116f_SSG_0P72V_0P00V_0P00V_0P00V_125C                          
UDB116LVT20_INV_9                           16       10.022      0.001      0.003    gf22nspllogl20edl116f_SSG_0P72V_0P00V_0P00V_0P00V_125C                          
UDB116LVT20_INV_S_10                         1        0.814      0.000      0.000    gf22nspllogl20edl116f_SSG_0P72V_0P00V_0P00V_0P00V_125C                          
UDB116LVT20_INV_S_3                          3        1.128      0.000      0.000    gf22nspllogl20edl116f_SSG_0P72V_0P00V_0P00V_0P00V_125C                          
UDB116LVT20_INV_S_7                         17       10.649      0.001      0.002    gf22nspllogl20edl116f_SSG_0P72V_0P00V_0P00V_0P00V_125C                          
UDB116LVT20_MAJ3_0P75                      166       72.788      0.004      0.005    gf22nspllogl20edl116f_SSG_0P72V_0P00V_0P00V_0P00V_125C                          
UDB116LVT20_MAJI3B_0P75                     11        5.512      0.000      0.000    gf22nspllogl20edl116f_SSG_0P72V_0P00V_0P00V_0P00V_125C                          
UDB116LVT20_MAJI3_1                          6        2.631      0.000      0.000    gf22nspllogl20edl116f_SSG_0P72V_0P00V_0P00V_0P00V_125C                          
UDB116LVT20_MUX2_1P5                         2        1.128      0.000      0.000    gf22nspllogl20edl116f_SSG_0P72V_0P00V_0P00V_0P00V_125C                          
UDB116LVT20_MUX2_MM_1                     3135     1571.011      0.096      0.034    gf22nspllogl20edl116f_SSG_0P72V_0P00V_0P00V_0P00V_125C                          
UDB116LVT20_MUXI2_3                          1        1.128      0.000      0.000    gf22nspllogl20edl116f_SSG_0P72V_0P00V_0P00V_0P00V_125C                          
UDB116LVT20_ND2B_0P75                       90       28.188      0.001      0.002    gf22nspllogl20edl116f_SSG_0P72V_0P00V_0P00V_0P00V_125C                          
UDB116LVT20_ND2B_MM_1                        1        0.313      0.000      0.000    gf22nspllogl20edl116f_SSG_0P72V_0P00V_0P00V_0P00V_125C                          
UDB116LVT20_ND2_0P75                      6811     1279.923      0.030      0.050    gf22nspllogl20edl116f_SSG_0P72V_0P00V_0P00V_0P00V_125C                          
UDB116LVT20_ND2_MM_0P75                      2        0.376      0.000      0.000    gf22nspllogl20edl116f_SSG_0P72V_0P00V_0P00V_0P00V_125C                          
UDB116LVT20_ND2_MM_1                         1        0.188      0.000      0.000    gf22nspllogl20edl116f_SSG_0P72V_0P00V_0P00V_0P00V_125C                          
UDB116LVT20_ND3B_0P75                        6        2.255      0.000      0.000    gf22nspllogl20edl116f_SSG_0P72V_0P00V_0P00V_0P00V_125C                          
UDB116LVT20_ND3_MM_1                       280       70.157      0.008      0.000    gf22nspllogl20edl116f_SSG_0P72V_0P00V_0P00V_0P00V_125C                          
UDB116LVT20_ND4B_1                           8        3.007      0.000      0.000    gf22nspllogl20edl116f_SSG_0P72V_0P00V_0P00V_0P00V_125C                          
UDB116LVT20_ND4_0P75                       173       54.184      0.007      0.002    gf22nspllogl20edl116f_SSG_0P72V_0P00V_0P00V_0P00V_125C                          
UDB116LVT20_ND4_1                           25        7.830      0.001      0.000    gf22nspllogl20edl116f_SSG_0P72V_0P00V_0P00V_0P00V_125C                          
UDB116LVT20_ND4_MM_1                       900      394.632      0.031      0.000    gf22nspllogl20edl116f_SSG_0P72V_0P00V_0P00V_0P00V_125C                          
UDB116LVT20_NR2B_0P75                     2193      686.848      0.039      0.043    gf22nspllogl20edl116f_SSG_0P72V_0P00V_0P00V_0P00V_125C                          
UDB116LVT20_NR2_0P75                       175       32.886      0.001      0.000    gf22nspllogl20edl116f_SSG_0P72V_0P00V_0P00V_0P00V_125C                          
UDB116LVT20_NR2_MM_0P75                  18167     3413.943      0.155      0.258    gf22nspllogl20edl116f_SSG_0P72V_0P00V_0P00V_0P00V_125C                          
UDB116LVT20_NR2_MM_1                         3        0.564      0.000      0.000    gf22nspllogl20edl116f_SSG_0P72V_0P00V_0P00V_0P00V_125C                          
UDB116LVT20_NR3_0P75                        23        5.763      0.000      0.000    gf22nspllogl20edl116f_SSG_0P72V_0P00V_0P00V_0P00V_125C                          
UDB116LVT20_NR4BB_0P75                       1        0.501      0.000      0.000    gf22nspllogl20edl116f_SSG_0P72V_0P00V_0P00V_0P00V_125C                          
UDB116LVT20_NR4_0P75                       244       76.421      0.005      0.001    gf22nspllogl20edl116f_SSG_0P72V_0P00V_0P00V_0P00V_125C                          
UDB116LVT20_OA21B_0P75                       2        0.752      0.000      0.000    gf22nspllogl20edl116f_SSG_0P72V_0P00V_0P00V_0P00V_125C                          
UDB116LVT20_OA21_1                           2        0.752      0.000      0.000    gf22nspllogl20edl116f_SSG_0P72V_0P00V_0P00V_0P00V_125C                          
UDB116LVT20_OA2BB2_0P75                      2        0.877      0.000      0.000    gf22nspllogl20edl116f_SSG_0P72V_0P00V_0P00V_0P00V_125C                          
UDB116LVT20_OA31_1                          80       35.078      0.002      0.003    gf22nspllogl20edl116f_SSG_0P72V_0P00V_0P00V_0P00V_125C                          
UDB116LVT20_OA32_1                           1        0.501      0.000      0.000    gf22nspllogl20edl116f_SSG_0P72V_0P00V_0P00V_0P00V_125C                          
UDB116LVT20_OAI2111_1                        7        2.631      0.000      0.000    gf22nspllogl20edl116f_SSG_0P72V_0P00V_0P00V_0P00V_125C                          
UDB116LVT20_OAI211_0P75                     44       16.537      0.001      0.001    gf22nspllogl20edl116f_SSG_0P72V_0P00V_0P00V_0P00V_125C                          
UDB116LVT20_OAI21B_1                        20        6.264      0.000      0.000    gf22nspllogl20edl116f_SSG_0P72V_0P00V_0P00V_0P00V_125C                          
UDB116LVT20_OAI21_0P75                     497      124.528      0.007      0.003    gf22nspllogl20edl116f_SSG_0P72V_0P00V_0P00V_0P00V_125C                          
UDB116LVT20_OAI221_0P75                      2        1.002      0.000      0.000    gf22nspllogl20edl116f_SSG_0P72V_0P00V_0P00V_0P00V_125C                          
UDB116LVT20_OAI22_0P75                    9167     2871.104      0.134      0.390    gf22nspllogl20edl116f_SSG_0P72V_0P00V_0P00V_0P00V_125C                          
UDB116LVT20_OAI22_MM_1                    3673     1380.460      0.061      0.165    gf22nspllogl20edl116f_SSG_0P72V_0P00V_0P00V_0P00V_125C                          
UDB116LVT20_OAI311_1                         1        0.376      0.000      0.000    gf22nspllogl20edl116f_SSG_0P72V_0P00V_0P00V_0P00V_125C                          
UDB116LVT20_OAI31_1                         38       11.902      0.000      0.002    gf22nspllogl20edl116f_SSG_0P72V_0P00V_0P00V_0P00V_125C                          
UDB116LVT20_OAI32_1                          3        1.315      0.000      0.000    gf22nspllogl20edl116f_SSG_0P72V_0P00V_0P00V_0P00V_125C                          
UDB116LVT20_OAOAI2111_1                      2        0.877      0.000      0.000    gf22nspllogl20edl116f_SSG_0P72V_0P00V_0P00V_0P00V_125C                          
UDB116LVT20_OAOI211_0P75                     3        1.128      0.000      0.000    gf22nspllogl20edl116f_SSG_0P72V_0P00V_0P00V_0P00V_125C                          
UDB116LVT20_OR2_0P75                       346       86.694      0.005      0.003    gf22nspllogl20edl116f_SSG_0P72V_0P00V_0P00V_0P00V_125C                          
UDB116LVT20_OR3B_0P75                       20        6.264      0.000      0.000    gf22nspllogl20edl116f_SSG_0P72V_0P00V_0P00V_0P00V_125C                          
UDB116LVT20_OR3_1                            7        2.631      0.000      0.000    gf22nspllogl20edl116f_SSG_0P72V_0P00V_0P00V_0P00V_125C                          
UDB116LVT20_OR4B_1                           5        2.192      0.000      0.000    gf22nspllogl20edl116f_SSG_0P72V_0P00V_0P00V_0P00V_125C                          
UDB116LVT20_OR4_1                            4        1.754      0.000      0.000    gf22nspllogl20edl116f_SSG_0P72V_0P00V_0P00V_0P00V_125C                          
UDB116LVT20_RAD8BOOTHMUX_V2_0P75            40       42.595      0.001      0.002    gf22nspllogl20edl116f_SSG_0P72V_0P00V_0P00V_0P00V_125C                          
---------------------------------------------------------------------------------------------------------------------------------------------------------------------
total                                   148467  4917638.215     22.775     23.418                                                                                    


                                                                                                                    Leakage  Leakage  Internal  Internal 
                                    Library                                     Instances Instances %     Area    Power (mW) Power % Power (mW)  Power % 
---------------------------------------------------------------------------------------------------------------------------------------------------------
IN22FDX_S1DV_NFVG_W09216B064M16C256_116cpp_SSG_0P720V_0P720V_0P000V_0P000V_125C        48         0.0 4826891.647     17.877    78.5      9.717     41.5 
gf22nspllogl20edl116f_SSG_0P72V_0P00V_0P00V_0P00V_125C                             148419       100.0   90746.568      4.898    21.5     13.701     58.5 

                                                            Leakage  Leakage  Internal  Internal 
            Type             Instances     Area    Area % Power (mW) Power % Power (mW)  Power % 
-------------------------------------------------------------------------------------------------
timing_model                        48 4826891.647   98.2     17.877    78.5      9.717     41.5 
sequential                       46607   55470.539    1.1      3.273    14.4     11.132     47.5 
inverter                          4805     708.458    0.0      0.055     0.2      0.082      0.3 
buffer                             175      50.112    0.0      0.006     0.0      0.006      0.0 
clock_gating_integrated_cell      1230    1078.661    0.0      0.061     0.3      0.222      0.9 
logic                            95602   33438.798    0.7      1.502     6.6      2.259      9.6 
physical_cells                       0       0.000    0.0      0.000     0.0      0.000      0.0 
-------------------------------------------------------------------------------------------------
total                           148467 4917638.215  100.0     22.775   100.0     23.418    100.0 

