============================================================
  Generated by:           Genus(TM) Synthesis Solution 23.13-s073_1
  Generated on:           Jun 27 2025  05:38:28 pm
  Module:                 accel
  Operating conditions:   SSG_0P72V_0P00V_0P00V_0P00V_125C 
  Interconnect mode:      global
  Area mode:              physical library
============================================================


Summary
-------
--------------------------------------------------------------------------
            Category            Number     %    Average Toggle Saving %   
--------------------------------------------------------------------------
 Total Clock Gating Instances     1230  100.00                         -  
--------------------------------------------------------------------------
 RC Clock Gating Instances        1230  100.00                     80.99  
 Non-RC Clock Gating Instances       0    0.00                      0.00  
--------------------------------------------------------------------------
 RC Gated Flip-flops             45393   97.40                     59.85  
 Non-RC Gated Flip-flops             0    0.00                      0.00  
--------------------------------------------------------------------------
 Total Gated Flip-flops          45393   97.40                         -  
 Total Ungated Flip-flops         1214    2.60                         -  
 Enable not found                    1    0.08                         -  
 Enable signal is constant        1211   99.75                         -  
 Register bank width too small       2    0.16                         -  
--------------------------------------------------------------------------
 Total Flip-flops                46607  100.00                         -  
--------------------------------------------------------------------------
Multibit Flip-flop Summary
--------------------------
-------------------------------------------------------
Width     Number     Bits     RC Gated     Ungated     
-------------------------------------------------------
8-bit     0          0        0 (0.00%)    0 (0.00%)   
4-bit     0          0        0 (0.00%)    0 (0.00%)   
2-bit     0          0        0 (0.00%)    0 (0.00%)   
1-bit     46607      46607    45393 (97.40%) 1214 (2.60%) 
----------------------------------------------------------


