

Working Directory = /LinuxRAID/home/miki/Documents/projects/vit_accel_2025/syn/accel/run
QoS Summary for accel
================================================================================
Metric                          generic         map             opt            
================================================================================
Slack (ps):                     2,613           1,202             547
  R2R (ps):                     2,613           1,202             547
  I2R (ps):                     3,948           3,408           2,754
  R2O (ps):                     3,456           3,423           3,423
  I2O (ps):                  no_value        no_value        no_value
  CG  (ps):                     3,859           2,981           2,913
TNS (ps):                           0               0               0
  R2R (ps):                         0               0               0
  I2R (ps):                         0               0               0
  R2O (ps):                         0               0               0
  I2O (ps):                  no_value        no_value        no_value
  CG  (ps):                         0               0               0
Failing Paths:                      0               0               0
Leakage Power (mW):            29.684          22.860          22.775
Cell Area:                  4,827,970       4,918,337       4,917,638
Total Cell Area:            4,827,970       4,918,337       4,917,638
Leaf Instances:               258,489         149,951         148,467
Total Instances:              258,489         149,951         148,467
Utilization (%):                 0.00            0.00            0.00
Tot. Net Length (um):        no_value        no_value        no_value
Avg. Net Length (um):        no_value        no_value        no_value
Route Overflow H (%):        no_value        no_value        no_value
Route Overflow V (%):        no_value        no_value        no_value
MBCI(%) (bits/gate) :            0.00            0.00            0.00
Norm Cong Hotspot Area:
  Max Cong:                  no_value        no_value        no_value
  Tot Cong:                  no_value        no_value        no_value
================================================================================
CPU  Runtime (h:m:s):        00:52:54        01:47:54        00:44:03
Real Runtime (h:m:s):        00:45:21        00:51:05        00:27:32
CPU  Elapsed (h:m:s):        00:53:23        02:41:36        03:25:44
Real Elapsed (h:m:s):        00:45:37        01:36:46        02:04:19
Memory (MB):                  5281.93         5316.58         5319.13
================================================================================
================================================================================
Flow Settings:
================================================================================
Total Runtime (h:m:s): 02:06:00
Total Memory (MB):     5319.13
Executable Version:    23.13-s073_1
================================================================================
Total Cell Area =  Cell Area + Physical Cell Area
Total Instances =  Leaf Instances + Physical Instances


