Vivado Simulator v2021.1
Copyright 1986-1999, 2001-2021 Xilinx, Inc. All Rights Reserved.
Running: C:/Xilinx/Vivado/2021.1/bin/unwrapped/win64.o/xelab.exe -wto 7000d88192f345deb2b16fdfd7d05921 --incr --debug typical --relax --mt 2 --maxdelay -L xil_defaultlib -L simprims_ver -L secureip --snapshot adder_col_tb_time_impl -transport_int_delays -pulse_r 0 -pulse_int_r 0 -pulse_e 0 -pulse_int_e 0 xil_defaultlib.adder_col_tb xil_defaultlib.glbl -log elaborate.log 
Using 2 slave threads.
Starting static elaboration
Pass Through NonSizing Optimizer
WARNING: [VRFC 10-2861] module 'adder_col' does not have a parameter named DATA_WIDTH [C:/work/research/Accelerator/VIT/vit_accel/vit_accel.srcs/sim_1/new/adder_col_tb.v:37]
WARNING: [VRFC 10-2861] module 'adder_col' does not have a parameter named NUM_ROWS [C:/work/research/Accelerator/VIT/vit_accel/vit_accel.srcs/sim_1/new/adder_col_tb.v:38]
Completed static elaboration
Starting simulation data flow analysis
Completed simulation data flow analysis
INFO: [XSIM 43-3451] SDF backannotation process started with SDF file "adder_col_tb_time_impl.sdf", for root module "adder_col_tb/uut".
INFO: [XSIM 43-3452] SDF backannotation was successful for SDF file "adder_col_tb_time_impl.sdf", for root module "adder_col_tb/uut".
Time Resolution for simulation is 1ps
Compiling module simprims_ver.IBUF
Compiling module simprims_ver.BUFG
Compiling module simprims_ver.CARRY4
Compiling module simprims_ver.x_lut2_mux4
Compiling module simprims_ver.LUT2
Compiling module simprims_ver.x_lut3_mux8
Compiling module simprims_ver.LUT3
Compiling module simprims_ver.LUT6
Compiling module xil_defaultlib.adder
Compiling module xil_defaultlib.adder_0
Compiling module xil_defaultlib.adder_1
Compiling module simprims_ver.x_lut1_mux2
Compiling module simprims_ver.LUT1(INIT=2'b01)
Compiling module simprims_ver.LUT4
Compiling module simprims_ver.LUT5
Compiling module simprims_ver.FDRE_default
Compiling module simprims_ver.OBUF
Compiling module xil_defaultlib.adder_col
Compiling module xil_defaultlib.adder_col_tb
Compiling module xil_defaultlib.glbl
Built simulation snapshot adder_col_tb_time_impl
