Vivado Simulator v2024.2.0
Copyright 1986-2022 Xilinx, Inc. All Rights Reserved.
Copyright 2022-2024 Advanced Micro Devices, Inc. All Rights Reserved.
Running: C:/Xilinx/Vivado/2024.2/bin/unwrapped/win64.o/xelab.exe --incr --debug typical --relax --mt 2 --maxdelay -L xil_defaultlib -L simprims_ver -L secureip --snapshot pe_v2_tb_time_impl -transport_int_delays -pulse_r 0 -pulse_int_r 0 -pulse_e 0 -pulse_int_e 0 xil_defaultlib.pe_v2_tb xil_defaultlib.glbl -log elaborate.log 
Using 2 slave threads.
Starting static elaboration
Pass Through NonSizing Optimizer
Completed static elaboration
Starting simulation data flow analysis
Completed simulation data flow analysis
INFO: [XSIM 43-3451] SDF backannotation process started with SDF file "pe_v2_tb_time_impl.sdf", for root module "pe_v2_tb/uut".
INFO: [XSIM 43-3452] SDF backannotation was successful for SDF file "pe_v2_tb_time_impl.sdf", for root module "pe_v2_tb/uut".
Time Resolution for simulation is 1ps
Compiling module simprims_ver.IBUF
Compiling module simprims_ver.FDRE_default
Compiling module simprims_ver.BUFG
Compiling module simprims_ver.DSP48E1(ACASCREG=0,ADREG=0,AREG=...
Compiling module simprims_ver.x_lut2_mux4
Compiling module simprims_ver.LUT2
Compiling module xil_defaultlib.xil_internal_svlib_MACC_MACRO_29
Compiling module xil_defaultlib.mac_temporal
Compiling module xil_defaultlib.xil_internal_svlib_MACC_MACRO_28
Compiling module xil_defaultlib.mac_temporal_0
Compiling module xil_defaultlib.xil_internal_svlib_MACC_MACRO_27
Compiling module xil_defaultlib.mac_temporal_1
Compiling module xil_defaultlib.xil_internal_svlib_MACC_MACRO_26
Compiling module xil_defaultlib.mac_temporal_2
Compiling module xil_defaultlib.xil_internal_svlib_MACC_MACRO_25
Compiling module xil_defaultlib.mac_temporal_3
Compiling module xil_defaultlib.xil_internal_svlib_MACC_MACRO_24
Compiling module xil_defaultlib.mac_temporal_4
Compiling module xil_defaultlib.xil_internal_svlib_MACC_MACRO_23
Compiling module xil_defaultlib.mac_temporal_5
Compiling module xil_defaultlib.xil_internal_svlib_MACC_MACRO_22
Compiling module xil_defaultlib.mac_temporal_6
Compiling module xil_defaultlib.xil_internal_svlib_MACC_MACRO_21
Compiling module xil_defaultlib.mac_temporal_7
Compiling module xil_defaultlib.xil_internal_svlib_MACC_MACRO_20
Compiling module xil_defaultlib.mac_temporal_8
Compiling module xil_defaultlib.xil_internal_svlib_MACC_MACRO_19
Compiling module xil_defaultlib.mac_temporal_9
Compiling module xil_defaultlib.xil_internal_svlib_MACC_MACRO_18
Compiling module xil_defaultlib.mac_temporal_10
Compiling module xil_defaultlib.xil_internal_svlib_MACC_MACRO_17
Compiling module xil_defaultlib.mac_temporal_11
Compiling module xil_defaultlib.xil_internal_svlib_MACC_MACRO_16
Compiling module xil_defaultlib.mac_temporal_12
Compiling module xil_defaultlib.xil_internal_svlib_MACC_MACRO_15
Compiling module xil_defaultlib.mac_temporal_13
Compiling module xil_defaultlib.xil_internal_svlib_MACC_MACRO
Compiling module xil_defaultlib.mac_temporal_14
Compiling module simprims_ver.BUFGCTRL(PRESELECT_I0="TRUE",SIM...
Compiling module simprims_ver.OBUF
Compiling module xil_defaultlib.pe_v2
Compiling module xil_defaultlib.pe_v2_tb
Compiling module xil_defaultlib.glbl
Built simulation snapshot pe_v2_tb_time_impl
